[ 2015-06-28T09:25:42+08:00 ] ::1 /
INFO: [ app_init ] --START--
INFO: Run Behavior\BuildLiteBehavior [ RunTime:0.000087s ]
INFO: [ app_init ] --END-- [ RunTime:0.145886s ]
INFO: [ app_begin ] --START--
INFO: Run Behavior\ReadHtmlCacheBehavior [ RunTime:0.012834s ]
INFO: [ app_begin ] --END-- [ RunTime:0.013026s ]
SQL: SHOW COLUMNS FROM `bjy_category` [ RunTime:0.6447s ]
SQL: SELECT * FROM `bjy_category` ORDER BY sort  [ RunTime:0.0003s ]
SQL: SHOW COLUMNS FROM `bjy_tag` [ RunTime:0.0497s ]
SQL: SELECT * FROM `bjy_tag`  [ RunTime:0.0003s ]
SQL: SHOW COLUMNS FROM `bjy_link` [ RunTime:0.1993s ]
SQL: SELECT * FROM `bjy_link` WHERE `is_delete` = 0 AND `is_show` = 1 ORDER BY sort  [ RunTime:0.0936s ]
SQL: SHOW COLUMNS FROM `bjy_article` [ RunTime:0.0426s ]
SQL: SELECT COUNT(*) AS tp_count FROM `bjy_article` WHERE `is_delete` = 0 AND `is_show` = 1 LIMIT 1   [ RunTime:0.1918s ]
SQL: SELECT * FROM `bjy_article` WHERE `is_delete` = 0 AND `is_show` = 1 ORDER BY addtime desc LIMIT 0,10   [ RunTime:0.0004s ]
SQL: SHOW COLUMNS FROM `bjy_article_tag` [ RunTime:0.3449s ]
SQL: SHOW COLUMNS FROM `bjy_article_tag` [ RunTime:0.0056s ]
SQL: SELECT * FROM `bjy_article_tag` INNER JOIN bjy_tag ON bjy_article_tag.tid=bjy_tag.tid  WHERE ( aid=17 )  [ RunTime:0.0006s ]
SQL: SHOW COLUMNS FROM `bjy_article_pic` [ RunTime:0.0750s ]
SQL: SELECT `path` FROM `bjy_article_pic` WHERE ( aid=17 ) ORDER BY ap_id asc LIMIT 1   [ RunTime:0.0005s ]
SQL: SELECT `cid`,`cid`,`cname` FROM `bjy_category` WHERE ( cid=28 )  [ RunTime:0.0004s ]
INFO: [ view_parse ] --START--
INFO: [ template_filter ] --START--
INFO: Run Behavior\ContentReplaceBehavior [ RunTime:0.000585s ]
INFO: [ template_filter ] --END-- [ RunTime:0.000935s ]
NOTIC: [8] Undefined index: cid E:\tongbu\wamp\www\Runtime\Cache\Home\08d30c77e78bd0ac29232fbc421b5dcd.php 第 64 行.
NOTIC: [8] Undefined variable: article E:\tongbu\wamp\www\Runtime\Cache\Home\08d30c77e78bd0ac29232fbc421b5dcd.php 第 64 行.
SQL: SHOW COLUMNS FROM `bjy_article` [ RunTime:0.0064s ]
SQL: SELECT `aid`,`title` FROM `bjy_article` WHERE ( is_show=1 and is_delete=0 and is_top=1 ) LIMIT 10   [ RunTime:0.0003s ]
NOTIC: [2] Invalid argument supplied for foreach() E:\tongbu\wamp\www\Runtime\Cache\Home\08d30c77e78bd0ac29232fbc421b5dcd.php 第 149 行.
NOTIC: [8] Use of undefined constant url - assumed 'url' E:\tongbu\wamp\www\Runtime\Cache\Home\08d30c77e78bd0ac29232fbc421b5dcd.php 第 161 行.
INFO: Run Behavior\ParseTemplateBehavior [ RunTime:0.812939s ]
INFO: [ view_parse ] --END-- [ RunTime:0.813066s ]
INFO: [ view_filter ] --START--
INFO: Run Behavior\WriteHtmlCacheBehavior [ RunTime:0.151831s ]
INFO: [ view_filter ] --END-- [ RunTime:0.152130s ]
INFO: [ app_end ] --START--
INFO: Run Behavior\ShowPageTraceBehavior [ RunTime:0.037468s ]
INFO: [ app_end ] --END-- [ RunTime:0.037850s ]

[ 2015-06-28T09:28:24+08:00 ] ::1 /
INFO: [ app_init ] --START--
INFO: Run Behavior\BuildLiteBehavior [ RunTime:0.000031s ]
INFO: [ app_init ] --END-- [ RunTime:0.000816s ]
INFO: [ app_begin ] --START--
INFO: Run Behavior\ReadHtmlCacheBehavior [ RunTime:0.000725s ]
INFO: [ app_begin ] --END-- [ RunTime:0.000836s ]
SQL: SHOW COLUMNS FROM `bjy_category` [ RunTime:0.0028s ]
SQL: SELECT * FROM `bjy_category` ORDER BY sort  [ RunTime:0.0004s ]
SQL: SHOW COLUMNS FROM `bjy_tag` [ RunTime:0.0030s ]
SQL: SELECT * FROM `bjy_tag`  [ RunTime:0.0003s ]
SQL: SHOW COLUMNS FROM `bjy_link` [ RunTime:0.0029s ]
SQL: SELECT * FROM `bjy_link` WHERE `is_delete` = 0 AND `is_show` = 1 ORDER BY sort  [ RunTime:0.0004s ]
SQL: SHOW COLUMNS FROM `bjy_article` [ RunTime:0.0027s ]
SQL: SELECT COUNT(*) AS tp_count FROM `bjy_article` WHERE `is_delete` = 0 AND `is_show` = 1 LIMIT 1   [ RunTime:0.0003s ]
SQL: SELECT * FROM `bjy_article` WHERE `is_delete` = 0 AND `is_show` = 1 ORDER BY addtime desc LIMIT 0,10   [ RunTime:0.0004s ]
SQL: SHOW COLUMNS FROM `bjy_article_tag` [ RunTime:0.0025s ]
SQL: SHOW COLUMNS FROM `bjy_article_tag` [ RunTime:0.0027s ]
SQL: SELECT * FROM `bjy_article_tag` INNER JOIN bjy_tag ON bjy_article_tag.tid=bjy_tag.tid  WHERE ( aid=17 )  [ RunTime:0.0003s ]
SQL: SHOW COLUMNS FROM `bjy_article_pic` [ RunTime:0.0025s ]
SQL: SELECT `path` FROM `bjy_article_pic` WHERE ( aid=17 ) ORDER BY ap_id asc LIMIT 1   [ RunTime:0.0003s ]
SQL: SELECT `cid`,`cid`,`cname` FROM `bjy_category` WHERE ( cid=28 )  [ RunTime:0.0002s ]
INFO: [ view_parse ] --START--
INFO: [ template_filter ] --START--
INFO: Run Behavior\ContentReplaceBehavior [ RunTime:0.000201s ]
INFO: [ template_filter ] --END-- [ RunTime:0.000366s ]
NOTIC: [8] Undefined index: cid E:\tongbu\wamp\www\Runtime\Cache\Home\08d30c77e78bd0ac29232fbc421b5dcd.php 第 64 行.
NOTIC: [8] Undefined variable: article E:\tongbu\wamp\www\Runtime\Cache\Home\08d30c77e78bd0ac29232fbc421b5dcd.php 第 64 行.
SQL: SHOW COLUMNS FROM `bjy_article` [ RunTime:0.0029s ]
SQL: SELECT `aid`,`title` FROM `bjy_article` WHERE ( is_show=1 and is_delete=0 and is_top=1 ) LIMIT 10   [ RunTime:0.0002s ]
NOTIC: [2] Invalid argument supplied for foreach() E:\tongbu\wamp\www\Runtime\Cache\Home\08d30c77e78bd0ac29232fbc421b5dcd.php 第 149 行.
NOTIC: [8] Use of undefined constant url - assumed 'url' E:\tongbu\wamp\www\Runtime\Cache\Home\08d30c77e78bd0ac29232fbc421b5dcd.php 第 161 行.
INFO: Run Behavior\ParseTemplateBehavior [ RunTime:0.028991s ]
INFO: [ view_parse ] --END-- [ RunTime:0.029099s ]
INFO: [ view_filter ] --START--
INFO: Run Behavior\WriteHtmlCacheBehavior [ RunTime:0.000561s ]
INFO: [ view_filter ] --END-- [ RunTime:0.000658s ]
INFO: [ app_end ] --START--
INFO: Run Behavior\ShowPageTraceBehavior [ RunTime:0.000692s ]
INFO: [ app_end ] --END-- [ RunTime:0.000791s ]

[ 2015-06-28T09:34:17+08:00 ] ::1 /
INFO: [ app_init ] --START--
INFO: Run Behavior\BuildLiteBehavior [ RunTime:0.000026s ]
INFO: [ app_init ] --END-- [ RunTime:0.000689s ]
INFO: [ app_begin ] --START--
INFO: Run Behavior\ReadHtmlCacheBehavior [ RunTime:0.000848s ]
INFO: [ app_begin ] --END-- [ RunTime:0.001006s ]
SQL: SHOW COLUMNS FROM `bjy_category` [ RunTime:0.0031s ]
SQL: SELECT * FROM `bjy_category` ORDER BY sort  [ RunTime:0.0004s ]
SQL: SHOW COLUMNS FROM `bjy_tag` [ RunTime:0.0025s ]
SQL: SELECT * FROM `bjy_tag`  [ RunTime:0.0002s ]
SQL: SHOW COLUMNS FROM `bjy_link` [ RunTime:0.0025s ]
SQL: SELECT * FROM `bjy_link` WHERE `is_delete` = 0 AND `is_show` = 1 ORDER BY sort  [ RunTime:0.0003s ]
SQL: SHOW COLUMNS FROM `bjy_article` [ RunTime:0.0027s ]
SQL: SELECT COUNT(*) AS tp_count FROM `bjy_article` WHERE `is_delete` = 0 AND `is_show` = 1 LIMIT 1   [ RunTime:0.0002s ]
SQL: SELECT * FROM `bjy_article` WHERE `is_delete` = 0 AND `is_show` = 1 ORDER BY addtime desc LIMIT 0,10   [ RunTime:0.0003s ]
SQL: SHOW COLUMNS FROM `bjy_article_tag` [ RunTime:0.0026s ]
SQL: SHOW COLUMNS FROM `bjy_article_tag` [ RunTime:0.0027s ]
SQL: SELECT * FROM `bjy_article_tag` INNER JOIN bjy_tag ON bjy_article_tag.tid=bjy_tag.tid  WHERE ( aid=17 )  [ RunTime:0.0003s ]
SQL: SHOW COLUMNS FROM `bjy_article_pic` [ RunTime:0.0025s ]
SQL: SELECT `path` FROM `bjy_article_pic` WHERE ( aid=17 ) ORDER BY ap_id asc LIMIT 1   [ RunTime:0.0002s ]
SQL: SELECT `cid`,`cid`,`cname` FROM `bjy_category` WHERE ( cid=28 )  [ RunTime:0.0002s ]
INFO: [ view_parse ] --START--
INFO: [ template_filter ] --START--
INFO: Run Behavior\ContentReplaceBehavior [ RunTime:0.000162s ]
INFO: [ template_filter ] --END-- [ RunTime:0.000313s ]
NOTIC: [8] Undefined index: cid E:\tongbu\wamp\www\Runtime\Cache\Home\08d30c77e78bd0ac29232fbc421b5dcd.php 第 64 行.
NOTIC: [8] Undefined variable: article E:\tongbu\wamp\www\Runtime\Cache\Home\08d30c77e78bd0ac29232fbc421b5dcd.php 第 64 行.
SQL: SHOW COLUMNS FROM `bjy_article` [ RunTime:0.0029s ]
SQL: SELECT `aid`,`title` FROM `bjy_article` WHERE ( is_show=1 and is_delete=0 and is_top=1 ) LIMIT 10   [ RunTime:0.0003s ]
NOTIC: [2] Invalid argument supplied for foreach() E:\tongbu\wamp\www\Runtime\Cache\Home\08d30c77e78bd0ac29232fbc421b5dcd.php 第 149 行.
NOTIC: [8] Use of undefined constant url - assumed 'url' E:\tongbu\wamp\www\Runtime\Cache\Home\08d30c77e78bd0ac29232fbc421b5dcd.php 第 161 行.
INFO: Run Behavior\ParseTemplateBehavior [ RunTime:0.030001s ]
INFO: [ view_parse ] --END-- [ RunTime:0.030114s ]
INFO: [ view_filter ] --START--
INFO: Run Behavior\WriteHtmlCacheBehavior [ RunTime:0.000592s ]
INFO: [ view_filter ] --END-- [ RunTime:0.000691s ]
INFO: [ app_end ] --START--
INFO: Run Behavior\ShowPageTraceBehavior [ RunTime:0.000790s ]
INFO: [ app_end ] --END-- [ RunTime:0.000889s ]

[ 2015-06-28T09:34:23+08:00 ] ::1 /
INFO: [ app_init ] --START--
INFO: Run Behavior\BuildLiteBehavior [ RunTime:0.000025s ]
INFO: [ app_init ] --END-- [ RunTime:0.000523s ]
INFO: [ app_begin ] --START--
INFO: Run Behavior\ReadHtmlCacheBehavior [ RunTime:0.000726s ]
INFO: [ app_begin ] --END-- [ RunTime:0.000899s ]
SQL: SHOW COLUMNS FROM `bjy_category` [ RunTime:0.0032s ]
SQL: SELECT * FROM `bjy_category` ORDER BY sort  [ RunTime:0.0004s ]
SQL: SHOW COLUMNS FROM `bjy_tag` [ RunTime:0.0029s ]
SQL: SELECT * FROM `bjy_tag`  [ RunTime:0.0003s ]
SQL: SHOW COLUMNS FROM `bjy_link` [ RunTime:0.0031s ]
SQL: SELECT * FROM `bjy_link` WHERE `is_delete` = 0 AND `is_show` = 1 ORDER BY sort  [ RunTime:0.0004s ]
SQL: SHOW COLUMNS FROM `bjy_article` [ RunTime:0.0031s ]
SQL: SELECT COUNT(*) AS tp_count FROM `bjy_article` WHERE `is_delete` = 0 AND `is_show` = 1 LIMIT 1   [ RunTime:0.0003s ]
SQL: SELECT * FROM `bjy_article` WHERE `is_delete` = 0 AND `is_show` = 1 ORDER BY addtime desc LIMIT 0,10   [ RunTime:0.0004s ]
SQL: SHOW COLUMNS FROM `bjy_article_tag` [ RunTime:0.0037s ]
SQL: SHOW COLUMNS FROM `bjy_article_tag` [ RunTime:0.0032s ]
SQL: SELECT * FROM `bjy_article_tag` INNER JOIN bjy_tag ON bjy_article_tag.tid=bjy_tag.tid  WHERE ( aid=17 )  [ RunTime:0.0004s ]
SQL: SHOW COLUMNS FROM `bjy_article_pic` [ RunTime:0.0029s ]
SQL: SELECT `path` FROM `bjy_article_pic` WHERE ( aid=17 ) ORDER BY ap_id asc LIMIT 1   [ RunTime:0.0003s ]
SQL: SELECT `cid`,`cid`,`cname` FROM `bjy_category` WHERE ( cid=28 )  [ RunTime:0.0002s ]
INFO: [ view_parse ] --START--
INFO: [ template_filter ] --START--
INFO: Run Behavior\ContentReplaceBehavior [ RunTime:0.000173s ]
INFO: [ template_filter ] --END-- [ RunTime:0.000290s ]
NOTIC: [8] Undefined index: cid E:\tongbu\wamp\www\Runtime\Cache\Home\08d30c77e78bd0ac29232fbc421b5dcd.php 第 64 行.
NOTIC: [8] Undefined variable: article E:\tongbu\wamp\www\Runtime\Cache\Home\08d30c77e78bd0ac29232fbc421b5dcd.php 第 64 行.
SQL: SHOW COLUMNS FROM `bjy_article` [ RunTime:0.0031s ]
SQL: SELECT `aid`,`title` FROM `bjy_article` WHERE ( is_show=1 and is_delete=0 and is_top=1 ) LIMIT 10   [ RunTime:0.0002s ]
NOTIC: [2] Invalid argument supplied for foreach() E:\tongbu\wamp\www\Runtime\Cache\Home\08d30c77e78bd0ac29232fbc421b5dcd.php 第 149 行.
NOTIC: [8] Use of undefined constant url - assumed 'url' E:\tongbu\wamp\www\Runtime\Cache\Home\08d30c77e78bd0ac29232fbc421b5dcd.php 第 161 行.
INFO: Run Behavior\ParseTemplateBehavior [ RunTime:0.031705s ]
INFO: [ view_parse ] --END-- [ RunTime:0.031843s ]
INFO: [ view_filter ] --START--
INFO: Run Behavior\WriteHtmlCacheBehavior [ RunTime:0.000535s ]
INFO: [ view_filter ] --END-- [ RunTime:0.000636s ]
INFO: [ app_end ] --START--
INFO: Run Behavior\ShowPageTraceBehavior [ RunTime:0.000731s ]
INFO: [ app_end ] --END-- [ RunTime:0.000835s ]

