[ 2015-05-31T09:51:31+08:00 ] ::1 /
INFO: [ app_init ] --START--
INFO: Run Behavior\BuildLiteBehavior [ RunTime:0.000025s ]
INFO: [ app_init ] --END-- [ RunTime:0.000755s ]
INFO: [ app_begin ] --START--
INFO: Run Behavior\ReadHtmlCacheBehavior [ RunTime:0.000636s ]
INFO: [ app_begin ] --END-- [ RunTime:0.000739s ]
SQL: SHOW COLUMNS FROM `bjy_category` [ RunTime:0.0314s ]
SQL: SELECT * FROM `bjy_category` ORDER BY sort  [ RunTime:0.0004s ]
SQL: SHOW COLUMNS FROM `bjy_tag` [ RunTime:0.0225s ]
SQL: SELECT * FROM `bjy_tag`  [ RunTime:0.0003s ]
SQL: SHOW COLUMNS FROM `bjy_link` [ RunTime:0.0195s ]
SQL: SELECT * FROM `bjy_link` WHERE `is_delete` = 0 AND `is_show` = 1 ORDER BY sort  [ RunTime:0.0004s ]
SQL: SHOW COLUMNS FROM `bjy_article` [ RunTime:0.0301s ]
SQL: SELECT COUNT(*) AS tp_count FROM `bjy_article` WHERE `is_delete` = 0 AND `is_show` = 1 LIMIT 1   [ RunTime:0.0004s ]
SQL: SELECT * FROM `bjy_article` WHERE `is_delete` = 0 AND `is_show` = 1 ORDER BY addtime desc LIMIT 0,10   [ RunTime:0.0004s ]
SQL: SHOW COLUMNS FROM `bjy_article_tag` [ RunTime:0.0422s ]
SQL: SHOW COLUMNS FROM `bjy_article_tag` [ RunTime:0.0025s ]
SQL: SELECT * FROM `bjy_article_tag` INNER JOIN bjy_tag ON bjy_article_tag.tid=bjy_tag.tid  WHERE ( aid=17 )  [ RunTime:0.0004s ]
SQL: SHOW COLUMNS FROM `bjy_article_pic` [ RunTime:0.0347s ]
SQL: SELECT `path` FROM `bjy_article_pic` WHERE ( aid=17 ) ORDER BY ap_id asc LIMIT 1   [ RunTime:0.0003s ]
SQL: SELECT `cid`,`cid`,`cname` FROM `bjy_category` WHERE ( cid=28 )  [ RunTime:0.0002s ]
INFO: [ view_parse ] --START--
INFO: [ template_filter ] --START--
INFO: Run Behavior\ContentReplaceBehavior [ RunTime:0.000199s ]
INFO: [ template_filter ] --END-- [ RunTime:0.000331s ]
NOTIC: [8] Undefined index: cid E:\tongbu\wamp\www\Runtime\Cache\Home\08d30c77e78bd0ac29232fbc421b5dcd.php 第 54 行.
NOTIC: [8] Undefined variable: article E:\tongbu\wamp\www\Runtime\Cache\Home\08d30c77e78bd0ac29232fbc421b5dcd.php 第 54 行.
SQL: SHOW COLUMNS FROM `bjy_article` [ RunTime:0.0037s ]
SQL: SELECT `aid`,`title` FROM `bjy_article` WHERE ( is_show=1 and is_delete=0 and is_top=1 ) LIMIT 10   [ RunTime:0.0004s ]
NOTIC: [2] Invalid argument supplied for foreach() E:\tongbu\wamp\www\Runtime\Cache\Home\08d30c77e78bd0ac29232fbc421b5dcd.php 第 135 行.
NOTIC: [8] Use of undefined constant url - assumed 'url' E:\tongbu\wamp\www\Runtime\Cache\Home\08d30c77e78bd0ac29232fbc421b5dcd.php 第 147 行.
INFO: Run Behavior\ParseTemplateBehavior [ RunTime:0.034150s ]
INFO: [ view_parse ] --END-- [ RunTime:0.034279s ]
INFO: [ view_filter ] --START--
INFO: Run Behavior\WriteHtmlCacheBehavior [ RunTime:0.000653s ]
INFO: [ view_filter ] --END-- [ RunTime:0.000750s ]
INFO: [ app_end ] --START--
INFO: Run Behavior\ShowPageTraceBehavior [ RunTime:0.000811s ]
INFO: [ app_end ] --END-- [ RunTime:0.000909s ]

[ 2015-05-31T18:39:19+08:00 ] ::1 /
INFO: [ app_init ] --START--
INFO: Run Behavior\BuildLiteBehavior [ RunTime:0.000102s ]
INFO: [ app_init ] --END-- [ RunTime:0.046759s ]
INFO: [ app_begin ] --START--
INFO: Run Behavior\ReadHtmlCacheBehavior [ RunTime:0.023876s ]
INFO: [ app_begin ] --END-- [ RunTime:0.024175s ]
SQL: SHOW COLUMNS FROM `bjy_category` [ RunTime:0.4812s ]
SQL: SELECT * FROM `bjy_category` ORDER BY sort  [ RunTime:0.1257s ]
SQL: SHOW COLUMNS FROM `bjy_tag` [ RunTime:0.0182s ]
SQL: SELECT * FROM `bjy_tag`  [ RunTime:0.0168s ]
SQL: SHOW COLUMNS FROM `bjy_link` [ RunTime:0.0046s ]
SQL: SELECT * FROM `bjy_link` WHERE `is_delete` = 0 AND `is_show` = 1 ORDER BY sort  [ RunTime:0.0807s ]
SQL: SHOW COLUMNS FROM `bjy_article` [ RunTime:0.0382s ]
SQL: SELECT COUNT(*) AS tp_count FROM `bjy_article` WHERE `is_delete` = 0 AND `is_show` = 1 LIMIT 1   [ RunTime:0.2265s ]
SQL: SELECT * FROM `bjy_article` WHERE `is_delete` = 0 AND `is_show` = 1 ORDER BY addtime desc LIMIT 0,10   [ RunTime:0.0399s ]
SQL: SHOW COLUMNS FROM `bjy_article_tag` [ RunTime:0.0215s ]
SQL: SHOW COLUMNS FROM `bjy_article_tag` [ RunTime:0.0073s ]
SQL: SELECT * FROM `bjy_article_tag` INNER JOIN bjy_tag ON bjy_article_tag.tid=bjy_tag.tid  WHERE ( aid=17 )  [ RunTime:0.0361s ]
SQL: SHOW COLUMNS FROM `bjy_article_pic` [ RunTime:0.0074s ]
SQL: SELECT `path` FROM `bjy_article_pic` WHERE ( aid=17 ) ORDER BY ap_id asc LIMIT 1   [ RunTime:0.0006s ]
SQL: SELECT `cid`,`cid`,`cname` FROM `bjy_category` WHERE ( cid=28 )  [ RunTime:0.0015s ]
INFO: [ view_parse ] --START--
INFO: [ template_filter ] --START--
INFO: Run Behavior\ContentReplaceBehavior [ RunTime:0.000156s ]
INFO: [ template_filter ] --END-- [ RunTime:0.000270s ]
NOTIC: [8] Undefined index: cid E:\tongbu\wamp\www\Runtime\Cache\Home\08d30c77e78bd0ac29232fbc421b5dcd.php 第 54 行.
NOTIC: [8] Undefined variable: article E:\tongbu\wamp\www\Runtime\Cache\Home\08d30c77e78bd0ac29232fbc421b5dcd.php 第 54 行.
SQL: SHOW COLUMNS FROM `bjy_article` [ RunTime:0.0095s ]
SQL: SELECT `aid`,`title` FROM `bjy_article` WHERE ( is_show=1 and is_delete=0 and is_top=1 ) LIMIT 10   [ RunTime:0.0008s ]
NOTIC: [2] Invalid argument supplied for foreach() E:\tongbu\wamp\www\Runtime\Cache\Home\08d30c77e78bd0ac29232fbc421b5dcd.php 第 135 行.
NOTIC: [8] Use of undefined constant url - assumed 'url' E:\tongbu\wamp\www\Runtime\Cache\Home\08d30c77e78bd0ac29232fbc421b5dcd.php 第 147 行.
INFO: Run Behavior\ParseTemplateBehavior [ RunTime:0.480362s ]
INFO: [ view_parse ] --END-- [ RunTime:0.480609s ]
INFO: [ view_filter ] --START--
INFO: Run Behavior\WriteHtmlCacheBehavior [ RunTime:0.085889s ]
INFO: [ view_filter ] --END-- [ RunTime:0.086178s ]
INFO: [ app_end ] --START--
INFO: Run Behavior\ShowPageTraceBehavior [ RunTime:0.037559s ]
INFO: [ app_end ] --END-- [ RunTime:0.037962s ]

