[ 2015-08-05T23:29:45+08:00 ] ::1 /
INFO: [ app_init ] --START--
INFO: Run Behavior\BuildLiteBehavior [ RunTime:0.000027s ]
INFO: [ app_init ] --END-- [ RunTime:0.000595s ]
INFO: [ app_begin ] --START--
INFO: Run Behavior\ReadHtmlCacheBehavior [ RunTime:0.001216s ]
INFO: [ app_begin ] --END-- [ RunTime:0.001461s ]
SQL: SHOW COLUMNS FROM `bjy_category` [ RunTime:0.0202s ]
SQL: SELECT * FROM `bjy_category` ORDER BY sort  [ RunTime:0.0005s ]
SQL: SHOW COLUMNS FROM `bjy_tag` [ RunTime:0.0052s ]
SQL: SELECT * FROM `bjy_tag`  [ RunTime:0.0009s ]
SQL: SHOW COLUMNS FROM `bjy_link` [ RunTime:0.0055s ]
SQL: SELECT * FROM `bjy_link` WHERE `is_delete` = 0 AND `is_show` = 1 ORDER BY sort  [ RunTime:0.0007s ]
SQL: SHOW COLUMNS FROM `bjy_article` [ RunTime:0.0058s ]
SQL: SELECT COUNT(*) AS tp_count FROM `bjy_article` WHERE `is_delete` = 0 AND `is_show` = 1 LIMIT 1   [ RunTime:0.0003s ]
SQL: SELECT * FROM `bjy_article` WHERE `is_delete` = 0 AND `is_show` = 1 ORDER BY addtime desc LIMIT 0,10   [ RunTime:0.0008s ]
SQL: SHOW COLUMNS FROM `bjy_article_tag` [ RunTime:0.0050s ]
SQL: SHOW COLUMNS FROM `bjy_article_tag` [ RunTime:0.0052s ]
SQL: SELECT * FROM `bjy_article_tag` INNER JOIN bjy_tag ON bjy_article_tag.tid=bjy_tag.tid  WHERE ( aid=20 )  [ RunTime:0.0004s ]
SQL: SHOW COLUMNS FROM `bjy_article_pic` [ RunTime:0.0052s ]
SQL: SELECT `path` FROM `bjy_article_pic` WHERE ( aid=20 ) ORDER BY ap_id asc LIMIT 1   [ RunTime:0.0007s ]
SQL: SELECT `cid`,`cid`,`cname` FROM `bjy_category` WHERE ( cid=28 )  [ RunTime:0.0005s ]
SQL: SELECT * FROM `bjy_article_tag` INNER JOIN bjy_tag ON bjy_article_tag.tid=bjy_tag.tid  WHERE ( aid=19 )  [ RunTime:0.0003s ]
SQL: SELECT `path` FROM `bjy_article_pic` WHERE ( aid=19 ) ORDER BY ap_id asc LIMIT 1   [ RunTime:0.0002s ]
SQL: SELECT `cid`,`cid`,`cname` FROM `bjy_category` WHERE ( cid=28 )  [ RunTime:0.0002s ]
SQL: SELECT * FROM `bjy_article_tag` INNER JOIN bjy_tag ON bjy_article_tag.tid=bjy_tag.tid  WHERE ( aid=18 )  [ RunTime:0.0003s ]
SQL: SELECT `path` FROM `bjy_article_pic` WHERE ( aid=18 ) ORDER BY ap_id asc LIMIT 1   [ RunTime:0.0003s ]
SQL: SELECT `cid`,`cid`,`cname` FROM `bjy_category` WHERE ( cid=28 )  [ RunTime:0.0002s ]
SQL: SELECT * FROM `bjy_article_tag` INNER JOIN bjy_tag ON bjy_article_tag.tid=bjy_tag.tid  WHERE ( aid=17 )  [ RunTime:0.0003s ]
SQL: SELECT `path` FROM `bjy_article_pic` WHERE ( aid=17 ) ORDER BY ap_id asc LIMIT 1   [ RunTime:0.0002s ]
SQL: SELECT `cid`,`cid`,`cname` FROM `bjy_category` WHERE ( cid=28 )  [ RunTime:0.0002s ]
INFO: [ view_parse ] --START--
INFO: [ template_filter ] --START--
INFO: Run Behavior\ContentReplaceBehavior [ RunTime:0.000349s ]
INFO: [ template_filter ] --END-- [ RunTime:0.000565s ]
NOTIC: [8] Undefined index: cid E:\tongbu\wamp\www\Runtime\Cache\Home\08d30c77e78bd0ac29232fbc421b5dcd.php 第 64 行.
NOTIC: [8] Undefined variable: article E:\tongbu\wamp\www\Runtime\Cache\Home\08d30c77e78bd0ac29232fbc421b5dcd.php 第 64 行.
SQL: SHOW COLUMNS FROM `bjy_article` [ RunTime:0.0078s ]
SQL: SELECT `aid`,`title` FROM `bjy_article` WHERE ( is_show=1 and is_delete=0 and is_top=1 ) LIMIT 10   [ RunTime:0.0004s ]
NOTIC: [2] Invalid argument supplied for foreach() E:\tongbu\wamp\www\Runtime\Cache\Home\08d30c77e78bd0ac29232fbc421b5dcd.php 第 151 行.
NOTIC: [8] Use of undefined constant url - assumed 'url' E:\tongbu\wamp\www\Runtime\Cache\Home\08d30c77e78bd0ac29232fbc421b5dcd.php 第 163 行.
INFO: Run Behavior\ParseTemplateBehavior [ RunTime:0.071897s ]
INFO: [ view_parse ] --END-- [ RunTime:0.072054s ]
INFO: [ view_filter ] --START--
INFO: Run Behavior\WriteHtmlCacheBehavior [ RunTime:0.000666s ]
INFO: [ view_filter ] --END-- [ RunTime:0.000839s ]
INFO: [ app_end ] --START--
INFO: Run Behavior\ShowPageTraceBehavior [ RunTime:0.000825s ]
INFO: [ app_end ] --END-- [ RunTime:0.000976s ]

[ 2015-08-05T23:29:48+08:00 ] ::1 /index.php/Home/Index/article/cid/0/tid/0/search_word/0/aid/19
INFO: [ app_init ] --START--
INFO: Run Behavior\BuildLiteBehavior [ RunTime:0.000048s ]
INFO: [ app_init ] --END-- [ RunTime:0.000795s ]
INFO: [ app_begin ] --START--
INFO: Run Behavior\ReadHtmlCacheBehavior [ RunTime:0.000875s ]
INFO: [ app_begin ] --END-- [ RunTime:0.001090s ]
SQL: SHOW COLUMNS FROM `bjy_category` [ RunTime:0.0109s ]
SQL: SELECT * FROM `bjy_category` ORDER BY sort  [ RunTime:0.0007s ]
SQL: SHOW COLUMNS FROM `bjy_tag` [ RunTime:0.0132s ]
SQL: SELECT * FROM `bjy_tag`  [ RunTime:0.0005s ]
SQL: SHOW COLUMNS FROM `bjy_link` [ RunTime:0.0082s ]
SQL: SELECT * FROM `bjy_link` WHERE `is_delete` = 0 AND `is_show` = 1 ORDER BY sort  [ RunTime:0.0007s ]
SQL: SHOW COLUMNS FROM `bjy_article` [ RunTime:0.0078s ]
SQL: UPDATE `bjy_article` SET `click`=click+1 WHERE `aid` = 19 [ RunTime:0.0763s ]
SQL: SHOW COLUMNS FROM `bjy_article` [ RunTime:0.0062s ]
SQL: SELECT `aid`,`title` FROM `bjy_article` WHERE (  `is_show` = 1 ) AND (  `is_delete` = 0 ) AND `aid` > 19 LIMIT 1   [ RunTime:0.0003s ]
SQL: SELECT `aid`,`title` FROM `bjy_article` WHERE (  `is_show` = 1 ) AND (  `is_delete` = 0 ) AND `aid` < 19 ORDER BY aid desc LIMIT 1   [ RunTime:0.0002s ]
SQL: SELECT * FROM `bjy_article` WHERE `aid` = 19 LIMIT 1   [ RunTime:0.0004s ]
SQL: SHOW COLUMNS FROM `bjy_article_tag` [ RunTime:0.0062s ]
SQL: SELECT `tid` FROM `bjy_article_tag` WHERE ( aid=19 )  [ RunTime:0.0005s ]
SQL: SHOW COLUMNS FROM `bjy_article_tag` [ RunTime:0.0051s ]
SQL: SELECT * FROM `bjy_article_tag` INNER JOIN bjy_tag ON bjy_article_tag.tid=bjy_tag.tid  WHERE ( aid=19 )  [ RunTime:0.0004s ]
SQL: SELECT `cid`,`cid`,`cname`,`keywords` FROM `bjy_category` WHERE ( cid=28 )  [ RunTime:0.0004s ]
SQL: SHOW COLUMNS FROM `bjy_comment` [ RunTime:0.0077s ]
SQL: SELECT c.*,ou.nickname,ou.head_img FROM bjy_comment c INNER JOIN bjy_oauth_user ou ON c.ouid=ou.id  WHERE `aid` = 19 AND `pid` = 0 ORDER BY date desc  [ RunTime:0.0014s ]
SQL: SELECT c.*,ou.nickname,ou.head_img FROM bjy_comment c INNER JOIN bjy_oauth_user ou ON c.ouid=ou.id  WHERE `pid` = '26'  [ RunTime:0.0004s ]
SQL: SELECT c.*,ou.nickname,ou.head_img FROM bjy_comment c INNER JOIN bjy_oauth_user ou ON c.ouid=ou.id  WHERE `pid` = '27'  [ RunTime:0.0004s ]
SQL: SELECT c.*,ou.nickname,ou.head_img FROM bjy_comment c INNER JOIN bjy_oauth_user ou ON c.ouid=ou.id  WHERE `pid` = '28'  [ RunTime:0.0004s ]
SQL: SELECT `ouid` FROM `bjy_comment` WHERE `cmtid` = 26 LIMIT 1   [ RunTime:0.0003s ]
SQL: SHOW COLUMNS FROM `bjy_oauth_user` [ RunTime:0.0057s ]
SQL: SELECT `nickname` FROM `bjy_oauth_user` WHERE `id` = 2 LIMIT 1   [ RunTime:0.0005s ]
SQL: SELECT `ouid` FROM `bjy_comment` WHERE `cmtid` = 27 LIMIT 1   [ RunTime:0.0004s ]
SQL: SELECT `nickname` FROM `bjy_oauth_user` WHERE `id` = 2 LIMIT 1   [ RunTime:0.0004s ]
SQL: SELECT c.*,ou.nickname,ou.head_img FROM bjy_comment c INNER JOIN bjy_oauth_user ou ON c.ouid=ou.id  WHERE `pid` = '23'  [ RunTime:0.0005s ]
SQL: SELECT c.*,ou.nickname,ou.head_img FROM bjy_comment c INNER JOIN bjy_oauth_user ou ON c.ouid=ou.id  WHERE `pid` = '24'  [ RunTime:0.0006s ]
SQL: SELECT c.*,ou.nickname,ou.head_img FROM bjy_comment c INNER JOIN bjy_oauth_user ou ON c.ouid=ou.id  WHERE `pid` = '25'  [ RunTime:0.0005s ]
SQL: SELECT `ouid` FROM `bjy_comment` WHERE `cmtid` = 23 LIMIT 1   [ RunTime:0.0003s ]
SQL: SELECT `nickname` FROM `bjy_oauth_user` WHERE `id` = 2 LIMIT 1   [ RunTime:0.0002s ]
SQL: SELECT `ouid` FROM `bjy_comment` WHERE `cmtid` = 24 LIMIT 1   [ RunTime:0.0002s ]
SQL: SELECT `nickname` FROM `bjy_oauth_user` WHERE `id` = 2 LIMIT 1   [ RunTime:0.0002s ]
SQL: SELECT c.*,ou.nickname,ou.head_img FROM bjy_comment c INNER JOIN bjy_oauth_user ou ON c.ouid=ou.id  WHERE `pid` = '19'  [ RunTime:0.0003s ]
SQL: SELECT c.*,ou.nickname,ou.head_img FROM bjy_comment c INNER JOIN bjy_oauth_user ou ON c.ouid=ou.id  WHERE `pid` = '20'  [ RunTime:0.0003s ]
SQL: SELECT c.*,ou.nickname,ou.head_img FROM bjy_comment c INNER JOIN bjy_oauth_user ou ON c.ouid=ou.id  WHERE `pid` = '21'  [ RunTime:0.0002s ]
SQL: SELECT c.*,ou.nickname,ou.head_img FROM bjy_comment c INNER JOIN bjy_oauth_user ou ON c.ouid=ou.id  WHERE `pid` = '22'  [ RunTime:0.0002s ]
SQL: SELECT `ouid` FROM `bjy_comment` WHERE `cmtid` = 19 LIMIT 1   [ RunTime:0.0002s ]
SQL: SELECT `nickname` FROM `bjy_oauth_user` WHERE `id` = 2 LIMIT 1   [ RunTime:0.0002s ]
SQL: SELECT `ouid` FROM `bjy_comment` WHERE `cmtid` = 20 LIMIT 1   [ RunTime:0.0001s ]
SQL: SELECT `nickname` FROM `bjy_oauth_user` WHERE `id` = 2 LIMIT 1   [ RunTime:0.0002s ]
SQL: SELECT `ouid` FROM `bjy_comment` WHERE `cmtid` = 21 LIMIT 1   [ RunTime:0.0004s ]
SQL: SELECT `nickname` FROM `bjy_oauth_user` WHERE `id` = 2 LIMIT 1   [ RunTime:0.0003s ]
SQL: SELECT c.*,ou.nickname,ou.head_img FROM bjy_comment c INNER JOIN bjy_oauth_user ou ON c.ouid=ou.id  WHERE `pid` = '18'  [ RunTime:0.0004s ]
SQL: SELECT c.*,ou.nickname,ou.head_img FROM bjy_comment c INNER JOIN bjy_oauth_user ou ON c.ouid=ou.id  WHERE `pid` = '16'  [ RunTime:0.0003s ]
SQL: SELECT c.*,ou.nickname,ou.head_img FROM bjy_comment c INNER JOIN bjy_oauth_user ou ON c.ouid=ou.id  WHERE `pid` = '17'  [ RunTime:0.0003s ]
SQL: SELECT `ouid` FROM `bjy_comment` WHERE `cmtid` = 16 LIMIT 1   [ RunTime:0.0002s ]
SQL: SELECT `nickname` FROM `bjy_oauth_user` WHERE `id` = 2 LIMIT 1   [ RunTime:0.0002s ]
SQL: SELECT c.*,ou.nickname,ou.head_img FROM bjy_comment c INNER JOIN bjy_oauth_user ou ON c.ouid=ou.id  WHERE `pid` = '15'  [ RunTime:0.0004s ]
SQL: SELECT c.*,ou.nickname,ou.head_img FROM bjy_comment c INNER JOIN bjy_oauth_user ou ON c.ouid=ou.id  WHERE `pid` = '14'  [ RunTime:0.0006s ]
SQL: SELECT c.*,ou.nickname,ou.head_img FROM bjy_comment c INNER JOIN bjy_oauth_user ou ON c.ouid=ou.id  WHERE `pid` = '13'  [ RunTime:0.0005s ]
SQL: SELECT c.*,ou.nickname,ou.head_img FROM bjy_comment c INNER JOIN bjy_oauth_user ou ON c.ouid=ou.id  WHERE `pid` = '10'  [ RunTime:0.0004s ]
SQL: SELECT c.*,ou.nickname,ou.head_img FROM bjy_comment c INNER JOIN bjy_oauth_user ou ON c.ouid=ou.id  WHERE `pid` = '11'  [ RunTime:0.0005s ]
SQL: SELECT c.*,ou.nickname,ou.head_img FROM bjy_comment c INNER JOIN bjy_oauth_user ou ON c.ouid=ou.id  WHERE `pid` = '12'  [ RunTime:0.0005s ]
SQL: SELECT `ouid` FROM `bjy_comment` WHERE `cmtid` = 10 LIMIT 1   [ RunTime:0.0003s ]
SQL: SELECT `nickname` FROM `bjy_oauth_user` WHERE `id` = 1 LIMIT 1   [ RunTime:0.0002s ]
SQL: SELECT `ouid` FROM `bjy_comment` WHERE `cmtid` = 11 LIMIT 1   [ RunTime:0.0002s ]
SQL: SELECT `nickname` FROM `bjy_oauth_user` WHERE `id` = 2 LIMIT 1   [ RunTime:0.0003s ]
SQL: SELECT c.*,ou.nickname,ou.head_img FROM bjy_comment c INNER JOIN bjy_oauth_user ou ON c.ouid=ou.id  WHERE `pid` = '8'  [ RunTime:0.0006s ]
SQL: SELECT c.*,ou.nickname,ou.head_img FROM bjy_comment c INNER JOIN bjy_oauth_user ou ON c.ouid=ou.id  WHERE `pid` = '6'  [ RunTime:0.0005s ]
SQL: SELECT c.*,ou.nickname,ou.head_img FROM bjy_comment c INNER JOIN bjy_oauth_user ou ON c.ouid=ou.id  WHERE `pid` = '7'  [ RunTime:0.0005s ]
SQL: SELECT `ouid` FROM `bjy_comment` WHERE `cmtid` = 6 LIMIT 1   [ RunTime:0.0004s ]
SQL: SELECT `nickname` FROM `bjy_oauth_user` WHERE `id` = 6 LIMIT 1   [ RunTime:0.0003s ]
SQL: SELECT `ouid` FROM `bjy_comment` WHERE `cmtid` = 6 LIMIT 1   [ RunTime:0.0003s ]
SQL: SELECT `nickname` FROM `bjy_oauth_user` WHERE `id` = 6 LIMIT 1   [ RunTime:0.0003s ]
SQL: SELECT c.*,ou.nickname,ou.head_img FROM bjy_comment c INNER JOIN bjy_oauth_user ou ON c.ouid=ou.id  WHERE `pid` = '1'  [ RunTime:0.0006s ]
SQL: SELECT c.*,ou.nickname,ou.head_img FROM bjy_comment c INNER JOIN bjy_oauth_user ou ON c.ouid=ou.id  WHERE `pid` = '2'  [ RunTime:0.0006s ]
SQL: SELECT c.*,ou.nickname,ou.head_img FROM bjy_comment c INNER JOIN bjy_oauth_user ou ON c.ouid=ou.id  WHERE `pid` = '3'  [ RunTime:0.0005s ]
SQL: SELECT c.*,ou.nickname,ou.head_img FROM bjy_comment c INNER JOIN bjy_oauth_user ou ON c.ouid=ou.id  WHERE `pid` = '4'  [ RunTime:0.0006s ]
SQL: SELECT `ouid` FROM `bjy_comment` WHERE `cmtid` = 1 LIMIT 1   [ RunTime:0.0002s ]
SQL: SELECT `nickname` FROM `bjy_oauth_user` WHERE `id` = 1 LIMIT 1   [ RunTime:0.0002s ]
SQL: SELECT `ouid` FROM `bjy_comment` WHERE `cmtid` = 2 LIMIT 1   [ RunTime:0.0002s ]
SQL: SELECT `nickname` FROM `bjy_oauth_user` WHERE `id` = 2 LIMIT 1   [ RunTime:0.0002s ]
SQL: SELECT `ouid` FROM `bjy_comment` WHERE `cmtid` = 3 LIMIT 1   [ RunTime:0.0002s ]
SQL: SELECT `nickname` FROM `bjy_oauth_user` WHERE `id` = 3 LIMIT 1   [ RunTime:0.0002s ]
SQL: SELECT `ouid` FROM `bjy_comment` WHERE `cmtid` = 2 LIMIT 1   [ RunTime:0.0002s ]
SQL: SELECT `nickname` FROM `bjy_oauth_user` WHERE `id` = 2 LIMIT 1   [ RunTime:0.0002s ]
INFO: [ view_parse ] --START--
INFO: [ template_filter ] --START--
INFO: Run Behavior\ContentReplaceBehavior [ RunTime:0.000198s ]
INFO: [ template_filter ] --END-- [ RunTime:0.000313s ]
NOTIC: [8] Undefined index: category E:\tongbu\wamp\www\Runtime\Cache\Home\d4c1149384e4970b24973a696680cd70.php 第 76 行.
SQL: SELECT `aid`,`title` FROM `bjy_article` WHERE ( is_show=1 and is_delete=0 and is_top=1 ) LIMIT 10   [ RunTime:0.0004s ]
NOTIC: [2] Invalid argument supplied for foreach() E:\tongbu\wamp\www\Runtime\Cache\Home\d4c1149384e4970b24973a696680cd70.php 第 213 行.
NOTIC: [8] Use of undefined constant url - assumed 'url' E:\tongbu\wamp\www\Runtime\Cache\Home\d4c1149384e4970b24973a696680cd70.php 第 225 行.
INFO: Run Behavior\ParseTemplateBehavior [ RunTime:0.034682s ]
INFO: [ view_parse ] --END-- [ RunTime:0.034821s ]
INFO: [ view_filter ] --START--
INFO: Run Behavior\WriteHtmlCacheBehavior [ RunTime:0.000754s ]
INFO: [ view_filter ] --END-- [ RunTime:0.000907s ]
INFO: [ app_end ] --START--
INFO: Run Behavior\ShowPageTraceBehavior [ RunTime:0.001027s ]
INFO: [ app_end ] --END-- [ RunTime:0.001199s ]

[ 2015-08-05T23:33:15+08:00 ] ::1 /index.php/Home/Index/ajax_comment
INFO: [ app_init ] --START--
INFO: Run Behavior\BuildLiteBehavior [ RunTime:0.000025s ]
INFO: [ app_init ] --END-- [ RunTime:0.000485s ]
INFO: [ app_begin ] --START--
INFO: Run Behavior\ReadHtmlCacheBehavior [ RunTime:0.000659s ]
INFO: [ app_begin ] --END-- [ RunTime:0.000778s ]
SQL: SHOW COLUMNS FROM `bjy_category` [ RunTime:0.0544s ]
SQL: SELECT * FROM `bjy_category` ORDER BY sort  [ RunTime:0.0004s ]
SQL: SHOW COLUMNS FROM `bjy_tag` [ RunTime:0.0049s ]
SQL: SELECT * FROM `bjy_tag`  [ RunTime:0.0004s ]
SQL: SHOW COLUMNS FROM `bjy_link` [ RunTime:0.0071s ]
SQL: SELECT * FROM `bjy_link` WHERE `is_delete` = 0 AND `is_show` = 1 ORDER BY sort  [ RunTime:0.0004s ]
SQL: SHOW COLUMNS FROM `bjy_comment` [ RunTime:0.0057s ]
NOTIC: [8] Undefined variable: type E:\tongbu\wamp\www\Application\Home\Controller\IndexController.class.php 第 122 行.
SQL: INSERT INTO `bjy_comment` (`ouid`,`aid`,`pid`,`content`,`date`,`status`) VALUES ('2','19','0','cmtid 29&lt;br&gt;','1438788795','1') [ RunTime:0.0906s ]
INFO: [ app_end ] --START--
INFO: Run Behavior\ShowPageTraceBehavior [ RunTime:0.000898s ]
INFO: [ app_end ] --END-- [ RunTime:0.001001s ]

[ 2015-08-05T23:42:02+08:00 ] ::1 /index.php/Home/Index/article/cid/0/tid/0/search_word/0/aid/19
INFO: [ app_init ] --START--
INFO: Run Behavior\BuildLiteBehavior [ RunTime:0.000056s ]
INFO: [ app_init ] --END-- [ RunTime:0.000903s ]
INFO: [ app_begin ] --START--
INFO: Run Behavior\ReadHtmlCacheBehavior [ RunTime:0.000845s ]
INFO: [ app_begin ] --END-- [ RunTime:0.001023s ]
SQL: SHOW COLUMNS FROM `bjy_category` [ RunTime:0.0631s ]
SQL: SELECT * FROM `bjy_category` ORDER BY sort  [ RunTime:0.0005s ]
SQL: SHOW COLUMNS FROM `bjy_tag` [ RunTime:0.0049s ]
SQL: SELECT * FROM `bjy_tag`  [ RunTime:0.0004s ]
SQL: SHOW COLUMNS FROM `bjy_link` [ RunTime:0.0055s ]
SQL: SELECT * FROM `bjy_link` WHERE `is_delete` = 0 AND `is_show` = 1 ORDER BY sort  [ RunTime:0.0004s ]
SQL: SHOW COLUMNS FROM `bjy_article` [ RunTime:0.0058s ]
SQL: UPDATE `bjy_article` SET `click`=click+1 WHERE `aid` = 19 [ RunTime:0.0929s ]
SQL: SHOW COLUMNS FROM `bjy_article` [ RunTime:0.0048s ]
SQL: SELECT `aid`,`title` FROM `bjy_article` WHERE (  `is_show` = 1 ) AND (  `is_delete` = 0 ) AND `aid` > 19 LIMIT 1   [ RunTime:0.0004s ]
SQL: SELECT `aid`,`title` FROM `bjy_article` WHERE (  `is_show` = 1 ) AND (  `is_delete` = 0 ) AND `aid` < 19 ORDER BY aid desc LIMIT 1   [ RunTime:0.0002s ]
SQL: SELECT * FROM `bjy_article` WHERE `aid` = 19 LIMIT 1   [ RunTime:0.0003s ]
SQL: SHOW COLUMNS FROM `bjy_article_tag` [ RunTime:0.0044s ]
SQL: SELECT `tid` FROM `bjy_article_tag` WHERE ( aid=19 )  [ RunTime:0.0003s ]
SQL: SHOW COLUMNS FROM `bjy_article_tag` [ RunTime:0.0046s ]
SQL: SELECT * FROM `bjy_article_tag` INNER JOIN bjy_tag ON bjy_article_tag.tid=bjy_tag.tid  WHERE ( aid=19 )  [ RunTime:0.0003s ]
SQL: SELECT `cid`,`cid`,`cname`,`keywords` FROM `bjy_category` WHERE ( cid=28 )  [ RunTime:0.0003s ]
SQL: SHOW COLUMNS FROM `bjy_comment` [ RunTime:0.0063s ]
SQL: SELECT c.*,ou.nickname,ou.head_img FROM bjy_comment c INNER JOIN bjy_oauth_user ou ON c.ouid=ou.id  WHERE `aid` = 19 AND `pid` = 0 ORDER BY date desc  [ RunTime:0.0010s ]
SQL: SELECT c.*,ou.nickname,ou.head_img FROM bjy_comment c INNER JOIN bjy_oauth_user ou ON c.ouid=ou.id  WHERE `pid` = '29'  [ RunTime:0.0004s ]
SQL: SELECT c.*,ou.nickname,ou.head_img FROM bjy_comment c INNER JOIN bjy_oauth_user ou ON c.ouid=ou.id  WHERE `pid` = '26'  [ RunTime:0.0003s ]
SQL: SELECT c.*,ou.nickname,ou.head_img FROM bjy_comment c INNER JOIN bjy_oauth_user ou ON c.ouid=ou.id  WHERE `pid` = '27'  [ RunTime:0.0003s ]
SQL: SELECT c.*,ou.nickname,ou.head_img FROM bjy_comment c INNER JOIN bjy_oauth_user ou ON c.ouid=ou.id  WHERE `pid` = '28'  [ RunTime:0.0003s ]
SQL: SELECT `ouid` FROM `bjy_comment` WHERE `cmtid` = 26 LIMIT 1   [ RunTime:0.0003s ]
SQL: SHOW COLUMNS FROM `bjy_oauth_user` [ RunTime:0.0050s ]
SQL: SELECT `nickname` FROM `bjy_oauth_user` WHERE `id` = 2 LIMIT 1   [ RunTime:0.0004s ]
SQL: SELECT `ouid` FROM `bjy_comment` WHERE `cmtid` = 27 LIMIT 1   [ RunTime:0.0006s ]
SQL: SELECT `nickname` FROM `bjy_oauth_user` WHERE `id` = 2 LIMIT 1   [ RunTime:0.0003s ]
SQL: SELECT c.*,ou.nickname,ou.head_img FROM bjy_comment c INNER JOIN bjy_oauth_user ou ON c.ouid=ou.id  WHERE `pid` = '23'  [ RunTime:0.0004s ]
SQL: SELECT c.*,ou.nickname,ou.head_img FROM bjy_comment c INNER JOIN bjy_oauth_user ou ON c.ouid=ou.id  WHERE `pid` = '24'  [ RunTime:0.0003s ]
SQL: SELECT c.*,ou.nickname,ou.head_img FROM bjy_comment c INNER JOIN bjy_oauth_user ou ON c.ouid=ou.id  WHERE `pid` = '25'  [ RunTime:0.0003s ]
SQL: SELECT `ouid` FROM `bjy_comment` WHERE `cmtid` = 23 LIMIT 1   [ RunTime:0.0002s ]
SQL: SELECT `nickname` FROM `bjy_oauth_user` WHERE `id` = 2 LIMIT 1   [ RunTime:0.0002s ]
SQL: SELECT `ouid` FROM `bjy_comment` WHERE `cmtid` = 24 LIMIT 1   [ RunTime:0.0002s ]
SQL: SELECT `nickname` FROM `bjy_oauth_user` WHERE `id` = 2 LIMIT 1   [ RunTime:0.0002s ]
SQL: SELECT c.*,ou.nickname,ou.head_img FROM bjy_comment c INNER JOIN bjy_oauth_user ou ON c.ouid=ou.id  WHERE `pid` = '19'  [ RunTime:0.0004s ]
SQL: SELECT c.*,ou.nickname,ou.head_img FROM bjy_comment c INNER JOIN bjy_oauth_user ou ON c.ouid=ou.id  WHERE `pid` = '20'  [ RunTime:0.0003s ]
SQL: SELECT c.*,ou.nickname,ou.head_img FROM bjy_comment c INNER JOIN bjy_oauth_user ou ON c.ouid=ou.id  WHERE `pid` = '21'  [ RunTime:0.0004s ]
SQL: SELECT c.*,ou.nickname,ou.head_img FROM bjy_comment c INNER JOIN bjy_oauth_user ou ON c.ouid=ou.id  WHERE `pid` = '22'  [ RunTime:0.0004s ]
SQL: SELECT `ouid` FROM `bjy_comment` WHERE `cmtid` = 19 LIMIT 1   [ RunTime:0.0004s ]
SQL: SELECT `nickname` FROM `bjy_oauth_user` WHERE `id` = 2 LIMIT 1   [ RunTime:0.0002s ]
SQL: SELECT `ouid` FROM `bjy_comment` WHERE `cmtid` = 20 LIMIT 1   [ RunTime:0.0003s ]
SQL: SELECT `nickname` FROM `bjy_oauth_user` WHERE `id` = 2 LIMIT 1   [ RunTime:0.0003s ]
SQL: SELECT `ouid` FROM `bjy_comment` WHERE `cmtid` = 21 LIMIT 1   [ RunTime:0.0003s ]
SQL: SELECT `nickname` FROM `bjy_oauth_user` WHERE `id` = 2 LIMIT 1   [ RunTime:0.0002s ]
SQL: SELECT c.*,ou.nickname,ou.head_img FROM bjy_comment c INNER JOIN bjy_oauth_user ou ON c.ouid=ou.id  WHERE `pid` = '18'  [ RunTime:0.0003s ]
SQL: SELECT c.*,ou.nickname,ou.head_img FROM bjy_comment c INNER JOIN bjy_oauth_user ou ON c.ouid=ou.id  WHERE `pid` = '16'  [ RunTime:0.0003s ]
SQL: SELECT c.*,ou.nickname,ou.head_img FROM bjy_comment c INNER JOIN bjy_oauth_user ou ON c.ouid=ou.id  WHERE `pid` = '17'  [ RunTime:0.0006s ]
SQL: SELECT `ouid` FROM `bjy_comment` WHERE `cmtid` = 16 LIMIT 1   [ RunTime:0.0004s ]
SQL: SELECT `nickname` FROM `bjy_oauth_user` WHERE `id` = 2 LIMIT 1   [ RunTime:0.0003s ]
SQL: SELECT c.*,ou.nickname,ou.head_img FROM bjy_comment c INNER JOIN bjy_oauth_user ou ON c.ouid=ou.id  WHERE `pid` = '15'  [ RunTime:0.0004s ]
SQL: SELECT c.*,ou.nickname,ou.head_img FROM bjy_comment c INNER JOIN bjy_oauth_user ou ON c.ouid=ou.id  WHERE `pid` = '14'  [ RunTime:0.0004s ]
SQL: SELECT c.*,ou.nickname,ou.head_img FROM bjy_comment c INNER JOIN bjy_oauth_user ou ON c.ouid=ou.id  WHERE `pid` = '13'  [ RunTime:0.0004s ]
SQL: SELECT c.*,ou.nickname,ou.head_img FROM bjy_comment c INNER JOIN bjy_oauth_user ou ON c.ouid=ou.id  WHERE `pid` = '10'  [ RunTime:0.0004s ]
SQL: SELECT c.*,ou.nickname,ou.head_img FROM bjy_comment c INNER JOIN bjy_oauth_user ou ON c.ouid=ou.id  WHERE `pid` = '11'  [ RunTime:0.0003s ]
SQL: SELECT c.*,ou.nickname,ou.head_img FROM bjy_comment c INNER JOIN bjy_oauth_user ou ON c.ouid=ou.id  WHERE `pid` = '12'  [ RunTime:0.0003s ]
SQL: SELECT `ouid` FROM `bjy_comment` WHERE `cmtid` = 10 LIMIT 1   [ RunTime:0.0003s ]
SQL: SELECT `nickname` FROM `bjy_oauth_user` WHERE `id` = 1 LIMIT 1   [ RunTime:0.0003s ]
SQL: SELECT `ouid` FROM `bjy_comment` WHERE `cmtid` = 11 LIMIT 1   [ RunTime:0.0003s ]
SQL: SELECT `nickname` FROM `bjy_oauth_user` WHERE `id` = 2 LIMIT 1   [ RunTime:0.0002s ]
SQL: SELECT c.*,ou.nickname,ou.head_img FROM bjy_comment c INNER JOIN bjy_oauth_user ou ON c.ouid=ou.id  WHERE `pid` = '8'  [ RunTime:0.0003s ]
SQL: SELECT c.*,ou.nickname,ou.head_img FROM bjy_comment c INNER JOIN bjy_oauth_user ou ON c.ouid=ou.id  WHERE `pid` = '6'  [ RunTime:0.0003s ]
SQL: SELECT c.*,ou.nickname,ou.head_img FROM bjy_comment c INNER JOIN bjy_oauth_user ou ON c.ouid=ou.id  WHERE `pid` = '7'  [ RunTime:0.0003s ]
SQL: SELECT `ouid` FROM `bjy_comment` WHERE `cmtid` = 6 LIMIT 1   [ RunTime:0.0002s ]
SQL: SELECT `nickname` FROM `bjy_oauth_user` WHERE `id` = 6 LIMIT 1   [ RunTime:0.0002s ]
SQL: SELECT `ouid` FROM `bjy_comment` WHERE `cmtid` = 6 LIMIT 1   [ RunTime:0.0002s ]
SQL: SELECT `nickname` FROM `bjy_oauth_user` WHERE `id` = 6 LIMIT 1   [ RunTime:0.0002s ]
SQL: SELECT c.*,ou.nickname,ou.head_img FROM bjy_comment c INNER JOIN bjy_oauth_user ou ON c.ouid=ou.id  WHERE `pid` = '1'  [ RunTime:0.0003s ]
SQL: SELECT c.*,ou.nickname,ou.head_img FROM bjy_comment c INNER JOIN bjy_oauth_user ou ON c.ouid=ou.id  WHERE `pid` = '2'  [ RunTime:0.0003s ]
SQL: SELECT c.*,ou.nickname,ou.head_img FROM bjy_comment c INNER JOIN bjy_oauth_user ou ON c.ouid=ou.id  WHERE `pid` = '3'  [ RunTime:0.0002s ]
SQL: SELECT c.*,ou.nickname,ou.head_img FROM bjy_comment c INNER JOIN bjy_oauth_user ou ON c.ouid=ou.id  WHERE `pid` = '4'  [ RunTime:0.0003s ]
SQL: SELECT `ouid` FROM `bjy_comment` WHERE `cmtid` = 1 LIMIT 1   [ RunTime:0.0003s ]
SQL: SELECT `nickname` FROM `bjy_oauth_user` WHERE `id` = 1 LIMIT 1   [ RunTime:0.0002s ]
SQL: SELECT `ouid` FROM `bjy_comment` WHERE `cmtid` = 2 LIMIT 1   [ RunTime:0.0002s ]
SQL: SELECT `nickname` FROM `bjy_oauth_user` WHERE `id` = 2 LIMIT 1   [ RunTime:0.0002s ]
SQL: SELECT `ouid` FROM `bjy_comment` WHERE `cmtid` = 3 LIMIT 1   [ RunTime:0.0002s ]
SQL: SELECT `nickname` FROM `bjy_oauth_user` WHERE `id` = 3 LIMIT 1   [ RunTime:0.0002s ]
SQL: SELECT `ouid` FROM `bjy_comment` WHERE `cmtid` = 2 LIMIT 1   [ RunTime:0.0002s ]
SQL: SELECT `nickname` FROM `bjy_oauth_user` WHERE `id` = 2 LIMIT 1   [ RunTime:0.0002s ]
INFO: [ view_parse ] --START--
INFO: [ template_filter ] --START--
INFO: Run Behavior\ContentReplaceBehavior [ RunTime:0.000206s ]
INFO: [ template_filter ] --END-- [ RunTime:0.000341s ]
NOTIC: [8] Undefined index: category E:\tongbu\wamp\www\Runtime\Cache\Home\d4c1149384e4970b24973a696680cd70.php 第 76 行.
SQL: SELECT `aid`,`title` FROM `bjy_article` WHERE ( is_show=1 and is_delete=0 and is_top=1 ) LIMIT 10   [ RunTime:0.0005s ]
NOTIC: [2] Invalid argument supplied for foreach() E:\tongbu\wamp\www\Runtime\Cache\Home\d4c1149384e4970b24973a696680cd70.php 第 213 行.
NOTIC: [8] Use of undefined constant url - assumed 'url' E:\tongbu\wamp\www\Runtime\Cache\Home\d4c1149384e4970b24973a696680cd70.php 第 225 行.
INFO: Run Behavior\ParseTemplateBehavior [ RunTime:0.034810s ]
INFO: [ view_parse ] --END-- [ RunTime:0.034973s ]
INFO: [ view_filter ] --START--
INFO: Run Behavior\WriteHtmlCacheBehavior [ RunTime:0.000719s ]
INFO: [ view_filter ] --END-- [ RunTime:0.000855s ]
INFO: [ app_end ] --START--
INFO: Run Behavior\ShowPageTraceBehavior [ RunTime:0.000700s ]
INFO: [ app_end ] --END-- [ RunTime:0.000806s ]

[ 2015-08-05T23:42:12+08:00 ] ::1 /index.php/Home/Index/ajax_comment
INFO: [ app_init ] --START--
INFO: Run Behavior\BuildLiteBehavior [ RunTime:0.000025s ]
INFO: [ app_init ] --END-- [ RunTime:0.000504s ]
INFO: [ app_begin ] --START--
INFO: Run Behavior\ReadHtmlCacheBehavior [ RunTime:0.001059s ]
INFO: [ app_begin ] --END-- [ RunTime:0.001268s ]
SQL: SHOW COLUMNS FROM `bjy_category` [ RunTime:0.0634s ]
SQL: SELECT * FROM `bjy_category` ORDER BY sort  [ RunTime:0.0005s ]
SQL: SHOW COLUMNS FROM `bjy_tag` [ RunTime:0.0065s ]
SQL: SELECT * FROM `bjy_tag`  [ RunTime:0.0004s ]
SQL: SHOW COLUMNS FROM `bjy_link` [ RunTime:0.0064s ]
SQL: SELECT * FROM `bjy_link` WHERE `is_delete` = 0 AND `is_show` = 1 ORDER BY sort  [ RunTime:0.0005s ]
SQL: SHOW COLUMNS FROM `bjy_comment` [ RunTime:0.0063s ]
NOTIC: [8] Undefined variable: type E:\tongbu\wamp\www\Application\Home\Controller\IndexController.class.php 第 122 行.
SQL: INSERT INTO `bjy_comment` (`ouid`,`aid`,`pid`,`content`,`date`,`status`) VALUES ('2','19','0','cmtid 30&lt;br&gt;','1438789332','1') [ RunTime:0.0760s ]
INFO: [ app_end ] --START--
INFO: Run Behavior\ShowPageTraceBehavior [ RunTime:0.001265s ]
INFO: [ app_end ] --END-- [ RunTime:0.001434s ]

[ 2015-08-05T23:42:23+08:00 ] ::1 /index.php/Home/Index/ajax_comment
INFO: [ app_init ] --START--
INFO: Run Behavior\BuildLiteBehavior [ RunTime:0.000027s ]
INFO: [ app_init ] --END-- [ RunTime:0.000509s ]
INFO: [ app_begin ] --START--
INFO: Run Behavior\ReadHtmlCacheBehavior [ RunTime:0.000509s ]
INFO: [ app_begin ] --END-- [ RunTime:0.000607s ]
SQL: SHOW COLUMNS FROM `bjy_category` [ RunTime:0.0544s ]
SQL: SELECT * FROM `bjy_category` ORDER BY sort  [ RunTime:0.0005s ]
SQL: SHOW COLUMNS FROM `bjy_tag` [ RunTime:0.0128s ]
SQL: SELECT * FROM `bjy_tag`  [ RunTime:0.0004s ]
SQL: SHOW COLUMNS FROM `bjy_link` [ RunTime:0.0051s ]
SQL: SELECT * FROM `bjy_link` WHERE `is_delete` = 0 AND `is_show` = 1 ORDER BY sort  [ RunTime:0.0005s ]
SQL: SHOW COLUMNS FROM `bjy_comment` [ RunTime:0.0056s ]
NOTIC: [8] Undefined variable: type E:\tongbu\wamp\www\Application\Home\Controller\IndexController.class.php 第 122 行.
SQL: INSERT INTO `bjy_comment` (`ouid`,`aid`,`pid`,`content`,`date`,`status`) VALUES ('2','19','30','29&amp;nbsp;child&lt;br&gt;','1438789343','1') [ RunTime:0.1141s ]
INFO: [ app_end ] --START--
INFO: Run Behavior\ShowPageTraceBehavior [ RunTime:0.001249s ]
INFO: [ app_end ] --END-- [ RunTime:0.001440s ]

[ 2015-08-05T23:43:01+08:00 ] ::1 /index.php/Home/Index/article/cid/0/tid/0/search_word/0/aid/19
INFO: [ app_init ] --START--
INFO: Run Behavior\BuildLiteBehavior [ RunTime:0.000099s ]
INFO: [ app_init ] --END-- [ RunTime:0.001214s ]
INFO: [ app_begin ] --START--
INFO: Run Behavior\ReadHtmlCacheBehavior [ RunTime:0.000854s ]
INFO: [ app_begin ] --END-- [ RunTime:0.001067s ]
SQL: SHOW COLUMNS FROM `bjy_category` [ RunTime:0.0620s ]
SQL: SELECT * FROM `bjy_category` ORDER BY sort  [ RunTime:0.0004s ]
SQL: SHOW COLUMNS FROM `bjy_tag` [ RunTime:0.0041s ]
SQL: SELECT * FROM `bjy_tag`  [ RunTime:0.0003s ]
SQL: SHOW COLUMNS FROM `bjy_link` [ RunTime:0.0046s ]
SQL: SELECT * FROM `bjy_link` WHERE `is_delete` = 0 AND `is_show` = 1 ORDER BY sort  [ RunTime:0.0003s ]
SQL: SHOW COLUMNS FROM `bjy_article` [ RunTime:0.0055s ]
SQL: UPDATE `bjy_article` SET `click`=click+1 WHERE `aid` = 19 [ RunTime:0.0815s ]
SQL: SHOW COLUMNS FROM `bjy_article` [ RunTime:0.0051s ]
SQL: SELECT `aid`,`title` FROM `bjy_article` WHERE (  `is_show` = 1 ) AND (  `is_delete` = 0 ) AND `aid` > 19 LIMIT 1   [ RunTime:0.0004s ]
SQL: SELECT `aid`,`title` FROM `bjy_article` WHERE (  `is_show` = 1 ) AND (  `is_delete` = 0 ) AND `aid` < 19 ORDER BY aid desc LIMIT 1   [ RunTime:0.0003s ]
SQL: SELECT * FROM `bjy_article` WHERE `aid` = 19 LIMIT 1   [ RunTime:0.0003s ]
SQL: SHOW COLUMNS FROM `bjy_article_tag` [ RunTime:0.0051s ]
SQL: SELECT `tid` FROM `bjy_article_tag` WHERE ( aid=19 )  [ RunTime:0.0003s ]
SQL: SHOW COLUMNS FROM `bjy_article_tag` [ RunTime:0.0046s ]
SQL: SELECT * FROM `bjy_article_tag` INNER JOIN bjy_tag ON bjy_article_tag.tid=bjy_tag.tid  WHERE ( aid=19 )  [ RunTime:0.0003s ]
SQL: SELECT `cid`,`cid`,`cname`,`keywords` FROM `bjy_category` WHERE ( cid=28 )  [ RunTime:0.0002s ]
SQL: SHOW COLUMNS FROM `bjy_comment` [ RunTime:0.0048s ]
SQL: SELECT c.*,ou.nickname,ou.head_img FROM bjy_comment c INNER JOIN bjy_oauth_user ou ON c.ouid=ou.id  WHERE `aid` = 19 AND `pid` = 0 ORDER BY date desc  [ RunTime:0.0006s ]
SQL: SELECT c.*,ou.nickname,ou.head_img FROM bjy_comment c INNER JOIN bjy_oauth_user ou ON c.ouid=ou.id  WHERE `pid` = '30'  [ RunTime:0.0004s ]
SQL: SELECT c.*,ou.nickname,ou.head_img FROM bjy_comment c INNER JOIN bjy_oauth_user ou ON c.ouid=ou.id  WHERE `pid` = '31'  [ RunTime:0.0004s ]
SQL: SELECT `ouid` FROM `bjy_comment` WHERE `cmtid` = 30 LIMIT 1   [ RunTime:0.0003s ]
SQL: SHOW COLUMNS FROM `bjy_oauth_user` [ RunTime:0.0055s ]
SQL: SELECT `nickname` FROM `bjy_oauth_user` WHERE `id` = 2 LIMIT 1   [ RunTime:0.0003s ]
SQL: SELECT c.*,ou.nickname,ou.head_img FROM bjy_comment c INNER JOIN bjy_oauth_user ou ON c.ouid=ou.id  WHERE `pid` = '29'  [ RunTime:0.0003s ]
SQL: SELECT c.*,ou.nickname,ou.head_img FROM bjy_comment c INNER JOIN bjy_oauth_user ou ON c.ouid=ou.id  WHERE `pid` = '26'  [ RunTime:0.0003s ]
SQL: SELECT c.*,ou.nickname,ou.head_img FROM bjy_comment c INNER JOIN bjy_oauth_user ou ON c.ouid=ou.id  WHERE `pid` = '27'  [ RunTime:0.0003s ]
SQL: SELECT c.*,ou.nickname,ou.head_img FROM bjy_comment c INNER JOIN bjy_oauth_user ou ON c.ouid=ou.id  WHERE `pid` = '28'  [ RunTime:0.0003s ]
SQL: SELECT `ouid` FROM `bjy_comment` WHERE `cmtid` = 26 LIMIT 1   [ RunTime:0.0002s ]
SQL: SELECT `nickname` FROM `bjy_oauth_user` WHERE `id` = 2 LIMIT 1   [ RunTime:0.0002s ]
SQL: SELECT `ouid` FROM `bjy_comment` WHERE `cmtid` = 27 LIMIT 1   [ RunTime:0.0002s ]
SQL: SELECT `nickname` FROM `bjy_oauth_user` WHERE `id` = 2 LIMIT 1   [ RunTime:0.0002s ]
SQL: SELECT c.*,ou.nickname,ou.head_img FROM bjy_comment c INNER JOIN bjy_oauth_user ou ON c.ouid=ou.id  WHERE `pid` = '23'  [ RunTime:0.0003s ]
SQL: SELECT c.*,ou.nickname,ou.head_img FROM bjy_comment c INNER JOIN bjy_oauth_user ou ON c.ouid=ou.id  WHERE `pid` = '24'  [ RunTime:0.0004s ]
SQL: SELECT c.*,ou.nickname,ou.head_img FROM bjy_comment c INNER JOIN bjy_oauth_user ou ON c.ouid=ou.id  WHERE `pid` = '25'  [ RunTime:0.0004s ]
SQL: SELECT `ouid` FROM `bjy_comment` WHERE `cmtid` = 23 LIMIT 1   [ RunTime:0.0003s ]
SQL: SELECT `nickname` FROM `bjy_oauth_user` WHERE `id` = 2 LIMIT 1   [ RunTime:0.0003s ]
SQL: SELECT `ouid` FROM `bjy_comment` WHERE `cmtid` = 24 LIMIT 1   [ RunTime:0.0002s ]
SQL: SELECT `nickname` FROM `bjy_oauth_user` WHERE `id` = 2 LIMIT 1   [ RunTime:0.0002s ]
SQL: SELECT c.*,ou.nickname,ou.head_img FROM bjy_comment c INNER JOIN bjy_oauth_user ou ON c.ouid=ou.id  WHERE `pid` = '19'  [ RunTime:0.0003s ]
SQL: SELECT c.*,ou.nickname,ou.head_img FROM bjy_comment c INNER JOIN bjy_oauth_user ou ON c.ouid=ou.id  WHERE `pid` = '20'  [ RunTime:0.0003s ]
SQL: SELECT c.*,ou.nickname,ou.head_img FROM bjy_comment c INNER JOIN bjy_oauth_user ou ON c.ouid=ou.id  WHERE `pid` = '21'  [ RunTime:0.0004s ]
SQL: SELECT c.*,ou.nickname,ou.head_img FROM bjy_comment c INNER JOIN bjy_oauth_user ou ON c.ouid=ou.id  WHERE `pid` = '22'  [ RunTime:0.0003s ]
SQL: SELECT `ouid` FROM `bjy_comment` WHERE `cmtid` = 19 LIMIT 1   [ RunTime:0.0002s ]
SQL: SELECT `nickname` FROM `bjy_oauth_user` WHERE `id` = 2 LIMIT 1   [ RunTime:0.0002s ]
SQL: SELECT `ouid` FROM `bjy_comment` WHERE `cmtid` = 20 LIMIT 1   [ RunTime:0.0002s ]
SQL: SELECT `nickname` FROM `bjy_oauth_user` WHERE `id` = 2 LIMIT 1   [ RunTime:0.0002s ]
SQL: SELECT `ouid` FROM `bjy_comment` WHERE `cmtid` = 21 LIMIT 1   [ RunTime:0.0002s ]
SQL: SELECT `nickname` FROM `bjy_oauth_user` WHERE `id` = 2 LIMIT 1   [ RunTime:0.0002s ]
SQL: SELECT c.*,ou.nickname,ou.head_img FROM bjy_comment c INNER JOIN bjy_oauth_user ou ON c.ouid=ou.id  WHERE `pid` = '18'  [ RunTime:0.0003s ]
SQL: SELECT c.*,ou.nickname,ou.head_img FROM bjy_comment c INNER JOIN bjy_oauth_user ou ON c.ouid=ou.id  WHERE `pid` = '16'  [ RunTime:0.0003s ]
SQL: SELECT c.*,ou.nickname,ou.head_img FROM bjy_comment c INNER JOIN bjy_oauth_user ou ON c.ouid=ou.id  WHERE `pid` = '17'  [ RunTime:0.0003s ]
SQL: SELECT `ouid` FROM `bjy_comment` WHERE `cmtid` = 16 LIMIT 1   [ RunTime:0.0002s ]
SQL: SELECT `nickname` FROM `bjy_oauth_user` WHERE `id` = 2 LIMIT 1   [ RunTime:0.0002s ]
SQL: SELECT c.*,ou.nickname,ou.head_img FROM bjy_comment c INNER JOIN bjy_oauth_user ou ON c.ouid=ou.id  WHERE `pid` = '15'  [ RunTime:0.0003s ]
SQL: SELECT c.*,ou.nickname,ou.head_img FROM bjy_comment c INNER JOIN bjy_oauth_user ou ON c.ouid=ou.id  WHERE `pid` = '14'  [ RunTime:0.0003s ]
SQL: SELECT c.*,ou.nickname,ou.head_img FROM bjy_comment c INNER JOIN bjy_oauth_user ou ON c.ouid=ou.id  WHERE `pid` = '13'  [ RunTime:0.0003s ]
SQL: SELECT c.*,ou.nickname,ou.head_img FROM bjy_comment c INNER JOIN bjy_oauth_user ou ON c.ouid=ou.id  WHERE `pid` = '10'  [ RunTime:0.0003s ]
SQL: SELECT c.*,ou.nickname,ou.head_img FROM bjy_comment c INNER JOIN bjy_oauth_user ou ON c.ouid=ou.id  WHERE `pid` = '11'  [ RunTime:0.0003s ]
SQL: SELECT c.*,ou.nickname,ou.head_img FROM bjy_comment c INNER JOIN bjy_oauth_user ou ON c.ouid=ou.id  WHERE `pid` = '12'  [ RunTime:0.0004s ]
SQL: SELECT `ouid` FROM `bjy_comment` WHERE `cmtid` = 10 LIMIT 1   [ RunTime:0.0003s ]
SQL: SELECT `nickname` FROM `bjy_oauth_user` WHERE `id` = 1 LIMIT 1   [ RunTime:0.0003s ]
SQL: SELECT `ouid` FROM `bjy_comment` WHERE `cmtid` = 11 LIMIT 1   [ RunTime:0.0003s ]
SQL: SELECT `nickname` FROM `bjy_oauth_user` WHERE `id` = 2 LIMIT 1   [ RunTime:0.0002s ]
SQL: SELECT c.*,ou.nickname,ou.head_img FROM bjy_comment c INNER JOIN bjy_oauth_user ou ON c.ouid=ou.id  WHERE `pid` = '8'  [ RunTime:0.0003s ]
SQL: SELECT c.*,ou.nickname,ou.head_img FROM bjy_comment c INNER JOIN bjy_oauth_user ou ON c.ouid=ou.id  WHERE `pid` = '6'  [ RunTime:0.0003s ]
SQL: SELECT c.*,ou.nickname,ou.head_img FROM bjy_comment c INNER JOIN bjy_oauth_user ou ON c.ouid=ou.id  WHERE `pid` = '7'  [ RunTime:0.0003s ]
SQL: SELECT `ouid` FROM `bjy_comment` WHERE `cmtid` = 6 LIMIT 1   [ RunTime:0.0002s ]
SQL: SELECT `nickname` FROM `bjy_oauth_user` WHERE `id` = 6 LIMIT 1   [ RunTime:0.0002s ]
SQL: SELECT `ouid` FROM `bjy_comment` WHERE `cmtid` = 6 LIMIT 1   [ RunTime:0.0002s ]
SQL: SELECT `nickname` FROM `bjy_oauth_user` WHERE `id` = 6 LIMIT 1   [ RunTime:0.0002s ]
SQL: SELECT c.*,ou.nickname,ou.head_img FROM bjy_comment c INNER JOIN bjy_oauth_user ou ON c.ouid=ou.id  WHERE `pid` = '1'  [ RunTime:0.0003s ]
SQL: SELECT c.*,ou.nickname,ou.head_img FROM bjy_comment c INNER JOIN bjy_oauth_user ou ON c.ouid=ou.id  WHERE `pid` = '2'  [ RunTime:0.0003s ]
SQL: SELECT c.*,ou.nickname,ou.head_img FROM bjy_comment c INNER JOIN bjy_oauth_user ou ON c.ouid=ou.id  WHERE `pid` = '3'  [ RunTime:0.0003s ]
SQL: SELECT c.*,ou.nickname,ou.head_img FROM bjy_comment c INNER JOIN bjy_oauth_user ou ON c.ouid=ou.id  WHERE `pid` = '4'  [ RunTime:0.0003s ]
SQL: SELECT `ouid` FROM `bjy_comment` WHERE `cmtid` = 1 LIMIT 1   [ RunTime:0.0002s ]
SQL: SELECT `nickname` FROM `bjy_oauth_user` WHERE `id` = 1 LIMIT 1   [ RunTime:0.0002s ]
SQL: SELECT `ouid` FROM `bjy_comment` WHERE `cmtid` = 2 LIMIT 1   [ RunTime:0.0002s ]
SQL: SELECT `nickname` FROM `bjy_oauth_user` WHERE `id` = 2 LIMIT 1   [ RunTime:0.0002s ]
SQL: SELECT `ouid` FROM `bjy_comment` WHERE `cmtid` = 3 LIMIT 1   [ RunTime:0.0002s ]
SQL: SELECT `nickname` FROM `bjy_oauth_user` WHERE `id` = 3 LIMIT 1   [ RunTime:0.0002s ]
SQL: SELECT `ouid` FROM `bjy_comment` WHERE `cmtid` = 2 LIMIT 1   [ RunTime:0.0002s ]
SQL: SELECT `nickname` FROM `bjy_oauth_user` WHERE `id` = 2 LIMIT 1   [ RunTime:0.0002s ]
INFO: [ view_parse ] --START--
INFO: [ template_filter ] --START--
INFO: Run Behavior\ContentReplaceBehavior [ RunTime:0.000216s ]
INFO: [ template_filter ] --END-- [ RunTime:0.000401s ]
NOTIC: [8] Undefined index: category E:\tongbu\wamp\www\Runtime\Cache\Home\d4c1149384e4970b24973a696680cd70.php 第 76 行.
SQL: SELECT `aid`,`title` FROM `bjy_article` WHERE ( is_show=1 and is_delete=0 and is_top=1 ) LIMIT 10   [ RunTime:0.0005s ]
NOTIC: [2] Invalid argument supplied for foreach() E:\tongbu\wamp\www\Runtime\Cache\Home\d4c1149384e4970b24973a696680cd70.php 第 213 行.
NOTIC: [8] Use of undefined constant url - assumed 'url' E:\tongbu\wamp\www\Runtime\Cache\Home\d4c1149384e4970b24973a696680cd70.php 第 225 行.
INFO: Run Behavior\ParseTemplateBehavior [ RunTime:0.032090s ]
INFO: [ view_parse ] --END-- [ RunTime:0.032235s ]
INFO: [ view_filter ] --START--
INFO: Run Behavior\WriteHtmlCacheBehavior [ RunTime:0.000715s ]
INFO: [ view_filter ] --END-- [ RunTime:0.000846s ]
INFO: [ app_end ] --START--
INFO: Run Behavior\ShowPageTraceBehavior [ RunTime:0.000694s ]
INFO: [ app_end ] --END-- [ RunTime:0.000791s ]

[ 2015-08-05T23:43:09+08:00 ] ::1 /index.php/Home/Index/ajax_comment
INFO: [ app_init ] --START--
INFO: Run Behavior\BuildLiteBehavior [ RunTime:0.000027s ]
INFO: [ app_init ] --END-- [ RunTime:0.000522s ]
INFO: [ app_begin ] --START--
INFO: Run Behavior\ReadHtmlCacheBehavior [ RunTime:0.000572s ]
INFO: [ app_begin ] --END-- [ RunTime:0.000680s ]
SQL: SHOW COLUMNS FROM `bjy_category` [ RunTime:0.0544s ]
SQL: SELECT * FROM `bjy_category` ORDER BY sort  [ RunTime:0.0004s ]
SQL: SHOW COLUMNS FROM `bjy_tag` [ RunTime:0.0061s ]
SQL: SELECT * FROM `bjy_tag`  [ RunTime:0.0004s ]
SQL: SHOW COLUMNS FROM `bjy_link` [ RunTime:0.0062s ]
SQL: SELECT * FROM `bjy_link` WHERE `is_delete` = 0 AND `is_show` = 1 ORDER BY sort  [ RunTime:0.0004s ]
SQL: SHOW COLUMNS FROM `bjy_comment` [ RunTime:0.0079s ]
NOTIC: [8] Undefined variable: type E:\tongbu\wamp\www\Application\Home\Controller\IndexController.class.php 第 122 行.
SQL: INSERT INTO `bjy_comment` (`ouid`,`aid`,`pid`,`content`,`date`,`status`) VALUES ('2','19','0','cmtid 31&lt;br&gt;','1438789389','1') [ RunTime:0.0663s ]
INFO: [ app_end ] --START--
INFO: Run Behavior\ShowPageTraceBehavior [ RunTime:0.000859s ]
INFO: [ app_end ] --END-- [ RunTime:0.000964s ]

[ 2015-08-05T23:43:17+08:00 ] ::1 /index.php/Home/Index/ajax_comment
INFO: [ app_init ] --START--
INFO: Run Behavior\BuildLiteBehavior [ RunTime:0.000028s ]
INFO: [ app_init ] --END-- [ RunTime:0.000547s ]
INFO: [ app_begin ] --START--
INFO: Run Behavior\ReadHtmlCacheBehavior [ RunTime:0.000887s ]
INFO: [ app_begin ] --END-- [ RunTime:0.001088s ]
SQL: SHOW COLUMNS FROM `bjy_category` [ RunTime:0.0054s ]
SQL: SELECT * FROM `bjy_category` ORDER BY sort  [ RunTime:0.0006s ]
SQL: SHOW COLUMNS FROM `bjy_tag` [ RunTime:0.0064s ]
SQL: SELECT * FROM `bjy_tag`  [ RunTime:0.0004s ]
SQL: SHOW COLUMNS FROM `bjy_link` [ RunTime:0.0066s ]
SQL: SELECT * FROM `bjy_link` WHERE `is_delete` = 0 AND `is_show` = 1 ORDER BY sort  [ RunTime:0.0006s ]
SQL: SHOW COLUMNS FROM `bjy_comment` [ RunTime:0.0062s ]
NOTIC: [8] Undefined variable: type E:\tongbu\wamp\www\Application\Home\Controller\IndexController.class.php 第 122 行.
SQL: INSERT INTO `bjy_comment` (`ouid`,`aid`,`pid`,`content`,`date`,`status`) VALUES ('2','19','32','31&amp;nbsp;child&lt;br&gt;','1438789397','1') [ RunTime:0.0849s ]
INFO: [ app_end ] --START--
INFO: Run Behavior\ShowPageTraceBehavior [ RunTime:0.001268s ]
INFO: [ app_end ] --END-- [ RunTime:0.001459s ]

[ 2015-08-05T23:43:32+08:00 ] ::1 /index.php/Home/Index/ajax_comment
INFO: [ app_init ] --START--
INFO: Run Behavior\BuildLiteBehavior [ RunTime:0.000027s ]
INFO: [ app_init ] --END-- [ RunTime:0.000491s ]
INFO: [ app_begin ] --START--
INFO: Run Behavior\ReadHtmlCacheBehavior [ RunTime:0.000821s ]
INFO: [ app_begin ] --END-- [ RunTime:0.001011s ]
SQL: SHOW COLUMNS FROM `bjy_category` [ RunTime:0.0634s ]
SQL: SELECT * FROM `bjy_category` ORDER BY sort  [ RunTime:0.0005s ]
SQL: SHOW COLUMNS FROM `bjy_tag` [ RunTime:0.0049s ]
SQL: SELECT * FROM `bjy_tag`  [ RunTime:0.0003s ]
SQL: SHOW COLUMNS FROM `bjy_link` [ RunTime:0.0062s ]
SQL: SELECT * FROM `bjy_link` WHERE `is_delete` = 0 AND `is_show` = 1 ORDER BY sort  [ RunTime:0.0004s ]
SQL: SHOW COLUMNS FROM `bjy_comment` [ RunTime:0.0061s ]
NOTIC: [8] Undefined variable: type E:\tongbu\wamp\www\Application\Home\Controller\IndexController.class.php 第 122 行.
SQL: INSERT INTO `bjy_comment` (`ouid`,`aid`,`pid`,`content`,`date`,`status`) VALUES ('2','19','33','31&amp;nbsp;child&amp;nbsp;child&lt;br&gt;','1438789412','1') [ RunTime:0.0674s ]
INFO: [ app_end ] --START--
INFO: Run Behavior\ShowPageTraceBehavior [ RunTime:0.000968s ]
INFO: [ app_end ] --END-- [ RunTime:0.001086s ]

[ 2015-08-05T23:49:55+08:00 ] ::1 /index.php/Home/Index/article/cid/0/tid/0/search_word/0/aid/19
INFO: [ app_init ] --START--
INFO: Run Behavior\BuildLiteBehavior [ RunTime:0.000044s ]
INFO: [ app_init ] --END-- [ RunTime:0.001178s ]
INFO: [ app_begin ] --START--
INFO: Run Behavior\ReadHtmlCacheBehavior [ RunTime:0.000919s ]
INFO: [ app_begin ] --END-- [ RunTime:0.001074s ]
SQL: SHOW COLUMNS FROM `bjy_category` [ RunTime:0.1044s ]
SQL: SELECT * FROM `bjy_category` ORDER BY sort  [ RunTime:0.0008s ]
SQL: SHOW COLUMNS FROM `bjy_tag` [ RunTime:0.0077s ]
SQL: SELECT * FROM `bjy_tag`  [ RunTime:0.0004s ]
SQL: SHOW COLUMNS FROM `bjy_link` [ RunTime:0.0054s ]
SQL: SELECT * FROM `bjy_link` WHERE `is_delete` = 0 AND `is_show` = 1 ORDER BY sort  [ RunTime:0.0004s ]
SQL: SHOW COLUMNS FROM `bjy_article` [ RunTime:0.0060s ]
SQL: UPDATE `bjy_article` SET `click`=click+1 WHERE `aid` = 19 [ RunTime:0.0972s ]
SQL: SHOW COLUMNS FROM `bjy_article` [ RunTime:0.0054s ]
SQL: SELECT `aid`,`title` FROM `bjy_article` WHERE (  `is_show` = 1 ) AND (  `is_delete` = 0 ) AND `aid` > 19 LIMIT 1   [ RunTime:0.0004s ]
SQL: SELECT `aid`,`title` FROM `bjy_article` WHERE (  `is_show` = 1 ) AND (  `is_delete` = 0 ) AND `aid` < 19 ORDER BY aid desc LIMIT 1   [ RunTime:0.0004s ]
SQL: SELECT * FROM `bjy_article` WHERE `aid` = 19 LIMIT 1   [ RunTime:0.0004s ]
SQL: SHOW COLUMNS FROM `bjy_article_tag` [ RunTime:0.0060s ]
SQL: SELECT `tid` FROM `bjy_article_tag` WHERE ( aid=19 )  [ RunTime:0.0004s ]
SQL: SHOW COLUMNS FROM `bjy_article_tag` [ RunTime:0.0052s ]
SQL: SELECT * FROM `bjy_article_tag` INNER JOIN bjy_tag ON bjy_article_tag.tid=bjy_tag.tid  WHERE ( aid=19 )  [ RunTime:0.0004s ]
SQL: SELECT `cid`,`cid`,`cname`,`keywords` FROM `bjy_category` WHERE ( cid=28 )  [ RunTime:0.0003s ]
SQL: SHOW COLUMNS FROM `bjy_comment` [ RunTime:0.0076s ]
SQL: SELECT c.*,ou.nickname,ou.head_img FROM bjy_comment c INNER JOIN bjy_oauth_user ou ON c.ouid=ou.id  WHERE `aid` = 19 AND `pid` = 0 ORDER BY date desc  [ RunTime:0.0007s ]
SQL: SELECT c.*,ou.nickname,ou.head_img FROM bjy_comment c INNER JOIN bjy_oauth_user ou ON c.ouid=ou.id  WHERE `pid` = '32'  [ RunTime:0.0004s ]
SQL: SELECT c.*,ou.nickname,ou.head_img FROM bjy_comment c INNER JOIN bjy_oauth_user ou ON c.ouid=ou.id  WHERE `pid` = '33'  [ RunTime:0.0003s ]
SQL: SELECT c.*,ou.nickname,ou.head_img FROM bjy_comment c INNER JOIN bjy_oauth_user ou ON c.ouid=ou.id  WHERE `pid` = '34'  [ RunTime:0.0003s ]
SQL: SELECT `ouid` FROM `bjy_comment` WHERE `cmtid` = 32 LIMIT 1   [ RunTime:0.0002s ]
SQL: SHOW COLUMNS FROM `bjy_oauth_user` [ RunTime:0.0070s ]
SQL: SELECT `nickname` FROM `bjy_oauth_user` WHERE `id` = 2 LIMIT 1   [ RunTime:0.0004s ]
SQL: SELECT `ouid` FROM `bjy_comment` WHERE `cmtid` = 33 LIMIT 1   [ RunTime:0.0005s ]
SQL: SELECT `nickname` FROM `bjy_oauth_user` WHERE `id` = 2 LIMIT 1   [ RunTime:0.0004s ]
SQL: SELECT c.*,ou.nickname,ou.head_img FROM bjy_comment c INNER JOIN bjy_oauth_user ou ON c.ouid=ou.id  WHERE `pid` = '30'  [ RunTime:0.0004s ]
SQL: SELECT c.*,ou.nickname,ou.head_img FROM bjy_comment c INNER JOIN bjy_oauth_user ou ON c.ouid=ou.id  WHERE `pid` = '31'  [ RunTime:0.0003s ]
SQL: SELECT `ouid` FROM `bjy_comment` WHERE `cmtid` = 30 LIMIT 1   [ RunTime:0.0003s ]
SQL: SELECT `nickname` FROM `bjy_oauth_user` WHERE `id` = 2 LIMIT 1   [ RunTime:0.0002s ]
SQL: SELECT c.*,ou.nickname,ou.head_img FROM bjy_comment c INNER JOIN bjy_oauth_user ou ON c.ouid=ou.id  WHERE `pid` = '29'  [ RunTime:0.0003s ]
SQL: SELECT c.*,ou.nickname,ou.head_img FROM bjy_comment c INNER JOIN bjy_oauth_user ou ON c.ouid=ou.id  WHERE `pid` = '26'  [ RunTime:0.0003s ]
SQL: SELECT c.*,ou.nickname,ou.head_img FROM bjy_comment c INNER JOIN bjy_oauth_user ou ON c.ouid=ou.id  WHERE `pid` = '27'  [ RunTime:0.0003s ]
SQL: SELECT c.*,ou.nickname,ou.head_img FROM bjy_comment c INNER JOIN bjy_oauth_user ou ON c.ouid=ou.id  WHERE `pid` = '28'  [ RunTime:0.0003s ]
SQL: SELECT `ouid` FROM `bjy_comment` WHERE `cmtid` = 26 LIMIT 1   [ RunTime:0.0002s ]
SQL: SELECT `nickname` FROM `bjy_oauth_user` WHERE `id` = 2 LIMIT 1   [ RunTime:0.0002s ]
SQL: SELECT `ouid` FROM `bjy_comment` WHERE `cmtid` = 27 LIMIT 1   [ RunTime:0.0002s ]
SQL: SELECT `nickname` FROM `bjy_oauth_user` WHERE `id` = 2 LIMIT 1   [ RunTime:0.0002s ]
SQL: SELECT c.*,ou.nickname,ou.head_img FROM bjy_comment c INNER JOIN bjy_oauth_user ou ON c.ouid=ou.id  WHERE `pid` = '23'  [ RunTime:0.0003s ]
SQL: SELECT c.*,ou.nickname,ou.head_img FROM bjy_comment c INNER JOIN bjy_oauth_user ou ON c.ouid=ou.id  WHERE `pid` = '24'  [ RunTime:0.0004s ]
SQL: SELECT c.*,ou.nickname,ou.head_img FROM bjy_comment c INNER JOIN bjy_oauth_user ou ON c.ouid=ou.id  WHERE `pid` = '25'  [ RunTime:0.0005s ]
SQL: SELECT `ouid` FROM `bjy_comment` WHERE `cmtid` = 23 LIMIT 1   [ RunTime:0.0003s ]
SQL: SELECT `nickname` FROM `bjy_oauth_user` WHERE `id` = 2 LIMIT 1   [ RunTime:0.0003s ]
SQL: SELECT `ouid` FROM `bjy_comment` WHERE `cmtid` = 24 LIMIT 1   [ RunTime:0.0003s ]
SQL: SELECT `nickname` FROM `bjy_oauth_user` WHERE `id` = 2 LIMIT 1   [ RunTime:0.0002s ]
SQL: SELECT c.*,ou.nickname,ou.head_img FROM bjy_comment c INNER JOIN bjy_oauth_user ou ON c.ouid=ou.id  WHERE `pid` = '19'  [ RunTime:0.0004s ]
SQL: SELECT c.*,ou.nickname,ou.head_img FROM bjy_comment c INNER JOIN bjy_oauth_user ou ON c.ouid=ou.id  WHERE `pid` = '20'  [ RunTime:0.0005s ]
SQL: SELECT c.*,ou.nickname,ou.head_img FROM bjy_comment c INNER JOIN bjy_oauth_user ou ON c.ouid=ou.id  WHERE `pid` = '21'  [ RunTime:0.0004s ]
SQL: SELECT c.*,ou.nickname,ou.head_img FROM bjy_comment c INNER JOIN bjy_oauth_user ou ON c.ouid=ou.id  WHERE `pid` = '22'  [ RunTime:0.0003s ]
SQL: SELECT `ouid` FROM `bjy_comment` WHERE `cmtid` = 19 LIMIT 1   [ RunTime:0.0002s ]
SQL: SELECT `nickname` FROM `bjy_oauth_user` WHERE `id` = 2 LIMIT 1   [ RunTime:0.0002s ]
SQL: SELECT `ouid` FROM `bjy_comment` WHERE `cmtid` = 20 LIMIT 1   [ RunTime:0.0002s ]
SQL: SELECT `nickname` FROM `bjy_oauth_user` WHERE `id` = 2 LIMIT 1   [ RunTime:0.0002s ]
SQL: SELECT `ouid` FROM `bjy_comment` WHERE `cmtid` = 21 LIMIT 1   [ RunTime:0.0002s ]
SQL: SELECT `nickname` FROM `bjy_oauth_user` WHERE `id` = 2 LIMIT 1   [ RunTime:0.0002s ]
SQL: SELECT c.*,ou.nickname,ou.head_img FROM bjy_comment c INNER JOIN bjy_oauth_user ou ON c.ouid=ou.id  WHERE `pid` = '18'  [ RunTime:0.0003s ]
SQL: SELECT c.*,ou.nickname,ou.head_img FROM bjy_comment c INNER JOIN bjy_oauth_user ou ON c.ouid=ou.id  WHERE `pid` = '16'  [ RunTime:0.0003s ]
SQL: SELECT c.*,ou.nickname,ou.head_img FROM bjy_comment c INNER JOIN bjy_oauth_user ou ON c.ouid=ou.id  WHERE `pid` = '17'  [ RunTime:0.0003s ]
SQL: SELECT `ouid` FROM `bjy_comment` WHERE `cmtid` = 16 LIMIT 1   [ RunTime:0.0003s ]
SQL: SELECT `nickname` FROM `bjy_oauth_user` WHERE `id` = 2 LIMIT 1   [ RunTime:0.0003s ]
SQL: SELECT c.*,ou.nickname,ou.head_img FROM bjy_comment c INNER JOIN bjy_oauth_user ou ON c.ouid=ou.id  WHERE `pid` = '15'  [ RunTime:0.0004s ]
SQL: SELECT c.*,ou.nickname,ou.head_img FROM bjy_comment c INNER JOIN bjy_oauth_user ou ON c.ouid=ou.id  WHERE `pid` = '14'  [ RunTime:0.0003s ]
SQL: SELECT c.*,ou.nickname,ou.head_img FROM bjy_comment c INNER JOIN bjy_oauth_user ou ON c.ouid=ou.id  WHERE `pid` = '13'  [ RunTime:0.0003s ]
SQL: SELECT c.*,ou.nickname,ou.head_img FROM bjy_comment c INNER JOIN bjy_oauth_user ou ON c.ouid=ou.id  WHERE `pid` = '10'  [ RunTime:0.0004s ]
SQL: SELECT c.*,ou.nickname,ou.head_img FROM bjy_comment c INNER JOIN bjy_oauth_user ou ON c.ouid=ou.id  WHERE `pid` = '11'  [ RunTime:0.0003s ]
SQL: SELECT c.*,ou.nickname,ou.head_img FROM bjy_comment c INNER JOIN bjy_oauth_user ou ON c.ouid=ou.id  WHERE `pid` = '12'  [ RunTime:0.0004s ]
SQL: SELECT `ouid` FROM `bjy_comment` WHERE `cmtid` = 10 LIMIT 1   [ RunTime:0.0003s ]
SQL: SELECT `nickname` FROM `bjy_oauth_user` WHERE `id` = 1 LIMIT 1   [ RunTime:0.0003s ]
SQL: SELECT `ouid` FROM `bjy_comment` WHERE `cmtid` = 11 LIMIT 1   [ RunTime:0.0003s ]
SQL: SELECT `nickname` FROM `bjy_oauth_user` WHERE `id` = 2 LIMIT 1   [ RunTime:0.0003s ]
SQL: SELECT c.*,ou.nickname,ou.head_img FROM bjy_comment c INNER JOIN bjy_oauth_user ou ON c.ouid=ou.id  WHERE `pid` = '8'  [ RunTime:0.0004s ]
SQL: SELECT c.*,ou.nickname,ou.head_img FROM bjy_comment c INNER JOIN bjy_oauth_user ou ON c.ouid=ou.id  WHERE `pid` = '6'  [ RunTime:0.0004s ]
SQL: SELECT c.*,ou.nickname,ou.head_img FROM bjy_comment c INNER JOIN bjy_oauth_user ou ON c.ouid=ou.id  WHERE `pid` = '7'  [ RunTime:0.0003s ]
SQL: SELECT `ouid` FROM `bjy_comment` WHERE `cmtid` = 6 LIMIT 1   [ RunTime:0.0002s ]
SQL: SELECT `nickname` FROM `bjy_oauth_user` WHERE `id` = 6 LIMIT 1   [ RunTime:0.0002s ]
SQL: SELECT `ouid` FROM `bjy_comment` WHERE `cmtid` = 6 LIMIT 1   [ RunTime:0.0002s ]
SQL: SELECT `nickname` FROM `bjy_oauth_user` WHERE `id` = 6 LIMIT 1   [ RunTime:0.0002s ]
SQL: SELECT c.*,ou.nickname,ou.head_img FROM bjy_comment c INNER JOIN bjy_oauth_user ou ON c.ouid=ou.id  WHERE `pid` = '1'  [ RunTime:0.0003s ]
SQL: SELECT c.*,ou.nickname,ou.head_img FROM bjy_comment c INNER JOIN bjy_oauth_user ou ON c.ouid=ou.id  WHERE `pid` = '2'  [ RunTime:0.0003s ]
SQL: SELECT c.*,ou.nickname,ou.head_img FROM bjy_comment c INNER JOIN bjy_oauth_user ou ON c.ouid=ou.id  WHERE `pid` = '3'  [ RunTime:0.0005s ]
SQL: SELECT c.*,ou.nickname,ou.head_img FROM bjy_comment c INNER JOIN bjy_oauth_user ou ON c.ouid=ou.id  WHERE `pid` = '4'  [ RunTime:0.0004s ]
SQL: SELECT `ouid` FROM `bjy_comment` WHERE `cmtid` = 1 LIMIT 1   [ RunTime:0.0002s ]
SQL: SELECT `nickname` FROM `bjy_oauth_user` WHERE `id` = 1 LIMIT 1   [ RunTime:0.0002s ]
SQL: SELECT `ouid` FROM `bjy_comment` WHERE `cmtid` = 2 LIMIT 1   [ RunTime:0.0002s ]
SQL: SELECT `nickname` FROM `bjy_oauth_user` WHERE `id` = 2 LIMIT 1   [ RunTime:0.0002s ]
SQL: SELECT `ouid` FROM `bjy_comment` WHERE `cmtid` = 3 LIMIT 1   [ RunTime:0.0002s ]
SQL: SELECT `nickname` FROM `bjy_oauth_user` WHERE `id` = 3 LIMIT 1   [ RunTime:0.0002s ]
SQL: SELECT `ouid` FROM `bjy_comment` WHERE `cmtid` = 2 LIMIT 1   [ RunTime:0.0002s ]
SQL: SELECT `nickname` FROM `bjy_oauth_user` WHERE `id` = 2 LIMIT 1   [ RunTime:0.0003s ]
INFO: [ view_parse ] --START--
INFO: [ template_filter ] --START--
INFO: Run Behavior\ContentReplaceBehavior [ RunTime:0.000231s ]
INFO: [ template_filter ] --END-- [ RunTime:0.000364s ]
NOTIC: [8] Undefined index: category E:\tongbu\wamp\www\Runtime\Cache\Home\d4c1149384e4970b24973a696680cd70.php 第 76 行.
SQL: SELECT `aid`,`title` FROM `bjy_article` WHERE ( is_show=1 and is_delete=0 and is_top=1 ) LIMIT 10   [ RunTime:0.0005s ]
NOTIC: [2] Invalid argument supplied for foreach() E:\tongbu\wamp\www\Runtime\Cache\Home\d4c1149384e4970b24973a696680cd70.php 第 213 行.
NOTIC: [8] Use of undefined constant url - assumed 'url' E:\tongbu\wamp\www\Runtime\Cache\Home\d4c1149384e4970b24973a696680cd70.php 第 225 行.
INFO: Run Behavior\ParseTemplateBehavior [ RunTime:0.038137s ]
INFO: [ view_parse ] --END-- [ RunTime:0.038252s ]
INFO: [ view_filter ] --START--
INFO: Run Behavior\WriteHtmlCacheBehavior [ RunTime:0.000622s ]
INFO: [ view_filter ] --END-- [ RunTime:0.000733s ]
INFO: [ app_end ] --START--
INFO: Run Behavior\ShowPageTraceBehavior [ RunTime:0.000730s ]
INFO: [ app_end ] --END-- [ RunTime:0.000826s ]

[ 2015-08-05T23:50:01+08:00 ] ::1 /index.php/Home/Index/ajax_comment
INFO: [ app_init ] --START--
INFO: Run Behavior\BuildLiteBehavior [ RunTime:0.000025s ]
INFO: [ app_init ] --END-- [ RunTime:0.000486s ]
INFO: [ app_begin ] --START--
INFO: Run Behavior\ReadHtmlCacheBehavior [ RunTime:0.000543s ]
INFO: [ app_begin ] --END-- [ RunTime:0.000662s ]
SQL: SHOW COLUMNS FROM `bjy_category` [ RunTime:0.0595s ]
SQL: SELECT * FROM `bjy_category` ORDER BY sort  [ RunTime:0.0004s ]
SQL: SHOW COLUMNS FROM `bjy_tag` [ RunTime:0.0051s ]
SQL: SELECT * FROM `bjy_tag`  [ RunTime:0.0003s ]
SQL: SHOW COLUMNS FROM `bjy_link` [ RunTime:0.0057s ]
SQL: SELECT * FROM `bjy_link` WHERE `is_delete` = 0 AND `is_show` = 1 ORDER BY sort  [ RunTime:0.0004s ]
SQL: SHOW COLUMNS FROM `bjy_comment` [ RunTime:0.0461s ]
NOTIC: [8] Undefined variable: type E:\tongbu\wamp\www\Application\Home\Controller\IndexController.class.php 第 122 行.
SQL: INSERT INTO `bjy_comment` (`ouid`,`aid`,`pid`,`content`,`date`,`status`) VALUES ('2','19','0','32','1438789801','1') [ RunTime:0.0743s ]
INFO: [ app_end ] --START--
INFO: Run Behavior\ShowPageTraceBehavior [ RunTime:0.002379s ]
INFO: [ app_end ] --END-- [ RunTime:0.002703s ]

[ 2015-08-05T23:50:09+08:00 ] ::1 /index.php/Home/Index/ajax_comment
INFO: [ app_init ] --START--
INFO: Run Behavior\BuildLiteBehavior [ RunTime:0.000030s ]
INFO: [ app_init ] --END-- [ RunTime:0.000608s ]
INFO: [ app_begin ] --START--
INFO: Run Behavior\ReadHtmlCacheBehavior [ RunTime:0.000596s ]
INFO: [ app_begin ] --END-- [ RunTime:0.000706s ]
SQL: SHOW COLUMNS FROM `bjy_category` [ RunTime:0.0632s ]
SQL: SELECT * FROM `bjy_category` ORDER BY sort  [ RunTime:0.0004s ]
SQL: SHOW COLUMNS FROM `bjy_tag` [ RunTime:0.0048s ]
SQL: SELECT * FROM `bjy_tag`  [ RunTime:0.0003s ]
SQL: SHOW COLUMNS FROM `bjy_link` [ RunTime:0.0048s ]
SQL: SELECT * FROM `bjy_link` WHERE `is_delete` = 0 AND `is_show` = 1 ORDER BY sort  [ RunTime:0.0005s ]
SQL: SHOW COLUMNS FROM `bjy_comment` [ RunTime:0.0051s ]
NOTIC: [8] Undefined variable: type E:\tongbu\wamp\www\Application\Home\Controller\IndexController.class.php 第 122 行.
SQL: INSERT INTO `bjy_comment` (`ouid`,`aid`,`pid`,`content`,`date`,`status`) VALUES ('2','19','35','33','1438789809','1') [ RunTime:0.0809s ]
INFO: [ app_end ] --START--
INFO: Run Behavior\ShowPageTraceBehavior [ RunTime:0.001254s ]
INFO: [ app_end ] --END-- [ RunTime:0.001456s ]

[ 2015-08-05T23:50:14+08:00 ] ::1 /index.php/Home/Index/ajax_comment
INFO: [ app_init ] --START--
INFO: Run Behavior\BuildLiteBehavior [ RunTime:0.000038s ]
INFO: [ app_init ] --END-- [ RunTime:0.000527s ]
INFO: [ app_begin ] --START--
INFO: Run Behavior\ReadHtmlCacheBehavior [ RunTime:0.000611s ]
INFO: [ app_begin ] --END-- [ RunTime:0.000757s ]
SQL: SHOW COLUMNS FROM `bjy_category` [ RunTime:0.0064s ]
SQL: SELECT * FROM `bjy_category` ORDER BY sort  [ RunTime:0.0005s ]
SQL: SHOW COLUMNS FROM `bjy_tag` [ RunTime:0.0053s ]
SQL: SELECT * FROM `bjy_tag`  [ RunTime:0.0003s ]
SQL: SHOW COLUMNS FROM `bjy_link` [ RunTime:0.0067s ]
SQL: SELECT * FROM `bjy_link` WHERE `is_delete` = 0 AND `is_show` = 1 ORDER BY sort  [ RunTime:0.0005s ]
SQL: SHOW COLUMNS FROM `bjy_comment` [ RunTime:0.0046s ]
NOTIC: [8] Undefined variable: type E:\tongbu\wamp\www\Application\Home\Controller\IndexController.class.php 第 122 行.
SQL: INSERT INTO `bjy_comment` (`ouid`,`aid`,`pid`,`content`,`date`,`status`) VALUES ('2','19','36','34','1438789814','1') [ RunTime:0.0693s ]
INFO: [ app_end ] --START--
INFO: Run Behavior\ShowPageTraceBehavior [ RunTime:0.000916s ]
INFO: [ app_end ] --END-- [ RunTime:0.001023s ]

[ 2015-08-05T23:50:39+08:00 ] ::1 /index.php/Home/Index/ajax_comment
INFO: [ app_init ] --START--
INFO: Run Behavior\BuildLiteBehavior [ RunTime:0.000028s ]
INFO: [ app_init ] --END-- [ RunTime:0.000718s ]
INFO: [ app_begin ] --START--
INFO: Run Behavior\ReadHtmlCacheBehavior [ RunTime:0.000576s ]
INFO: [ app_begin ] --END-- [ RunTime:0.000681s ]
SQL: SHOW COLUMNS FROM `bjy_category` [ RunTime:0.0577s ]
SQL: SELECT * FROM `bjy_category` ORDER BY sort  [ RunTime:0.0005s ]
SQL: SHOW COLUMNS FROM `bjy_tag` [ RunTime:0.0049s ]
SQL: SELECT * FROM `bjy_tag`  [ RunTime:0.0003s ]
SQL: SHOW COLUMNS FROM `bjy_link` [ RunTime:0.0058s ]
SQL: SELECT * FROM `bjy_link` WHERE `is_delete` = 0 AND `is_show` = 1 ORDER BY sort  [ RunTime:0.0006s ]
SQL: SHOW COLUMNS FROM `bjy_comment` [ RunTime:0.0056s ]
NOTIC: [8] Undefined variable: type E:\tongbu\wamp\www\Application\Home\Controller\IndexController.class.php 第 122 行.
SQL: INSERT INTO `bjy_comment` (`ouid`,`aid`,`pid`,`content`,`date`,`status`) VALUES ('2','19','36','35','1438789839','1') [ RunTime:0.0901s ]
INFO: [ app_end ] --START--
INFO: Run Behavior\ShowPageTraceBehavior [ RunTime:0.000973s ]
INFO: [ app_end ] --END-- [ RunTime:0.001125s ]

[ 2015-08-05T23:50:47+08:00 ] ::1 /index.php/Home/Index/article/cid/0/tid/0/search_word/0/aid/19
INFO: [ app_init ] --START--
INFO: Run Behavior\BuildLiteBehavior [ RunTime:0.000026s ]
INFO: [ app_init ] --END-- [ RunTime:0.000520s ]
INFO: [ app_begin ] --START--
INFO: Run Behavior\ReadHtmlCacheBehavior [ RunTime:0.000845s ]
INFO: [ app_begin ] --END-- [ RunTime:0.001052s ]
SQL: SHOW COLUMNS FROM `bjy_category` [ RunTime:0.0053s ]
SQL: SELECT * FROM `bjy_category` ORDER BY sort  [ RunTime:0.0003s ]
SQL: SHOW COLUMNS FROM `bjy_tag` [ RunTime:0.0044s ]
SQL: SELECT * FROM `bjy_tag`  [ RunTime:0.0004s ]
SQL: SHOW COLUMNS FROM `bjy_link` [ RunTime:0.0055s ]
SQL: SELECT * FROM `bjy_link` WHERE `is_delete` = 0 AND `is_show` = 1 ORDER BY sort  [ RunTime:0.0004s ]
SQL: SHOW COLUMNS FROM `bjy_article` [ RunTime:0.0051s ]
SQL: UPDATE `bjy_article` SET `click`=click+1 WHERE `aid` = 19 [ RunTime:0.1138s ]
SQL: SHOW COLUMNS FROM `bjy_article` [ RunTime:0.0054s ]
SQL: SELECT `aid`,`title` FROM `bjy_article` WHERE (  `is_show` = 1 ) AND (  `is_delete` = 0 ) AND `aid` > 19 LIMIT 1   [ RunTime:0.0004s ]
SQL: SELECT `aid`,`title` FROM `bjy_article` WHERE (  `is_show` = 1 ) AND (  `is_delete` = 0 ) AND `aid` < 19 ORDER BY aid desc LIMIT 1   [ RunTime:0.0003s ]
SQL: SELECT * FROM `bjy_article` WHERE `aid` = 19 LIMIT 1   [ RunTime:0.0003s ]
SQL: SHOW COLUMNS FROM `bjy_article_tag` [ RunTime:0.0055s ]
SQL: SELECT `tid` FROM `bjy_article_tag` WHERE ( aid=19 )  [ RunTime:0.0003s ]
SQL: SHOW COLUMNS FROM `bjy_article_tag` [ RunTime:0.0043s ]
SQL: SELECT * FROM `bjy_article_tag` INNER JOIN bjy_tag ON bjy_article_tag.tid=bjy_tag.tid  WHERE ( aid=19 )  [ RunTime:0.0003s ]
SQL: SELECT `cid`,`cid`,`cname`,`keywords` FROM `bjy_category` WHERE ( cid=28 )  [ RunTime:0.0002s ]
SQL: SHOW COLUMNS FROM `bjy_comment` [ RunTime:0.0049s ]
SQL: SELECT c.*,ou.nickname,ou.head_img FROM bjy_comment c INNER JOIN bjy_oauth_user ou ON c.ouid=ou.id  WHERE `aid` = 19 AND `pid` = 0 ORDER BY date desc  [ RunTime:0.0010s ]
SQL: SELECT c.*,ou.nickname,ou.head_img FROM bjy_comment c INNER JOIN bjy_oauth_user ou ON c.ouid=ou.id  WHERE `pid` = '35'  [ RunTime:0.0005s ]
SQL: SELECT c.*,ou.nickname,ou.head_img FROM bjy_comment c INNER JOIN bjy_oauth_user ou ON c.ouid=ou.id  WHERE `pid` = '36'  [ RunTime:0.0004s ]
SQL: SELECT c.*,ou.nickname,ou.head_img FROM bjy_comment c INNER JOIN bjy_oauth_user ou ON c.ouid=ou.id  WHERE `pid` = '37'  [ RunTime:0.0004s ]
SQL: SELECT `ouid` FROM `bjy_comment` WHERE `cmtid` = 35 LIMIT 1   [ RunTime:0.0003s ]
SQL: SHOW COLUMNS FROM `bjy_oauth_user` [ RunTime:0.0055s ]
SQL: SELECT `nickname` FROM `bjy_oauth_user` WHERE `id` = 2 LIMIT 1   [ RunTime:0.0003s ]
SQL: SELECT `ouid` FROM `bjy_comment` WHERE `cmtid` = 36 LIMIT 1   [ RunTime:0.0003s ]
SQL: SELECT `nickname` FROM `bjy_oauth_user` WHERE `id` = 2 LIMIT 1   [ RunTime:0.0003s ]
SQL: SELECT `ouid` FROM `bjy_comment` WHERE `cmtid` = 36 LIMIT 1   [ RunTime:0.0002s ]
SQL: SELECT `nickname` FROM `bjy_oauth_user` WHERE `id` = 2 LIMIT 1   [ RunTime:0.0004s ]
SQL: SELECT c.*,ou.nickname,ou.head_img FROM bjy_comment c INNER JOIN bjy_oauth_user ou ON c.ouid=ou.id  WHERE `pid` = '32'  [ RunTime:0.0008s ]
SQL: SELECT c.*,ou.nickname,ou.head_img FROM bjy_comment c INNER JOIN bjy_oauth_user ou ON c.ouid=ou.id  WHERE `pid` = '33'  [ RunTime:0.0005s ]
SQL: SELECT c.*,ou.nickname,ou.head_img FROM bjy_comment c INNER JOIN bjy_oauth_user ou ON c.ouid=ou.id  WHERE `pid` = '34'  [ RunTime:0.0004s ]
SQL: SELECT `ouid` FROM `bjy_comment` WHERE `cmtid` = 32 LIMIT 1   [ RunTime:0.0004s ]
SQL: SELECT `nickname` FROM `bjy_oauth_user` WHERE `id` = 2 LIMIT 1   [ RunTime:0.0003s ]
SQL: SELECT `ouid` FROM `bjy_comment` WHERE `cmtid` = 33 LIMIT 1   [ RunTime:0.0004s ]
SQL: SELECT `nickname` FROM `bjy_oauth_user` WHERE `id` = 2 LIMIT 1   [ RunTime:0.0004s ]
SQL: SELECT c.*,ou.nickname,ou.head_img FROM bjy_comment c INNER JOIN bjy_oauth_user ou ON c.ouid=ou.id  WHERE `pid` = '30'  [ RunTime:0.0005s ]
SQL: SELECT c.*,ou.nickname,ou.head_img FROM bjy_comment c INNER JOIN bjy_oauth_user ou ON c.ouid=ou.id  WHERE `pid` = '31'  [ RunTime:0.0004s ]
SQL: SELECT `ouid` FROM `bjy_comment` WHERE `cmtid` = 30 LIMIT 1   [ RunTime:0.0002s ]
SQL: SELECT `nickname` FROM `bjy_oauth_user` WHERE `id` = 2 LIMIT 1   [ RunTime:0.0002s ]
SQL: SELECT c.*,ou.nickname,ou.head_img FROM bjy_comment c INNER JOIN bjy_oauth_user ou ON c.ouid=ou.id  WHERE `pid` = '29'  [ RunTime:0.0003s ]
SQL: SELECT c.*,ou.nickname,ou.head_img FROM bjy_comment c INNER JOIN bjy_oauth_user ou ON c.ouid=ou.id  WHERE `pid` = '26'  [ RunTime:0.0004s ]
SQL: SELECT c.*,ou.nickname,ou.head_img FROM bjy_comment c INNER JOIN bjy_oauth_user ou ON c.ouid=ou.id  WHERE `pid` = '27'  [ RunTime:0.0005s ]
SQL: SELECT c.*,ou.nickname,ou.head_img FROM bjy_comment c INNER JOIN bjy_oauth_user ou ON c.ouid=ou.id  WHERE `pid` = '28'  [ RunTime:0.0005s ]
SQL: SELECT `ouid` FROM `bjy_comment` WHERE `cmtid` = 26 LIMIT 1   [ RunTime:0.0003s ]
SQL: SELECT `nickname` FROM `bjy_oauth_user` WHERE `id` = 2 LIMIT 1   [ RunTime:0.0002s ]
SQL: SELECT `ouid` FROM `bjy_comment` WHERE `cmtid` = 27 LIMIT 1   [ RunTime:0.0002s ]
SQL: SELECT `nickname` FROM `bjy_oauth_user` WHERE `id` = 2 LIMIT 1   [ RunTime:0.0003s ]
SQL: SELECT c.*,ou.nickname,ou.head_img FROM bjy_comment c INNER JOIN bjy_oauth_user ou ON c.ouid=ou.id  WHERE `pid` = '23'  [ RunTime:0.0007s ]
SQL: SELECT c.*,ou.nickname,ou.head_img FROM bjy_comment c INNER JOIN bjy_oauth_user ou ON c.ouid=ou.id  WHERE `pid` = '24'  [ RunTime:0.0005s ]
SQL: SELECT c.*,ou.nickname,ou.head_img FROM bjy_comment c INNER JOIN bjy_oauth_user ou ON c.ouid=ou.id  WHERE `pid` = '25'  [ RunTime:0.0005s ]
SQL: SELECT `ouid` FROM `bjy_comment` WHERE `cmtid` = 23 LIMIT 1   [ RunTime:0.0003s ]
SQL: SELECT `nickname` FROM `bjy_oauth_user` WHERE `id` = 2 LIMIT 1   [ RunTime:0.0003s ]
SQL: SELECT `ouid` FROM `bjy_comment` WHERE `cmtid` = 24 LIMIT 1   [ RunTime:0.0003s ]
SQL: SELECT `nickname` FROM `bjy_oauth_user` WHERE `id` = 2 LIMIT 1   [ RunTime:0.0002s ]
SQL: SELECT c.*,ou.nickname,ou.head_img FROM bjy_comment c INNER JOIN bjy_oauth_user ou ON c.ouid=ou.id  WHERE `pid` = '19'  [ RunTime:0.0003s ]
SQL: SELECT c.*,ou.nickname,ou.head_img FROM bjy_comment c INNER JOIN bjy_oauth_user ou ON c.ouid=ou.id  WHERE `pid` = '20'  [ RunTime:0.0003s ]
SQL: SELECT c.*,ou.nickname,ou.head_img FROM bjy_comment c INNER JOIN bjy_oauth_user ou ON c.ouid=ou.id  WHERE `pid` = '21'  [ RunTime:0.0003s ]
SQL: SELECT c.*,ou.nickname,ou.head_img FROM bjy_comment c INNER JOIN bjy_oauth_user ou ON c.ouid=ou.id  WHERE `pid` = '22'  [ RunTime:0.0003s ]
SQL: SELECT `ouid` FROM `bjy_comment` WHERE `cmtid` = 19 LIMIT 1   [ RunTime:0.0002s ]
SQL: SELECT `nickname` FROM `bjy_oauth_user` WHERE `id` = 2 LIMIT 1   [ RunTime:0.0002s ]
SQL: SELECT `ouid` FROM `bjy_comment` WHERE `cmtid` = 20 LIMIT 1   [ RunTime:0.0002s ]
SQL: SELECT `nickname` FROM `bjy_oauth_user` WHERE `id` = 2 LIMIT 1   [ RunTime:0.0002s ]
SQL: SELECT `ouid` FROM `bjy_comment` WHERE `cmtid` = 21 LIMIT 1   [ RunTime:0.0002s ]
SQL: SELECT `nickname` FROM `bjy_oauth_user` WHERE `id` = 2 LIMIT 1   [ RunTime:0.0003s ]
SQL: SELECT c.*,ou.nickname,ou.head_img FROM bjy_comment c INNER JOIN bjy_oauth_user ou ON c.ouid=ou.id  WHERE `pid` = '18'  [ RunTime:0.0004s ]
SQL: SELECT c.*,ou.nickname,ou.head_img FROM bjy_comment c INNER JOIN bjy_oauth_user ou ON c.ouid=ou.id  WHERE `pid` = '16'  [ RunTime:0.0003s ]
SQL: SELECT c.*,ou.nickname,ou.head_img FROM bjy_comment c INNER JOIN bjy_oauth_user ou ON c.ouid=ou.id  WHERE `pid` = '17'  [ RunTime:0.0003s ]
SQL: SELECT `ouid` FROM `bjy_comment` WHERE `cmtid` = 16 LIMIT 1   [ RunTime:0.0002s ]
SQL: SELECT `nickname` FROM `bjy_oauth_user` WHERE `id` = 2 LIMIT 1   [ RunTime:0.0002s ]
SQL: SELECT c.*,ou.nickname,ou.head_img FROM bjy_comment c INNER JOIN bjy_oauth_user ou ON c.ouid=ou.id  WHERE `pid` = '15'  [ RunTime:0.0005s ]
SQL: SELECT c.*,ou.nickname,ou.head_img FROM bjy_comment c INNER JOIN bjy_oauth_user ou ON c.ouid=ou.id  WHERE `pid` = '14'  [ RunTime:0.0005s ]
SQL: SELECT c.*,ou.nickname,ou.head_img FROM bjy_comment c INNER JOIN bjy_oauth_user ou ON c.ouid=ou.id  WHERE `pid` = '13'  [ RunTime:0.0004s ]
SQL: SELECT c.*,ou.nickname,ou.head_img FROM bjy_comment c INNER JOIN bjy_oauth_user ou ON c.ouid=ou.id  WHERE `pid` = '10'  [ RunTime:0.0004s ]
SQL: SELECT c.*,ou.nickname,ou.head_img FROM bjy_comment c INNER JOIN bjy_oauth_user ou ON c.ouid=ou.id  WHERE `pid` = '11'  [ RunTime:0.0004s ]
SQL: SELECT c.*,ou.nickname,ou.head_img FROM bjy_comment c INNER JOIN bjy_oauth_user ou ON c.ouid=ou.id  WHERE `pid` = '12'  [ RunTime:0.0004s ]
SQL: SELECT `ouid` FROM `bjy_comment` WHERE `cmtid` = 10 LIMIT 1   [ RunTime:0.0003s ]
SQL: SELECT `nickname` FROM `bjy_oauth_user` WHERE `id` = 1 LIMIT 1   [ RunTime:0.0002s ]
SQL: SELECT `ouid` FROM `bjy_comment` WHERE `cmtid` = 11 LIMIT 1   [ RunTime:0.0002s ]
SQL: SELECT `nickname` FROM `bjy_oauth_user` WHERE `id` = 2 LIMIT 1   [ RunTime:0.0002s ]
SQL: SELECT c.*,ou.nickname,ou.head_img FROM bjy_comment c INNER JOIN bjy_oauth_user ou ON c.ouid=ou.id  WHERE `pid` = '8'  [ RunTime:0.0004s ]
SQL: SELECT c.*,ou.nickname,ou.head_img FROM bjy_comment c INNER JOIN bjy_oauth_user ou ON c.ouid=ou.id  WHERE `pid` = '6'  [ RunTime:0.0004s ]
SQL: SELECT c.*,ou.nickname,ou.head_img FROM bjy_comment c INNER JOIN bjy_oauth_user ou ON c.ouid=ou.id  WHERE `pid` = '7'  [ RunTime:0.0004s ]
SQL: SELECT `ouid` FROM `bjy_comment` WHERE `cmtid` = 6 LIMIT 1   [ RunTime:0.0005s ]
SQL: SELECT `nickname` FROM `bjy_oauth_user` WHERE `id` = 6 LIMIT 1   [ RunTime:0.0004s ]
SQL: SELECT `ouid` FROM `bjy_comment` WHERE `cmtid` = 6 LIMIT 1   [ RunTime:0.0004s ]
SQL: SELECT `nickname` FROM `bjy_oauth_user` WHERE `id` = 6 LIMIT 1   [ RunTime:0.0003s ]
SQL: SELECT c.*,ou.nickname,ou.head_img FROM bjy_comment c INNER JOIN bjy_oauth_user ou ON c.ouid=ou.id  WHERE `pid` = '1'  [ RunTime:0.0004s ]
SQL: SELECT c.*,ou.nickname,ou.head_img FROM bjy_comment c INNER JOIN bjy_oauth_user ou ON c.ouid=ou.id  WHERE `pid` = '2'  [ RunTime:0.0005s ]
SQL: SELECT c.*,ou.nickname,ou.head_img FROM bjy_comment c INNER JOIN bjy_oauth_user ou ON c.ouid=ou.id  WHERE `pid` = '3'  [ RunTime:0.0008s ]
SQL: SELECT c.*,ou.nickname,ou.head_img FROM bjy_comment c INNER JOIN bjy_oauth_user ou ON c.ouid=ou.id  WHERE `pid` = '4'  [ RunTime:0.0005s ]
SQL: SELECT `ouid` FROM `bjy_comment` WHERE `cmtid` = 1 LIMIT 1   [ RunTime:0.0002s ]
SQL: SELECT `nickname` FROM `bjy_oauth_user` WHERE `id` = 1 LIMIT 1   [ RunTime:0.0002s ]
SQL: SELECT `ouid` FROM `bjy_comment` WHERE `cmtid` = 2 LIMIT 1   [ RunTime:0.0002s ]
SQL: SELECT `nickname` FROM `bjy_oauth_user` WHERE `id` = 2 LIMIT 1   [ RunTime:0.0002s ]
SQL: SELECT `ouid` FROM `bjy_comment` WHERE `cmtid` = 3 LIMIT 1   [ RunTime:0.0002s ]
SQL: SELECT `nickname` FROM `bjy_oauth_user` WHERE `id` = 3 LIMIT 1   [ RunTime:0.0002s ]
SQL: SELECT `ouid` FROM `bjy_comment` WHERE `cmtid` = 2 LIMIT 1   [ RunTime:0.0002s ]
SQL: SELECT `nickname` FROM `bjy_oauth_user` WHERE `id` = 2 LIMIT 1   [ RunTime:0.0002s ]
INFO: [ view_parse ] --START--
INFO: [ template_filter ] --START--
INFO: Run Behavior\ContentReplaceBehavior [ RunTime:0.000193s ]
INFO: [ template_filter ] --END-- [ RunTime:0.000325s ]
NOTIC: [8] Undefined index: category E:\tongbu\wamp\www\Runtime\Cache\Home\d4c1149384e4970b24973a696680cd70.php 第 76 行.
SQL: SELECT `aid`,`title` FROM `bjy_article` WHERE ( is_show=1 and is_delete=0 and is_top=1 ) LIMIT 10   [ RunTime:0.0004s ]
NOTIC: [2] Invalid argument supplied for foreach() E:\tongbu\wamp\www\Runtime\Cache\Home\d4c1149384e4970b24973a696680cd70.php 第 213 行.
NOTIC: [8] Use of undefined constant url - assumed 'url' E:\tongbu\wamp\www\Runtime\Cache\Home\d4c1149384e4970b24973a696680cd70.php 第 225 行.
INFO: Run Behavior\ParseTemplateBehavior [ RunTime:0.031395s ]
INFO: [ view_parse ] --END-- [ RunTime:0.031502s ]
INFO: [ view_filter ] --START--
INFO: Run Behavior\WriteHtmlCacheBehavior [ RunTime:0.000531s ]
INFO: [ view_filter ] --END-- [ RunTime:0.000631s ]
INFO: [ app_end ] --START--
INFO: Run Behavior\ShowPageTraceBehavior [ RunTime:0.000627s ]
INFO: [ app_end ] --END-- [ RunTime:0.000725s ]

[ 2015-08-05T23:52:14+08:00 ] ::1 /index.php/Home/Index/article/cid/0/tid/0/search_word/0/aid/19
INFO: [ app_init ] --START--
INFO: Run Behavior\BuildLiteBehavior [ RunTime:0.000025s ]
INFO: [ app_init ] --END-- [ RunTime:0.000474s ]
INFO: [ app_begin ] --START--
INFO: Run Behavior\ReadHtmlCacheBehavior [ RunTime:0.000746s ]
INFO: [ app_begin ] --END-- [ RunTime:0.000902s ]
SQL: SHOW COLUMNS FROM `bjy_category` [ RunTime:0.0827s ]
SQL: SELECT * FROM `bjy_category` ORDER BY sort  [ RunTime:0.0004s ]
SQL: SHOW COLUMNS FROM `bjy_tag` [ RunTime:0.0044s ]
SQL: SELECT * FROM `bjy_tag`  [ RunTime:0.0002s ]
SQL: SHOW COLUMNS FROM `bjy_link` [ RunTime:0.0046s ]
SQL: SELECT * FROM `bjy_link` WHERE `is_delete` = 0 AND `is_show` = 1 ORDER BY sort  [ RunTime:0.0005s ]
SQL: SHOW COLUMNS FROM `bjy_article` [ RunTime:0.0052s ]
SQL: UPDATE `bjy_article` SET `click`=click+1 WHERE `aid` = 19 [ RunTime:0.0819s ]
SQL: SHOW COLUMNS FROM `bjy_article` [ RunTime:0.0048s ]
SQL: SELECT `aid`,`title` FROM `bjy_article` WHERE (  `is_show` = 1 ) AND (  `is_delete` = 0 ) AND `aid` > 19 LIMIT 1   [ RunTime:0.0004s ]
SQL: SELECT `aid`,`title` FROM `bjy_article` WHERE (  `is_show` = 1 ) AND (  `is_delete` = 0 ) AND `aid` < 19 ORDER BY aid desc LIMIT 1   [ RunTime:0.0003s ]
SQL: SELECT * FROM `bjy_article` WHERE `aid` = 19 LIMIT 1   [ RunTime:0.0003s ]
SQL: SHOW COLUMNS FROM `bjy_article_tag` [ RunTime:0.0049s ]
SQL: SELECT `tid` FROM `bjy_article_tag` WHERE ( aid=19 )  [ RunTime:0.0004s ]
SQL: SHOW COLUMNS FROM `bjy_article_tag` [ RunTime:0.0049s ]
SQL: SELECT * FROM `bjy_article_tag` INNER JOIN bjy_tag ON bjy_article_tag.tid=bjy_tag.tid  WHERE ( aid=19 )  [ RunTime:0.0004s ]
SQL: SELECT `cid`,`cid`,`cname`,`keywords` FROM `bjy_category` WHERE ( cid=28 )  [ RunTime:0.0003s ]
SQL: SHOW COLUMNS FROM `bjy_comment` [ RunTime:0.0046s ]
SQL: SELECT c.*,ou.nickname,ou.head_img FROM bjy_comment c INNER JOIN bjy_oauth_user ou ON c.ouid=ou.id  WHERE `aid` = 19 AND `pid` = 0 ORDER BY date desc  [ RunTime:0.0006s ]
SQL: SELECT c.*,ou.nickname,ou.head_img FROM bjy_comment c INNER JOIN bjy_oauth_user ou ON c.ouid=ou.id  WHERE `pid` = '35'  [ RunTime:0.0004s ]
SQL: SELECT c.*,ou.nickname,ou.head_img FROM bjy_comment c INNER JOIN bjy_oauth_user ou ON c.ouid=ou.id  WHERE `pid` = '36'  [ RunTime:0.0011s ]
SQL: SELECT c.*,ou.nickname,ou.head_img FROM bjy_comment c INNER JOIN bjy_oauth_user ou ON c.ouid=ou.id  WHERE `pid` = '37'  [ RunTime:0.0006s ]
SQL: SELECT `ouid` FROM `bjy_comment` WHERE `cmtid` = 35 LIMIT 1   [ RunTime:0.0004s ]
SQL: SHOW COLUMNS FROM `bjy_oauth_user` [ RunTime:0.0044s ]
SQL: SELECT `nickname` FROM `bjy_oauth_user` WHERE `id` = 2 LIMIT 1   [ RunTime:0.0003s ]
SQL: SELECT `ouid` FROM `bjy_comment` WHERE `cmtid` = 36 LIMIT 1   [ RunTime:0.0002s ]
SQL: SELECT `nickname` FROM `bjy_oauth_user` WHERE `id` = 2 LIMIT 1   [ RunTime:0.0002s ]
SQL: SELECT `ouid` FROM `bjy_comment` WHERE `cmtid` = 36 LIMIT 1   [ RunTime:0.0003s ]
SQL: SELECT `nickname` FROM `bjy_oauth_user` WHERE `id` = 2 LIMIT 1   [ RunTime:0.0002s ]
SQL: SELECT c.*,ou.nickname,ou.head_img FROM bjy_comment c INNER JOIN bjy_oauth_user ou ON c.ouid=ou.id  WHERE `pid` = '32'  [ RunTime:0.0003s ]
SQL: SELECT c.*,ou.nickname,ou.head_img FROM bjy_comment c INNER JOIN bjy_oauth_user ou ON c.ouid=ou.id  WHERE `pid` = '33'  [ RunTime:0.0003s ]
SQL: SELECT c.*,ou.nickname,ou.head_img FROM bjy_comment c INNER JOIN bjy_oauth_user ou ON c.ouid=ou.id  WHERE `pid` = '34'  [ RunTime:0.0003s ]
SQL: SELECT `ouid` FROM `bjy_comment` WHERE `cmtid` = 32 LIMIT 1   [ RunTime:0.0002s ]
SQL: SELECT `nickname` FROM `bjy_oauth_user` WHERE `id` = 2 LIMIT 1   [ RunTime:0.0003s ]
SQL: SELECT `ouid` FROM `bjy_comment` WHERE `cmtid` = 33 LIMIT 1   [ RunTime:0.0003s ]
SQL: SELECT `nickname` FROM `bjy_oauth_user` WHERE `id` = 2 LIMIT 1   [ RunTime:0.0004s ]
SQL: SELECT c.*,ou.nickname,ou.head_img FROM bjy_comment c INNER JOIN bjy_oauth_user ou ON c.ouid=ou.id  WHERE `pid` = '30'  [ RunTime:0.0009s ]
SQL: SELECT c.*,ou.nickname,ou.head_img FROM bjy_comment c INNER JOIN bjy_oauth_user ou ON c.ouid=ou.id  WHERE `pid` = '31'  [ RunTime:0.0004s ]
SQL: SELECT `ouid` FROM `bjy_comment` WHERE `cmtid` = 30 LIMIT 1   [ RunTime:0.0002s ]
SQL: SELECT `nickname` FROM `bjy_oauth_user` WHERE `id` = 2 LIMIT 1   [ RunTime:0.0002s ]
SQL: SELECT c.*,ou.nickname,ou.head_img FROM bjy_comment c INNER JOIN bjy_oauth_user ou ON c.ouid=ou.id  WHERE `pid` = '29'  [ RunTime:0.0003s ]
SQL: SELECT c.*,ou.nickname,ou.head_img FROM bjy_comment c INNER JOIN bjy_oauth_user ou ON c.ouid=ou.id  WHERE `pid` = '26'  [ RunTime:0.0003s ]
SQL: SELECT c.*,ou.nickname,ou.head_img FROM bjy_comment c INNER JOIN bjy_oauth_user ou ON c.ouid=ou.id  WHERE `pid` = '27'  [ RunTime:0.0003s ]
SQL: SELECT c.*,ou.nickname,ou.head_img FROM bjy_comment c INNER JOIN bjy_oauth_user ou ON c.ouid=ou.id  WHERE `pid` = '28'  [ RunTime:0.0003s ]
SQL: SELECT `ouid` FROM `bjy_comment` WHERE `cmtid` = 26 LIMIT 1   [ RunTime:0.0002s ]
SQL: SELECT `nickname` FROM `bjy_oauth_user` WHERE `id` = 2 LIMIT 1   [ RunTime:0.0002s ]
SQL: SELECT `ouid` FROM `bjy_comment` WHERE `cmtid` = 27 LIMIT 1   [ RunTime:0.0002s ]
SQL: SELECT `nickname` FROM `bjy_oauth_user` WHERE `id` = 2 LIMIT 1   [ RunTime:0.0002s ]
SQL: SELECT c.*,ou.nickname,ou.head_img FROM bjy_comment c INNER JOIN bjy_oauth_user ou ON c.ouid=ou.id  WHERE `pid` = '23'  [ RunTime:0.0003s ]
SQL: SELECT c.*,ou.nickname,ou.head_img FROM bjy_comment c INNER JOIN bjy_oauth_user ou ON c.ouid=ou.id  WHERE `pid` = '24'  [ RunTime:0.0003s ]
SQL: SELECT c.*,ou.nickname,ou.head_img FROM bjy_comment c INNER JOIN bjy_oauth_user ou ON c.ouid=ou.id  WHERE `pid` = '25'  [ RunTime:0.0003s ]
SQL: SELECT `ouid` FROM `bjy_comment` WHERE `cmtid` = 23 LIMIT 1   [ RunTime:0.0003s ]
SQL: SELECT `nickname` FROM `bjy_oauth_user` WHERE `id` = 2 LIMIT 1   [ RunTime:0.0002s ]
SQL: SELECT `ouid` FROM `bjy_comment` WHERE `cmtid` = 24 LIMIT 1   [ RunTime:0.0002s ]
SQL: SELECT `nickname` FROM `bjy_oauth_user` WHERE `id` = 2 LIMIT 1   [ RunTime:0.0002s ]
SQL: SELECT c.*,ou.nickname,ou.head_img FROM bjy_comment c INNER JOIN bjy_oauth_user ou ON c.ouid=ou.id  WHERE `pid` = '19'  [ RunTime:0.0003s ]
SQL: SELECT c.*,ou.nickname,ou.head_img FROM bjy_comment c INNER JOIN bjy_oauth_user ou ON c.ouid=ou.id  WHERE `pid` = '20'  [ RunTime:0.0003s ]
SQL: SELECT c.*,ou.nickname,ou.head_img FROM bjy_comment c INNER JOIN bjy_oauth_user ou ON c.ouid=ou.id  WHERE `pid` = '21'  [ RunTime:0.0003s ]
SQL: SELECT c.*,ou.nickname,ou.head_img FROM bjy_comment c INNER JOIN bjy_oauth_user ou ON c.ouid=ou.id  WHERE `pid` = '22'  [ RunTime:0.0003s ]
SQL: SELECT `ouid` FROM `bjy_comment` WHERE `cmtid` = 19 LIMIT 1   [ RunTime:0.0003s ]
SQL: SELECT `nickname` FROM `bjy_oauth_user` WHERE `id` = 2 LIMIT 1   [ RunTime:0.0003s ]
SQL: SELECT `ouid` FROM `bjy_comment` WHERE `cmtid` = 20 LIMIT 1   [ RunTime:0.0003s ]
SQL: SELECT `nickname` FROM `bjy_oauth_user` WHERE `id` = 2 LIMIT 1   [ RunTime:0.0003s ]
SQL: SELECT `ouid` FROM `bjy_comment` WHERE `cmtid` = 21 LIMIT 1   [ RunTime:0.0003s ]
SQL: SELECT `nickname` FROM `bjy_oauth_user` WHERE `id` = 2 LIMIT 1   [ RunTime:0.0002s ]
SQL: SELECT c.*,ou.nickname,ou.head_img FROM bjy_comment c INNER JOIN bjy_oauth_user ou ON c.ouid=ou.id  WHERE `pid` = '18'  [ RunTime:0.0003s ]
SQL: SELECT c.*,ou.nickname,ou.head_img FROM bjy_comment c INNER JOIN bjy_oauth_user ou ON c.ouid=ou.id  WHERE `pid` = '16'  [ RunTime:0.0003s ]
SQL: SELECT c.*,ou.nickname,ou.head_img FROM bjy_comment c INNER JOIN bjy_oauth_user ou ON c.ouid=ou.id  WHERE `pid` = '17'  [ RunTime:0.0003s ]
SQL: SELECT `ouid` FROM `bjy_comment` WHERE `cmtid` = 16 LIMIT 1   [ RunTime:0.0002s ]
SQL: SELECT `nickname` FROM `bjy_oauth_user` WHERE `id` = 2 LIMIT 1   [ RunTime:0.0002s ]
SQL: SELECT c.*,ou.nickname,ou.head_img FROM bjy_comment c INNER JOIN bjy_oauth_user ou ON c.ouid=ou.id  WHERE `pid` = '15'  [ RunTime:0.0003s ]
SQL: SELECT c.*,ou.nickname,ou.head_img FROM bjy_comment c INNER JOIN bjy_oauth_user ou ON c.ouid=ou.id  WHERE `pid` = '14'  [ RunTime:0.0003s ]
SQL: SELECT c.*,ou.nickname,ou.head_img FROM bjy_comment c INNER JOIN bjy_oauth_user ou ON c.ouid=ou.id  WHERE `pid` = '13'  [ RunTime:0.0003s ]
SQL: SELECT c.*,ou.nickname,ou.head_img FROM bjy_comment c INNER JOIN bjy_oauth_user ou ON c.ouid=ou.id  WHERE `pid` = '10'  [ RunTime:0.0003s ]
SQL: SELECT c.*,ou.nickname,ou.head_img FROM bjy_comment c INNER JOIN bjy_oauth_user ou ON c.ouid=ou.id  WHERE `pid` = '11'  [ RunTime:0.0003s ]
SQL: SELECT c.*,ou.nickname,ou.head_img FROM bjy_comment c INNER JOIN bjy_oauth_user ou ON c.ouid=ou.id  WHERE `pid` = '12'  [ RunTime:0.0003s ]
SQL: SELECT `ouid` FROM `bjy_comment` WHERE `cmtid` = 10 LIMIT 1   [ RunTime:0.0002s ]
SQL: SELECT `nickname` FROM `bjy_oauth_user` WHERE `id` = 1 LIMIT 1   [ RunTime:0.0002s ]
SQL: SELECT `ouid` FROM `bjy_comment` WHERE `cmtid` = 11 LIMIT 1   [ RunTime:0.0003s ]
SQL: SELECT `nickname` FROM `bjy_oauth_user` WHERE `id` = 2 LIMIT 1   [ RunTime:0.0002s ]
SQL: SELECT c.*,ou.nickname,ou.head_img FROM bjy_comment c INNER JOIN bjy_oauth_user ou ON c.ouid=ou.id  WHERE `pid` = '8'  [ RunTime:0.0004s ]
SQL: SELECT c.*,ou.nickname,ou.head_img FROM bjy_comment c INNER JOIN bjy_oauth_user ou ON c.ouid=ou.id  WHERE `pid` = '6'  [ RunTime:0.0004s ]
SQL: SELECT c.*,ou.nickname,ou.head_img FROM bjy_comment c INNER JOIN bjy_oauth_user ou ON c.ouid=ou.id  WHERE `pid` = '7'  [ RunTime:0.0003s ]
SQL: SELECT `ouid` FROM `bjy_comment` WHERE `cmtid` = 6 LIMIT 1   [ RunTime:0.0002s ]
SQL: SELECT `nickname` FROM `bjy_oauth_user` WHERE `id` = 6 LIMIT 1   [ RunTime:0.0002s ]
SQL: SELECT `ouid` FROM `bjy_comment` WHERE `cmtid` = 6 LIMIT 1   [ RunTime:0.0004s ]
SQL: SELECT `nickname` FROM `bjy_oauth_user` WHERE `id` = 6 LIMIT 1   [ RunTime:0.0004s ]
SQL: SELECT c.*,ou.nickname,ou.head_img FROM bjy_comment c INNER JOIN bjy_oauth_user ou ON c.ouid=ou.id  WHERE `pid` = '1'  [ RunTime:0.0005s ]
SQL: SELECT c.*,ou.nickname,ou.head_img FROM bjy_comment c INNER JOIN bjy_oauth_user ou ON c.ouid=ou.id  WHERE `pid` = '2'  [ RunTime:0.0003s ]
SQL: SELECT c.*,ou.nickname,ou.head_img FROM bjy_comment c INNER JOIN bjy_oauth_user ou ON c.ouid=ou.id  WHERE `pid` = '3'  [ RunTime:0.0003s ]
SQL: SELECT c.*,ou.nickname,ou.head_img FROM bjy_comment c INNER JOIN bjy_oauth_user ou ON c.ouid=ou.id  WHERE `pid` = '4'  [ RunTime:0.0003s ]
SQL: SELECT `ouid` FROM `bjy_comment` WHERE `cmtid` = 1 LIMIT 1   [ RunTime:0.0002s ]
SQL: SELECT `nickname` FROM `bjy_oauth_user` WHERE `id` = 1 LIMIT 1   [ RunTime:0.0002s ]
SQL: SELECT `ouid` FROM `bjy_comment` WHERE `cmtid` = 2 LIMIT 1   [ RunTime:0.0002s ]
SQL: SELECT `nickname` FROM `bjy_oauth_user` WHERE `id` = 2 LIMIT 1   [ RunTime:0.0002s ]
SQL: SELECT `ouid` FROM `bjy_comment` WHERE `cmtid` = 3 LIMIT 1   [ RunTime:0.0002s ]
SQL: SELECT `nickname` FROM `bjy_oauth_user` WHERE `id` = 3 LIMIT 1   [ RunTime:0.0002s ]
SQL: SELECT `ouid` FROM `bjy_comment` WHERE `cmtid` = 2 LIMIT 1   [ RunTime:0.0002s ]
SQL: SELECT `nickname` FROM `bjy_oauth_user` WHERE `id` = 2 LIMIT 1   [ RunTime:0.0002s ]
INFO: [ view_parse ] --START--
INFO: [ template_filter ] --START--
INFO: Run Behavior\ContentReplaceBehavior [ RunTime:0.000204s ]
INFO: [ template_filter ] --END-- [ RunTime:0.000317s ]
NOTIC: [8] Undefined index: category E:\tongbu\wamp\www\Runtime\Cache\Home\d4c1149384e4970b24973a696680cd70.php 第 76 行.
SQL: SELECT `aid`,`title` FROM `bjy_article` WHERE ( is_show=1 and is_delete=0 and is_top=1 ) LIMIT 10   [ RunTime:0.0004s ]
NOTIC: [2] Invalid argument supplied for foreach() E:\tongbu\wamp\www\Runtime\Cache\Home\d4c1149384e4970b24973a696680cd70.php 第 213 行.
NOTIC: [8] Use of undefined constant url - assumed 'url' E:\tongbu\wamp\www\Runtime\Cache\Home\d4c1149384e4970b24973a696680cd70.php 第 225 行.
INFO: Run Behavior\ParseTemplateBehavior [ RunTime:0.032230s ]
INFO: [ view_parse ] --END-- [ RunTime:0.032337s ]
INFO: [ view_filter ] --START--
INFO: Run Behavior\WriteHtmlCacheBehavior [ RunTime:0.000588s ]
INFO: [ view_filter ] --END-- [ RunTime:0.000692s ]
INFO: [ app_end ] --START--
INFO: Run Behavior\ShowPageTraceBehavior [ RunTime:0.000722s ]
INFO: [ app_end ] --END-- [ RunTime:0.000826s ]

