[ 2015-04-20T23:44:15+08:00 ] ::1 /
INFO: [ app_init ] --START--
INFO: Run Behavior\BuildLiteBehavior [ RunTime:0.000032s ]
INFO: [ app_init ] --END-- [ RunTime:0.025882s ]
INFO: [ app_begin ] --START--
INFO: Run Behavior\ReadHtmlCacheBehavior [ RunTime:0.057198s ]
INFO: [ app_begin ] --END-- [ RunTime:0.057358s ]
SQL: SHOW COLUMNS FROM `bjy_category` [ RunTime:0.2900s ]
SQL: SELECT * FROM `bjy_category` ORDER BY sort  [ RunTime:0.0004s ]
SQL: SHOW COLUMNS FROM `bjy_tag` [ RunTime:0.0388s ]
SQL: SELECT * FROM `bjy_tag`  [ RunTime:0.0003s ]
SQL: SHOW COLUMNS FROM `bjy_article` [ RunTime:0.0421s ]
NOTIC: [8] Undefined variable: page E:\tongbu\wamp\www\Application\Common\Model\ArticleModel.class.php 第 116 行.
NOTIC: [8] Trying to get property of non-object E:\tongbu\wamp\www\Application\Common\Model\ArticleModel.class.php 第 116 行.
NOTIC: [8] Undefined variable: page E:\tongbu\wamp\www\Application\Common\Model\ArticleModel.class.php 第 116 行.
NOTIC: [8] Trying to get property of non-object E:\tongbu\wamp\www\Application\Common\Model\ArticleModel.class.php 第 116 行.
SQL: SELECT * FROM `bjy_article` WHERE `is_delete` = 0 ORDER BY addtime  [ RunTime:0.0211s ]
SQL: SHOW COLUMNS FROM `bjy_article_tag` [ RunTime:0.1371s ]
SQL: SHOW COLUMNS FROM `bjy_article_tag` [ RunTime:0.0092s ]
SQL: SELECT * FROM `bjy_article_tag` INNER JOIN bjy_tag ON bjy_article_tag.tid=bjy_tag.tid  WHERE ( aid=8 )  [ RunTime:0.0441s ]
SQL: SHOW COLUMNS FROM `bjy_article_pic` [ RunTime:0.0754s ]
SQL: SELECT `path` FROM `bjy_article_pic` WHERE ( aid=8 ) ORDER BY ap_id asc LIMIT 1   [ RunTime:0.0378s ]
SQL: SELECT `cid`,`cid`,`cname` FROM `bjy_category` WHERE ( cid=26 )  [ RunTime:0.0005s ]
INFO: [ view_parse ] --START--
INFO: [ template_filter ] --START--
INFO: Run Behavior\ContentReplaceBehavior [ RunTime:0.000123s ]
INFO: [ template_filter ] --END-- [ RunTime:0.000256s ]
NOTIC: [8] Undefined index: cid E:\tongbu\wamp\www\Runtime\Cache\Home\08d30c77e78bd0ac29232fbc421b5dcd.php 第 41 行.
INFO: Run Behavior\ParseTemplateBehavior [ RunTime:0.285324s ]
INFO: [ view_parse ] --END-- [ RunTime:0.285534s ]
INFO: [ view_filter ] --START--
INFO: Run Behavior\WriteHtmlCacheBehavior [ RunTime:0.022504s ]
INFO: [ view_filter ] --END-- [ RunTime:0.022666s ]
INFO: [ app_end ] --START--
INFO: Run Behavior\ShowPageTraceBehavior [ RunTime:0.026694s ]
INFO: [ app_end ] --END-- [ RunTime:0.026823s ]

