[ 2015-08-27T23:24:46+08:00 ] ::1 /
INFO: [ app_init ] --START--
INFO: Run Behavior\BuildLiteBehavior [ RunTime:0.000048s ]
INFO: [ app_init ] --END-- [ RunTime:0.009055s ]
INFO: [ app_begin ] --START--
INFO: Run Behavior\ReadHtmlCacheBehavior [ RunTime:0.009627s ]
INFO: [ app_begin ] --END-- [ RunTime:0.009858s ]
SQL: SHOW COLUMNS FROM `bjy_category` [ RunTime:0.0329s ]
SQL: SELECT * FROM `bjy_category` ORDER BY sort  [ RunTime:0.0006s ]
SQL: SHOW COLUMNS FROM `bjy_tag` [ RunTime:0.0232s ]
SQL: SELECT * FROM `bjy_tag`  [ RunTime:0.0004s ]
SQL: SHOW COLUMNS FROM `bjy_link` [ RunTime:0.0147s ]
SQL: SELECT * FROM `bjy_link` WHERE `is_delete` = 0 AND `is_show` = 1 ORDER BY sort  [ RunTime:0.0005s ]
SQL: SHOW COLUMNS FROM `bjy_article` [ RunTime:0.0783s ]
SQL: SELECT COUNT(*) AS tp_count FROM `bjy_article` WHERE `is_delete` = 0 AND `is_show` = 1 LIMIT 1   [ RunTime:0.0005s ]
SQL: SELECT * FROM `bjy_article` WHERE `is_delete` = 0 AND `is_show` = 1 ORDER BY addtime desc LIMIT 0,10   [ RunTime:0.0005s ]
SQL: SHOW COLUMNS FROM `bjy_article_tag` [ RunTime:0.0086s ]
SQL: SHOW COLUMNS FROM `bjy_article_tag` [ RunTime:0.0074s ]
SQL: SELECT * FROM `bjy_article_tag` INNER JOIN bjy_tag ON bjy_article_tag.tid=bjy_tag.tid  WHERE ( aid=17 )  [ RunTime:0.0003s ]
SQL: SHOW COLUMNS FROM `bjy_article_pic` [ RunTime:0.0091s ]
SQL: SELECT `path` FROM `bjy_article_pic` WHERE ( aid=17 ) ORDER BY ap_id asc LIMIT 1   [ RunTime:0.0003s ]
SQL: SELECT `cid`,`cid`,`cname` FROM `bjy_category` WHERE ( cid=28 )  [ RunTime:0.0002s ]
INFO: [ view_parse ] --START--
INFO: [ template_filter ] --START--
INFO: Run Behavior\ContentReplaceBehavior [ RunTime:0.000216s ]
INFO: [ template_filter ] --END-- [ RunTime:0.000323s ]
SQL: SHOW COLUMNS FROM `bjy_article` [ RunTime:0.0227s ]
SQL: SELECT `aid`,`title` FROM `bjy_article` WHERE ( is_show=1 and is_delete=0 and is_top=1 ) LIMIT 10   [ RunTime:0.0005s ]
NOTIC: [8] Use of undefined constant url - assumed 'url' E:\tongbu\wamp\www\Runtime\Cache\Home\08d30c77e78bd0ac29232fbc421b5dcd.php 第 166 行.
INFO: Run Behavior\ParseTemplateBehavior [ RunTime:0.160295s ]
INFO: [ view_parse ] --END-- [ RunTime:0.160407s ]
INFO: [ view_filter ] --START--
INFO: Run Behavior\WriteHtmlCacheBehavior [ RunTime:0.007421s ]
INFO: [ view_filter ] --END-- [ RunTime:0.007551s ]
INFO: [ app_end ] --START--
INFO: Run Behavior\ShowPageTraceBehavior [ RunTime:0.005207s ]
INFO: [ app_end ] --END-- [ RunTime:0.005328s ]

[ 2015-08-27T23:24:59+08:00 ] 127.0.0.1 /push?client=ca-pub-7563510220087670&srn=gdn
INFO: [ app_init ] --START--
INFO: Run Behavior\BuildLiteBehavior [ RunTime:0.000049s ]
INFO: [ app_init ] --END-- [ RunTime:0.000881s ]
INFO: [ app_begin ] --START--
INFO: Run Behavior\ReadHtmlCacheBehavior [ RunTime:0.000669s ]
INFO: [ app_begin ] --END-- [ RunTime:0.000796s ]
ERR: 无法加载控制器:Push

[ 2015-08-27T23:25:00+08:00 ] 127.0.0.1 /push?client=ca-pub-7563510220087670&srn=gdn
INFO: [ app_init ] --START--
INFO: Run Behavior\BuildLiteBehavior [ RunTime:0.000043s ]
INFO: [ app_init ] --END-- [ RunTime:0.000724s ]
INFO: [ app_begin ] --START--
INFO: Run Behavior\ReadHtmlCacheBehavior [ RunTime:0.000751s ]
INFO: [ app_begin ] --END-- [ RunTime:0.000930s ]
ERR: 无法加载控制器:Push

[ 2015-08-27T23:25:00+08:00 ] 127.0.0.1 /push?client=ca-pub-7563510220087670&srn=gdn
INFO: [ app_init ] --START--
INFO: Run Behavior\BuildLiteBehavior [ RunTime:0.000026s ]
INFO: [ app_init ] --END-- [ RunTime:0.000442s ]
INFO: [ app_begin ] --START--
INFO: Run Behavior\ReadHtmlCacheBehavior [ RunTime:0.000527s ]
INFO: [ app_begin ] --END-- [ RunTime:0.000637s ]
ERR: 无法加载控制器:Push

[ 2015-08-27T23:25:00+08:00 ] 127.0.0.1 /pixel?google_nid=tencent_dbm&google_cm&google_sc
INFO: [ app_init ] --START--
INFO: Run Behavior\BuildLiteBehavior [ RunTime:0.000047s ]
INFO: [ app_init ] --END-- [ RunTime:0.000690s ]
INFO: [ app_begin ] --START--
INFO: Run Behavior\ReadHtmlCacheBehavior [ RunTime:0.000751s ]
INFO: [ app_begin ] --END-- [ RunTime:0.000942s ]
ERR: 无法加载控制器:Pixel

[ 2015-08-27T23:25:00+08:00 ] 127.0.0.1 /pixel?google_nid=appnexus&google_cm&google_sc
INFO: [ app_init ] --START--
INFO: Run Behavior\BuildLiteBehavior [ RunTime:0.000044s ]
INFO: [ app_init ] --END-- [ RunTime:0.000977s ]
INFO: [ app_begin ] --START--
INFO: Run Behavior\ReadHtmlCacheBehavior [ RunTime:0.001079s ]
INFO: [ app_begin ] --END-- [ RunTime:0.001280s ]
ERR: 无法加载控制器:Pixel

