[ 2015-04-11T00:11:19+08:00 ] ::1 /
INFO: [ app_init ] --START--
INFO: Run Behavior\BuildLiteBehavior [ RunTime:0.000025s ]
INFO: [ app_init ] --END-- [ RunTime:0.000551s ]
INFO: [ app_begin ] --START--
INFO: Run Behavior\ReadHtmlCacheBehavior [ RunTime:0.001407s ]
INFO: [ app_begin ] --END-- [ RunTime:0.001587s ]
SQL: SHOW COLUMNS FROM `bjy_category` [ RunTime:0.0032s ]
SQL: SELECT * FROM `bjy_category` ORDER BY sort  [ RunTime:0.0004s ]
SQL: SHOW COLUMNS FROM `bjy_tag` [ RunTime:0.0032s ]
SQL: SELECT * FROM `bjy_tag`  [ RunTime:0.0004s ]
SQL: SHOW COLUMNS FROM `bjy_article` [ RunTime:0.0036s ]
NOTIC: [8] Undefined variable: page E:\tongbu\wamp\www\Application\Common\Model\ArticleModel.class.php 第 114 行.
NOTIC: [8] Trying to get property of non-object E:\tongbu\wamp\www\Application\Common\Model\ArticleModel.class.php 第 114 行.
NOTIC: [8] Undefined variable: page E:\tongbu\wamp\www\Application\Common\Model\ArticleModel.class.php 第 114 行.
NOTIC: [8] Trying to get property of non-object E:\tongbu\wamp\www\Application\Common\Model\ArticleModel.class.php 第 114 行.
SQL: SELECT * FROM `bjy_article` WHERE `is_delete` = 0 ORDER BY addtime  [ RunTime:0.0004s ]
SQL: SHOW COLUMNS FROM `bjy_article_tag` [ RunTime:0.0028s ]
SQL: SHOW COLUMNS FROM `bjy_article_tag` [ RunTime:0.0028s ]
SQL: SELECT `aid`,`tname` FROM `bjy_article_tag` INNER JOIN bjy_tag ON bjy_article_tag.tid=bjy_tag.tid  WHERE ( aid=8 )  [ RunTime:0.0003s ]
SQL: SHOW COLUMNS FROM `bjy_article_pic` [ RunTime:0.0037s ]
SQL: SELECT `path` FROM `bjy_article_pic` WHERE ( aid=8 ) ORDER BY ap_id asc LIMIT 1   [ RunTime:0.0003s ]
SQL: SELECT `cid`,`cid`,`cname` FROM `bjy_category` WHERE ( cid=26 )  [ RunTime:0.0002s ]
INFO: [ view_parse ] --START--
INFO: [ template_filter ] --START--
INFO: Run Behavior\ContentReplaceBehavior [ RunTime:0.000111s ]
INFO: [ template_filter ] --END-- [ RunTime:0.000241s ]
NOTIC: [8] Undefined index: cid E:\tongbu\wamp\www\Runtime\Cache\Home\08d30c77e78bd0ac29232fbc421b5dcd.php 第 41 行.
NOTIC: [8] Undefined index: tid E:\tongbu\wamp\www\Runtime\Cache\Home\08d30c77e78bd0ac29232fbc421b5dcd.php 第 65 行.
INFO: Run Behavior\ParseTemplateBehavior [ RunTime:0.019411s ]
INFO: [ view_parse ] --END-- [ RunTime:0.019578s ]
INFO: [ view_filter ] --START--
INFO: Run Behavior\WriteHtmlCacheBehavior [ RunTime:0.000388s ]
INFO: [ view_filter ] --END-- [ RunTime:0.000479s ]
INFO: [ app_end ] --START--
INFO: Run Behavior\ShowPageTraceBehavior [ RunTime:0.000683s ]
INFO: [ app_end ] --END-- [ RunTime:0.000778s ]

[ 2015-04-11T00:18:03+08:00 ] ::1 /
INFO: [ app_init ] --START--
INFO: Run Behavior\BuildLiteBehavior [ RunTime:0.000026s ]
INFO: [ app_init ] --END-- [ RunTime:0.000717s ]
INFO: [ app_begin ] --START--
INFO: Run Behavior\ReadHtmlCacheBehavior [ RunTime:0.000645s ]
INFO: [ app_begin ] --END-- [ RunTime:0.000751s ]
SQL: SHOW COLUMNS FROM `bjy_category` [ RunTime:0.0033s ]
SQL: SELECT * FROM `bjy_category` ORDER BY sort  [ RunTime:0.0004s ]
SQL: SHOW COLUMNS FROM `bjy_tag` [ RunTime:0.0038s ]
SQL: SELECT * FROM `bjy_tag`  [ RunTime:0.0003s ]
SQL: SHOW COLUMNS FROM `bjy_article` [ RunTime:0.0034s ]
NOTIC: [8] Undefined variable: page E:\tongbu\wamp\www\Application\Common\Model\ArticleModel.class.php 第 114 行.
NOTIC: [8] Trying to get property of non-object E:\tongbu\wamp\www\Application\Common\Model\ArticleModel.class.php 第 114 行.
NOTIC: [8] Undefined variable: page E:\tongbu\wamp\www\Application\Common\Model\ArticleModel.class.php 第 114 行.
NOTIC: [8] Trying to get property of non-object E:\tongbu\wamp\www\Application\Common\Model\ArticleModel.class.php 第 114 行.
SQL: SELECT * FROM `bjy_article` WHERE `is_delete` = 0 ORDER BY addtime  [ RunTime:0.0004s ]
SQL: SHOW COLUMNS FROM `bjy_article_tag` [ RunTime:0.0045s ]
SQL: SHOW COLUMNS FROM `bjy_article_tag` [ RunTime:0.0041s ]
SQL: SELECT `aid`,`tname` FROM `bjy_article_tag` INNER JOIN bjy_tag ON bjy_article_tag.tid=bjy_tag.tid  WHERE ( aid=8 )  [ RunTime:0.0003s ]
SQL: SHOW COLUMNS FROM `bjy_article_pic` [ RunTime:0.0036s ]
SQL: SELECT `path` FROM `bjy_article_pic` WHERE ( aid=8 ) ORDER BY ap_id asc LIMIT 1   [ RunTime:0.0003s ]
SQL: SELECT `cid`,`cid`,`cname` FROM `bjy_category` WHERE ( cid=26 )  [ RunTime:0.0003s ]
INFO: [ view_parse ] --START--
INFO: [ template_filter ] --START--
INFO: Run Behavior\ContentReplaceBehavior [ RunTime:0.000116s ]
INFO: [ template_filter ] --END-- [ RunTime:0.000272s ]
NOTIC: [8] Undefined index: cid E:\tongbu\wamp\www\Runtime\Cache\Home\08d30c77e78bd0ac29232fbc421b5dcd.php 第 41 行.
NOTIC: [8] Undefined index: tid E:\tongbu\wamp\www\Runtime\Cache\Home\08d30c77e78bd0ac29232fbc421b5dcd.php 第 65 行.
INFO: Run Behavior\ParseTemplateBehavior [ RunTime:0.020267s ]
INFO: [ view_parse ] --END-- [ RunTime:0.020446s ]
INFO: [ view_filter ] --START--
INFO: Run Behavior\WriteHtmlCacheBehavior [ RunTime:0.000530s ]
INFO: [ view_filter ] --END-- [ RunTime:0.000627s ]
INFO: [ app_end ] --START--
INFO: Run Behavior\ShowPageTraceBehavior [ RunTime:0.000827s ]
INFO: [ app_end ] --END-- [ RunTime:0.000970s ]

[ 2015-04-11T00:18:48+08:00 ] ::1 /index.php/Home/User/qc_callback
INFO: [ app_init ] --START--
INFO: Run Behavior\BuildLiteBehavior [ RunTime:0.000028s ]
INFO: [ app_init ] --END-- [ RunTime:0.000747s ]
INFO: [ app_begin ] --START--
INFO: Run Behavior\ReadHtmlCacheBehavior [ RunTime:0.000591s ]
INFO: [ app_begin ] --END-- [ RunTime:0.000701s ]
ERR: 无法加载控制器:User

[ 2015-04-11T00:19:15+08:00 ] ::1 /index.php/Home/User/qc_callback
INFO: [ app_init ] --START--
INFO: Run Behavior\BuildLiteBehavior [ RunTime:0.000040s ]
INFO: [ app_init ] --END-- [ RunTime:0.000715s ]
INFO: [ app_begin ] --START--
INFO: Run Behavior\ReadHtmlCacheBehavior [ RunTime:0.000665s ]
INFO: [ app_begin ] --END-- [ RunTime:0.000782s ]

[ 2015-04-11T00:19:29+08:00 ] ::1 /index.php/Home/User/qc_callback
INFO: [ app_init ] --START--
INFO: Run Behavior\BuildLiteBehavior [ RunTime:0.000023s ]
INFO: [ app_init ] --END-- [ RunTime:0.000529s ]
INFO: [ app_begin ] --START--
INFO: Run Behavior\ReadHtmlCacheBehavior [ RunTime:0.000578s ]
INFO: [ app_begin ] --END-- [ RunTime:0.000685s ]

[ 2015-04-11T00:27:36+08:00 ] ::1 /
INFO: [ app_init ] --START--
INFO: Run Behavior\BuildLiteBehavior [ RunTime:0.000028s ]
INFO: [ app_init ] --END-- [ RunTime:0.001262s ]
INFO: [ app_begin ] --START--
INFO: Run Behavior\ReadHtmlCacheBehavior [ RunTime:0.000736s ]
INFO: [ app_begin ] --END-- [ RunTime:0.000905s ]
SQL: SHOW COLUMNS FROM `bjy_category` [ RunTime:0.0042s ]
SQL: SELECT * FROM `bjy_category` ORDER BY sort  [ RunTime:0.0005s ]
SQL: SHOW COLUMNS FROM `bjy_tag` [ RunTime:0.0038s ]
SQL: SELECT * FROM `bjy_tag`  [ RunTime:0.0003s ]
SQL: SHOW COLUMNS FROM `bjy_article` [ RunTime:0.0035s ]
NOTIC: [8] Undefined variable: page E:\tongbu\wamp\www\Application\Common\Model\ArticleModel.class.php 第 114 行.
NOTIC: [8] Trying to get property of non-object E:\tongbu\wamp\www\Application\Common\Model\ArticleModel.class.php 第 114 行.
NOTIC: [8] Undefined variable: page E:\tongbu\wamp\www\Application\Common\Model\ArticleModel.class.php 第 114 行.
NOTIC: [8] Trying to get property of non-object E:\tongbu\wamp\www\Application\Common\Model\ArticleModel.class.php 第 114 行.
SQL: SELECT * FROM `bjy_article` WHERE `is_delete` = 0 ORDER BY addtime  [ RunTime:0.0007s ]
SQL: SHOW COLUMNS FROM `bjy_article_tag` [ RunTime:0.0031s ]
SQL: SHOW COLUMNS FROM `bjy_article_tag` [ RunTime:0.0030s ]
SQL: SELECT `aid`,`tname` FROM `bjy_article_tag` INNER JOIN bjy_tag ON bjy_article_tag.tid=bjy_tag.tid  WHERE ( aid=8 )  [ RunTime:0.0004s ]
SQL: SHOW COLUMNS FROM `bjy_article_pic` [ RunTime:0.0032s ]
SQL: SELECT `path` FROM `bjy_article_pic` WHERE ( aid=8 ) ORDER BY ap_id asc LIMIT 1   [ RunTime:0.0003s ]
SQL: SELECT `cid`,`cid`,`cname` FROM `bjy_category` WHERE ( cid=26 )  [ RunTime:0.0002s ]
INFO: [ view_parse ] --START--
INFO: [ template_filter ] --START--
INFO: Run Behavior\ContentReplaceBehavior [ RunTime:0.000123s ]
INFO: [ template_filter ] --END-- [ RunTime:0.000238s ]
NOTIC: [8] Undefined index: cid E:\tongbu\wamp\www\Runtime\Cache\Home\08d30c77e78bd0ac29232fbc421b5dcd.php 第 41 行.
NOTIC: [8] Undefined index: tid E:\tongbu\wamp\www\Runtime\Cache\Home\08d30c77e78bd0ac29232fbc421b5dcd.php 第 65 行.
INFO: Run Behavior\ParseTemplateBehavior [ RunTime:0.017623s ]
INFO: [ view_parse ] --END-- [ RunTime:0.017769s ]
INFO: [ view_filter ] --START--
INFO: Run Behavior\WriteHtmlCacheBehavior [ RunTime:0.000480s ]
INFO: [ view_filter ] --END-- [ RunTime:0.000574s ]
INFO: [ app_end ] --START--
INFO: Run Behavior\ShowPageTraceBehavior [ RunTime:0.000704s ]
INFO: [ app_end ] --END-- [ RunTime:0.000832s ]

[ 2015-04-11T00:28:24+08:00 ] ::1 /
INFO: [ app_init ] --START--
INFO: Run Behavior\BuildLiteBehavior [ RunTime:0.000027s ]
INFO: [ app_init ] --END-- [ RunTime:0.000659s ]
INFO: [ app_begin ] --START--
INFO: Run Behavior\ReadHtmlCacheBehavior [ RunTime:0.000682s ]
INFO: [ app_begin ] --END-- [ RunTime:0.000801s ]
SQL: SHOW COLUMNS FROM `bjy_category` [ RunTime:0.0031s ]
SQL: SELECT * FROM `bjy_category` ORDER BY sort  [ RunTime:0.0003s ]
SQL: SHOW COLUMNS FROM `bjy_tag` [ RunTime:0.0036s ]
SQL: SELECT * FROM `bjy_tag`  [ RunTime:0.0002s ]
SQL: SHOW COLUMNS FROM `bjy_article` [ RunTime:0.0033s ]
NOTIC: [8] Undefined variable: page E:\tongbu\wamp\www\Application\Common\Model\ArticleModel.class.php 第 114 行.
NOTIC: [8] Trying to get property of non-object E:\tongbu\wamp\www\Application\Common\Model\ArticleModel.class.php 第 114 行.
NOTIC: [8] Undefined variable: page E:\tongbu\wamp\www\Application\Common\Model\ArticleModel.class.php 第 114 行.
NOTIC: [8] Trying to get property of non-object E:\tongbu\wamp\www\Application\Common\Model\ArticleModel.class.php 第 114 行.
SQL: SELECT * FROM `bjy_article` WHERE `is_delete` = 0 ORDER BY addtime  [ RunTime:0.0003s ]
SQL: SHOW COLUMNS FROM `bjy_article_tag` [ RunTime:0.0030s ]
SQL: SHOW COLUMNS FROM `bjy_article_tag` [ RunTime:0.0027s ]
SQL: SELECT `aid`,`tname` FROM `bjy_article_tag` INNER JOIN bjy_tag ON bjy_article_tag.tid=bjy_tag.tid  WHERE ( aid=8 )  [ RunTime:0.0004s ]
SQL: SHOW COLUMNS FROM `bjy_article_pic` [ RunTime:0.0030s ]
SQL: SELECT `path` FROM `bjy_article_pic` WHERE ( aid=8 ) ORDER BY ap_id asc LIMIT 1   [ RunTime:0.0002s ]
SQL: SELECT `cid`,`cid`,`cname` FROM `bjy_category` WHERE ( cid=26 )  [ RunTime:0.0002s ]
INFO: [ view_parse ] --START--
INFO: [ template_filter ] --START--
INFO: Run Behavior\ContentReplaceBehavior [ RunTime:0.000143s ]
INFO: [ template_filter ] --END-- [ RunTime:0.000293s ]
NOTIC: [8] Undefined index: cid E:\tongbu\wamp\www\Runtime\Cache\Home\08d30c77e78bd0ac29232fbc421b5dcd.php 第 41 行.
NOTIC: [8] Undefined index: tid E:\tongbu\wamp\www\Runtime\Cache\Home\08d30c77e78bd0ac29232fbc421b5dcd.php 第 65 行.
INFO: Run Behavior\ParseTemplateBehavior [ RunTime:0.018012s ]
INFO: [ view_parse ] --END-- [ RunTime:0.018178s ]
INFO: [ view_filter ] --START--
INFO: Run Behavior\WriteHtmlCacheBehavior [ RunTime:0.000654s ]
INFO: [ view_filter ] --END-- [ RunTime:0.000781s ]
INFO: [ app_end ] --START--
INFO: Run Behavior\ShowPageTraceBehavior [ RunTime:0.000754s ]
INFO: [ app_end ] --END-- [ RunTime:0.000864s ]

[ 2015-04-11T00:29:34+08:00 ] ::1 /
INFO: [ app_init ] --START--
INFO: Run Behavior\BuildLiteBehavior [ RunTime:0.000038s ]
INFO: [ app_init ] --END-- [ RunTime:0.000612s ]
INFO: [ app_begin ] --START--
INFO: Run Behavior\ReadHtmlCacheBehavior [ RunTime:0.000751s ]
INFO: [ app_begin ] --END-- [ RunTime:0.000872s ]
SQL: SHOW COLUMNS FROM `bjy_category` [ RunTime:0.0040s ]
SQL: SELECT * FROM `bjy_category` ORDER BY sort  [ RunTime:0.0003s ]
SQL: SHOW COLUMNS FROM `bjy_tag` [ RunTime:0.0028s ]
SQL: SELECT * FROM `bjy_tag`  [ RunTime:0.0002s ]
SQL: SHOW COLUMNS FROM `bjy_article` [ RunTime:0.0032s ]
NOTIC: [8] Undefined variable: page E:\tongbu\wamp\www\Application\Common\Model\ArticleModel.class.php 第 114 行.
NOTIC: [8] Trying to get property of non-object E:\tongbu\wamp\www\Application\Common\Model\ArticleModel.class.php 第 114 行.
NOTIC: [8] Undefined variable: page E:\tongbu\wamp\www\Application\Common\Model\ArticleModel.class.php 第 114 行.
NOTIC: [8] Trying to get property of non-object E:\tongbu\wamp\www\Application\Common\Model\ArticleModel.class.php 第 114 行.
SQL: SELECT * FROM `bjy_article` WHERE `is_delete` = 0 ORDER BY addtime  [ RunTime:0.0004s ]
SQL: SHOW COLUMNS FROM `bjy_article_tag` [ RunTime:0.0036s ]
SQL: SHOW COLUMNS FROM `bjy_article_tag` [ RunTime:0.0030s ]
SQL: SELECT `aid`,`tname` FROM `bjy_article_tag` INNER JOIN bjy_tag ON bjy_article_tag.tid=bjy_tag.tid  WHERE ( aid=8 )  [ RunTime:0.0003s ]
SQL: SHOW COLUMNS FROM `bjy_article_pic` [ RunTime:0.0028s ]
SQL: SELECT `path` FROM `bjy_article_pic` WHERE ( aid=8 ) ORDER BY ap_id asc LIMIT 1   [ RunTime:0.0003s ]
SQL: SELECT `cid`,`cid`,`cname` FROM `bjy_category` WHERE ( cid=26 )  [ RunTime:0.0002s ]
INFO: [ view_parse ] --START--
INFO: [ template_filter ] --START--
INFO: Run Behavior\ContentReplaceBehavior [ RunTime:0.000111s ]
INFO: [ template_filter ] --END-- [ RunTime:0.000230s ]
NOTIC: [8] Undefined index: cid E:\tongbu\wamp\www\Runtime\Cache\Home\08d30c77e78bd0ac29232fbc421b5dcd.php 第 41 行.
NOTIC: [8] Undefined index: tid E:\tongbu\wamp\www\Runtime\Cache\Home\08d30c77e78bd0ac29232fbc421b5dcd.php 第 65 行.
INFO: Run Behavior\ParseTemplateBehavior [ RunTime:0.017210s ]
INFO: [ view_parse ] --END-- [ RunTime:0.017366s ]
INFO: [ view_filter ] --START--
INFO: Run Behavior\WriteHtmlCacheBehavior [ RunTime:0.000472s ]
INFO: [ view_filter ] --END-- [ RunTime:0.000565s ]
INFO: [ app_end ] --START--
INFO: Run Behavior\ShowPageTraceBehavior [ RunTime:0.000888s ]
INFO: [ app_end ] --END-- [ RunTime:0.001061s ]

[ 2015-04-11T00:30:55+08:00 ] ::1 /
INFO: [ app_init ] --START--
INFO: Run Behavior\BuildLiteBehavior [ RunTime:0.000028s ]
INFO: [ app_init ] --END-- [ RunTime:0.000692s ]
INFO: [ app_begin ] --START--
INFO: Run Behavior\ReadHtmlCacheBehavior [ RunTime:0.000728s ]
INFO: [ app_begin ] --END-- [ RunTime:0.000862s ]
SQL: SHOW COLUMNS FROM `bjy_category` [ RunTime:0.0045s ]
SQL: SELECT * FROM `bjy_category` ORDER BY sort  [ RunTime:0.0004s ]
SQL: SHOW COLUMNS FROM `bjy_tag` [ RunTime:0.0035s ]
SQL: SELECT * FROM `bjy_tag`  [ RunTime:0.0003s ]
SQL: SHOW COLUMNS FROM `bjy_article` [ RunTime:0.0041s ]
NOTIC: [8] Undefined variable: page E:\tongbu\wamp\www\Application\Common\Model\ArticleModel.class.php 第 114 行.
NOTIC: [8] Trying to get property of non-object E:\tongbu\wamp\www\Application\Common\Model\ArticleModel.class.php 第 114 行.
NOTIC: [8] Undefined variable: page E:\tongbu\wamp\www\Application\Common\Model\ArticleModel.class.php 第 114 行.
NOTIC: [8] Trying to get property of non-object E:\tongbu\wamp\www\Application\Common\Model\ArticleModel.class.php 第 114 行.
SQL: SELECT * FROM `bjy_article` WHERE `is_delete` = 0 ORDER BY addtime  [ RunTime:0.0003s ]
SQL: SHOW COLUMNS FROM `bjy_article_tag` [ RunTime:0.0035s ]
SQL: SHOW COLUMNS FROM `bjy_article_tag` [ RunTime:0.0029s ]
SQL: SELECT `aid`,`tname` FROM `bjy_article_tag` INNER JOIN bjy_tag ON bjy_article_tag.tid=bjy_tag.tid  WHERE ( aid=8 )  [ RunTime:0.0003s ]
SQL: SHOW COLUMNS FROM `bjy_article_pic` [ RunTime:0.0034s ]
SQL: SELECT `path` FROM `bjy_article_pic` WHERE ( aid=8 ) ORDER BY ap_id asc LIMIT 1   [ RunTime:0.0003s ]
SQL: SELECT `cid`,`cid`,`cname` FROM `bjy_category` WHERE ( cid=26 )  [ RunTime:0.0002s ]
INFO: [ view_parse ] --START--
INFO: [ template_filter ] --START--
INFO: Run Behavior\ContentReplaceBehavior [ RunTime:0.000177s ]
INFO: [ template_filter ] --END-- [ RunTime:0.000361s ]
NOTIC: [8] Undefined index: cid E:\tongbu\wamp\www\Runtime\Cache\Home\08d30c77e78bd0ac29232fbc421b5dcd.php 第 41 行.
NOTIC: [8] Undefined index: tid E:\tongbu\wamp\www\Runtime\Cache\Home\08d30c77e78bd0ac29232fbc421b5dcd.php 第 65 行.
INFO: Run Behavior\ParseTemplateBehavior [ RunTime:0.020753s ]
INFO: [ view_parse ] --END-- [ RunTime:0.020907s ]
INFO: [ view_filter ] --START--
INFO: Run Behavior\WriteHtmlCacheBehavior [ RunTime:0.000662s ]
INFO: [ view_filter ] --END-- [ RunTime:0.000771s ]
INFO: [ app_end ] --START--
INFO: Run Behavior\ShowPageTraceBehavior [ RunTime:0.000789s ]
INFO: [ app_end ] --END-- [ RunTime:0.000906s ]

[ 2015-04-11T00:30:58+08:00 ] ::1 /
INFO: [ app_init ] --START--
INFO: Run Behavior\BuildLiteBehavior [ RunTime:0.000024s ]
INFO: [ app_init ] --END-- [ RunTime:0.000454s ]
INFO: [ app_begin ] --START--
INFO: Run Behavior\ReadHtmlCacheBehavior [ RunTime:0.000779s ]
INFO: [ app_begin ] --END-- [ RunTime:0.000937s ]
SQL: SHOW COLUMNS FROM `bjy_category` [ RunTime:0.0031s ]
SQL: SELECT * FROM `bjy_category` ORDER BY sort  [ RunTime:0.0003s ]
SQL: SHOW COLUMNS FROM `bjy_tag` [ RunTime:0.0034s ]
SQL: SELECT * FROM `bjy_tag`  [ RunTime:0.0003s ]
SQL: SHOW COLUMNS FROM `bjy_article` [ RunTime:0.0031s ]
NOTIC: [8] Undefined variable: page E:\tongbu\wamp\www\Application\Common\Model\ArticleModel.class.php 第 114 行.
NOTIC: [8] Trying to get property of non-object E:\tongbu\wamp\www\Application\Common\Model\ArticleModel.class.php 第 114 行.
NOTIC: [8] Undefined variable: page E:\tongbu\wamp\www\Application\Common\Model\ArticleModel.class.php 第 114 行.
NOTIC: [8] Trying to get property of non-object E:\tongbu\wamp\www\Application\Common\Model\ArticleModel.class.php 第 114 行.
SQL: SELECT * FROM `bjy_article` WHERE `is_delete` = 0 ORDER BY addtime  [ RunTime:0.0003s ]
SQL: SHOW COLUMNS FROM `bjy_article_tag` [ RunTime:0.0033s ]
SQL: SHOW COLUMNS FROM `bjy_article_tag` [ RunTime:0.0033s ]
SQL: SELECT `aid`,`tname` FROM `bjy_article_tag` INNER JOIN bjy_tag ON bjy_article_tag.tid=bjy_tag.tid  WHERE ( aid=8 )  [ RunTime:0.0003s ]
SQL: SHOW COLUMNS FROM `bjy_article_pic` [ RunTime:0.0030s ]
SQL: SELECT `path` FROM `bjy_article_pic` WHERE ( aid=8 ) ORDER BY ap_id asc LIMIT 1   [ RunTime:0.0003s ]
SQL: SELECT `cid`,`cid`,`cname` FROM `bjy_category` WHERE ( cid=26 )  [ RunTime:0.0002s ]
INFO: [ view_parse ] --START--
INFO: [ template_filter ] --START--
INFO: Run Behavior\ContentReplaceBehavior [ RunTime:0.000129s ]
INFO: [ template_filter ] --END-- [ RunTime:0.000238s ]
NOTIC: [8] Undefined index: cid E:\tongbu\wamp\www\Runtime\Cache\Home\08d30c77e78bd0ac29232fbc421b5dcd.php 第 41 行.
NOTIC: [8] Undefined index: tid E:\tongbu\wamp\www\Runtime\Cache\Home\08d30c77e78bd0ac29232fbc421b5dcd.php 第 65 行.
INFO: Run Behavior\ParseTemplateBehavior [ RunTime:0.018588s ]
INFO: [ view_parse ] --END-- [ RunTime:0.018708s ]
INFO: [ view_filter ] --START--
INFO: Run Behavior\WriteHtmlCacheBehavior [ RunTime:0.000422s ]
INFO: [ view_filter ] --END-- [ RunTime:0.000507s ]
INFO: [ app_end ] --START--
INFO: Run Behavior\ShowPageTraceBehavior [ RunTime:0.000658s ]
INFO: [ app_end ] --END-- [ RunTime:0.000747s ]

