[ 2015-06-17T23:26:54+08:00 ] ::1 /
INFO: [ app_init ] --START--
INFO: Run Behavior\BuildLiteBehavior [ RunTime:0.000029s ]
INFO: [ app_init ] --END-- [ RunTime:0.000611s ]
INFO: [ app_begin ] --START--
INFO: Run Behavior\ReadHtmlCacheBehavior [ RunTime:0.000742s ]
INFO: [ app_begin ] --END-- [ RunTime:0.000887s ]
SQL: SHOW COLUMNS FROM `bjy_category` [ RunTime:0.0434s ]
SQL: SELECT * FROM `bjy_category` ORDER BY sort  [ RunTime:0.0004s ]
SQL: SHOW COLUMNS FROM `bjy_tag` [ RunTime:0.0289s ]
SQL: SELECT * FROM `bjy_tag`  [ RunTime:0.0005s ]
SQL: SHOW COLUMNS FROM `bjy_link` [ RunTime:0.0448s ]
SQL: SELECT * FROM `bjy_link` WHERE `is_delete` = 0 AND `is_show` = 1 ORDER BY sort  [ RunTime:0.0009s ]
SQL: SHOW COLUMNS FROM `bjy_article` [ RunTime:0.0276s ]
SQL: SELECT COUNT(*) AS tp_count FROM `bjy_article` WHERE `is_delete` = 0 AND `is_show` = 1 LIMIT 1   [ RunTime:0.0007s ]
SQL: SELECT * FROM `bjy_article` WHERE `is_delete` = 0 AND `is_show` = 1 ORDER BY addtime desc LIMIT 0,10   [ RunTime:0.0008s ]
SQL: SHOW COLUMNS FROM `bjy_article_tag` [ RunTime:0.0472s ]
SQL: SHOW COLUMNS FROM `bjy_article_tag` [ RunTime:0.0067s ]
SQL: SELECT * FROM `bjy_article_tag` INNER JOIN bjy_tag ON bjy_article_tag.tid=bjy_tag.tid  WHERE ( aid=17 )  [ RunTime:0.0006s ]
SQL: SHOW COLUMNS FROM `bjy_article_pic` [ RunTime:0.0426s ]
SQL: SELECT `path` FROM `bjy_article_pic` WHERE ( aid=17 ) ORDER BY ap_id asc LIMIT 1   [ RunTime:0.0006s ]
SQL: SELECT `cid`,`cid`,`cname` FROM `bjy_category` WHERE ( cid=28 )  [ RunTime:0.0007s ]
INFO: [ view_parse ] --START--
INFO: [ template_filter ] --START--
INFO: Run Behavior\ContentReplaceBehavior [ RunTime:0.000474s ]
INFO: [ template_filter ] --END-- [ RunTime:0.000857s ]
NOTIC: [8] Undefined index: cid E:\tongbu\wamp\www\Runtime\Cache\Home\08d30c77e78bd0ac29232fbc421b5dcd.php 第 64 行.
NOTIC: [8] Undefined variable: article E:\tongbu\wamp\www\Runtime\Cache\Home\08d30c77e78bd0ac29232fbc421b5dcd.php 第 64 行.
SQL: SHOW COLUMNS FROM `bjy_article` [ RunTime:0.0044s ]
SQL: SELECT `aid`,`title` FROM `bjy_article` WHERE ( is_show=1 and is_delete=0 and is_top=1 ) LIMIT 10   [ RunTime:0.0004s ]
NOTIC: [2] Invalid argument supplied for foreach() E:\tongbu\wamp\www\Runtime\Cache\Home\08d30c77e78bd0ac29232fbc421b5dcd.php 第 149 行.
NOTIC: [8] Use of undefined constant url - assumed 'url' E:\tongbu\wamp\www\Runtime\Cache\Home\08d30c77e78bd0ac29232fbc421b5dcd.php 第 161 行.
INFO: Run Behavior\ParseTemplateBehavior [ RunTime:0.152557s ]
INFO: [ view_parse ] --END-- [ RunTime:0.152845s ]
INFO: [ view_filter ] --START--
INFO: Run Behavior\WriteHtmlCacheBehavior [ RunTime:0.000984s ]
INFO: [ view_filter ] --END-- [ RunTime:0.001151s ]
INFO: [ app_end ] --START--
INFO: Run Behavior\ShowPageTraceBehavior [ RunTime:0.001101s ]
INFO: [ app_end ] --END-- [ RunTime:0.001253s ]

[ 2015-06-17T23:27:30+08:00 ] ::1 /
INFO: [ app_init ] --START--
INFO: Run Behavior\BuildLiteBehavior [ RunTime:0.000026s ]
INFO: [ app_init ] --END-- [ RunTime:0.000629s ]
INFO: [ app_begin ] --START--
INFO: Run Behavior\ReadHtmlCacheBehavior [ RunTime:0.000697s ]
INFO: [ app_begin ] --END-- [ RunTime:0.000827s ]
SQL: SHOW COLUMNS FROM `bjy_category` [ RunTime:0.0030s ]
SQL: SELECT * FROM `bjy_category` ORDER BY sort  [ RunTime:0.0004s ]
SQL: SHOW COLUMNS FROM `bjy_tag` [ RunTime:0.0037s ]
SQL: SELECT * FROM `bjy_tag`  [ RunTime:0.0003s ]
SQL: SHOW COLUMNS FROM `bjy_link` [ RunTime:0.0043s ]
SQL: SELECT * FROM `bjy_link` WHERE `is_delete` = 0 AND `is_show` = 1 ORDER BY sort  [ RunTime:0.0004s ]
SQL: SHOW COLUMNS FROM `bjy_article` [ RunTime:0.0033s ]
SQL: SELECT COUNT(*) AS tp_count FROM `bjy_article` WHERE `is_delete` = 0 AND `is_show` = 1 LIMIT 1   [ RunTime:0.0003s ]
SQL: SELECT * FROM `bjy_article` WHERE `is_delete` = 0 AND `is_show` = 1 ORDER BY addtime desc LIMIT 0,10   [ RunTime:0.0003s ]
SQL: SHOW COLUMNS FROM `bjy_article_tag` [ RunTime:0.0031s ]
SQL: SHOW COLUMNS FROM `bjy_article_tag` [ RunTime:0.0031s ]
SQL: SELECT * FROM `bjy_article_tag` INNER JOIN bjy_tag ON bjy_article_tag.tid=bjy_tag.tid  WHERE ( aid=17 )  [ RunTime:0.0004s ]
SQL: SHOW COLUMNS FROM `bjy_article_pic` [ RunTime:0.0044s ]
SQL: SELECT `path` FROM `bjy_article_pic` WHERE ( aid=17 ) ORDER BY ap_id asc LIMIT 1   [ RunTime:0.0003s ]
SQL: SELECT `cid`,`cid`,`cname` FROM `bjy_category` WHERE ( cid=28 )  [ RunTime:0.0003s ]
INFO: [ view_parse ] --START--
INFO: [ template_filter ] --START--
INFO: Run Behavior\ContentReplaceBehavior [ RunTime:0.000176s ]
INFO: [ template_filter ] --END-- [ RunTime:0.000290s ]
NOTIC: [8] Undefined index: cid E:\tongbu\wamp\www\Runtime\Cache\Home\08d30c77e78bd0ac29232fbc421b5dcd.php 第 64 行.
NOTIC: [8] Undefined variable: article E:\tongbu\wamp\www\Runtime\Cache\Home\08d30c77e78bd0ac29232fbc421b5dcd.php 第 64 行.
SQL: SHOW COLUMNS FROM `bjy_article` [ RunTime:0.0034s ]
SQL: SELECT `aid`,`title` FROM `bjy_article` WHERE ( is_show=1 and is_delete=0 and is_top=1 ) LIMIT 10   [ RunTime:0.0002s ]
NOTIC: [2] Invalid argument supplied for foreach() E:\tongbu\wamp\www\Runtime\Cache\Home\08d30c77e78bd0ac29232fbc421b5dcd.php 第 149 行.
NOTIC: [8] Use of undefined constant url - assumed 'url' E:\tongbu\wamp\www\Runtime\Cache\Home\08d30c77e78bd0ac29232fbc421b5dcd.php 第 161 行.
INFO: Run Behavior\ParseTemplateBehavior [ RunTime:0.030018s ]
INFO: [ view_parse ] --END-- [ RunTime:0.030134s ]
INFO: [ view_filter ] --START--
INFO: Run Behavior\WriteHtmlCacheBehavior [ RunTime:0.000507s ]
INFO: [ view_filter ] --END-- [ RunTime:0.000603s ]
INFO: [ app_end ] --START--
INFO: Run Behavior\ShowPageTraceBehavior [ RunTime:0.000704s ]
INFO: [ app_end ] --END-- [ RunTime:0.000805s ]

[ 2015-06-17T23:46:55+08:00 ] ::1 /
INFO: [ app_init ] --START--
INFO: Run Behavior\BuildLiteBehavior [ RunTime:0.000025s ]
INFO: [ app_init ] --END-- [ RunTime:0.000507s ]
INFO: [ app_begin ] --START--
INFO: Run Behavior\ReadHtmlCacheBehavior [ RunTime:0.000607s ]
INFO: [ app_begin ] --END-- [ RunTime:0.000716s ]
SQL: SHOW COLUMNS FROM `bjy_category` [ RunTime:0.0164s ]
SQL: SELECT * FROM `bjy_category` ORDER BY sort  [ RunTime:0.0003s ]
SQL: SHOW COLUMNS FROM `bjy_tag` [ RunTime:0.0034s ]
SQL: SELECT * FROM `bjy_tag`  [ RunTime:0.0003s ]
SQL: SHOW COLUMNS FROM `bjy_link` [ RunTime:0.0033s ]
SQL: SELECT * FROM `bjy_link` WHERE `is_delete` = 0 AND `is_show` = 1 ORDER BY sort  [ RunTime:0.0004s ]
SQL: SHOW COLUMNS FROM `bjy_article` [ RunTime:0.0034s ]
SQL: SELECT COUNT(*) AS tp_count FROM `bjy_article` WHERE `is_delete` = 0 AND `is_show` = 1 LIMIT 1   [ RunTime:0.0003s ]
SQL: SELECT * FROM `bjy_article` WHERE `is_delete` = 0 AND `is_show` = 1 ORDER BY addtime desc LIMIT 0,10   [ RunTime:0.0004s ]
SQL: SHOW COLUMNS FROM `bjy_article_tag` [ RunTime:0.0029s ]
SQL: SHOW COLUMNS FROM `bjy_article_tag` [ RunTime:0.0029s ]
SQL: SELECT * FROM `bjy_article_tag` INNER JOIN bjy_tag ON bjy_article_tag.tid=bjy_tag.tid  WHERE ( aid=17 )  [ RunTime:0.0003s ]
SQL: SHOW COLUMNS FROM `bjy_article_pic` [ RunTime:0.0030s ]
SQL: SELECT `path` FROM `bjy_article_pic` WHERE ( aid=17 ) ORDER BY ap_id asc LIMIT 1   [ RunTime:0.0003s ]
SQL: SELECT `cid`,`cid`,`cname` FROM `bjy_category` WHERE ( cid=28 )  [ RunTime:0.0002s ]
INFO: [ view_parse ] --START--
INFO: [ template_filter ] --START--
INFO: Run Behavior\ContentReplaceBehavior [ RunTime:0.000169s ]
INFO: [ template_filter ] --END-- [ RunTime:0.000279s ]
NOTIC: [8] Undefined index: cid E:\tongbu\wamp\www\Runtime\Cache\Home\08d30c77e78bd0ac29232fbc421b5dcd.php 第 64 行.
NOTIC: [8] Undefined variable: article E:\tongbu\wamp\www\Runtime\Cache\Home\08d30c77e78bd0ac29232fbc421b5dcd.php 第 64 行.
SQL: SHOW COLUMNS FROM `bjy_article` [ RunTime:0.0031s ]
SQL: SELECT `aid`,`title` FROM `bjy_article` WHERE ( is_show=1 and is_delete=0 and is_top=1 ) LIMIT 10   [ RunTime:0.0002s ]
NOTIC: [2] Invalid argument supplied for foreach() E:\tongbu\wamp\www\Runtime\Cache\Home\08d30c77e78bd0ac29232fbc421b5dcd.php 第 149 行.
NOTIC: [8] Use of undefined constant url - assumed 'url' E:\tongbu\wamp\www\Runtime\Cache\Home\08d30c77e78bd0ac29232fbc421b5dcd.php 第 161 行.
INFO: Run Behavior\ParseTemplateBehavior [ RunTime:0.028986s ]
INFO: [ view_parse ] --END-- [ RunTime:0.029085s ]
INFO: [ view_filter ] --START--
INFO: Run Behavior\WriteHtmlCacheBehavior [ RunTime:0.000574s ]
INFO: [ view_filter ] --END-- [ RunTime:0.000675s ]
INFO: [ app_end ] --START--
INFO: Run Behavior\ShowPageTraceBehavior [ RunTime:0.000664s ]
INFO: [ app_end ] --END-- [ RunTime:0.000776s ]

[ 2015-06-17T23:47:06+08:00 ] ::1 /
INFO: [ app_init ] --START--
INFO: Run Behavior\BuildLiteBehavior [ RunTime:0.000026s ]
INFO: [ app_init ] --END-- [ RunTime:0.000482s ]
INFO: [ app_begin ] --START--
INFO: Run Behavior\ReadHtmlCacheBehavior [ RunTime:0.000696s ]
INFO: [ app_begin ] --END-- [ RunTime:0.000906s ]
SQL: SHOW COLUMNS FROM `bjy_category` [ RunTime:0.0030s ]
SQL: SELECT * FROM `bjy_category` ORDER BY sort  [ RunTime:0.0003s ]
SQL: SHOW COLUMNS FROM `bjy_tag` [ RunTime:0.0029s ]
SQL: SELECT * FROM `bjy_tag`  [ RunTime:0.0002s ]
SQL: SHOW COLUMNS FROM `bjy_link` [ RunTime:0.0029s ]
SQL: SELECT * FROM `bjy_link` WHERE `is_delete` = 0 AND `is_show` = 1 ORDER BY sort  [ RunTime:0.0004s ]
SQL: SHOW COLUMNS FROM `bjy_article` [ RunTime:0.0033s ]
SQL: SELECT COUNT(*) AS tp_count FROM `bjy_article` WHERE `is_delete` = 0 AND `is_show` = 1 LIMIT 1   [ RunTime:0.0003s ]
SQL: SELECT * FROM `bjy_article` WHERE `is_delete` = 0 AND `is_show` = 1 ORDER BY addtime desc LIMIT 0,10   [ RunTime:0.0004s ]
SQL: SHOW COLUMNS FROM `bjy_article_tag` [ RunTime:0.0029s ]
SQL: SHOW COLUMNS FROM `bjy_article_tag` [ RunTime:0.0030s ]
SQL: SELECT * FROM `bjy_article_tag` INNER JOIN bjy_tag ON bjy_article_tag.tid=bjy_tag.tid  WHERE ( aid=17 )  [ RunTime:0.0003s ]
SQL: SHOW COLUMNS FROM `bjy_article_pic` [ RunTime:0.0031s ]
SQL: SELECT `path` FROM `bjy_article_pic` WHERE ( aid=17 ) ORDER BY ap_id asc LIMIT 1   [ RunTime:0.0003s ]
SQL: SELECT `cid`,`cid`,`cname` FROM `bjy_category` WHERE ( cid=28 )  [ RunTime:0.0002s ]
INFO: [ view_parse ] --START--
INFO: [ template_filter ] --START--
INFO: Run Behavior\ContentReplaceBehavior [ RunTime:0.000224s ]
INFO: [ template_filter ] --END-- [ RunTime:0.000355s ]
NOTIC: [8] Undefined index: cid E:\tongbu\wamp\www\Runtime\Cache\Home\08d30c77e78bd0ac29232fbc421b5dcd.php 第 64 行.
NOTIC: [8] Undefined variable: article E:\tongbu\wamp\www\Runtime\Cache\Home\08d30c77e78bd0ac29232fbc421b5dcd.php 第 64 行.
SQL: SHOW COLUMNS FROM `bjy_article` [ RunTime:0.0032s ]
SQL: SELECT `aid`,`title` FROM `bjy_article` WHERE ( is_show=1 and is_delete=0 and is_top=1 ) LIMIT 10   [ RunTime:0.0003s ]
NOTIC: [2] Invalid argument supplied for foreach() E:\tongbu\wamp\www\Runtime\Cache\Home\08d30c77e78bd0ac29232fbc421b5dcd.php 第 149 行.
NOTIC: [8] Use of undefined constant url - assumed 'url' E:\tongbu\wamp\www\Runtime\Cache\Home\08d30c77e78bd0ac29232fbc421b5dcd.php 第 161 行.
INFO: Run Behavior\ParseTemplateBehavior [ RunTime:0.031731s ]
INFO: [ view_parse ] --END-- [ RunTime:0.031836s ]
INFO: [ view_filter ] --START--
INFO: Run Behavior\WriteHtmlCacheBehavior [ RunTime:0.000551s ]
INFO: [ view_filter ] --END-- [ RunTime:0.000640s ]
INFO: [ app_end ] --START--
INFO: Run Behavior\ShowPageTraceBehavior [ RunTime:0.000655s ]
INFO: [ app_end ] --END-- [ RunTime:0.000758s ]

[ 2015-06-17T23:50:24+08:00 ] ::1 /
INFO: [ app_init ] --START--
INFO: Run Behavior\BuildLiteBehavior [ RunTime:0.000029s ]
INFO: [ app_init ] --END-- [ RunTime:0.000587s ]
INFO: [ app_begin ] --START--
INFO: Run Behavior\ReadHtmlCacheBehavior [ RunTime:0.001206s ]
INFO: [ app_begin ] --END-- [ RunTime:0.001443s ]
SQL: SHOW COLUMNS FROM `bjy_category` [ RunTime:0.0470s ]
SQL: SELECT * FROM `bjy_category` ORDER BY sort  [ RunTime:0.0003s ]
SQL: SHOW COLUMNS FROM `bjy_tag` [ RunTime:0.0029s ]
SQL: SELECT * FROM `bjy_tag`  [ RunTime:0.0003s ]
SQL: SHOW COLUMNS FROM `bjy_link` [ RunTime:0.0037s ]
SQL: SELECT * FROM `bjy_link` WHERE `is_delete` = 0 AND `is_show` = 1 ORDER BY sort  [ RunTime:0.0004s ]
SQL: SHOW COLUMNS FROM `bjy_article` [ RunTime:0.0031s ]
SQL: SELECT COUNT(*) AS tp_count FROM `bjy_article` WHERE `is_delete` = 0 AND `is_show` = 1 LIMIT 1   [ RunTime:0.0003s ]
SQL: SELECT * FROM `bjy_article` WHERE `is_delete` = 0 AND `is_show` = 1 ORDER BY addtime desc LIMIT 0,10   [ RunTime:0.0004s ]
SQL: SHOW COLUMNS FROM `bjy_article_tag` [ RunTime:0.0029s ]
SQL: SHOW COLUMNS FROM `bjy_article_tag` [ RunTime:0.0032s ]
SQL: SELECT * FROM `bjy_article_tag` INNER JOIN bjy_tag ON bjy_article_tag.tid=bjy_tag.tid  WHERE ( aid=17 )  [ RunTime:0.0004s ]
SQL: SHOW COLUMNS FROM `bjy_article_pic` [ RunTime:0.0034s ]
SQL: SELECT `path` FROM `bjy_article_pic` WHERE ( aid=17 ) ORDER BY ap_id asc LIMIT 1   [ RunTime:0.0003s ]
SQL: SELECT `cid`,`cid`,`cname` FROM `bjy_category` WHERE ( cid=28 )  [ RunTime:0.0002s ]
INFO: [ view_parse ] --START--
INFO: [ template_filter ] --START--
INFO: Run Behavior\ContentReplaceBehavior [ RunTime:0.000196s ]
INFO: [ template_filter ] --END-- [ RunTime:0.000338s ]
NOTIC: [8] Undefined index: cid E:\tongbu\wamp\www\Runtime\Cache\Home\08d30c77e78bd0ac29232fbc421b5dcd.php 第 64 行.
NOTIC: [8] Undefined variable: article E:\tongbu\wamp\www\Runtime\Cache\Home\08d30c77e78bd0ac29232fbc421b5dcd.php 第 64 行.
SQL: SHOW COLUMNS FROM `bjy_article` [ RunTime:0.0036s ]
SQL: SELECT `aid`,`title` FROM `bjy_article` WHERE ( is_show=1 and is_delete=0 and is_top=1 ) LIMIT 10   [ RunTime:0.0003s ]
NOTIC: [2] Invalid argument supplied for foreach() E:\tongbu\wamp\www\Runtime\Cache\Home\08d30c77e78bd0ac29232fbc421b5dcd.php 第 149 行.
NOTIC: [8] Use of undefined constant url - assumed 'url' E:\tongbu\wamp\www\Runtime\Cache\Home\08d30c77e78bd0ac29232fbc421b5dcd.php 第 161 行.
INFO: Run Behavior\ParseTemplateBehavior [ RunTime:0.030329s ]
INFO: [ view_parse ] --END-- [ RunTime:0.030430s ]
INFO: [ view_filter ] --START--
INFO: Run Behavior\WriteHtmlCacheBehavior [ RunTime:0.000551s ]
INFO: [ view_filter ] --END-- [ RunTime:0.000646s ]
INFO: [ app_end ] --START--
INFO: Run Behavior\ShowPageTraceBehavior [ RunTime:0.000659s ]
INFO: [ app_end ] --END-- [ RunTime:0.000755s ]

[ 2015-06-17T23:51:31+08:00 ] ::1 /
INFO: [ app_init ] --START--
INFO: Run Behavior\BuildLiteBehavior [ RunTime:0.000025s ]
INFO: [ app_init ] --END-- [ RunTime:0.000462s ]
INFO: [ app_begin ] --START--
INFO: Run Behavior\ReadHtmlCacheBehavior [ RunTime:0.000632s ]
INFO: [ app_begin ] --END-- [ RunTime:0.000799s ]
SQL: SHOW COLUMNS FROM `bjy_category` [ RunTime:0.0031s ]
SQL: SELECT * FROM `bjy_category` ORDER BY sort  [ RunTime:0.0003s ]
SQL: SHOW COLUMNS FROM `bjy_tag` [ RunTime:0.0039s ]
SQL: SELECT * FROM `bjy_tag`  [ RunTime:0.0003s ]
SQL: SHOW COLUMNS FROM `bjy_link` [ RunTime:0.0031s ]
SQL: SELECT * FROM `bjy_link` WHERE `is_delete` = 0 AND `is_show` = 1 ORDER BY sort  [ RunTime:0.0004s ]
SQL: SHOW COLUMNS FROM `bjy_article` [ RunTime:0.0030s ]
SQL: SELECT COUNT(*) AS tp_count FROM `bjy_article` WHERE `is_delete` = 0 AND `is_show` = 1 LIMIT 1   [ RunTime:0.0003s ]
SQL: SELECT * FROM `bjy_article` WHERE `is_delete` = 0 AND `is_show` = 1 ORDER BY addtime desc LIMIT 0,10   [ RunTime:0.0004s ]
SQL: SHOW COLUMNS FROM `bjy_article_tag` [ RunTime:0.0032s ]
SQL: SHOW COLUMNS FROM `bjy_article_tag` [ RunTime:0.0029s ]
SQL: SELECT * FROM `bjy_article_tag` INNER JOIN bjy_tag ON bjy_article_tag.tid=bjy_tag.tid  WHERE ( aid=17 )  [ RunTime:0.0003s ]
SQL: SHOW COLUMNS FROM `bjy_article_pic` [ RunTime:0.0029s ]
SQL: SELECT `path` FROM `bjy_article_pic` WHERE ( aid=17 ) ORDER BY ap_id asc LIMIT 1   [ RunTime:0.0003s ]
SQL: SELECT `cid`,`cid`,`cname` FROM `bjy_category` WHERE ( cid=28 )  [ RunTime:0.0002s ]
INFO: [ view_parse ] --START--
INFO: [ template_filter ] --START--
INFO: Run Behavior\ContentReplaceBehavior [ RunTime:0.000158s ]
INFO: [ template_filter ] --END-- [ RunTime:0.000264s ]
NOTIC: [8] Undefined index: cid E:\tongbu\wamp\www\Runtime\Cache\Home\08d30c77e78bd0ac29232fbc421b5dcd.php 第 64 行.
NOTIC: [8] Undefined variable: article E:\tongbu\wamp\www\Runtime\Cache\Home\08d30c77e78bd0ac29232fbc421b5dcd.php 第 64 行.
SQL: SHOW COLUMNS FROM `bjy_article` [ RunTime:0.0031s ]
SQL: SELECT `aid`,`title` FROM `bjy_article` WHERE ( is_show=1 and is_delete=0 and is_top=1 ) LIMIT 10   [ RunTime:0.0003s ]
NOTIC: [2] Invalid argument supplied for foreach() E:\tongbu\wamp\www\Runtime\Cache\Home\08d30c77e78bd0ac29232fbc421b5dcd.php 第 149 行.
NOTIC: [8] Use of undefined constant url - assumed 'url' E:\tongbu\wamp\www\Runtime\Cache\Home\08d30c77e78bd0ac29232fbc421b5dcd.php 第 161 行.
INFO: Run Behavior\ParseTemplateBehavior [ RunTime:0.028497s ]
INFO: [ view_parse ] --END-- [ RunTime:0.028596s ]
INFO: [ view_filter ] --START--
INFO: Run Behavior\WriteHtmlCacheBehavior [ RunTime:0.000555s ]
INFO: [ view_filter ] --END-- [ RunTime:0.000651s ]
INFO: [ app_end ] --START--
INFO: Run Behavior\ShowPageTraceBehavior [ RunTime:0.000656s ]
INFO: [ app_end ] --END-- [ RunTime:0.000754s ]

[ 2015-06-17T23:52:34+08:00 ] ::1 /
INFO: [ app_init ] --START--
INFO: Run Behavior\BuildLiteBehavior [ RunTime:0.000030s ]
INFO: [ app_init ] --END-- [ RunTime:0.001103s ]
INFO: [ app_begin ] --START--
INFO: Run Behavior\ReadHtmlCacheBehavior [ RunTime:0.000711s ]
INFO: [ app_begin ] --END-- [ RunTime:0.000831s ]
SQL: SHOW COLUMNS FROM `bjy_category` [ RunTime:0.0035s ]
SQL: SELECT * FROM `bjy_category` ORDER BY sort  [ RunTime:0.0003s ]
SQL: SHOW COLUMNS FROM `bjy_tag` [ RunTime:0.0028s ]
SQL: SELECT * FROM `bjy_tag`  [ RunTime:0.0002s ]
SQL: SHOW COLUMNS FROM `bjy_link` [ RunTime:0.0028s ]
SQL: SELECT * FROM `bjy_link` WHERE `is_delete` = 0 AND `is_show` = 1 ORDER BY sort  [ RunTime:0.0003s ]
SQL: SHOW COLUMNS FROM `bjy_article` [ RunTime:0.0032s ]
SQL: SELECT COUNT(*) AS tp_count FROM `bjy_article` WHERE `is_delete` = 0 AND `is_show` = 1 LIMIT 1   [ RunTime:0.0003s ]
SQL: SELECT * FROM `bjy_article` WHERE `is_delete` = 0 AND `is_show` = 1 ORDER BY addtime desc LIMIT 0,10   [ RunTime:0.0003s ]
SQL: SHOW COLUMNS FROM `bjy_article_tag` [ RunTime:0.0028s ]
SQL: SHOW COLUMNS FROM `bjy_article_tag` [ RunTime:0.0030s ]
SQL: SELECT * FROM `bjy_article_tag` INNER JOIN bjy_tag ON bjy_article_tag.tid=bjy_tag.tid  WHERE ( aid=17 )  [ RunTime:0.0003s ]
SQL: SHOW COLUMNS FROM `bjy_article_pic` [ RunTime:0.0028s ]
SQL: SELECT `path` FROM `bjy_article_pic` WHERE ( aid=17 ) ORDER BY ap_id asc LIMIT 1   [ RunTime:0.0002s ]
SQL: SELECT `cid`,`cid`,`cname` FROM `bjy_category` WHERE ( cid=28 )  [ RunTime:0.0002s ]
INFO: [ view_parse ] --START--
INFO: [ template_filter ] --START--
INFO: Run Behavior\ContentReplaceBehavior [ RunTime:0.000159s ]
INFO: [ template_filter ] --END-- [ RunTime:0.000288s ]
NOTIC: [8] Undefined index: cid E:\tongbu\wamp\www\Runtime\Cache\Home\08d30c77e78bd0ac29232fbc421b5dcd.php 第 64 行.
NOTIC: [8] Undefined variable: article E:\tongbu\wamp\www\Runtime\Cache\Home\08d30c77e78bd0ac29232fbc421b5dcd.php 第 64 行.
SQL: SHOW COLUMNS FROM `bjy_article` [ RunTime:0.0032s ]
SQL: SELECT `aid`,`title` FROM `bjy_article` WHERE ( is_show=1 and is_delete=0 and is_top=1 ) LIMIT 10   [ RunTime:0.0003s ]
NOTIC: [2] Invalid argument supplied for foreach() E:\tongbu\wamp\www\Runtime\Cache\Home\08d30c77e78bd0ac29232fbc421b5dcd.php 第 149 行.
NOTIC: [8] Use of undefined constant url - assumed 'url' E:\tongbu\wamp\www\Runtime\Cache\Home\08d30c77e78bd0ac29232fbc421b5dcd.php 第 161 行.
INFO: Run Behavior\ParseTemplateBehavior [ RunTime:0.029383s ]
INFO: [ view_parse ] --END-- [ RunTime:0.029484s ]
INFO: [ view_filter ] --START--
INFO: Run Behavior\WriteHtmlCacheBehavior [ RunTime:0.000561s ]
INFO: [ view_filter ] --END-- [ RunTime:0.000659s ]
INFO: [ app_end ] --START--
INFO: Run Behavior\ShowPageTraceBehavior [ RunTime:0.000702s ]
INFO: [ app_end ] --END-- [ RunTime:0.000800s ]

[ 2015-06-17T23:53:34+08:00 ] ::1 /
INFO: [ app_init ] --START--
INFO: Run Behavior\BuildLiteBehavior [ RunTime:0.000048s ]
INFO: [ app_init ] --END-- [ RunTime:0.000896s ]
INFO: [ app_begin ] --START--
INFO: Run Behavior\ReadHtmlCacheBehavior [ RunTime:0.000644s ]
INFO: [ app_begin ] --END-- [ RunTime:0.000775s ]
SQL: SHOW COLUMNS FROM `bjy_category` [ RunTime:0.0033s ]
SQL: SELECT * FROM `bjy_category` ORDER BY sort  [ RunTime:0.0003s ]
SQL: SHOW COLUMNS FROM `bjy_tag` [ RunTime:0.0028s ]
SQL: SELECT * FROM `bjy_tag`  [ RunTime:0.0002s ]
SQL: SHOW COLUMNS FROM `bjy_link` [ RunTime:0.0029s ]
SQL: SELECT * FROM `bjy_link` WHERE `is_delete` = 0 AND `is_show` = 1 ORDER BY sort  [ RunTime:0.0003s ]
SQL: SHOW COLUMNS FROM `bjy_article` [ RunTime:0.0034s ]
SQL: SELECT COUNT(*) AS tp_count FROM `bjy_article` WHERE `is_delete` = 0 AND `is_show` = 1 LIMIT 1   [ RunTime:0.0003s ]
SQL: SELECT * FROM `bjy_article` WHERE `is_delete` = 0 AND `is_show` = 1 ORDER BY addtime desc LIMIT 0,10   [ RunTime:0.0003s ]
SQL: SHOW COLUMNS FROM `bjy_article_tag` [ RunTime:0.0027s ]
SQL: SHOW COLUMNS FROM `bjy_article_tag` [ RunTime:0.0026s ]
SQL: SELECT * FROM `bjy_article_tag` INNER JOIN bjy_tag ON bjy_article_tag.tid=bjy_tag.tid  WHERE ( aid=17 )  [ RunTime:0.0003s ]
SQL: SHOW COLUMNS FROM `bjy_article_pic` [ RunTime:0.0031s ]
SQL: SELECT `path` FROM `bjy_article_pic` WHERE ( aid=17 ) ORDER BY ap_id asc LIMIT 1   [ RunTime:0.0003s ]
SQL: SELECT `cid`,`cid`,`cname` FROM `bjy_category` WHERE ( cid=28 )  [ RunTime:0.0002s ]
INFO: [ view_parse ] --START--
INFO: [ template_filter ] --START--
INFO: Run Behavior\ContentReplaceBehavior [ RunTime:0.000159s ]
INFO: [ template_filter ] --END-- [ RunTime:0.000266s ]
NOTIC: [8] Undefined index: cid E:\tongbu\wamp\www\Runtime\Cache\Home\08d30c77e78bd0ac29232fbc421b5dcd.php 第 64 行.
NOTIC: [8] Undefined variable: article E:\tongbu\wamp\www\Runtime\Cache\Home\08d30c77e78bd0ac29232fbc421b5dcd.php 第 64 行.
SQL: SHOW COLUMNS FROM `bjy_article` [ RunTime:0.0034s ]
SQL: SELECT `aid`,`title` FROM `bjy_article` WHERE ( is_show=1 and is_delete=0 and is_top=1 ) LIMIT 10   [ RunTime:0.0003s ]
NOTIC: [2] Invalid argument supplied for foreach() E:\tongbu\wamp\www\Runtime\Cache\Home\08d30c77e78bd0ac29232fbc421b5dcd.php 第 149 行.
NOTIC: [8] Use of undefined constant url - assumed 'url' E:\tongbu\wamp\www\Runtime\Cache\Home\08d30c77e78bd0ac29232fbc421b5dcd.php 第 161 行.
INFO: Run Behavior\ParseTemplateBehavior [ RunTime:0.028395s ]
INFO: [ view_parse ] --END-- [ RunTime:0.028494s ]
INFO: [ view_filter ] --START--
INFO: Run Behavior\WriteHtmlCacheBehavior [ RunTime:0.000589s ]
INFO: [ view_filter ] --END-- [ RunTime:0.000700s ]
INFO: [ app_end ] --START--
INFO: Run Behavior\ShowPageTraceBehavior [ RunTime:0.000690s ]
INFO: [ app_end ] --END-- [ RunTime:0.000804s ]

[ 2015-06-17T23:54:08+08:00 ] ::1 /
INFO: [ app_init ] --START--
INFO: Run Behavior\BuildLiteBehavior [ RunTime:0.000026s ]
INFO: [ app_init ] --END-- [ RunTime:0.000642s ]
INFO: [ app_begin ] --START--
INFO: Run Behavior\ReadHtmlCacheBehavior [ RunTime:0.000851s ]
INFO: [ app_begin ] --END-- [ RunTime:0.001047s ]
SQL: SHOW COLUMNS FROM `bjy_category` [ RunTime:0.0045s ]
SQL: SELECT * FROM `bjy_category` ORDER BY sort  [ RunTime:0.0004s ]
SQL: SHOW COLUMNS FROM `bjy_tag` [ RunTime:0.0036s ]
SQL: SELECT * FROM `bjy_tag`  [ RunTime:0.0003s ]
SQL: SHOW COLUMNS FROM `bjy_link` [ RunTime:0.0032s ]
SQL: SELECT * FROM `bjy_link` WHERE `is_delete` = 0 AND `is_show` = 1 ORDER BY sort  [ RunTime:0.0003s ]
SQL: SHOW COLUMNS FROM `bjy_article` [ RunTime:0.0034s ]
SQL: SELECT COUNT(*) AS tp_count FROM `bjy_article` WHERE `is_delete` = 0 AND `is_show` = 1 LIMIT 1   [ RunTime:0.0003s ]
SQL: SELECT * FROM `bjy_article` WHERE `is_delete` = 0 AND `is_show` = 1 ORDER BY addtime desc LIMIT 0,10   [ RunTime:0.0004s ]
SQL: SHOW COLUMNS FROM `bjy_article_tag` [ RunTime:0.0038s ]
SQL: SHOW COLUMNS FROM `bjy_article_tag` [ RunTime:0.0040s ]
SQL: SELECT * FROM `bjy_article_tag` INNER JOIN bjy_tag ON bjy_article_tag.tid=bjy_tag.tid  WHERE ( aid=17 )  [ RunTime:0.0004s ]
SQL: SHOW COLUMNS FROM `bjy_article_pic` [ RunTime:0.0041s ]
SQL: SELECT `path` FROM `bjy_article_pic` WHERE ( aid=17 ) ORDER BY ap_id asc LIMIT 1   [ RunTime:0.0003s ]
SQL: SELECT `cid`,`cid`,`cname` FROM `bjy_category` WHERE ( cid=28 )  [ RunTime:0.0003s ]
INFO: [ view_parse ] --START--
INFO: [ template_filter ] --START--
INFO: Run Behavior\ContentReplaceBehavior [ RunTime:0.000472s ]
INFO: [ template_filter ] --END-- [ RunTime:0.000734s ]
NOTIC: [8] Undefined index: cid E:\tongbu\wamp\www\Runtime\Cache\Home\08d30c77e78bd0ac29232fbc421b5dcd.php 第 64 行.
NOTIC: [8] Undefined variable: article E:\tongbu\wamp\www\Runtime\Cache\Home\08d30c77e78bd0ac29232fbc421b5dcd.php 第 64 行.
SQL: SHOW COLUMNS FROM `bjy_article` [ RunTime:0.0044s ]
SQL: SELECT `aid`,`title` FROM `bjy_article` WHERE ( is_show=1 and is_delete=0 and is_top=1 ) LIMIT 10   [ RunTime:0.0004s ]
NOTIC: [2] Invalid argument supplied for foreach() E:\tongbu\wamp\www\Runtime\Cache\Home\08d30c77e78bd0ac29232fbc421b5dcd.php 第 149 行.
NOTIC: [8] Use of undefined constant url - assumed 'url' E:\tongbu\wamp\www\Runtime\Cache\Home\08d30c77e78bd0ac29232fbc421b5dcd.php 第 161 行.
INFO: Run Behavior\ParseTemplateBehavior [ RunTime:0.045858s ]
INFO: [ view_parse ] --END-- [ RunTime:0.046025s ]
INFO: [ view_filter ] --START--
INFO: Run Behavior\WriteHtmlCacheBehavior [ RunTime:0.000643s ]
INFO: [ view_filter ] --END-- [ RunTime:0.000812s ]
INFO: [ app_end ] --START--
INFO: Run Behavior\ShowPageTraceBehavior [ RunTime:0.000867s ]
INFO: [ app_end ] --END-- [ RunTime:0.001003s ]

[ 2015-06-17T23:54:21+08:00 ] ::1 /
INFO: [ app_init ] --START--
INFO: Run Behavior\BuildLiteBehavior [ RunTime:0.000027s ]
INFO: [ app_init ] --END-- [ RunTime:0.000607s ]
INFO: [ app_begin ] --START--
INFO: Run Behavior\ReadHtmlCacheBehavior [ RunTime:0.000650s ]
INFO: [ app_begin ] --END-- [ RunTime:0.000846s ]
SQL: SHOW COLUMNS FROM `bjy_category` [ RunTime:0.0038s ]
SQL: SELECT * FROM `bjy_category` ORDER BY sort  [ RunTime:0.0003s ]
SQL: SHOW COLUMNS FROM `bjy_tag` [ RunTime:0.0029s ]
SQL: SELECT * FROM `bjy_tag`  [ RunTime:0.0002s ]
SQL: SHOW COLUMNS FROM `bjy_link` [ RunTime:0.0029s ]
SQL: SELECT * FROM `bjy_link` WHERE `is_delete` = 0 AND `is_show` = 1 ORDER BY sort  [ RunTime:0.0003s ]
SQL: SHOW COLUMNS FROM `bjy_article` [ RunTime:0.0033s ]
SQL: SELECT COUNT(*) AS tp_count FROM `bjy_article` WHERE `is_delete` = 0 AND `is_show` = 1 LIMIT 1   [ RunTime:0.0003s ]
SQL: SELECT * FROM `bjy_article` WHERE `is_delete` = 0 AND `is_show` = 1 ORDER BY addtime desc LIMIT 0,10   [ RunTime:0.0003s ]
SQL: SHOW COLUMNS FROM `bjy_article_tag` [ RunTime:0.0027s ]
SQL: SHOW COLUMNS FROM `bjy_article_tag` [ RunTime:0.0025s ]
SQL: SELECT * FROM `bjy_article_tag` INNER JOIN bjy_tag ON bjy_article_tag.tid=bjy_tag.tid  WHERE ( aid=17 )  [ RunTime:0.0003s ]
SQL: SHOW COLUMNS FROM `bjy_article_pic` [ RunTime:0.0028s ]
SQL: SELECT `path` FROM `bjy_article_pic` WHERE ( aid=17 ) ORDER BY ap_id asc LIMIT 1   [ RunTime:0.0003s ]
SQL: SELECT `cid`,`cid`,`cname` FROM `bjy_category` WHERE ( cid=28 )  [ RunTime:0.0002s ]
INFO: [ view_parse ] --START--
INFO: [ template_filter ] --START--
INFO: Run Behavior\ContentReplaceBehavior [ RunTime:0.000175s ]
INFO: [ template_filter ] --END-- [ RunTime:0.000302s ]
NOTIC: [8] Undefined index: cid E:\tongbu\wamp\www\Runtime\Cache\Home\08d30c77e78bd0ac29232fbc421b5dcd.php 第 64 行.
NOTIC: [8] Undefined variable: article E:\tongbu\wamp\www\Runtime\Cache\Home\08d30c77e78bd0ac29232fbc421b5dcd.php 第 64 行.
SQL: SHOW COLUMNS FROM `bjy_article` [ RunTime:0.0031s ]
SQL: SELECT `aid`,`title` FROM `bjy_article` WHERE ( is_show=1 and is_delete=0 and is_top=1 ) LIMIT 10   [ RunTime:0.0003s ]
NOTIC: [2] Invalid argument supplied for foreach() E:\tongbu\wamp\www\Runtime\Cache\Home\08d30c77e78bd0ac29232fbc421b5dcd.php 第 149 行.
NOTIC: [8] Use of undefined constant url - assumed 'url' E:\tongbu\wamp\www\Runtime\Cache\Home\08d30c77e78bd0ac29232fbc421b5dcd.php 第 161 行.
INFO: Run Behavior\ParseTemplateBehavior [ RunTime:0.029957s ]
INFO: [ view_parse ] --END-- [ RunTime:0.030112s ]
INFO: [ view_filter ] --START--
INFO: Run Behavior\WriteHtmlCacheBehavior [ RunTime:0.000587s ]
INFO: [ view_filter ] --END-- [ RunTime:0.000701s ]
INFO: [ app_end ] --START--
INFO: Run Behavior\ShowPageTraceBehavior [ RunTime:0.000752s ]
INFO: [ app_end ] --END-- [ RunTime:0.000850s ]

[ 2015-06-17T23:54:28+08:00 ] ::1 /
INFO: [ app_init ] --START--
INFO: Run Behavior\BuildLiteBehavior [ RunTime:0.000025s ]
INFO: [ app_init ] --END-- [ RunTime:0.000497s ]
INFO: [ app_begin ] --START--
INFO: Run Behavior\ReadHtmlCacheBehavior [ RunTime:0.001897s ]
INFO: [ app_begin ] --END-- [ RunTime:0.002115s ]
SQL: SHOW COLUMNS FROM `bjy_category` [ RunTime:0.0032s ]
SQL: SELECT * FROM `bjy_category` ORDER BY sort  [ RunTime:0.0003s ]
SQL: SHOW COLUMNS FROM `bjy_tag` [ RunTime:0.0029s ]
SQL: SELECT * FROM `bjy_tag`  [ RunTime:0.0003s ]
SQL: SHOW COLUMNS FROM `bjy_link` [ RunTime:0.0034s ]
SQL: SELECT * FROM `bjy_link` WHERE `is_delete` = 0 AND `is_show` = 1 ORDER BY sort  [ RunTime:0.0004s ]
SQL: SHOW COLUMNS FROM `bjy_article` [ RunTime:0.0032s ]
SQL: SELECT COUNT(*) AS tp_count FROM `bjy_article` WHERE `is_delete` = 0 AND `is_show` = 1 LIMIT 1   [ RunTime:0.0003s ]
SQL: SELECT * FROM `bjy_article` WHERE `is_delete` = 0 AND `is_show` = 1 ORDER BY addtime desc LIMIT 0,10   [ RunTime:0.0003s ]
SQL: SHOW COLUMNS FROM `bjy_article_tag` [ RunTime:0.0032s ]
SQL: SHOW COLUMNS FROM `bjy_article_tag` [ RunTime:0.0027s ]
SQL: SELECT * FROM `bjy_article_tag` INNER JOIN bjy_tag ON bjy_article_tag.tid=bjy_tag.tid  WHERE ( aid=17 )  [ RunTime:0.0004s ]
SQL: SHOW COLUMNS FROM `bjy_article_pic` [ RunTime:0.0028s ]
SQL: SELECT `path` FROM `bjy_article_pic` WHERE ( aid=17 ) ORDER BY ap_id asc LIMIT 1   [ RunTime:0.0002s ]
SQL: SELECT `cid`,`cid`,`cname` FROM `bjy_category` WHERE ( cid=28 )  [ RunTime:0.0002s ]
INFO: [ view_parse ] --START--
INFO: [ template_filter ] --START--
INFO: Run Behavior\ContentReplaceBehavior [ RunTime:0.000190s ]
INFO: [ template_filter ] --END-- [ RunTime:0.000298s ]
NOTIC: [8] Undefined index: cid E:\tongbu\wamp\www\Runtime\Cache\Home\08d30c77e78bd0ac29232fbc421b5dcd.php 第 64 行.
NOTIC: [8] Undefined variable: article E:\tongbu\wamp\www\Runtime\Cache\Home\08d30c77e78bd0ac29232fbc421b5dcd.php 第 64 行.
SQL: SHOW COLUMNS FROM `bjy_article` [ RunTime:0.0039s ]
SQL: SELECT `aid`,`title` FROM `bjy_article` WHERE ( is_show=1 and is_delete=0 and is_top=1 ) LIMIT 10   [ RunTime:0.0004s ]
NOTIC: [2] Invalid argument supplied for foreach() E:\tongbu\wamp\www\Runtime\Cache\Home\08d30c77e78bd0ac29232fbc421b5dcd.php 第 149 行.
NOTIC: [8] Use of undefined constant url - assumed 'url' E:\tongbu\wamp\www\Runtime\Cache\Home\08d30c77e78bd0ac29232fbc421b5dcd.php 第 161 行.
INFO: Run Behavior\ParseTemplateBehavior [ RunTime:0.029602s ]
INFO: [ view_parse ] --END-- [ RunTime:0.029728s ]
INFO: [ view_filter ] --START--
INFO: Run Behavior\WriteHtmlCacheBehavior [ RunTime:0.000578s ]
INFO: [ view_filter ] --END-- [ RunTime:0.000675s ]
INFO: [ app_end ] --START--
INFO: Run Behavior\ShowPageTraceBehavior [ RunTime:0.000736s ]
INFO: [ app_end ] --END-- [ RunTime:0.000842s ]

