[ 2015-04-13T00:19:54+08:00 ] ::1 /
INFO: [ app_init ] --START--
INFO: Run Behavior\BuildLiteBehavior [ RunTime:0.000033s ]
INFO: [ app_init ] --END-- [ RunTime:0.062335s ]
INFO: [ app_begin ] --START--
INFO: Run Behavior\ReadHtmlCacheBehavior [ RunTime:0.022061s ]
INFO: [ app_begin ] --END-- [ RunTime:0.022256s ]
SQL: SHOW COLUMNS FROM `bjy_category` [ RunTime:0.1332s ]
SQL: SELECT * FROM `bjy_category` ORDER BY sort  [ RunTime:0.0003s ]
SQL: SHOW COLUMNS FROM `bjy_tag` [ RunTime:0.0050s ]
SQL: SELECT * FROM `bjy_tag`  [ RunTime:0.0003s ]
SQL: SHOW COLUMNS FROM `bjy_article` [ RunTime:0.0086s ]
NOTIC: [8] Undefined variable: page E:\tongbu\wamp\www\Application\Common\Model\ArticleModel.class.php 第 116 行.
NOTIC: [8] Trying to get property of non-object E:\tongbu\wamp\www\Application\Common\Model\ArticleModel.class.php 第 116 行.
NOTIC: [8] Undefined variable: page E:\tongbu\wamp\www\Application\Common\Model\ArticleModel.class.php 第 116 行.
NOTIC: [8] Trying to get property of non-object E:\tongbu\wamp\www\Application\Common\Model\ArticleModel.class.php 第 116 行.
SQL: SELECT * FROM `bjy_article` WHERE `is_delete` = 0 ORDER BY addtime  [ RunTime:0.0005s ]
SQL: SHOW COLUMNS FROM `bjy_article_tag` [ RunTime:0.0031s ]
SQL: SHOW COLUMNS FROM `bjy_article_tag` [ RunTime:0.0046s ]
SQL: SELECT `aid`,`tname` FROM `bjy_article_tag` INNER JOIN bjy_tag ON bjy_article_tag.tid=bjy_tag.tid  WHERE ( aid=8 )  [ RunTime:0.0298s ]
SQL: SHOW COLUMNS FROM `bjy_article_pic` [ RunTime:0.0047s ]
SQL: SELECT `path` FROM `bjy_article_pic` WHERE ( aid=8 ) ORDER BY ap_id asc LIMIT 1   [ RunTime:0.0003s ]
SQL: SELECT `cid`,`cid`,`cname` FROM `bjy_category` WHERE ( cid=26 )  [ RunTime:0.0106s ]
INFO: [ view_parse ] --START--
INFO: [ template_filter ] --START--
INFO: Run Behavior\ContentReplaceBehavior [ RunTime:0.000186s ]
INFO: [ template_filter ] --END-- [ RunTime:0.000385s ]
NOTIC: [8] Undefined index: cid E:\tongbu\wamp\www\Runtime\Cache\Home\08d30c77e78bd0ac29232fbc421b5dcd.php 第 41 行.
NOTIC: [8] Undefined index: tid E:\tongbu\wamp\www\Runtime\Cache\Home\08d30c77e78bd0ac29232fbc421b5dcd.php 第 73 行.
INFO: Run Behavior\ParseTemplateBehavior [ RunTime:0.262872s ]
INFO: [ view_parse ] --END-- [ RunTime:0.262995s ]
INFO: [ view_filter ] --START--
INFO: Run Behavior\WriteHtmlCacheBehavior [ RunTime:0.024024s ]
INFO: [ view_filter ] --END-- [ RunTime:0.024138s ]
INFO: [ app_end ] --START--
INFO: Run Behavior\ShowPageTraceBehavior [ RunTime:0.018599s ]
INFO: [ app_end ] --END-- [ RunTime:0.018755s ]

[ 2015-04-13T00:19:54+08:00 ] ::1 /
INFO: [ app_init ] --START--
INFO: Run Behavior\BuildLiteBehavior [ RunTime:0.000024s ]
INFO: [ app_init ] --END-- [ RunTime:0.000476s ]
INFO: [ app_begin ] --START--
INFO: Run Behavior\ReadHtmlCacheBehavior [ RunTime:0.000836s ]
INFO: [ app_begin ] --END-- [ RunTime:0.000978s ]
SQL: SHOW COLUMNS FROM `bjy_category` [ RunTime:0.0285s ]
SQL: SELECT * FROM `bjy_category` ORDER BY sort  [ RunTime:0.0417s ]
SQL: SHOW COLUMNS FROM `bjy_tag` [ RunTime:0.0047s ]
SQL: SELECT * FROM `bjy_tag`  [ RunTime:0.0003s ]
SQL: SHOW COLUMNS FROM `bjy_article` [ RunTime:0.0035s ]
NOTIC: [8] Undefined variable: page E:\tongbu\wamp\www\Application\Common\Model\ArticleModel.class.php 第 116 行.
NOTIC: [8] Trying to get property of non-object E:\tongbu\wamp\www\Application\Common\Model\ArticleModel.class.php 第 116 行.
NOTIC: [8] Undefined variable: page E:\tongbu\wamp\www\Application\Common\Model\ArticleModel.class.php 第 116 行.
NOTIC: [8] Trying to get property of non-object E:\tongbu\wamp\www\Application\Common\Model\ArticleModel.class.php 第 116 行.
SQL: SELECT * FROM `bjy_article` WHERE `is_delete` = 0 ORDER BY addtime  [ RunTime:0.0087s ]
SQL: SHOW COLUMNS FROM `bjy_article_tag` [ RunTime:0.0042s ]
SQL: SHOW COLUMNS FROM `bjy_article_tag` [ RunTime:0.0297s ]
SQL: SELECT `aid`,`tname` FROM `bjy_article_tag` INNER JOIN bjy_tag ON bjy_article_tag.tid=bjy_tag.tid  WHERE ( aid=8 )  [ RunTime:0.0003s ]
SQL: SHOW COLUMNS FROM `bjy_article_pic` [ RunTime:0.0049s ]
SQL: SELECT `path` FROM `bjy_article_pic` WHERE ( aid=8 ) ORDER BY ap_id asc LIMIT 1   [ RunTime:0.0002s ]
SQL: SELECT `cid`,`cid`,`cname` FROM `bjy_category` WHERE ( cid=26 )  [ RunTime:0.0104s ]
INFO: [ view_parse ] --START--
INFO: [ template_filter ] --START--
INFO: Run Behavior\ContentReplaceBehavior [ RunTime:0.000217s ]
INFO: [ template_filter ] --END-- [ RunTime:0.000430s ]
NOTIC: [8] Undefined index: cid E:\tongbu\wamp\www\Runtime\Cache\Home\08d30c77e78bd0ac29232fbc421b5dcd.php 第 41 行.
NOTIC: [8] Undefined index: tid E:\tongbu\wamp\www\Runtime\Cache\Home\08d30c77e78bd0ac29232fbc421b5dcd.php 第 73 行.
INFO: Run Behavior\ParseTemplateBehavior [ RunTime:0.262909s ]
INFO: [ view_parse ] --END-- [ RunTime:0.263034s ]
INFO: [ view_filter ] --START--
INFO: Run Behavior\WriteHtmlCacheBehavior [ RunTime:0.023983s ]
INFO: [ view_filter ] --END-- [ RunTime:0.024096s ]
INFO: [ app_end ] --START--
INFO: Run Behavior\ShowPageTraceBehavior [ RunTime:0.017613s ]
INFO: [ app_end ] --END-- [ RunTime:0.017772s ]

[ 2015-04-13T00:21:26+08:00 ] ::1 /
INFO: [ app_init ] --START--
INFO: Run Behavior\BuildLiteBehavior [ RunTime:0.000028s ]
INFO: [ app_init ] --END-- [ RunTime:0.000618s ]
INFO: [ app_begin ] --START--
INFO: Run Behavior\ReadHtmlCacheBehavior [ RunTime:0.000769s ]
INFO: [ app_begin ] --END-- [ RunTime:0.000955s ]
SQL: SHOW COLUMNS FROM `bjy_category` [ RunTime:0.0043s ]
SQL: SELECT * FROM `bjy_category` ORDER BY sort  [ RunTime:0.0004s ]
SQL: SHOW COLUMNS FROM `bjy_tag` [ RunTime:0.0042s ]
SQL: SELECT * FROM `bjy_tag`  [ RunTime:0.0003s ]
SQL: SHOW COLUMNS FROM `bjy_article` [ RunTime:0.0057s ]
NOTIC: [8] Undefined variable: page E:\tongbu\wamp\www\Application\Common\Model\ArticleModel.class.php 第 116 行.
NOTIC: [8] Trying to get property of non-object E:\tongbu\wamp\www\Application\Common\Model\ArticleModel.class.php 第 116 行.
NOTIC: [8] Undefined variable: page E:\tongbu\wamp\www\Application\Common\Model\ArticleModel.class.php 第 116 行.
NOTIC: [8] Trying to get property of non-object E:\tongbu\wamp\www\Application\Common\Model\ArticleModel.class.php 第 116 行.
SQL: SELECT * FROM `bjy_article` WHERE `is_delete` = 0 ORDER BY addtime  [ RunTime:0.0004s ]
SQL: SHOW COLUMNS FROM `bjy_article_tag` [ RunTime:0.0038s ]
SQL: SHOW COLUMNS FROM `bjy_article_tag` [ RunTime:0.0033s ]
SQL: SELECT `aid`,`tname` FROM `bjy_article_tag` INNER JOIN bjy_tag ON bjy_article_tag.tid=bjy_tag.tid  WHERE ( aid=8 )  [ RunTime:0.0003s ]
SQL: SHOW COLUMNS FROM `bjy_article_pic` [ RunTime:0.0032s ]
SQL: SELECT `path` FROM `bjy_article_pic` WHERE ( aid=8 ) ORDER BY ap_id asc LIMIT 1   [ RunTime:0.0276s ]
SQL: SELECT `cid`,`cid`,`cname` FROM `bjy_category` WHERE ( cid=26 )  [ RunTime:0.0003s ]
INFO: [ view_parse ] --START--
INFO: [ template_filter ] --START--
INFO: Run Behavior\ContentReplaceBehavior [ RunTime:0.000188s ]
INFO: [ template_filter ] --END-- [ RunTime:0.000394s ]
NOTIC: [8] Undefined index: cid E:\tongbu\wamp\www\Runtime\Cache\Home\08d30c77e78bd0ac29232fbc421b5dcd.php 第 41 行.
NOTIC: [8] Undefined index: tid E:\tongbu\wamp\www\Runtime\Cache\Home\08d30c77e78bd0ac29232fbc421b5dcd.php 第 74 行.
INFO: Run Behavior\ParseTemplateBehavior [ RunTime:0.028430s ]
INFO: [ view_parse ] --END-- [ RunTime:0.028560s ]
INFO: [ view_filter ] --START--
INFO: Run Behavior\WriteHtmlCacheBehavior [ RunTime:0.000432s ]
INFO: [ view_filter ] --END-- [ RunTime:0.000525s ]
INFO: [ app_end ] --START--
INFO: Run Behavior\ShowPageTraceBehavior [ RunTime:0.000618s ]
INFO: [ app_end ] --END-- [ RunTime:0.000714s ]

[ 2015-04-13T00:21:59+08:00 ] ::1 /
INFO: [ app_init ] --START--
INFO: Run Behavior\BuildLiteBehavior [ RunTime:0.000025s ]
INFO: [ app_init ] --END-- [ RunTime:0.000526s ]
INFO: [ app_begin ] --START--
INFO: Run Behavior\ReadHtmlCacheBehavior [ RunTime:0.000559s ]
INFO: [ app_begin ] --END-- [ RunTime:0.000666s ]
SQL: SHOW COLUMNS FROM `bjy_category` [ RunTime:0.0032s ]
SQL: SELECT * FROM `bjy_category` ORDER BY sort  [ RunTime:0.0004s ]
SQL: SHOW COLUMNS FROM `bjy_tag` [ RunTime:0.0039s ]
SQL: SELECT * FROM `bjy_tag`  [ RunTime:0.0003s ]
SQL: SHOW COLUMNS FROM `bjy_article` [ RunTime:0.0033s ]
NOTIC: [8] Undefined variable: page E:\tongbu\wamp\www\Application\Common\Model\ArticleModel.class.php 第 116 行.
NOTIC: [8] Trying to get property of non-object E:\tongbu\wamp\www\Application\Common\Model\ArticleModel.class.php 第 116 行.
NOTIC: [8] Undefined variable: page E:\tongbu\wamp\www\Application\Common\Model\ArticleModel.class.php 第 116 行.
NOTIC: [8] Trying to get property of non-object E:\tongbu\wamp\www\Application\Common\Model\ArticleModel.class.php 第 116 行.
SQL: SELECT * FROM `bjy_article` WHERE `is_delete` = 0 ORDER BY addtime  [ RunTime:0.0003s ]
SQL: SHOW COLUMNS FROM `bjy_article_tag` [ RunTime:0.0049s ]
SQL: SHOW COLUMNS FROM `bjy_article_tag` [ RunTime:0.0035s ]
SQL: SELECT `aid`,`tname` FROM `bjy_article_tag` INNER JOIN bjy_tag ON bjy_article_tag.tid=bjy_tag.tid  WHERE ( aid=8 )  [ RunTime:0.0003s ]
SQL: SHOW COLUMNS FROM `bjy_article_pic` [ RunTime:0.0032s ]
SQL: SELECT `path` FROM `bjy_article_pic` WHERE ( aid=8 ) ORDER BY ap_id asc LIMIT 1   [ RunTime:0.0003s ]
SQL: SELECT `cid`,`cid`,`cname` FROM `bjy_category` WHERE ( cid=26 )  [ RunTime:0.0002s ]
INFO: [ view_parse ] --START--
INFO: [ template_filter ] --START--
INFO: Run Behavior\ContentReplaceBehavior [ RunTime:0.000123s ]
INFO: [ template_filter ] --END-- [ RunTime:0.000235s ]
NOTIC: [8] Undefined index: cid E:\tongbu\wamp\www\Runtime\Cache\Home\08d30c77e78bd0ac29232fbc421b5dcd.php 第 41 行.
NOTIC: [8] Undefined index: tid E:\tongbu\wamp\www\Runtime\Cache\Home\08d30c77e78bd0ac29232fbc421b5dcd.php 第 74 行.
INFO: Run Behavior\ParseTemplateBehavior [ RunTime:0.019676s ]
INFO: [ view_parse ] --END-- [ RunTime:0.019792s ]
INFO: [ view_filter ] --START--
INFO: Run Behavior\WriteHtmlCacheBehavior [ RunTime:0.000450s ]
INFO: [ view_filter ] --END-- [ RunTime:0.000558s ]
INFO: [ app_end ] --START--
INFO: Run Behavior\ShowPageTraceBehavior [ RunTime:0.000632s ]
INFO: [ app_end ] --END-- [ RunTime:0.000722s ]

[ 2015-04-13T00:23:34+08:00 ] ::1 /
INFO: [ app_init ] --START--
INFO: Run Behavior\BuildLiteBehavior [ RunTime:0.000025s ]
INFO: [ app_init ] --END-- [ RunTime:0.000541s ]
INFO: [ app_begin ] --START--
INFO: Run Behavior\ReadHtmlCacheBehavior [ RunTime:0.000849s ]
INFO: [ app_begin ] --END-- [ RunTime:0.000980s ]
SQL: SHOW COLUMNS FROM `bjy_category` [ RunTime:0.0033s ]
SQL: SELECT * FROM `bjy_category` ORDER BY sort  [ RunTime:0.0004s ]
SQL: SHOW COLUMNS FROM `bjy_tag` [ RunTime:0.0038s ]
SQL: SELECT * FROM `bjy_tag`  [ RunTime:0.0004s ]
SQL: SHOW COLUMNS FROM `bjy_article` [ RunTime:0.0037s ]
NOTIC: [8] Undefined variable: page E:\tongbu\wamp\www\Application\Common\Model\ArticleModel.class.php 第 116 行.
NOTIC: [8] Trying to get property of non-object E:\tongbu\wamp\www\Application\Common\Model\ArticleModel.class.php 第 116 行.
NOTIC: [8] Undefined variable: page E:\tongbu\wamp\www\Application\Common\Model\ArticleModel.class.php 第 116 行.
NOTIC: [8] Trying to get property of non-object E:\tongbu\wamp\www\Application\Common\Model\ArticleModel.class.php 第 116 行.
SQL: SELECT * FROM `bjy_article` WHERE `is_delete` = 0 ORDER BY addtime  [ RunTime:0.0004s ]
SQL: SHOW COLUMNS FROM `bjy_article_tag` [ RunTime:0.0032s ]
SQL: SHOW COLUMNS FROM `bjy_article_tag` [ RunTime:0.0029s ]
SQL: SELECT `aid`,`tname` FROM `bjy_article_tag` INNER JOIN bjy_tag ON bjy_article_tag.tid=bjy_tag.tid  WHERE ( aid=8 )  [ RunTime:0.0003s ]
SQL: SHOW COLUMNS FROM `bjy_article_pic` [ RunTime:0.0037s ]
SQL: SELECT `path` FROM `bjy_article_pic` WHERE ( aid=8 ) ORDER BY ap_id asc LIMIT 1   [ RunTime:0.0002s ]
SQL: SELECT `cid`,`cid`,`cname` FROM `bjy_category` WHERE ( cid=26 )  [ RunTime:0.0002s ]
INFO: [ view_parse ] --START--
INFO: [ template_filter ] --START--
INFO: Run Behavior\ContentReplaceBehavior [ RunTime:0.000109s ]
INFO: [ template_filter ] --END-- [ RunTime:0.000229s ]
NOTIC: [8] Undefined index: cid E:\tongbu\wamp\www\Runtime\Cache\Home\08d30c77e78bd0ac29232fbc421b5dcd.php 第 41 行.
NOTIC: [8] Undefined variable: n E:\tongbu\wamp\www\Runtime\Cache\Home\08d30c77e78bd0ac29232fbc421b5dcd.php 第 71 行.
NOTIC: [8] Undefined index: tid E:\tongbu\wamp\www\Runtime\Cache\Home\08d30c77e78bd0ac29232fbc421b5dcd.php 第 74 行.
INFO: Run Behavior\ParseTemplateBehavior [ RunTime:0.026017s ]
INFO: [ view_parse ] --END-- [ RunTime:0.026139s ]
INFO: [ view_filter ] --START--
INFO: Run Behavior\WriteHtmlCacheBehavior [ RunTime:0.000487s ]
INFO: [ view_filter ] --END-- [ RunTime:0.000584s ]
INFO: [ app_end ] --START--
INFO: Run Behavior\ShowPageTraceBehavior [ RunTime:0.000735s ]
INFO: [ app_end ] --END-- [ RunTime:0.000844s ]

[ 2015-04-13T00:23:59+08:00 ] ::1 /index.php/Home/Index/category/cid/26
INFO: [ app_init ] --START--
INFO: Run Behavior\BuildLiteBehavior [ RunTime:0.000026s ]
INFO: [ app_init ] --END-- [ RunTime:0.000624s ]
INFO: [ app_begin ] --START--
INFO: Run Behavior\ReadHtmlCacheBehavior [ RunTime:0.000895s ]
INFO: [ app_begin ] --END-- [ RunTime:0.001036s ]
SQL: SHOW COLUMNS FROM `bjy_category` [ RunTime:0.0073s ]
SQL: SELECT * FROM `bjy_category` ORDER BY sort  [ RunTime:0.0005s ]
SQL: SHOW COLUMNS FROM `bjy_tag` [ RunTime:0.0034s ]
SQL: SELECT * FROM `bjy_tag`  [ RunTime:0.0003s ]
SQL: SHOW COLUMNS FROM `bjy_article` [ RunTime:0.0052s ]
NOTIC: [8] Undefined variable: page E:\tongbu\wamp\www\Application\Common\Model\ArticleModel.class.php 第 126 行.
NOTIC: [8] Trying to get property of non-object E:\tongbu\wamp\www\Application\Common\Model\ArticleModel.class.php 第 126 行.
NOTIC: [8] Undefined variable: page E:\tongbu\wamp\www\Application\Common\Model\ArticleModel.class.php 第 126 行.
NOTIC: [8] Trying to get property of non-object E:\tongbu\wamp\www\Application\Common\Model\ArticleModel.class.php 第 126 行.
SQL: SELECT * FROM `bjy_article` WHERE `cid` = 26 AND `is_delete` = 0 ORDER BY addtime  [ RunTime:0.0004s ]
SQL: SHOW COLUMNS FROM `bjy_article_tag` [ RunTime:0.0032s ]
SQL: SHOW COLUMNS FROM `bjy_article_tag` [ RunTime:0.0035s ]
SQL: SELECT `aid`,`tname` FROM `bjy_article_tag` INNER JOIN bjy_tag ON bjy_article_tag.tid=bjy_tag.tid  WHERE ( aid=8 )  [ RunTime:0.0003s ]
SQL: SHOW COLUMNS FROM `bjy_article_pic` [ RunTime:0.0052s ]
SQL: SELECT `path` FROM `bjy_article_pic` WHERE ( aid=8 ) ORDER BY ap_id asc LIMIT 1   [ RunTime:0.0003s ]
SQL: SELECT `cid`,`cid`,`cname` FROM `bjy_category` WHERE ( cid=26 )  [ RunTime:0.0003s ]
INFO: [ view_parse ] --START--
INFO: [ template_filter ] --START--
INFO: Run Behavior\ContentReplaceBehavior [ RunTime:0.000174s ]
INFO: [ template_filter ] --END-- [ RunTime:0.000379s ]
NOTIC: [8] Undefined variable: n E:\tongbu\wamp\www\Runtime\Cache\Home\8a8a1fe12e6e3b6d97a8bf2187671ba6.php 第 71 行.
NOTIC: [8] Undefined index: tid E:\tongbu\wamp\www\Runtime\Cache\Home\8a8a1fe12e6e3b6d97a8bf2187671ba6.php 第 74 行.
INFO: Run Behavior\ParseTemplateBehavior [ RunTime:0.044172s ]
INFO: [ view_parse ] --END-- [ RunTime:0.044385s ]
INFO: [ view_filter ] --START--
INFO: Run Behavior\WriteHtmlCacheBehavior [ RunTime:0.000527s ]
INFO: [ view_filter ] --END-- [ RunTime:0.000656s ]
INFO: [ app_end ] --START--
INFO: Run Behavior\ShowPageTraceBehavior [ RunTime:0.000760s ]
INFO: [ app_end ] --END-- [ RunTime:0.000898s ]

[ 2015-04-13T00:24:05+08:00 ] ::1 /index.php/Home/Index/index
INFO: [ app_init ] --START--
INFO: Run Behavior\BuildLiteBehavior [ RunTime:0.000026s ]
INFO: [ app_init ] --END-- [ RunTime:0.000451s ]
INFO: [ app_begin ] --START--
INFO: Run Behavior\ReadHtmlCacheBehavior [ RunTime:0.000603s ]
INFO: [ app_begin ] --END-- [ RunTime:0.000714s ]
SQL: SHOW COLUMNS FROM `bjy_category` [ RunTime:0.0047s ]
SQL: SELECT * FROM `bjy_category` ORDER BY sort  [ RunTime:0.0005s ]
SQL: SHOW COLUMNS FROM `bjy_tag` [ RunTime:0.0037s ]
SQL: SELECT * FROM `bjy_tag`  [ RunTime:0.0003s ]
SQL: SHOW COLUMNS FROM `bjy_article` [ RunTime:0.0039s ]
NOTIC: [8] Undefined variable: page E:\tongbu\wamp\www\Application\Common\Model\ArticleModel.class.php 第 116 行.
NOTIC: [8] Trying to get property of non-object E:\tongbu\wamp\www\Application\Common\Model\ArticleModel.class.php 第 116 行.
NOTIC: [8] Undefined variable: page E:\tongbu\wamp\www\Application\Common\Model\ArticleModel.class.php 第 116 行.
NOTIC: [8] Trying to get property of non-object E:\tongbu\wamp\www\Application\Common\Model\ArticleModel.class.php 第 116 行.
SQL: SELECT * FROM `bjy_article` WHERE `is_delete` = 0 ORDER BY addtime  [ RunTime:0.0004s ]
SQL: SHOW COLUMNS FROM `bjy_article_tag` [ RunTime:0.0049s ]
SQL: SHOW COLUMNS FROM `bjy_article_tag` [ RunTime:0.0038s ]
SQL: SELECT `aid`,`tname` FROM `bjy_article_tag` INNER JOIN bjy_tag ON bjy_article_tag.tid=bjy_tag.tid  WHERE ( aid=8 )  [ RunTime:0.0003s ]
SQL: SHOW COLUMNS FROM `bjy_article_pic` [ RunTime:0.0033s ]
SQL: SELECT `path` FROM `bjy_article_pic` WHERE ( aid=8 ) ORDER BY ap_id asc LIMIT 1   [ RunTime:0.0003s ]
SQL: SELECT `cid`,`cid`,`cname` FROM `bjy_category` WHERE ( cid=26 )  [ RunTime:0.0002s ]
INFO: [ view_parse ] --START--
INFO: [ template_filter ] --START--
INFO: Run Behavior\ContentReplaceBehavior [ RunTime:0.000238s ]
INFO: [ template_filter ] --END-- [ RunTime:0.000437s ]
NOTIC: [8] Undefined index: cid E:\tongbu\wamp\www\Runtime\Cache\Home\08d30c77e78bd0ac29232fbc421b5dcd.php 第 41 行.
NOTIC: [8] Undefined variable: n E:\tongbu\wamp\www\Runtime\Cache\Home\08d30c77e78bd0ac29232fbc421b5dcd.php 第 71 行.
NOTIC: [8] Undefined index: tid E:\tongbu\wamp\www\Runtime\Cache\Home\08d30c77e78bd0ac29232fbc421b5dcd.php 第 74 行.
INFO: Run Behavior\ParseTemplateBehavior [ RunTime:0.023426s ]
INFO: [ view_parse ] --END-- [ RunTime:0.023560s ]
INFO: [ view_filter ] --START--
INFO: Run Behavior\WriteHtmlCacheBehavior [ RunTime:0.000400s ]
INFO: [ view_filter ] --END-- [ RunTime:0.000495s ]
INFO: [ app_end ] --START--
INFO: Run Behavior\ShowPageTraceBehavior [ RunTime:0.000918s ]
INFO: [ app_end ] --END-- [ RunTime:0.001056s ]

[ 2015-04-13T00:24:24+08:00 ] ::1 /index.php/Home/Index/index
INFO: [ app_init ] --START--
INFO: Run Behavior\BuildLiteBehavior [ RunTime:0.000043s ]
INFO: [ app_init ] --END-- [ RunTime:0.001059s ]
INFO: [ app_begin ] --START--
INFO: Run Behavior\ReadHtmlCacheBehavior [ RunTime:0.000635s ]
INFO: [ app_begin ] --END-- [ RunTime:0.000795s ]
SQL: SHOW COLUMNS FROM `bjy_category` [ RunTime:0.0044s ]
SQL: SELECT * FROM `bjy_category` ORDER BY sort  [ RunTime:0.0003s ]
SQL: SHOW COLUMNS FROM `bjy_tag` [ RunTime:0.0045s ]
SQL: SELECT * FROM `bjy_tag`  [ RunTime:0.0003s ]
SQL: SHOW COLUMNS FROM `bjy_article` [ RunTime:0.0039s ]
NOTIC: [8] Undefined variable: page E:\tongbu\wamp\www\Application\Common\Model\ArticleModel.class.php 第 116 行.
NOTIC: [8] Trying to get property of non-object E:\tongbu\wamp\www\Application\Common\Model\ArticleModel.class.php 第 116 行.
NOTIC: [8] Undefined variable: page E:\tongbu\wamp\www\Application\Common\Model\ArticleModel.class.php 第 116 行.
NOTIC: [8] Trying to get property of non-object E:\tongbu\wamp\www\Application\Common\Model\ArticleModel.class.php 第 116 行.
SQL: SELECT * FROM `bjy_article` WHERE `is_delete` = 0 ORDER BY addtime  [ RunTime:0.0004s ]
SQL: SHOW COLUMNS FROM `bjy_article_tag` [ RunTime:0.0046s ]
SQL: SHOW COLUMNS FROM `bjy_article_tag` [ RunTime:0.0043s ]
SQL: SELECT `aid`,`tname` FROM `bjy_article_tag` INNER JOIN bjy_tag ON bjy_article_tag.tid=bjy_tag.tid  WHERE ( aid=8 )  [ RunTime:0.0003s ]
SQL: SHOW COLUMNS FROM `bjy_article_pic` [ RunTime:0.0034s ]
SQL: SELECT `path` FROM `bjy_article_pic` WHERE ( aid=8 ) ORDER BY ap_id asc LIMIT 1   [ RunTime:0.0003s ]
SQL: SELECT `cid`,`cid`,`cname` FROM `bjy_category` WHERE ( cid=26 )  [ RunTime:0.0002s ]
INFO: [ view_parse ] --START--
INFO: [ template_filter ] --START--
INFO: Run Behavior\ContentReplaceBehavior [ RunTime:0.000184s ]
INFO: [ template_filter ] --END-- [ RunTime:0.000356s ]
NOTIC: [8] Undefined index: cid E:\tongbu\wamp\www\Runtime\Cache\Home\08d30c77e78bd0ac29232fbc421b5dcd.php 第 41 行.
NOTIC: [8] Undefined variable: n E:\tongbu\wamp\www\Runtime\Cache\Home\08d30c77e78bd0ac29232fbc421b5dcd.php 第 71 行.
NOTIC: [8] Undefined index: tid E:\tongbu\wamp\www\Runtime\Cache\Home\08d30c77e78bd0ac29232fbc421b5dcd.php 第 74 行.
INFO: Run Behavior\ParseTemplateBehavior [ RunTime:0.024667s ]
INFO: [ view_parse ] --END-- [ RunTime:0.024835s ]
INFO: [ view_filter ] --START--
INFO: Run Behavior\WriteHtmlCacheBehavior [ RunTime:0.000465s ]
INFO: [ view_filter ] --END-- [ RunTime:0.000599s ]
INFO: [ app_end ] --START--
INFO: Run Behavior\ShowPageTraceBehavior [ RunTime:0.000979s ]
INFO: [ app_end ] --END-- [ RunTime:0.001132s ]

[ 2015-04-13T00:24:53+08:00 ] ::1 /index.php/Home/Index/index
INFO: [ app_init ] --START--
INFO: Run Behavior\BuildLiteBehavior [ RunTime:0.000025s ]
INFO: [ app_init ] --END-- [ RunTime:0.000516s ]
INFO: [ app_begin ] --START--
INFO: Run Behavior\ReadHtmlCacheBehavior [ RunTime:0.001376s ]
INFO: [ app_begin ] --END-- [ RunTime:0.001625s ]
SQL: SHOW COLUMNS FROM `bjy_category` [ RunTime:0.0036s ]
SQL: SELECT * FROM `bjy_category` ORDER BY sort  [ RunTime:0.0003s ]
SQL: SHOW COLUMNS FROM `bjy_tag` [ RunTime:0.0041s ]
SQL: SELECT * FROM `bjy_tag`  [ RunTime:0.0003s ]
SQL: SHOW COLUMNS FROM `bjy_article` [ RunTime:0.0053s ]
NOTIC: [8] Undefined variable: page E:\tongbu\wamp\www\Application\Common\Model\ArticleModel.class.php 第 116 行.
NOTIC: [8] Trying to get property of non-object E:\tongbu\wamp\www\Application\Common\Model\ArticleModel.class.php 第 116 行.
NOTIC: [8] Undefined variable: page E:\tongbu\wamp\www\Application\Common\Model\ArticleModel.class.php 第 116 行.
NOTIC: [8] Trying to get property of non-object E:\tongbu\wamp\www\Application\Common\Model\ArticleModel.class.php 第 116 行.
SQL: SELECT * FROM `bjy_article` WHERE `is_delete` = 0 ORDER BY addtime  [ RunTime:0.0005s ]
SQL: SHOW COLUMNS FROM `bjy_article_tag` [ RunTime:0.0051s ]
SQL: SHOW COLUMNS FROM `bjy_article_tag` [ RunTime:0.0039s ]
SQL: SELECT `aid`,`tname` FROM `bjy_article_tag` INNER JOIN bjy_tag ON bjy_article_tag.tid=bjy_tag.tid  WHERE ( aid=8 )  [ RunTime:0.0003s ]
SQL: SHOW COLUMNS FROM `bjy_article_pic` [ RunTime:0.0038s ]
SQL: SELECT `path` FROM `bjy_article_pic` WHERE ( aid=8 ) ORDER BY ap_id asc LIMIT 1   [ RunTime:0.0003s ]
SQL: SELECT `cid`,`cid`,`cname` FROM `bjy_category` WHERE ( cid=26 )  [ RunTime:0.0002s ]
INFO: [ view_parse ] --START--
INFO: [ template_filter ] --START--
INFO: Run Behavior\ContentReplaceBehavior [ RunTime:0.000390s ]
INFO: [ template_filter ] --END-- [ RunTime:0.000696s ]
NOTIC: [8] Undefined index: cid E:\tongbu\wamp\www\Runtime\Cache\Home\08d30c77e78bd0ac29232fbc421b5dcd.php 第 41 行.
NOTIC: [8] Undefined index: tid E:\tongbu\wamp\www\Runtime\Cache\Home\08d30c77e78bd0ac29232fbc421b5dcd.php 第 74 行.
INFO: Run Behavior\ParseTemplateBehavior [ RunTime:0.026377s ]
INFO: [ view_parse ] --END-- [ RunTime:0.026559s ]
INFO: [ view_filter ] --START--
INFO: Run Behavior\WriteHtmlCacheBehavior [ RunTime:0.000472s ]
INFO: [ view_filter ] --END-- [ RunTime:0.000570s ]
INFO: [ app_end ] --START--
INFO: Run Behavior\ShowPageTraceBehavior [ RunTime:0.000701s ]
INFO: [ app_end ] --END-- [ RunTime:0.000827s ]

[ 2015-04-13T00:24:56+08:00 ] ::1 /index.php/Home/Index/create/cid/26
INFO: [ app_init ] --START--
INFO: Run Behavior\BuildLiteBehavior [ RunTime:0.000027s ]
INFO: [ app_init ] --END-- [ RunTime:0.000516s ]
INFO: [ app_begin ] --START--
INFO: Run Behavior\ReadHtmlCacheBehavior [ RunTime:0.001212s ]
INFO: [ app_begin ] --END-- [ RunTime:0.001335s ]
SQL: SHOW COLUMNS FROM `bjy_category` [ RunTime:0.0037s ]
SQL: SELECT * FROM `bjy_category` ORDER BY sort  [ RunTime:0.0004s ]
SQL: SHOW COLUMNS FROM `bjy_tag` [ RunTime:0.0032s ]
SQL: SELECT * FROM `bjy_tag`  [ RunTime:0.0003s ]
ERR: 非法操作:create

[ 2015-04-13T00:25:07+08:00 ] ::1 /index.php/Home/Index/index
INFO: [ app_init ] --START--
INFO: Run Behavior\BuildLiteBehavior [ RunTime:0.000024s ]
INFO: [ app_init ] --END-- [ RunTime:0.000433s ]
INFO: [ app_begin ] --START--
INFO: Run Behavior\ReadHtmlCacheBehavior [ RunTime:0.001277s ]
INFO: [ app_begin ] --END-- [ RunTime:0.001404s ]
SQL: SHOW COLUMNS FROM `bjy_category` [ RunTime:0.0044s ]
SQL: SELECT * FROM `bjy_category` ORDER BY sort  [ RunTime:0.0004s ]
SQL: SHOW COLUMNS FROM `bjy_tag` [ RunTime:0.0038s ]
SQL: SELECT * FROM `bjy_tag`  [ RunTime:0.0003s ]
SQL: SHOW COLUMNS FROM `bjy_article` [ RunTime:0.0034s ]
NOTIC: [8] Undefined variable: page E:\tongbu\wamp\www\Application\Common\Model\ArticleModel.class.php 第 116 行.
NOTIC: [8] Trying to get property of non-object E:\tongbu\wamp\www\Application\Common\Model\ArticleModel.class.php 第 116 行.
NOTIC: [8] Undefined variable: page E:\tongbu\wamp\www\Application\Common\Model\ArticleModel.class.php 第 116 行.
NOTIC: [8] Trying to get property of non-object E:\tongbu\wamp\www\Application\Common\Model\ArticleModel.class.php 第 116 行.
SQL: SELECT * FROM `bjy_article` WHERE `is_delete` = 0 ORDER BY addtime  [ RunTime:0.0003s ]
SQL: SHOW COLUMNS FROM `bjy_article_tag` [ RunTime:0.0039s ]
SQL: SHOW COLUMNS FROM `bjy_article_tag` [ RunTime:0.0033s ]
SQL: SELECT `aid`,`tname` FROM `bjy_article_tag` INNER JOIN bjy_tag ON bjy_article_tag.tid=bjy_tag.tid  WHERE ( aid=8 )  [ RunTime:0.0004s ]
SQL: SHOW COLUMNS FROM `bjy_article_pic` [ RunTime:0.0032s ]
SQL: SELECT `path` FROM `bjy_article_pic` WHERE ( aid=8 ) ORDER BY ap_id asc LIMIT 1   [ RunTime:0.0002s ]
SQL: SELECT `cid`,`cid`,`cname` FROM `bjy_category` WHERE ( cid=26 )  [ RunTime:0.0002s ]
INFO: [ view_parse ] --START--
INFO: [ template_filter ] --START--
INFO: Run Behavior\ContentReplaceBehavior [ RunTime:0.000122s ]
INFO: [ template_filter ] --END-- [ RunTime:0.000254s ]
NOTIC: [8] Undefined index: cid E:\tongbu\wamp\www\Runtime\Cache\Home\08d30c77e78bd0ac29232fbc421b5dcd.php 第 41 行.
NOTIC: [8] Undefined index: tid E:\tongbu\wamp\www\Runtime\Cache\Home\08d30c77e78bd0ac29232fbc421b5dcd.php 第 74 行.
INFO: Run Behavior\ParseTemplateBehavior [ RunTime:0.019495s ]
INFO: [ view_parse ] --END-- [ RunTime:0.019619s ]
INFO: [ view_filter ] --START--
INFO: Run Behavior\WriteHtmlCacheBehavior [ RunTime:0.000644s ]
INFO: [ view_filter ] --END-- [ RunTime:0.000909s ]
INFO: [ app_end ] --START--
INFO: Run Behavior\ShowPageTraceBehavior [ RunTime:0.001125s ]
INFO: [ app_end ] --END-- [ RunTime:0.001306s ]

[ 2015-04-13T00:25:09+08:00 ] ::1 /index.php/Home/Index/category/cid/26
INFO: [ app_init ] --START--
INFO: Run Behavior\BuildLiteBehavior [ RunTime:0.000027s ]
INFO: [ app_init ] --END-- [ RunTime:0.000590s ]
INFO: [ app_begin ] --START--
INFO: Run Behavior\ReadHtmlCacheBehavior [ RunTime:0.001701s ]
INFO: [ app_begin ] --END-- [ RunTime:0.001905s ]
SQL: SHOW COLUMNS FROM `bjy_category` [ RunTime:0.0036s ]
SQL: SELECT * FROM `bjy_category` ORDER BY sort  [ RunTime:0.0005s ]
SQL: SHOW COLUMNS FROM `bjy_tag` [ RunTime:0.0044s ]
SQL: SELECT * FROM `bjy_tag`  [ RunTime:0.0003s ]
SQL: SHOW COLUMNS FROM `bjy_article` [ RunTime:0.0034s ]
NOTIC: [8] Undefined variable: page E:\tongbu\wamp\www\Application\Common\Model\ArticleModel.class.php 第 126 行.
NOTIC: [8] Trying to get property of non-object E:\tongbu\wamp\www\Application\Common\Model\ArticleModel.class.php 第 126 行.
NOTIC: [8] Undefined variable: page E:\tongbu\wamp\www\Application\Common\Model\ArticleModel.class.php 第 126 行.
NOTIC: [8] Trying to get property of non-object E:\tongbu\wamp\www\Application\Common\Model\ArticleModel.class.php 第 126 行.
SQL: SELECT * FROM `bjy_article` WHERE `cid` = 26 AND `is_delete` = 0 ORDER BY addtime  [ RunTime:0.0004s ]
SQL: SHOW COLUMNS FROM `bjy_article_tag` [ RunTime:0.0036s ]
SQL: SHOW COLUMNS FROM `bjy_article_tag` [ RunTime:0.0037s ]
SQL: SELECT `aid`,`tname` FROM `bjy_article_tag` INNER JOIN bjy_tag ON bjy_article_tag.tid=bjy_tag.tid  WHERE ( aid=8 )  [ RunTime:0.0004s ]
SQL: SHOW COLUMNS FROM `bjy_article_pic` [ RunTime:0.0042s ]
SQL: SELECT `path` FROM `bjy_article_pic` WHERE ( aid=8 ) ORDER BY ap_id asc LIMIT 1   [ RunTime:0.0004s ]
SQL: SELECT `cid`,`cid`,`cname` FROM `bjy_category` WHERE ( cid=26 )  [ RunTime:0.0004s ]
INFO: [ view_parse ] --START--
INFO: [ template_filter ] --START--
INFO: Run Behavior\ContentReplaceBehavior [ RunTime:0.000118s ]
INFO: [ template_filter ] --END-- [ RunTime:0.000244s ]
NOTIC: [8] Undefined index: tid E:\tongbu\wamp\www\Runtime\Cache\Home\8a8a1fe12e6e3b6d97a8bf2187671ba6.php 第 74 行.
INFO: Run Behavior\ParseTemplateBehavior [ RunTime:0.018740s ]
INFO: [ view_parse ] --END-- [ RunTime:0.018912s ]
INFO: [ view_filter ] --START--
INFO: Run Behavior\WriteHtmlCacheBehavior [ RunTime:0.000777s ]
INFO: [ view_filter ] --END-- [ RunTime:0.000955s ]
INFO: [ app_end ] --START--
INFO: Run Behavior\ShowPageTraceBehavior [ RunTime:0.000953s ]
INFO: [ app_end ] --END-- [ RunTime:0.001129s ]

[ 2015-04-13T00:28:59+08:00 ] ::1 /index.php/Home/Index/category/cid/26
INFO: [ app_init ] --START--
INFO: Run Behavior\BuildLiteBehavior [ RunTime:0.000023s ]
INFO: [ app_init ] --END-- [ RunTime:0.000494s ]
INFO: [ app_begin ] --START--
INFO: Run Behavior\ReadHtmlCacheBehavior [ RunTime:0.000638s ]
INFO: [ app_begin ] --END-- [ RunTime:0.000751s ]
SQL: SHOW COLUMNS FROM `bjy_category` [ RunTime:0.0035s ]
SQL: SELECT * FROM `bjy_category` ORDER BY sort  [ RunTime:0.0006s ]
SQL: SHOW COLUMNS FROM `bjy_tag` [ RunTime:0.0039s ]
SQL: SELECT * FROM `bjy_tag`  [ RunTime:0.0003s ]
SQL: SHOW COLUMNS FROM `bjy_article` [ RunTime:0.0033s ]
NOTIC: [8] Undefined variable: page E:\tongbu\wamp\www\Application\Common\Model\ArticleModel.class.php 第 126 行.
NOTIC: [8] Trying to get property of non-object E:\tongbu\wamp\www\Application\Common\Model\ArticleModel.class.php 第 126 行.
NOTIC: [8] Undefined variable: page E:\tongbu\wamp\www\Application\Common\Model\ArticleModel.class.php 第 126 行.
NOTIC: [8] Trying to get property of non-object E:\tongbu\wamp\www\Application\Common\Model\ArticleModel.class.php 第 126 行.
SQL: SELECT * FROM `bjy_article` WHERE `cid` = 26 AND `is_delete` = 0 ORDER BY addtime  [ RunTime:0.0004s ]
SQL: SHOW COLUMNS FROM `bjy_article_tag` [ RunTime:0.0040s ]
SQL: SELECT `tid` FROM `bjy_article_tag` WHERE ( aid=8 )  [ RunTime:0.0004s ]
SQL: SHOW COLUMNS FROM `bjy_article_pic` [ RunTime:0.0032s ]
SQL: SELECT `path` FROM `bjy_article_pic` WHERE ( aid=8 ) ORDER BY ap_id asc LIMIT 1   [ RunTime:0.0003s ]
SQL: SELECT `cid`,`cid`,`cname` FROM `bjy_category` WHERE ( cid=26 )  [ RunTime:0.0002s ]
INFO: [ view_parse ] --START--
INFO: [ template_filter ] --START--
INFO: Run Behavior\ContentReplaceBehavior [ RunTime:0.000108s ]
INFO: [ template_filter ] --END-- [ RunTime:0.000216s ]
INFO: Run Behavior\ParseTemplateBehavior [ RunTime:0.018851s ]
INFO: [ view_parse ] --END-- [ RunTime:0.018982s ]
INFO: [ view_filter ] --START--
INFO: Run Behavior\WriteHtmlCacheBehavior [ RunTime:0.000513s ]
INFO: [ view_filter ] --END-- [ RunTime:0.000612s ]
INFO: [ app_end ] --START--
INFO: Run Behavior\ShowPageTraceBehavior [ RunTime:0.000731s ]
INFO: [ app_end ] --END-- [ RunTime:0.000832s ]

[ 2015-04-13T00:29:41+08:00 ] ::1 /index.php/Home/Index/category/cid/26
INFO: [ app_init ] --START--
INFO: Run Behavior\BuildLiteBehavior [ RunTime:0.000024s ]
INFO: [ app_init ] --END-- [ RunTime:0.000525s ]
INFO: [ app_begin ] --START--
INFO: Run Behavior\ReadHtmlCacheBehavior [ RunTime:0.000639s ]
INFO: [ app_begin ] --END-- [ RunTime:0.000749s ]
SQL: SHOW COLUMNS FROM `bjy_category` [ RunTime:0.0035s ]
SQL: SELECT * FROM `bjy_category` ORDER BY sort  [ RunTime:0.0003s ]
SQL: SHOW COLUMNS FROM `bjy_tag` [ RunTime:0.0042s ]
SQL: SELECT * FROM `bjy_tag`  [ RunTime:0.0003s ]
SQL: SHOW COLUMNS FROM `bjy_article` [ RunTime:0.0038s ]
NOTIC: [8] Undefined variable: page E:\tongbu\wamp\www\Application\Common\Model\ArticleModel.class.php 第 126 行.
NOTIC: [8] Trying to get property of non-object E:\tongbu\wamp\www\Application\Common\Model\ArticleModel.class.php 第 126 行.
NOTIC: [8] Undefined variable: page E:\tongbu\wamp\www\Application\Common\Model\ArticleModel.class.php 第 126 行.
NOTIC: [8] Trying to get property of non-object E:\tongbu\wamp\www\Application\Common\Model\ArticleModel.class.php 第 126 行.
SQL: SELECT * FROM `bjy_article` WHERE `cid` = 26 AND `is_delete` = 0 ORDER BY addtime  [ RunTime:0.0005s ]
SQL: SHOW COLUMNS FROM `bjy_article_tag` [ RunTime:0.0045s ]
SQL: SHOW COLUMNS FROM `bjy_article_tag` [ RunTime:0.0044s ]
SQL: SELECT `aid`,`tname` FROM `bjy_article_tag` INNER JOIN bjy_tag ON bjy_article_tag.tid=bjy_tag.tid  WHERE ( aid=8 )  [ RunTime:0.0003s ]
SQL: SHOW COLUMNS FROM `bjy_article_pic` [ RunTime:0.0046s ]
SQL: SELECT `path` FROM `bjy_article_pic` WHERE ( aid=8 ) ORDER BY ap_id asc LIMIT 1   [ RunTime:0.0004s ]
SQL: SELECT `cid`,`cid`,`cname` FROM `bjy_category` WHERE ( cid=26 )  [ RunTime:0.0003s ]
INFO: [ view_parse ] --START--
INFO: [ template_filter ] --START--
INFO: Run Behavior\ContentReplaceBehavior [ RunTime:0.000129s ]
INFO: [ template_filter ] --END-- [ RunTime:0.000267s ]
NOTIC: [8] Undefined index: tid E:\tongbu\wamp\www\Runtime\Cache\Home\8a8a1fe12e6e3b6d97a8bf2187671ba6.php 第 73 行.
INFO: Run Behavior\ParseTemplateBehavior [ RunTime:0.024752s ]
INFO: [ view_parse ] --END-- [ RunTime:0.024957s ]
INFO: [ view_filter ] --START--
INFO: Run Behavior\WriteHtmlCacheBehavior [ RunTime:0.000626s ]
INFO: [ view_filter ] --END-- [ RunTime:0.000772s ]
INFO: [ app_end ] --START--
INFO: Run Behavior\ShowPageTraceBehavior [ RunTime:0.000672s ]
INFO: [ app_end ] --END-- [ RunTime:0.000784s ]

[ 2015-04-13T00:30:06+08:00 ] ::1 /index.php/Home/Index/category/cid/26
INFO: [ app_init ] --START--
INFO: Run Behavior\BuildLiteBehavior [ RunTime:0.000027s ]
INFO: [ app_init ] --END-- [ RunTime:0.000469s ]
INFO: [ app_begin ] --START--
INFO: Run Behavior\ReadHtmlCacheBehavior [ RunTime:0.000732s ]
INFO: [ app_begin ] --END-- [ RunTime:0.000873s ]
SQL: SHOW COLUMNS FROM `bjy_category` [ RunTime:0.0038s ]
SQL: SELECT * FROM `bjy_category` ORDER BY sort  [ RunTime:0.0003s ]
SQL: SHOW COLUMNS FROM `bjy_tag` [ RunTime:0.0039s ]
SQL: SELECT * FROM `bjy_tag`  [ RunTime:0.0003s ]
SQL: SHOW COLUMNS FROM `bjy_article` [ RunTime:0.0049s ]
NOTIC: [8] Undefined variable: page E:\tongbu\wamp\www\Application\Common\Model\ArticleModel.class.php 第 126 行.
NOTIC: [8] Trying to get property of non-object E:\tongbu\wamp\www\Application\Common\Model\ArticleModel.class.php 第 126 行.
NOTIC: [8] Undefined variable: page E:\tongbu\wamp\www\Application\Common\Model\ArticleModel.class.php 第 126 行.
NOTIC: [8] Trying to get property of non-object E:\tongbu\wamp\www\Application\Common\Model\ArticleModel.class.php 第 126 行.
SQL: SELECT * FROM `bjy_article` WHERE `cid` = 26 AND `is_delete` = 0 ORDER BY addtime  [ RunTime:0.0005s ]
SQL: SHOW COLUMNS FROM `bjy_article_tag` [ RunTime:0.0043s ]
SQL: SHOW COLUMNS FROM `bjy_article_tag` [ RunTime:0.0047s ]
ERR: SQLSTATE[23000]: Integrity constraint violation: 1052 Column 'tid' in field list is ambiguous

[ 2015-04-13T00:30:33+08:00 ] ::1 /index.php/Home/Index/category/cid/26
INFO: [ app_init ] --START--
INFO: Run Behavior\BuildLiteBehavior [ RunTime:0.000037s ]
INFO: [ app_init ] --END-- [ RunTime:0.000636s ]
INFO: [ app_begin ] --START--
INFO: Run Behavior\ReadHtmlCacheBehavior [ RunTime:0.000756s ]
INFO: [ app_begin ] --END-- [ RunTime:0.000941s ]
SQL: SHOW COLUMNS FROM `bjy_category` [ RunTime:0.0037s ]
SQL: SELECT * FROM `bjy_category` ORDER BY sort  [ RunTime:0.0003s ]
SQL: SHOW COLUMNS FROM `bjy_tag` [ RunTime:0.0049s ]
SQL: SELECT * FROM `bjy_tag`  [ RunTime:0.0004s ]
SQL: SHOW COLUMNS FROM `bjy_article` [ RunTime:0.0053s ]
NOTIC: [8] Undefined variable: page E:\tongbu\wamp\www\Application\Common\Model\ArticleModel.class.php 第 126 行.
NOTIC: [8] Trying to get property of non-object E:\tongbu\wamp\www\Application\Common\Model\ArticleModel.class.php 第 126 行.
NOTIC: [8] Undefined variable: page E:\tongbu\wamp\www\Application\Common\Model\ArticleModel.class.php 第 126 行.
NOTIC: [8] Trying to get property of non-object E:\tongbu\wamp\www\Application\Common\Model\ArticleModel.class.php 第 126 行.
SQL: SELECT * FROM `bjy_article` WHERE `cid` = 26 AND `is_delete` = 0 ORDER BY addtime  [ RunTime:0.0005s ]
SQL: SHOW COLUMNS FROM `bjy_article_tag` [ RunTime:0.0046s ]
SQL: SHOW COLUMNS FROM `bjy_article_tag` [ RunTime:0.0049s ]
ERR: SQLSTATE[23000]: Integrity constraint violation: 1052 Column 'tid' in field list is ambiguous

[ 2015-04-13T00:30:38+08:00 ] ::1 /index.php/Home/Index/category/cid/26
INFO: [ app_init ] --START--
INFO: Run Behavior\BuildLiteBehavior [ RunTime:0.000024s ]
INFO: [ app_init ] --END-- [ RunTime:0.000528s ]
INFO: [ app_begin ] --START--
INFO: Run Behavior\ReadHtmlCacheBehavior [ RunTime:0.000539s ]
INFO: [ app_begin ] --END-- [ RunTime:0.000647s ]
SQL: SHOW COLUMNS FROM `bjy_category` [ RunTime:0.0041s ]
SQL: SELECT * FROM `bjy_category` ORDER BY sort  [ RunTime:0.0003s ]
SQL: SHOW COLUMNS FROM `bjy_tag` [ RunTime:0.0042s ]
SQL: SELECT * FROM `bjy_tag`  [ RunTime:0.0003s ]
SQL: SHOW COLUMNS FROM `bjy_article` [ RunTime:0.0053s ]
NOTIC: [8] Undefined variable: page E:\tongbu\wamp\www\Application\Common\Model\ArticleModel.class.php 第 126 行.
NOTIC: [8] Trying to get property of non-object E:\tongbu\wamp\www\Application\Common\Model\ArticleModel.class.php 第 126 行.
NOTIC: [8] Undefined variable: page E:\tongbu\wamp\www\Application\Common\Model\ArticleModel.class.php 第 126 行.
NOTIC: [8] Trying to get property of non-object E:\tongbu\wamp\www\Application\Common\Model\ArticleModel.class.php 第 126 行.
SQL: SELECT * FROM `bjy_article` WHERE `cid` = 26 AND `is_delete` = 0 ORDER BY addtime  [ RunTime:0.0004s ]
SQL: SHOW COLUMNS FROM `bjy_article_tag` [ RunTime:0.0036s ]
SQL: SHOW COLUMNS FROM `bjy_article_tag` [ RunTime:0.0045s ]
SQL: SELECT `aid`,`tname` FROM `bjy_article_tag` INNER JOIN bjy_tag ON bjy_article_tag.tid=bjy_tag.tid  WHERE ( aid=8 )  [ RunTime:0.0004s ]
SQL: SHOW COLUMNS FROM `bjy_article_pic` [ RunTime:0.0037s ]
SQL: SELECT `path` FROM `bjy_article_pic` WHERE ( aid=8 ) ORDER BY ap_id asc LIMIT 1   [ RunTime:0.0003s ]
SQL: SELECT `cid`,`cid`,`cname` FROM `bjy_category` WHERE ( cid=26 )  [ RunTime:0.0003s ]
INFO: [ view_parse ] --START--
INFO: [ template_filter ] --START--
INFO: Run Behavior\ContentReplaceBehavior [ RunTime:0.000194s ]
INFO: [ template_filter ] --END-- [ RunTime:0.000396s ]
NOTIC: [8] Undefined index: tid E:\tongbu\wamp\www\Runtime\Cache\Home\8a8a1fe12e6e3b6d97a8bf2187671ba6.php 第 73 行.
INFO: Run Behavior\ParseTemplateBehavior [ RunTime:0.025013s ]
INFO: [ view_parse ] --END-- [ RunTime:0.025218s ]
INFO: [ view_filter ] --START--
INFO: Run Behavior\WriteHtmlCacheBehavior [ RunTime:0.000607s ]
INFO: [ view_filter ] --END-- [ RunTime:0.000742s ]
INFO: [ app_end ] --START--
INFO: Run Behavior\ShowPageTraceBehavior [ RunTime:0.000761s ]
INFO: [ app_end ] --END-- [ RunTime:0.000893s ]

[ 2015-04-13T00:32:03+08:00 ] ::1 /index.php/Home/Index/category/cid/26
INFO: [ app_init ] --START--
INFO: Run Behavior\BuildLiteBehavior [ RunTime:0.000026s ]
INFO: [ app_init ] --END-- [ RunTime:0.000511s ]
INFO: [ app_begin ] --START--
INFO: Run Behavior\ReadHtmlCacheBehavior [ RunTime:0.000715s ]
INFO: [ app_begin ] --END-- [ RunTime:0.000827s ]
SQL: SHOW COLUMNS FROM `bjy_category` [ RunTime:0.0039s ]
SQL: SELECT * FROM `bjy_category` ORDER BY sort  [ RunTime:0.0003s ]
SQL: SHOW COLUMNS FROM `bjy_tag` [ RunTime:0.0034s ]
SQL: SELECT * FROM `bjy_tag`  [ RunTime:0.0003s ]
SQL: SHOW COLUMNS FROM `bjy_article` [ RunTime:0.0042s ]
NOTIC: [8] Undefined variable: page E:\tongbu\wamp\www\Application\Common\Model\ArticleModel.class.php 第 126 行.
NOTIC: [8] Trying to get property of non-object E:\tongbu\wamp\www\Application\Common\Model\ArticleModel.class.php 第 126 行.
NOTIC: [8] Undefined variable: page E:\tongbu\wamp\www\Application\Common\Model\ArticleModel.class.php 第 126 行.
NOTIC: [8] Trying to get property of non-object E:\tongbu\wamp\www\Application\Common\Model\ArticleModel.class.php 第 126 行.
SQL: SELECT * FROM `bjy_article` WHERE `cid` = 26 AND `is_delete` = 0 ORDER BY addtime  [ RunTime:0.0004s ]
SQL: SHOW COLUMNS FROM `bjy_article_tag` [ RunTime:0.0038s ]
SQL: SHOW COLUMNS FROM `bjy_article_tag` [ RunTime:0.0049s ]
SQL: SELECT * FROM `bjy_article_tag` INNER JOIN bjy_tag ON bjy_article_tag.tid=bjy_tag.tid  WHERE ( aid=8 )  [ RunTime:0.0003s ]
SQL: SHOW COLUMNS FROM `bjy_article_pic` [ RunTime:0.0042s ]
SQL: SELECT `path` FROM `bjy_article_pic` WHERE ( aid=8 ) ORDER BY ap_id asc LIMIT 1   [ RunTime:0.0003s ]
SQL: SELECT `cid`,`cid`,`cname` FROM `bjy_category` WHERE ( cid=26 )  [ RunTime:0.0003s ]
INFO: [ view_parse ] --START--
INFO: [ template_filter ] --START--
INFO: Run Behavior\ContentReplaceBehavior [ RunTime:0.000114s ]
INFO: [ template_filter ] --END-- [ RunTime:0.000325s ]
INFO: Run Behavior\ParseTemplateBehavior [ RunTime:0.022108s ]
INFO: [ view_parse ] --END-- [ RunTime:0.022256s ]
INFO: [ view_filter ] --START--
INFO: Run Behavior\WriteHtmlCacheBehavior [ RunTime:0.000546s ]
INFO: [ view_filter ] --END-- [ RunTime:0.000643s ]
INFO: [ app_end ] --START--
INFO: Run Behavior\ShowPageTraceBehavior [ RunTime:0.000685s ]
INFO: [ app_end ] --END-- [ RunTime:0.000788s ]

[ 2015-04-13T00:32:32+08:00 ] ::1 /index.php/Home/Index/category/cid/26
INFO: [ app_init ] --START--
INFO: Run Behavior\BuildLiteBehavior [ RunTime:0.000024s ]
INFO: [ app_init ] --END-- [ RunTime:0.000566s ]
INFO: [ app_begin ] --START--
INFO: Run Behavior\ReadHtmlCacheBehavior [ RunTime:0.000793s ]
INFO: [ app_begin ] --END-- [ RunTime:0.000984s ]
SQL: SHOW COLUMNS FROM `bjy_category` [ RunTime:0.0037s ]
SQL: SELECT * FROM `bjy_category` ORDER BY sort  [ RunTime:0.0005s ]
SQL: SHOW COLUMNS FROM `bjy_tag` [ RunTime:0.0042s ]
SQL: SELECT * FROM `bjy_tag`  [ RunTime:0.0003s ]
SQL: SHOW COLUMNS FROM `bjy_article` [ RunTime:0.0036s ]
NOTIC: [8] Undefined variable: page E:\tongbu\wamp\www\Application\Common\Model\ArticleModel.class.php 第 126 行.
NOTIC: [8] Trying to get property of non-object E:\tongbu\wamp\www\Application\Common\Model\ArticleModel.class.php 第 126 行.
NOTIC: [8] Undefined variable: page E:\tongbu\wamp\www\Application\Common\Model\ArticleModel.class.php 第 126 行.
NOTIC: [8] Trying to get property of non-object E:\tongbu\wamp\www\Application\Common\Model\ArticleModel.class.php 第 126 行.
SQL: SELECT * FROM `bjy_article` WHERE `cid` = 26 AND `is_delete` = 0 ORDER BY addtime  [ RunTime:0.0004s ]
SQL: SHOW COLUMNS FROM `bjy_article_tag` [ RunTime:0.0043s ]
SQL: SELECT `tid` FROM `bjy_article_tag` WHERE ( aid=8 )  [ RunTime:0.0003s ]
SQL: SHOW COLUMNS FROM `bjy_article_pic` [ RunTime:0.0044s ]
SQL: SELECT `path` FROM `bjy_article_pic` WHERE ( aid=8 ) ORDER BY ap_id asc LIMIT 1   [ RunTime:0.0004s ]
SQL: SELECT `cid`,`cid`,`cname` FROM `bjy_category` WHERE ( cid=26 )  [ RunTime:0.0002s ]
INFO: [ view_parse ] --START--
INFO: [ template_filter ] --START--
INFO: Run Behavior\ContentReplaceBehavior [ RunTime:0.000138s ]
INFO: [ template_filter ] --END-- [ RunTime:0.000299s ]
INFO: Run Behavior\ParseTemplateBehavior [ RunTime:0.020262s ]
INFO: [ view_parse ] --END-- [ RunTime:0.020456s ]
INFO: [ view_filter ] --START--
INFO: Run Behavior\WriteHtmlCacheBehavior [ RunTime:0.000608s ]
INFO: [ view_filter ] --END-- [ RunTime:0.000764s ]
INFO: [ app_end ] --START--
INFO: Run Behavior\ShowPageTraceBehavior [ RunTime:0.000712s ]
INFO: [ app_end ] --END-- [ RunTime:0.000817s ]

[ 2015-04-13T00:32:44+08:00 ] ::1 /index.php/Home/Index/category/cid/26
INFO: [ app_init ] --START--
INFO: Run Behavior\BuildLiteBehavior [ RunTime:0.000028s ]
INFO: [ app_init ] --END-- [ RunTime:0.000681s ]
INFO: [ app_begin ] --START--
INFO: Run Behavior\ReadHtmlCacheBehavior [ RunTime:0.000624s ]
INFO: [ app_begin ] --END-- [ RunTime:0.000735s ]
SQL: SHOW COLUMNS FROM `bjy_category` [ RunTime:0.0040s ]
SQL: SELECT * FROM `bjy_category` ORDER BY sort  [ RunTime:0.0004s ]
SQL: SHOW COLUMNS FROM `bjy_tag` [ RunTime:0.0039s ]
SQL: SELECT * FROM `bjy_tag`  [ RunTime:0.0003s ]
SQL: SHOW COLUMNS FROM `bjy_article` [ RunTime:0.0046s ]
NOTIC: [8] Undefined variable: page E:\tongbu\wamp\www\Application\Common\Model\ArticleModel.class.php 第 126 行.
NOTIC: [8] Trying to get property of non-object E:\tongbu\wamp\www\Application\Common\Model\ArticleModel.class.php 第 126 行.
NOTIC: [8] Undefined variable: page E:\tongbu\wamp\www\Application\Common\Model\ArticleModel.class.php 第 126 行.
NOTIC: [8] Trying to get property of non-object E:\tongbu\wamp\www\Application\Common\Model\ArticleModel.class.php 第 126 行.
SQL: SELECT * FROM `bjy_article` WHERE `cid` = 26 AND `is_delete` = 0 ORDER BY addtime  [ RunTime:0.0004s ]
SQL: SHOW COLUMNS FROM `bjy_article_tag` [ RunTime:0.0035s ]
SQL: SHOW COLUMNS FROM `bjy_article_tag` [ RunTime:0.0031s ]
SQL: SELECT * FROM `bjy_article_tag` INNER JOIN bjy_tag ON bjy_article_tag.tid=bjy_tag.tid  WHERE ( aid=8 )  [ RunTime:0.0003s ]
SQL: SHOW COLUMNS FROM `bjy_article_pic` [ RunTime:0.0041s ]
SQL: SELECT `path` FROM `bjy_article_pic` WHERE ( aid=8 ) ORDER BY ap_id asc LIMIT 1   [ RunTime:0.0003s ]
SQL: SELECT `cid`,`cid`,`cname` FROM `bjy_category` WHERE ( cid=26 )  [ RunTime:0.0002s ]
INFO: [ view_parse ] --START--
INFO: [ template_filter ] --START--
INFO: Run Behavior\ContentReplaceBehavior [ RunTime:0.000131s ]
INFO: [ template_filter ] --END-- [ RunTime:0.000256s ]
INFO: Run Behavior\ParseTemplateBehavior [ RunTime:0.021362s ]
INFO: [ view_parse ] --END-- [ RunTime:0.021509s ]
INFO: [ view_filter ] --START--
INFO: Run Behavior\WriteHtmlCacheBehavior [ RunTime:0.000607s ]
INFO: [ view_filter ] --END-- [ RunTime:0.000718s ]
INFO: [ app_end ] --START--
INFO: Run Behavior\ShowPageTraceBehavior [ RunTime:0.000697s ]
INFO: [ app_end ] --END-- [ RunTime:0.000947s ]

[ 2015-04-13T00:33:19+08:00 ] ::1 /index.php/Home/Index/category/cid/26
INFO: [ app_init ] --START--
INFO: Run Behavior\BuildLiteBehavior [ RunTime:0.000024s ]
INFO: [ app_init ] --END-- [ RunTime:0.000458s ]
INFO: [ app_begin ] --START--
INFO: Run Behavior\ReadHtmlCacheBehavior [ RunTime:0.000524s ]
INFO: [ app_begin ] --END-- [ RunTime:0.000636s ]
SQL: SHOW COLUMNS FROM `bjy_category` [ RunTime:0.0033s ]
SQL: SELECT * FROM `bjy_category` ORDER BY sort  [ RunTime:0.0003s ]
SQL: SHOW COLUMNS FROM `bjy_tag` [ RunTime:0.0033s ]
SQL: SELECT * FROM `bjy_tag`  [ RunTime:0.0003s ]
SQL: SHOW COLUMNS FROM `bjy_article` [ RunTime:0.0051s ]
NOTIC: [8] Undefined variable: page E:\tongbu\wamp\www\Application\Common\Model\ArticleModel.class.php 第 126 行.
NOTIC: [8] Trying to get property of non-object E:\tongbu\wamp\www\Application\Common\Model\ArticleModel.class.php 第 126 行.
NOTIC: [8] Undefined variable: page E:\tongbu\wamp\www\Application\Common\Model\ArticleModel.class.php 第 126 行.
NOTIC: [8] Trying to get property of non-object E:\tongbu\wamp\www\Application\Common\Model\ArticleModel.class.php 第 126 行.
SQL: SELECT * FROM `bjy_article` WHERE `cid` = 26 AND `is_delete` = 0 ORDER BY addtime  [ RunTime:0.0005s ]
SQL: SHOW COLUMNS FROM `bjy_article_tag` [ RunTime:0.0040s ]
SQL: SHOW COLUMNS FROM `bjy_article_tag` [ RunTime:0.0055s ]
SQL: SELECT `tname` FROM `bjy_article_tag` INNER JOIN bjy_tag ON bjy_article_tag.tid=bjy_tag.tid  WHERE ( aid=8 )  [ RunTime:0.0003s ]
SQL: SHOW COLUMNS FROM `bjy_article_pic` [ RunTime:0.0031s ]
SQL: SELECT `path` FROM `bjy_article_pic` WHERE ( aid=8 ) ORDER BY ap_id asc LIMIT 1   [ RunTime:0.0003s ]
SQL: SELECT `cid`,`cid`,`cname` FROM `bjy_category` WHERE ( cid=26 )  [ RunTime:0.0002s ]
INFO: [ view_parse ] --START--
INFO: [ template_filter ] --START--
INFO: Run Behavior\ContentReplaceBehavior [ RunTime:0.000119s ]
INFO: [ template_filter ] --END-- [ RunTime:0.000245s ]
NOTIC: [8] Undefined index: tid E:\tongbu\wamp\www\Runtime\Cache\Home\8a8a1fe12e6e3b6d97a8bf2187671ba6.php 第 73 行.
INFO: Run Behavior\ParseTemplateBehavior [ RunTime:0.020330s ]
INFO: [ view_parse ] --END-- [ RunTime:0.020530s ]
INFO: [ view_filter ] --START--
INFO: Run Behavior\WriteHtmlCacheBehavior [ RunTime:0.000854s ]
INFO: [ view_filter ] --END-- [ RunTime:0.001026s ]
INFO: [ app_end ] --START--
INFO: Run Behavior\ShowPageTraceBehavior [ RunTime:0.001004s ]
INFO: [ app_end ] --END-- [ RunTime:0.001172s ]

[ 2015-04-13T00:33:25+08:00 ] ::1 /index.php/Home/Index/category/cid/26
INFO: [ app_init ] --START--
INFO: Run Behavior\BuildLiteBehavior [ RunTime:0.000041s ]
INFO: [ app_init ] --END-- [ RunTime:0.000753s ]
INFO: [ app_begin ] --START--
INFO: Run Behavior\ReadHtmlCacheBehavior [ RunTime:0.000826s ]
INFO: [ app_begin ] --END-- [ RunTime:0.001020s ]
SQL: SHOW COLUMNS FROM `bjy_category` [ RunTime:0.0044s ]
SQL: SELECT * FROM `bjy_category` ORDER BY sort  [ RunTime:0.0003s ]
SQL: SHOW COLUMNS FROM `bjy_tag` [ RunTime:0.0033s ]
SQL: SELECT * FROM `bjy_tag`  [ RunTime:0.0003s ]
SQL: SHOW COLUMNS FROM `bjy_article` [ RunTime:0.0037s ]
NOTIC: [8] Undefined variable: page E:\tongbu\wamp\www\Application\Common\Model\ArticleModel.class.php 第 126 行.
NOTIC: [8] Trying to get property of non-object E:\tongbu\wamp\www\Application\Common\Model\ArticleModel.class.php 第 126 行.
NOTIC: [8] Undefined variable: page E:\tongbu\wamp\www\Application\Common\Model\ArticleModel.class.php 第 126 行.
NOTIC: [8] Trying to get property of non-object E:\tongbu\wamp\www\Application\Common\Model\ArticleModel.class.php 第 126 行.
SQL: SELECT * FROM `bjy_article` WHERE `cid` = 26 AND `is_delete` = 0 ORDER BY addtime  [ RunTime:0.0004s ]
SQL: SHOW COLUMNS FROM `bjy_article_tag` [ RunTime:0.0038s ]
SQL: SHOW COLUMNS FROM `bjy_article_tag` [ RunTime:0.0037s ]
ERR: SQLSTATE[23000]: Integrity constraint violation: 1052 Column 'tid' in field list is ambiguous

[ 2015-04-13T00:34:02+08:00 ] ::1 /index.php/Home/Index/category/cid/26
INFO: [ app_init ] --START--
INFO: Run Behavior\BuildLiteBehavior [ RunTime:0.000027s ]
INFO: [ app_init ] --END-- [ RunTime:0.000516s ]
INFO: [ app_begin ] --START--
INFO: Run Behavior\ReadHtmlCacheBehavior [ RunTime:0.000572s ]
INFO: [ app_begin ] --END-- [ RunTime:0.000715s ]
SQL: SHOW COLUMNS FROM `bjy_category` [ RunTime:0.0041s ]
SQL: SELECT * FROM `bjy_category` ORDER BY sort  [ RunTime:0.0003s ]
SQL: SHOW COLUMNS FROM `bjy_tag` [ RunTime:0.0047s ]
SQL: SELECT * FROM `bjy_tag`  [ RunTime:0.0003s ]
SQL: SHOW COLUMNS FROM `bjy_article` [ RunTime:0.0040s ]
NOTIC: [8] Undefined variable: page E:\tongbu\wamp\www\Application\Common\Model\ArticleModel.class.php 第 126 行.
NOTIC: [8] Trying to get property of non-object E:\tongbu\wamp\www\Application\Common\Model\ArticleModel.class.php 第 126 行.
NOTIC: [8] Undefined variable: page E:\tongbu\wamp\www\Application\Common\Model\ArticleModel.class.php 第 126 行.
NOTIC: [8] Trying to get property of non-object E:\tongbu\wamp\www\Application\Common\Model\ArticleModel.class.php 第 126 行.
SQL: SELECT * FROM `bjy_article` WHERE `cid` = 26 AND `is_delete` = 0 ORDER BY addtime  [ RunTime:0.0004s ]
SQL: SHOW COLUMNS FROM `bjy_article_tag` [ RunTime:0.0047s ]
SQL: SHOW COLUMNS FROM `bjy_article_tag` [ RunTime:0.0036s ]
ERR: SQLSTATE[23000]: Integrity constraint violation: 1052 Column 'tid' in field list is ambiguous

[ 2015-04-13T00:34:08+08:00 ] ::1 /index.php/Home/Index/category/cid/26
INFO: [ app_init ] --START--
INFO: Run Behavior\BuildLiteBehavior [ RunTime:0.000023s ]
INFO: [ app_init ] --END-- [ RunTime:0.000487s ]
INFO: [ app_begin ] --START--
INFO: Run Behavior\ReadHtmlCacheBehavior [ RunTime:0.066949s ]
INFO: [ app_begin ] --END-- [ RunTime:0.067175s ]
SQL: SHOW COLUMNS FROM `bjy_category` [ RunTime:0.0033s ]
SQL: SELECT * FROM `bjy_category` ORDER BY sort  [ RunTime:0.0004s ]
SQL: SHOW COLUMNS FROM `bjy_tag` [ RunTime:0.0031s ]
SQL: SELECT * FROM `bjy_tag`  [ RunTime:0.0002s ]
SQL: SHOW COLUMNS FROM `bjy_article` [ RunTime:0.0036s ]
NOTIC: [8] Undefined variable: page E:\tongbu\wamp\www\Application\Common\Model\ArticleModel.class.php 第 126 行.
NOTIC: [8] Trying to get property of non-object E:\tongbu\wamp\www\Application\Common\Model\ArticleModel.class.php 第 126 行.
NOTIC: [8] Undefined variable: page E:\tongbu\wamp\www\Application\Common\Model\ArticleModel.class.php 第 126 行.
NOTIC: [8] Trying to get property of non-object E:\tongbu\wamp\www\Application\Common\Model\ArticleModel.class.php 第 126 行.
SQL: SELECT * FROM `bjy_article` WHERE `cid` = 26 AND `is_delete` = 0 ORDER BY addtime  [ RunTime:0.0006s ]
SQL: SHOW COLUMNS FROM `bjy_article_tag` [ RunTime:0.0033s ]
SQL: SHOW COLUMNS FROM `bjy_article_tag` [ RunTime:0.0031s ]
SQL: SELECT `tname`,`aid` FROM `bjy_article_tag` INNER JOIN bjy_tag ON bjy_article_tag.tid=bjy_tag.tid  WHERE ( aid=8 )  [ RunTime:0.0004s ]
SQL: SHOW COLUMNS FROM `bjy_article_pic` [ RunTime:0.0046s ]
SQL: SELECT `path` FROM `bjy_article_pic` WHERE ( aid=8 ) ORDER BY ap_id asc LIMIT 1   [ RunTime:0.0003s ]
SQL: SELECT `cid`,`cid`,`cname` FROM `bjy_category` WHERE ( cid=26 )  [ RunTime:0.0002s ]
INFO: [ view_parse ] --START--
INFO: [ template_filter ] --START--
INFO: Run Behavior\ContentReplaceBehavior [ RunTime:0.000124s ]
INFO: [ template_filter ] --END-- [ RunTime:0.000269s ]
NOTIC: [8] Undefined index: tid E:\tongbu\wamp\www\Runtime\Cache\Home\8a8a1fe12e6e3b6d97a8bf2187671ba6.php 第 73 行.
INFO: Run Behavior\ParseTemplateBehavior [ RunTime:0.020322s ]
INFO: [ view_parse ] --END-- [ RunTime:0.020480s ]
INFO: [ view_filter ] --START--
INFO: Run Behavior\WriteHtmlCacheBehavior [ RunTime:0.000715s ]
INFO: [ view_filter ] --END-- [ RunTime:0.000838s ]
INFO: [ app_end ] --START--
INFO: Run Behavior\ShowPageTraceBehavior [ RunTime:0.000857s ]
INFO: [ app_end ] --END-- [ RunTime:0.000998s ]

[ 2015-04-13T00:34:52+08:00 ] ::1 /index.php/Home/Index/category/cid/26
INFO: [ app_init ] --START--
INFO: Run Behavior\BuildLiteBehavior [ RunTime:0.000025s ]
INFO: [ app_init ] --END-- [ RunTime:0.000505s ]
INFO: [ app_begin ] --START--
INFO: Run Behavior\ReadHtmlCacheBehavior [ RunTime:0.000630s ]
INFO: [ app_begin ] --END-- [ RunTime:0.000741s ]
SQL: SHOW COLUMNS FROM `bjy_category` [ RunTime:0.0039s ]
SQL: SELECT * FROM `bjy_category` ORDER BY sort  [ RunTime:0.0005s ]
SQL: SHOW COLUMNS FROM `bjy_tag` [ RunTime:0.0032s ]
SQL: SELECT * FROM `bjy_tag`  [ RunTime:0.0003s ]
SQL: SHOW COLUMNS FROM `bjy_article` [ RunTime:0.0034s ]
NOTIC: [8] Undefined variable: page E:\tongbu\wamp\www\Application\Common\Model\ArticleModel.class.php 第 126 行.
NOTIC: [8] Trying to get property of non-object E:\tongbu\wamp\www\Application\Common\Model\ArticleModel.class.php 第 126 行.
NOTIC: [8] Undefined variable: page E:\tongbu\wamp\www\Application\Common\Model\ArticleModel.class.php 第 126 行.
NOTIC: [8] Trying to get property of non-object E:\tongbu\wamp\www\Application\Common\Model\ArticleModel.class.php 第 126 行.
SQL: SELECT * FROM `bjy_article` WHERE `cid` = 26 AND `is_delete` = 0 ORDER BY addtime  [ RunTime:0.0004s ]
SQL: SHOW COLUMNS FROM `bjy_article_tag` [ RunTime:0.0043s ]
SQL: SHOW COLUMNS FROM `bjy_article_tag` [ RunTime:0.0029s ]
SQL: SELECT `tname`,`aid` FROM `bjy_article_tag` INNER JOIN bjy_tag ON bjy_article_tag.tid=bjy_tag.tid  WHERE ( aid=8 )  [ RunTime:0.0202s ]
SQL: SHOW COLUMNS FROM `bjy_article_pic` [ RunTime:0.0040s ]
SQL: SELECT `path` FROM `bjy_article_pic` WHERE ( aid=8 ) ORDER BY ap_id asc LIMIT 1   [ RunTime:0.0004s ]
SQL: SELECT `cid`,`cid`,`cname` FROM `bjy_category` WHERE ( cid=26 )  [ RunTime:0.0003s ]
INFO: [ view_parse ] --START--
INFO: [ template_filter ] --START--
INFO: Run Behavior\ContentReplaceBehavior [ RunTime:0.000154s ]
INFO: [ template_filter ] --END-- [ RunTime:0.000280s ]
NOTIC: [8] Undefined index: tid E:\tongbu\wamp\www\Runtime\Cache\Home\8a8a1fe12e6e3b6d97a8bf2187671ba6.php 第 73 行.
INFO: Run Behavior\ParseTemplateBehavior [ RunTime:0.021667s ]
INFO: [ view_parse ] --END-- [ RunTime:0.021819s ]
INFO: [ view_filter ] --START--
INFO: Run Behavior\WriteHtmlCacheBehavior [ RunTime:0.000496s ]
INFO: [ view_filter ] --END-- [ RunTime:0.000592s ]
INFO: [ app_end ] --START--
INFO: Run Behavior\ShowPageTraceBehavior [ RunTime:0.000776s ]
INFO: [ app_end ] --END-- [ RunTime:0.000873s ]

[ 2015-04-13T00:35:08+08:00 ] ::1 /index.php/Home/Index/category/cid/26
INFO: [ app_init ] --START--
INFO: Run Behavior\BuildLiteBehavior [ RunTime:0.000041s ]
INFO: [ app_init ] --END-- [ RunTime:0.000852s ]
INFO: [ app_begin ] --START--
INFO: Run Behavior\ReadHtmlCacheBehavior [ RunTime:0.000610s ]
INFO: [ app_begin ] --END-- [ RunTime:0.000726s ]
SQL: SHOW COLUMNS FROM `bjy_category` [ RunTime:0.0034s ]
SQL: SELECT * FROM `bjy_category` ORDER BY sort  [ RunTime:0.0003s ]
SQL: SHOW COLUMNS FROM `bjy_tag` [ RunTime:0.0031s ]
SQL: SELECT * FROM `bjy_tag`  [ RunTime:0.0002s ]
SQL: SHOW COLUMNS FROM `bjy_article` [ RunTime:0.0054s ]
NOTIC: [8] Undefined variable: page E:\tongbu\wamp\www\Application\Common\Model\ArticleModel.class.php 第 126 行.
NOTIC: [8] Trying to get property of non-object E:\tongbu\wamp\www\Application\Common\Model\ArticleModel.class.php 第 126 行.
NOTIC: [8] Undefined variable: page E:\tongbu\wamp\www\Application\Common\Model\ArticleModel.class.php 第 126 行.
NOTIC: [8] Trying to get property of non-object E:\tongbu\wamp\www\Application\Common\Model\ArticleModel.class.php 第 126 行.
SQL: SELECT * FROM `bjy_article` WHERE `cid` = 26 AND `is_delete` = 0 ORDER BY addtime  [ RunTime:0.0004s ]
SQL: SHOW COLUMNS FROM `bjy_article_tag` [ RunTime:0.0038s ]
SQL: SHOW COLUMNS FROM `bjy_article_tag` [ RunTime:0.0030s ]
SQL: SELECT `tname`,`aid` FROM `bjy_article_tag` INNER JOIN bjy_tag ON bjy_article_tag.tid=bjy_tag.tid  WHERE ( aid=8 )  [ RunTime:0.0003s ]
SQL: SHOW COLUMNS FROM `bjy_article_pic` [ RunTime:0.0047s ]
SQL: SELECT `path` FROM `bjy_article_pic` WHERE ( aid=8 ) ORDER BY ap_id asc LIMIT 1   [ RunTime:0.0003s ]
SQL: SELECT `cid`,`cid`,`cname` FROM `bjy_category` WHERE ( cid=26 )  [ RunTime:0.0002s ]
INFO: [ view_parse ] --START--
INFO: [ template_filter ] --START--
INFO: Run Behavior\ContentReplaceBehavior [ RunTime:0.000165s ]
INFO: [ template_filter ] --END-- [ RunTime:0.000323s ]
NOTIC: [8] Undefined index: tid E:\tongbu\wamp\www\Runtime\Cache\Home\8a8a1fe12e6e3b6d97a8bf2187671ba6.php 第 73 行.
NOTIC: [8] Undefined index: tid E:\tongbu\wamp\www\Runtime\Cache\Home\8a8a1fe12e6e3b6d97a8bf2187671ba6.php 第 73 行.
INFO: Run Behavior\ParseTemplateBehavior [ RunTime:0.020510s ]
INFO: [ view_parse ] --END-- [ RunTime:0.020646s ]
INFO: [ view_filter ] --START--
INFO: Run Behavior\WriteHtmlCacheBehavior [ RunTime:0.000441s ]
INFO: [ view_filter ] --END-- [ RunTime:0.000539s ]
INFO: [ app_end ] --START--
INFO: Run Behavior\ShowPageTraceBehavior [ RunTime:0.001339s ]
INFO: [ app_end ] --END-- [ RunTime:0.001540s ]

[ 2015-04-13T00:35:39+08:00 ] ::1 /index.php/Home/Index/category/cid/26
INFO: [ app_init ] --START--
INFO: Run Behavior\BuildLiteBehavior [ RunTime:0.000025s ]
INFO: [ app_init ] --END-- [ RunTime:0.000496s ]
INFO: [ app_begin ] --START--
INFO: Run Behavior\ReadHtmlCacheBehavior [ RunTime:0.000543s ]
INFO: [ app_begin ] --END-- [ RunTime:0.000653s ]
SQL: SHOW COLUMNS FROM `bjy_category` [ RunTime:0.0045s ]
SQL: SELECT * FROM `bjy_category` ORDER BY sort  [ RunTime:0.0006s ]
SQL: SHOW COLUMNS FROM `bjy_tag` [ RunTime:0.0032s ]
SQL: SELECT * FROM `bjy_tag`  [ RunTime:0.0002s ]
SQL: SHOW COLUMNS FROM `bjy_article` [ RunTime:0.0044s ]
NOTIC: [8] Undefined variable: page E:\tongbu\wamp\www\Application\Common\Model\ArticleModel.class.php 第 126 行.
NOTIC: [8] Trying to get property of non-object E:\tongbu\wamp\www\Application\Common\Model\ArticleModel.class.php 第 126 行.
NOTIC: [8] Undefined variable: page E:\tongbu\wamp\www\Application\Common\Model\ArticleModel.class.php 第 126 行.
NOTIC: [8] Trying to get property of non-object E:\tongbu\wamp\www\Application\Common\Model\ArticleModel.class.php 第 126 行.
SQL: SELECT * FROM `bjy_article` WHERE `cid` = 26 AND `is_delete` = 0 ORDER BY addtime  [ RunTime:0.0004s ]
SQL: SHOW COLUMNS FROM `bjy_article_tag` [ RunTime:0.0032s ]
SQL: SHOW COLUMNS FROM `bjy_article_tag` [ RunTime:0.0030s ]
SQL: SELECT * FROM `bjy_article_tag` INNER JOIN bjy_tag ON bjy_article_tag.tid=bjy_tag.tid  WHERE ( aid=8 )  [ RunTime:0.0004s ]
SQL: SHOW COLUMNS FROM `bjy_article_pic` [ RunTime:0.0038s ]
SQL: SELECT `path` FROM `bjy_article_pic` WHERE ( aid=8 ) ORDER BY ap_id asc LIMIT 1   [ RunTime:0.0003s ]
SQL: SELECT `cid`,`cid`,`cname` FROM `bjy_category` WHERE ( cid=26 )  [ RunTime:0.0002s ]
INFO: [ view_parse ] --START--
INFO: [ template_filter ] --START--
INFO: Run Behavior\ContentReplaceBehavior [ RunTime:0.000198s ]
INFO: [ template_filter ] --END-- [ RunTime:0.000416s ]
INFO: Run Behavior\ParseTemplateBehavior [ RunTime:0.021280s ]
INFO: [ view_parse ] --END-- [ RunTime:0.021419s ]
INFO: [ view_filter ] --START--
INFO: Run Behavior\WriteHtmlCacheBehavior [ RunTime:0.000575s ]
INFO: [ view_filter ] --END-- [ RunTime:0.000676s ]
INFO: [ app_end ] --START--
INFO: Run Behavior\ShowPageTraceBehavior [ RunTime:0.000724s ]
INFO: [ app_end ] --END-- [ RunTime:0.000823s ]

[ 2015-04-13T00:37:24+08:00 ] ::1 /index.php/Home/Index/category/cid/26
INFO: [ app_init ] --START--
INFO: Run Behavior\BuildLiteBehavior [ RunTime:0.000025s ]
INFO: [ app_init ] --END-- [ RunTime:0.000476s ]
INFO: [ app_begin ] --START--
INFO: Run Behavior\ReadHtmlCacheBehavior [ RunTime:0.000712s ]
INFO: [ app_begin ] --END-- [ RunTime:0.000864s ]
SQL: SHOW COLUMNS FROM `bjy_category` [ RunTime:0.0034s ]
SQL: SELECT * FROM `bjy_category` ORDER BY sort  [ RunTime:0.0004s ]
SQL: SHOW COLUMNS FROM `bjy_tag` [ RunTime:0.0043s ]
SQL: SELECT * FROM `bjy_tag`  [ RunTime:0.0003s ]
SQL: SHOW COLUMNS FROM `bjy_article` [ RunTime:0.0044s ]
NOTIC: [8] Undefined variable: page E:\tongbu\wamp\www\Application\Common\Model\ArticleModel.class.php 第 126 行.
NOTIC: [8] Trying to get property of non-object E:\tongbu\wamp\www\Application\Common\Model\ArticleModel.class.php 第 126 行.
NOTIC: [8] Undefined variable: page E:\tongbu\wamp\www\Application\Common\Model\ArticleModel.class.php 第 126 行.
NOTIC: [8] Trying to get property of non-object E:\tongbu\wamp\www\Application\Common\Model\ArticleModel.class.php 第 126 行.
SQL: SELECT * FROM `bjy_article` WHERE `cid` = 26 AND `is_delete` = 0 ORDER BY addtime  [ RunTime:0.0003s ]
SQL: SHOW COLUMNS FROM `bjy_article_tag` [ RunTime:0.0031s ]
SQL: SELECT `tid` FROM `bjy_article_tag` WHERE ( aid=8 )  [ RunTime:0.0004s ]
SQL: SHOW COLUMNS FROM `bjy_article_pic` [ RunTime:0.0035s ]
SQL: SELECT `path` FROM `bjy_article_pic` WHERE ( aid=8 ) ORDER BY ap_id asc LIMIT 1   [ RunTime:0.0002s ]
SQL: SELECT `cid`,`cid`,`cname` FROM `bjy_category` WHERE ( cid=26 )  [ RunTime:0.0002s ]
INFO: [ view_parse ] --START--
INFO: [ template_filter ] --START--
INFO: Run Behavior\ContentReplaceBehavior [ RunTime:0.000116s ]
INFO: [ template_filter ] --END-- [ RunTime:0.000235s ]
INFO: Run Behavior\ParseTemplateBehavior [ RunTime:0.025707s ]
INFO: [ view_parse ] --END-- [ RunTime:0.025843s ]
INFO: [ view_filter ] --START--
INFO: Run Behavior\WriteHtmlCacheBehavior [ RunTime:0.000493s ]
INFO: [ view_filter ] --END-- [ RunTime:0.000596s ]
INFO: [ app_end ] --START--
INFO: Run Behavior\ShowPageTraceBehavior [ RunTime:0.000655s ]
INFO: [ app_end ] --END-- [ RunTime:0.000753s ]

[ 2015-04-13T00:41:04+08:00 ] ::1 /index.php/Home/Index/category/cid/26
INFO: [ app_init ] --START--
INFO: Run Behavior\BuildLiteBehavior [ RunTime:0.000040s ]
INFO: [ app_init ] --END-- [ RunTime:0.000749s ]
INFO: [ app_begin ] --START--
INFO: Run Behavior\ReadHtmlCacheBehavior [ RunTime:0.000843s ]
INFO: [ app_begin ] --END-- [ RunTime:0.000990s ]
SQL: SHOW COLUMNS FROM `bjy_category` [ RunTime:0.0603s ]
SQL: SELECT * FROM `bjy_category` ORDER BY sort  [ RunTime:0.0003s ]
SQL: SHOW COLUMNS FROM `bjy_tag` [ RunTime:0.0183s ]
SQL: SELECT * FROM `bjy_tag`  [ RunTime:0.0003s ]
SQL: SHOW COLUMNS FROM `bjy_article` [ RunTime:0.0037s ]
NOTIC: [8] Undefined variable: page E:\tongbu\wamp\www\Application\Common\Model\ArticleModel.class.php 第 126 行.
NOTIC: [8] Trying to get property of non-object E:\tongbu\wamp\www\Application\Common\Model\ArticleModel.class.php 第 126 行.
NOTIC: [8] Undefined variable: page E:\tongbu\wamp\www\Application\Common\Model\ArticleModel.class.php 第 126 行.
NOTIC: [8] Trying to get property of non-object E:\tongbu\wamp\www\Application\Common\Model\ArticleModel.class.php 第 126 行.
SQL: SELECT * FROM `bjy_article` WHERE `cid` = 26 AND `is_delete` = 0 ORDER BY addtime  [ RunTime:0.0005s ]
SQL: SHOW COLUMNS FROM `bjy_article_tag` [ RunTime:0.0039s ]
SQL: SHOW COLUMNS FROM `bjy_article_tag` [ RunTime:0.0031s ]
SQL: SELECT * FROM `bjy_article_tag` INNER JOIN bjy_tag ON bjy_article_tag.tid=bjy_tag.tid  WHERE ( aid=8 )  [ RunTime:0.0004s ]
SQL: SHOW COLUMNS FROM `bjy_article_pic` [ RunTime:0.0046s ]
SQL: SELECT `path` FROM `bjy_article_pic` WHERE ( aid=8 ) ORDER BY ap_id asc LIMIT 1   [ RunTime:0.0004s ]
SQL: SELECT `cid`,`cid`,`cname` FROM `bjy_category` WHERE ( cid=26 )  [ RunTime:0.0003s ]
INFO: [ view_parse ] --START--
INFO: [ template_filter ] --START--
INFO: Run Behavior\ContentReplaceBehavior [ RunTime:0.000109s ]
INFO: [ template_filter ] --END-- [ RunTime:0.000220s ]
INFO: Run Behavior\ParseTemplateBehavior [ RunTime:0.020723s ]
INFO: [ view_parse ] --END-- [ RunTime:0.020858s ]
INFO: [ view_filter ] --START--
INFO: Run Behavior\WriteHtmlCacheBehavior [ RunTime:0.000481s ]
INFO: [ view_filter ] --END-- [ RunTime:0.000585s ]
INFO: [ app_end ] --START--
INFO: Run Behavior\ShowPageTraceBehavior [ RunTime:0.000741s ]
INFO: [ app_end ] --END-- [ RunTime:0.000843s ]

[ 2015-04-13T00:41:20+08:00 ] ::1 /index.php/Home/Index/category/cid/26
INFO: [ app_init ] --START--
INFO: Run Behavior\BuildLiteBehavior [ RunTime:0.000026s ]
INFO: [ app_init ] --END-- [ RunTime:0.000469s ]
INFO: [ app_begin ] --START--
INFO: Run Behavior\ReadHtmlCacheBehavior [ RunTime:0.000753s ]
INFO: [ app_begin ] --END-- [ RunTime:0.001016s ]
SQL: SHOW COLUMNS FROM `bjy_category` [ RunTime:0.0034s ]
SQL: SELECT * FROM `bjy_category` ORDER BY sort  [ RunTime:0.0003s ]
SQL: SHOW COLUMNS FROM `bjy_tag` [ RunTime:0.0037s ]
SQL: SELECT * FROM `bjy_tag`  [ RunTime:0.0002s ]
SQL: SHOW COLUMNS FROM `bjy_article` [ RunTime:0.0035s ]
NOTIC: [8] Undefined variable: page E:\tongbu\wamp\www\Application\Common\Model\ArticleModel.class.php 第 126 行.
NOTIC: [8] Trying to get property of non-object E:\tongbu\wamp\www\Application\Common\Model\ArticleModel.class.php 第 126 行.
NOTIC: [8] Undefined variable: page E:\tongbu\wamp\www\Application\Common\Model\ArticleModel.class.php 第 126 行.
NOTIC: [8] Trying to get property of non-object E:\tongbu\wamp\www\Application\Common\Model\ArticleModel.class.php 第 126 行.
SQL: SELECT * FROM `bjy_article` WHERE `cid` = 26 AND `is_delete` = 0 ORDER BY addtime  [ RunTime:0.0003s ]
SQL: SHOW COLUMNS FROM `bjy_article_tag` [ RunTime:0.0062s ]
SQL: SHOW COLUMNS FROM `bjy_article_tag` [ RunTime:0.0042s ]
SQL: SELECT * FROM `bjy_article_tag` INNER JOIN bjy_tag ON bjy_article_tag.tid=bjy_tag.tid  WHERE ( aid=8 )  [ RunTime:0.0003s ]
SQL: SHOW COLUMNS FROM `bjy_article_pic` [ RunTime:0.0037s ]
SQL: SELECT `path` FROM `bjy_article_pic` WHERE ( aid=8 ) ORDER BY ap_id asc LIMIT 1   [ RunTime:0.0004s ]
SQL: SELECT `cid`,`cid`,`cname` FROM `bjy_category` WHERE ( cid=26 )  [ RunTime:0.0003s ]
INFO: [ view_parse ] --START--
INFO: [ template_filter ] --START--
INFO: Run Behavior\ContentReplaceBehavior [ RunTime:0.000191s ]
INFO: [ template_filter ] --END-- [ RunTime:0.000401s ]
INFO: Run Behavior\ParseTemplateBehavior [ RunTime:0.032695s ]
INFO: [ view_parse ] --END-- [ RunTime:0.032911s ]
INFO: [ view_filter ] --START--
INFO: Run Behavior\WriteHtmlCacheBehavior [ RunTime:0.000822s ]
INFO: [ view_filter ] --END-- [ RunTime:0.001018s ]
INFO: [ app_end ] --START--
INFO: Run Behavior\ShowPageTraceBehavior [ RunTime:0.001001s ]
INFO: [ app_end ] --END-- [ RunTime:0.001149s ]

[ 2015-04-13T00:41:27+08:00 ] ::1 /index.php/Home/Index/tag/tid/18
INFO: [ app_init ] --START--
INFO: Run Behavior\BuildLiteBehavior [ RunTime:0.000025s ]
INFO: [ app_init ] --END-- [ RunTime:0.000460s ]
INFO: [ app_begin ] --START--
INFO: Run Behavior\ReadHtmlCacheBehavior [ RunTime:0.000525s ]
INFO: [ app_begin ] --END-- [ RunTime:0.000638s ]
SQL: SHOW COLUMNS FROM `bjy_category` [ RunTime:0.0040s ]
SQL: SELECT * FROM `bjy_category` ORDER BY sort  [ RunTime:0.0006s ]
SQL: SHOW COLUMNS FROM `bjy_tag` [ RunTime:0.0045s ]
SQL: SELECT * FROM `bjy_tag`  [ RunTime:0.0003s ]
SQL: SHOW COLUMNS FROM `bjy_article` [ RunTime:0.0052s ]
SQL: SHOW COLUMNS FROM `bjy_article_tag` [ RunTime:0.0049s ]
SQL: SELECT * FROM bjy_article_tag at INNER JOIN bjy_article a ON at.aid=a.aid  WHERE at.tid = 18 AND a.is_delete = 0  [ RunTime:0.0005s ]
SQL: SHOW COLUMNS FROM `bjy_article_tag` [ RunTime:0.0045s ]
SQL: SHOW COLUMNS FROM `bjy_article_tag` [ RunTime:0.0035s ]
SQL: SELECT * FROM `bjy_article_tag` INNER JOIN bjy_tag ON bjy_article_tag.tid=bjy_tag.tid  WHERE ( aid=8 )  [ RunTime:0.0003s ]
SQL: SHOW COLUMNS FROM `bjy_article_pic` [ RunTime:0.0033s ]
SQL: SELECT `path` FROM `bjy_article_pic` WHERE ( aid=8 ) ORDER BY ap_id asc LIMIT 1   [ RunTime:0.0002s ]
SQL: SELECT `cid`,`cid`,`cname` FROM `bjy_category` WHERE ( cid=26 )  [ RunTime:0.0002s ]
SQL: SELECT `tname` FROM `bjy_tag` WHERE `tid` = 18 LIMIT 1   [ RunTime:0.0002s ]
INFO: [ view_parse ] --START--
INFO: [ template_filter ] --START--
INFO: Run Behavior\ContentReplaceBehavior [ RunTime:0.000148s ]
INFO: [ template_filter ] --END-- [ RunTime:0.000310s ]
NOTIC: [8] Undefined index: cid E:\tongbu\wamp\www\Runtime\Cache\Home\2bbb24886b1ac05ecdb4b104bcd892f2.php 第 41 行.
INFO: Run Behavior\ParseTemplateBehavior [ RunTime:0.030780s ]
INFO: [ view_parse ] --END-- [ RunTime:0.030936s ]
INFO: [ view_filter ] --START--
INFO: Run Behavior\WriteHtmlCacheBehavior [ RunTime:0.000444s ]
INFO: [ view_filter ] --END-- [ RunTime:0.000540s ]
INFO: [ app_end ] --START--
INFO: Run Behavior\ShowPageTraceBehavior [ RunTime:0.000657s ]
INFO: [ app_end ] --END-- [ RunTime:0.000754s ]

[ 2015-04-13T00:42:10+08:00 ] ::1 /index.php/Home/Index/tag/tid/18
INFO: [ app_init ] --START--
INFO: Run Behavior\BuildLiteBehavior [ RunTime:0.000025s ]
INFO: [ app_init ] --END-- [ RunTime:0.000449s ]
INFO: [ app_begin ] --START--
INFO: Run Behavior\ReadHtmlCacheBehavior [ RunTime:0.000712s ]
INFO: [ app_begin ] --END-- [ RunTime:0.000865s ]
SQL: SHOW COLUMNS FROM `bjy_category` [ RunTime:0.0053s ]
SQL: SELECT * FROM `bjy_category` ORDER BY sort  [ RunTime:0.0005s ]
SQL: SHOW COLUMNS FROM `bjy_tag` [ RunTime:0.0044s ]
SQL: SELECT * FROM `bjy_tag`  [ RunTime:0.0003s ]
SQL: SHOW COLUMNS FROM `bjy_article` [ RunTime:0.0051s ]
SQL: SHOW COLUMNS FROM `bjy_article_tag` [ RunTime:0.0034s ]
SQL: SELECT * FROM bjy_article_tag at INNER JOIN bjy_article a ON at.aid=a.aid  WHERE at.tid = 18 AND a.is_delete = 0  [ RunTime:0.0004s ]
SQL: SHOW COLUMNS FROM `bjy_article_tag` [ RunTime:0.0041s ]
SQL: SHOW COLUMNS FROM `bjy_article_tag` [ RunTime:0.0051s ]
SQL: SELECT * FROM `bjy_article_tag` INNER JOIN bjy_tag ON bjy_article_tag.tid=bjy_tag.tid  WHERE ( aid=8 )  [ RunTime:0.0004s ]
SQL: SHOW COLUMNS FROM `bjy_article_pic` [ RunTime:0.0038s ]
SQL: SELECT `path` FROM `bjy_article_pic` WHERE ( aid=8 ) ORDER BY ap_id asc LIMIT 1   [ RunTime:0.0004s ]
SQL: SELECT `cid`,`cid`,`cname` FROM `bjy_category` WHERE ( cid=26 )  [ RunTime:0.0004s ]
SQL: SELECT `tname` FROM `bjy_tag` WHERE `tid` = 18 LIMIT 1   [ RunTime:0.0004s ]
INFO: [ view_parse ] --START--
INFO: [ template_filter ] --START--
INFO: Run Behavior\ContentReplaceBehavior [ RunTime:0.000208s ]
INFO: [ template_filter ] --END-- [ RunTime:0.000466s ]
NOTIC: [8] Undefined index: cid E:\tongbu\wamp\www\Runtime\Cache\Home\2bbb24886b1ac05ecdb4b104bcd892f2.php 第 41 行.
INFO: Run Behavior\ParseTemplateBehavior [ RunTime:0.031992s ]
INFO: [ view_parse ] --END-- [ RunTime:0.032233s ]
INFO: [ view_filter ] --START--
INFO: Run Behavior\WriteHtmlCacheBehavior [ RunTime:0.000626s ]
INFO: [ view_filter ] --END-- [ RunTime:0.000801s ]
INFO: [ app_end ] --START--
INFO: Run Behavior\ShowPageTraceBehavior [ RunTime:0.001848s ]
INFO: [ app_end ] --END-- [ RunTime:0.002209s ]

