[ 2015-05-30T00:17:08+08:00 ] ::1 /index.php/Home/Index/index
INFO: [ app_init ] --START--
INFO: Run Behavior\BuildLiteBehavior [ RunTime:0.000028s ]
INFO: [ app_init ] --END-- [ RunTime:0.000560s ]
INFO: [ app_begin ] --START--
INFO: Run Behavior\ReadHtmlCacheBehavior [ RunTime:0.000586s ]
INFO: [ app_begin ] --END-- [ RunTime:0.000720s ]
SQL: SHOW COLUMNS FROM `bjy_category` [ RunTime:0.0043s ]
SQL: SELECT * FROM `bjy_category` ORDER BY sort  [ RunTime:0.0006s ]
SQL: SHOW COLUMNS FROM `bjy_tag` [ RunTime:0.0033s ]
SQL: SELECT * FROM `bjy_tag`  [ RunTime:0.0004s ]
SQL: SHOW COLUMNS FROM `bjy_link` [ RunTime:0.0032s ]
SQL: SELECT * FROM `bjy_link` WHERE `is_delete` = 0 AND `is_show` = 1 ORDER BY sort  [ RunTime:0.0004s ]
SQL: SHOW COLUMNS FROM `bjy_article` [ RunTime:0.0043s ]
SQL: SELECT COUNT(*) AS tp_count FROM `bjy_article` WHERE `is_delete` = 0 AND `is_show` = 1 LIMIT 1   [ RunTime:0.0004s ]
SQL: SELECT * FROM `bjy_article` WHERE `is_delete` = 0 AND `is_show` = 1 ORDER BY addtime desc LIMIT 0,10   [ RunTime:0.0005s ]
SQL: SHOW COLUMNS FROM `bjy_article_tag` [ RunTime:0.0033s ]
SQL: SHOW COLUMNS FROM `bjy_article_tag` [ RunTime:0.0035s ]
SQL: SELECT * FROM `bjy_article_tag` INNER JOIN bjy_tag ON bjy_article_tag.tid=bjy_tag.tid  WHERE ( aid=17 )  [ RunTime:0.0003s ]
SQL: SHOW COLUMNS FROM `bjy_article_pic` [ RunTime:0.0036s ]
SQL: SELECT `path` FROM `bjy_article_pic` WHERE ( aid=17 ) ORDER BY ap_id asc LIMIT 1   [ RunTime:0.0004s ]
SQL: SELECT `cid`,`cid`,`cname` FROM `bjy_category` WHERE ( cid=28 )  [ RunTime:0.0003s ]
INFO: [ view_parse ] --START--
INFO: [ template_filter ] --START--
INFO: Run Behavior\ContentReplaceBehavior [ RunTime:0.000150s ]
INFO: [ template_filter ] --END-- [ RunTime:0.000258s ]
NOTIC: [8] Undefined index: cid E:\tongbu\wamp\www\Runtime\Cache\Home\08d30c77e78bd0ac29232fbc421b5dcd.php 第 54 行.
NOTIC: [8] Undefined variable: article E:\tongbu\wamp\www\Runtime\Cache\Home\08d30c77e78bd0ac29232fbc421b5dcd.php 第 54 行.
SQL: SHOW COLUMNS FROM `bjy_article` [ RunTime:0.0044s ]
SQL: SELECT `aid`,`title` FROM `bjy_article` WHERE ( is_show=1 and is_delete=0 and is_top=1 ) LIMIT 10   [ RunTime:0.0003s ]
NOTIC: [2] Invalid argument supplied for foreach() E:\tongbu\wamp\www\Runtime\Cache\Home\08d30c77e78bd0ac29232fbc421b5dcd.php 第 135 行.
NOTIC: [8] Use of undefined constant url - assumed 'url' E:\tongbu\wamp\www\Runtime\Cache\Home\08d30c77e78bd0ac29232fbc421b5dcd.php 第 147 行.
INFO: Run Behavior\ParseTemplateBehavior [ RunTime:0.033616s ]
INFO: [ view_parse ] --END-- [ RunTime:0.033785s ]
INFO: [ view_filter ] --START--
INFO: Run Behavior\WriteHtmlCacheBehavior [ RunTime:0.000413s ]
INFO: [ view_filter ] --END-- [ RunTime:0.000501s ]
INFO: [ app_end ] --START--
INFO: Run Behavior\ShowPageTraceBehavior [ RunTime:0.000643s ]
INFO: [ app_end ] --END-- [ RunTime:0.000731s ]

[ 2015-05-30T00:17:09+08:00 ] ::1 /index.php/Home/Index/chat
INFO: [ app_init ] --START--
INFO: Run Behavior\BuildLiteBehavior [ RunTime:0.000028s ]
INFO: [ app_init ] --END-- [ RunTime:0.000637s ]
INFO: [ app_begin ] --START--
INFO: Run Behavior\ReadHtmlCacheBehavior [ RunTime:0.000621s ]
INFO: [ app_begin ] --END-- [ RunTime:0.000772s ]
SQL: SHOW COLUMNS FROM `bjy_category` [ RunTime:0.0040s ]
SQL: SELECT * FROM `bjy_category` ORDER BY sort  [ RunTime:0.0005s ]
SQL: SHOW COLUMNS FROM `bjy_tag` [ RunTime:0.0046s ]
SQL: SELECT * FROM `bjy_tag`  [ RunTime:0.0003s ]
SQL: SHOW COLUMNS FROM `bjy_link` [ RunTime:0.0039s ]
SQL: SELECT * FROM `bjy_link` WHERE `is_delete` = 0 AND `is_show` = 1 ORDER BY sort  [ RunTime:0.0004s ]
INFO: [ view_parse ] --START--
INFO: [ template_filter ] --START--
INFO: Run Behavior\ContentReplaceBehavior [ RunTime:0.000164s ]
INFO: [ template_filter ] --END-- [ RunTime:0.000293s ]
NOTIC: [8] Undefined index: cid E:\tongbu\wamp\www\Runtime\Cache\Home\49c8efb02d4e91c27bdc98b4aa9a6fc1.php 第 56 行.
NOTIC: [8] Undefined variable: article E:\tongbu\wamp\www\Runtime\Cache\Home\49c8efb02d4e91c27bdc98b4aa9a6fc1.php 第 56 行.
SQL: SHOW COLUMNS FROM `bjy_article` [ RunTime:0.0035s ]
SQL: SELECT `aid`,`title` FROM `bjy_article` WHERE ( is_show=1 and is_delete=0 and is_top=1 ) LIMIT 10   [ RunTime:0.0003s ]
NOTIC: [2] Invalid argument supplied for foreach() E:\tongbu\wamp\www\Runtime\Cache\Home\49c8efb02d4e91c27bdc98b4aa9a6fc1.php 第 137 行.
NOTIC: [8] Use of undefined constant url - assumed 'url' E:\tongbu\wamp\www\Runtime\Cache\Home\49c8efb02d4e91c27bdc98b4aa9a6fc1.php 第 149 行.
INFO: Run Behavior\ParseTemplateBehavior [ RunTime:0.132762s ]
INFO: [ view_parse ] --END-- [ RunTime:0.132868s ]
INFO: [ view_filter ] --START--
INFO: Run Behavior\WriteHtmlCacheBehavior [ RunTime:0.000395s ]
INFO: [ view_filter ] --END-- [ RunTime:0.000488s ]
INFO: [ app_end ] --START--
INFO: Run Behavior\ShowPageTraceBehavior [ RunTime:0.000642s ]
INFO: [ app_end ] --END-- [ RunTime:0.000735s ]

[ 2015-05-30T00:22:47+08:00 ] ::1 /index.php/Home/Index/index
INFO: [ app_init ] --START--
INFO: Run Behavior\BuildLiteBehavior [ RunTime:0.000023s ]
INFO: [ app_init ] --END-- [ RunTime:0.000655s ]
INFO: [ app_begin ] --START--
INFO: Run Behavior\ReadHtmlCacheBehavior [ RunTime:0.000920s ]
INFO: [ app_begin ] --END-- [ RunTime:0.001041s ]
SQL: SHOW COLUMNS FROM `bjy_category` [ RunTime:0.0040s ]
SQL: SELECT * FROM `bjy_category` ORDER BY sort  [ RunTime:0.0004s ]
SQL: SHOW COLUMNS FROM `bjy_tag` [ RunTime:0.0035s ]
SQL: SELECT * FROM `bjy_tag`  [ RunTime:0.0003s ]
SQL: SHOW COLUMNS FROM `bjy_link` [ RunTime:0.0045s ]
SQL: SELECT * FROM `bjy_link` WHERE `is_delete` = 0 AND `is_show` = 1 ORDER BY sort  [ RunTime:0.0004s ]
SQL: SHOW COLUMNS FROM `bjy_article` [ RunTime:0.0037s ]
SQL: SELECT COUNT(*) AS tp_count FROM `bjy_article` WHERE `is_delete` = 0 AND `is_show` = 1 LIMIT 1   [ RunTime:0.0003s ]
SQL: SELECT * FROM `bjy_article` WHERE `is_delete` = 0 AND `is_show` = 1 ORDER BY addtime desc LIMIT 0,10   [ RunTime:0.0004s ]
SQL: SHOW COLUMNS FROM `bjy_article_tag` [ RunTime:0.0040s ]
SQL: SHOW COLUMNS FROM `bjy_article_tag` [ RunTime:0.0039s ]
SQL: SELECT * FROM `bjy_article_tag` INNER JOIN bjy_tag ON bjy_article_tag.tid=bjy_tag.tid  WHERE ( aid=17 )  [ RunTime:0.0004s ]
SQL: SHOW COLUMNS FROM `bjy_article_pic` [ RunTime:0.0031s ]
SQL: SELECT `path` FROM `bjy_article_pic` WHERE ( aid=17 ) ORDER BY ap_id asc LIMIT 1   [ RunTime:0.0003s ]
SQL: SELECT `cid`,`cid`,`cname` FROM `bjy_category` WHERE ( cid=28 )  [ RunTime:0.0002s ]
INFO: [ view_parse ] --START--
INFO: [ template_filter ] --START--
INFO: Run Behavior\ContentReplaceBehavior [ RunTime:0.000239s ]
INFO: [ template_filter ] --END-- [ RunTime:0.000451s ]
NOTIC: [8] Undefined index: cid E:\tongbu\wamp\www\Runtime\Cache\Home\08d30c77e78bd0ac29232fbc421b5dcd.php 第 54 行.
NOTIC: [8] Undefined variable: article E:\tongbu\wamp\www\Runtime\Cache\Home\08d30c77e78bd0ac29232fbc421b5dcd.php 第 54 行.
SQL: SHOW COLUMNS FROM `bjy_article` [ RunTime:0.0036s ]
SQL: SELECT `aid`,`title` FROM `bjy_article` WHERE ( is_show=1 and is_delete=0 and is_top=1 ) LIMIT 10   [ RunTime:0.0003s ]
NOTIC: [2] Invalid argument supplied for foreach() E:\tongbu\wamp\www\Runtime\Cache\Home\08d30c77e78bd0ac29232fbc421b5dcd.php 第 135 行.
NOTIC: [8] Use of undefined constant url - assumed 'url' E:\tongbu\wamp\www\Runtime\Cache\Home\08d30c77e78bd0ac29232fbc421b5dcd.php 第 147 行.
INFO: Run Behavior\ParseTemplateBehavior [ RunTime:0.033882s ]
INFO: [ view_parse ] --END-- [ RunTime:0.033996s ]
INFO: [ view_filter ] --START--
INFO: Run Behavior\WriteHtmlCacheBehavior [ RunTime:0.000581s ]
INFO: [ view_filter ] --END-- [ RunTime:0.000686s ]
INFO: [ app_end ] --START--
INFO: Run Behavior\ShowPageTraceBehavior [ RunTime:0.000777s ]
INFO: [ app_end ] --END-- [ RunTime:0.000903s ]

[ 2015-05-30T00:22:48+08:00 ] ::1 /index.php/Home/Index/chat
INFO: [ app_init ] --START--
INFO: Run Behavior\BuildLiteBehavior [ RunTime:0.000025s ]
INFO: [ app_init ] --END-- [ RunTime:0.000529s ]
INFO: [ app_begin ] --START--
INFO: Run Behavior\ReadHtmlCacheBehavior [ RunTime:0.000745s ]
INFO: [ app_begin ] --END-- [ RunTime:0.000863s ]
SQL: SHOW COLUMNS FROM `bjy_category` [ RunTime:0.0036s ]
SQL: SELECT * FROM `bjy_category` ORDER BY sort  [ RunTime:0.0004s ]
SQL: SHOW COLUMNS FROM `bjy_tag` [ RunTime:0.0034s ]
SQL: SELECT * FROM `bjy_tag`  [ RunTime:0.0003s ]
SQL: SHOW COLUMNS FROM `bjy_link` [ RunTime:0.0045s ]
SQL: SELECT * FROM `bjy_link` WHERE `is_delete` = 0 AND `is_show` = 1 ORDER BY sort  [ RunTime:0.0004s ]
INFO: [ view_parse ] --START--
INFO: [ template_filter ] --START--
INFO: Run Behavior\ContentReplaceBehavior [ RunTime:0.000234s ]
INFO: [ template_filter ] --END-- [ RunTime:0.000493s ]
NOTIC: [8] Undefined index: cid E:\tongbu\wamp\www\Runtime\Cache\Home\49c8efb02d4e91c27bdc98b4aa9a6fc1.php 第 56 行.
NOTIC: [8] Undefined variable: article E:\tongbu\wamp\www\Runtime\Cache\Home\49c8efb02d4e91c27bdc98b4aa9a6fc1.php 第 56 行.
NOTIC: [8] Undefined variable: data E:\tongbu\wamp\www\Runtime\Cache\Home\49c8efb02d4e91c27bdc98b4aa9a6fc1.php 第 88 行.
NOTIC: [8] Undefined variable: data E:\tongbu\wamp\www\Runtime\Cache\Home\49c8efb02d4e91c27bdc98b4aa9a6fc1.php 第 99 行.
SQL: SHOW COLUMNS FROM `bjy_article` [ RunTime:0.0039s ]
SQL: SELECT `aid`,`title` FROM `bjy_article` WHERE ( is_show=1 and is_delete=0 and is_top=1 ) LIMIT 10   [ RunTime:0.0005s ]
NOTIC: [2] Invalid argument supplied for foreach() E:\tongbu\wamp\www\Runtime\Cache\Home\49c8efb02d4e91c27bdc98b4aa9a6fc1.php 第 129 行.
NOTIC: [8] Use of undefined constant url - assumed 'url' E:\tongbu\wamp\www\Runtime\Cache\Home\49c8efb02d4e91c27bdc98b4aa9a6fc1.php 第 141 行.
INFO: Run Behavior\ParseTemplateBehavior [ RunTime:0.031685s ]
INFO: [ view_parse ] --END-- [ RunTime:0.031797s ]
INFO: [ view_filter ] --START--
INFO: Run Behavior\WriteHtmlCacheBehavior [ RunTime:0.000557s ]
INFO: [ view_filter ] --END-- [ RunTime:0.000652s ]
INFO: [ app_end ] --START--
INFO: Run Behavior\ShowPageTraceBehavior [ RunTime:0.000829s ]
INFO: [ app_end ] --END-- [ RunTime:0.001051s ]

[ 2015-05-30T00:24:30+08:00 ] ::1 /index.php/Home/Index/chat
INFO: [ app_init ] --START--
INFO: Run Behavior\BuildLiteBehavior [ RunTime:0.000045s ]
INFO: [ app_init ] --END-- [ RunTime:0.001096s ]
INFO: [ app_begin ] --START--
INFO: Run Behavior\ReadHtmlCacheBehavior [ RunTime:0.000844s ]
INFO: [ app_begin ] --END-- [ RunTime:0.001048s ]
SQL: SHOW COLUMNS FROM `bjy_category` [ RunTime:0.0043s ]
SQL: SELECT * FROM `bjy_category` ORDER BY sort  [ RunTime:0.0005s ]
SQL: SHOW COLUMNS FROM `bjy_tag` [ RunTime:0.0035s ]
SQL: SELECT * FROM `bjy_tag`  [ RunTime:0.0002s ]
SQL: SHOW COLUMNS FROM `bjy_link` [ RunTime:0.0042s ]
SQL: SELECT * FROM `bjy_link` WHERE `is_delete` = 0 AND `is_show` = 1 ORDER BY sort  [ RunTime:0.0004s ]
SQL: SHOW COLUMNS FROM `bjy_chat` [ RunTime:0.0044s ]
SQL: SELECT * FROM `bjy_chat` WHERE ( is_delete=0 and is_show=1 )  [ RunTime:0.0004s ]
INFO: [ view_parse ] --START--
INFO: [ template_filter ] --START--
INFO: Run Behavior\ContentReplaceBehavior [ RunTime:0.000157s ]
INFO: [ template_filter ] --END-- [ RunTime:0.000276s ]
NOTIC: [8] Undefined index: cid E:\tongbu\wamp\www\Runtime\Cache\Home\49c8efb02d4e91c27bdc98b4aa9a6fc1.php 第 56 行.
NOTIC: [8] Undefined variable: article E:\tongbu\wamp\www\Runtime\Cache\Home\49c8efb02d4e91c27bdc98b4aa9a6fc1.php 第 56 行.
SQL: SHOW COLUMNS FROM `bjy_article` [ RunTime:0.0047s ]
SQL: SELECT `aid`,`title` FROM `bjy_article` WHERE ( is_show=1 and is_delete=0 and is_top=1 ) LIMIT 10   [ RunTime:0.0003s ]
NOTIC: [2] Invalid argument supplied for foreach() E:\tongbu\wamp\www\Runtime\Cache\Home\49c8efb02d4e91c27bdc98b4aa9a6fc1.php 第 129 行.
NOTIC: [8] Use of undefined constant url - assumed 'url' E:\tongbu\wamp\www\Runtime\Cache\Home\49c8efb02d4e91c27bdc98b4aa9a6fc1.php 第 141 行.
INFO: Run Behavior\ParseTemplateBehavior [ RunTime:0.031291s ]
INFO: [ view_parse ] --END-- [ RunTime:0.031441s ]
INFO: [ view_filter ] --START--
INFO: Run Behavior\WriteHtmlCacheBehavior [ RunTime:0.000631s ]
INFO: [ view_filter ] --END-- [ RunTime:0.000763s ]
INFO: [ app_end ] --START--
INFO: Run Behavior\ShowPageTraceBehavior [ RunTime:0.000688s ]
INFO: [ app_end ] --END-- [ RunTime:0.000786s ]

[ 2015-05-30T00:27:08+08:00 ] ::1 /index.php/Home/Index/chat
INFO: [ app_init ] --START--
INFO: Run Behavior\BuildLiteBehavior [ RunTime:0.000024s ]
INFO: [ app_init ] --END-- [ RunTime:0.000595s ]
INFO: [ app_begin ] --START--
INFO: Run Behavior\ReadHtmlCacheBehavior [ RunTime:0.000775s ]
INFO: [ app_begin ] --END-- [ RunTime:0.001001s ]
SQL: SHOW COLUMNS FROM `bjy_category` [ RunTime:0.0036s ]
SQL: SELECT * FROM `bjy_category` ORDER BY sort  [ RunTime:0.0004s ]
SQL: SHOW COLUMNS FROM `bjy_tag` [ RunTime:0.0033s ]
SQL: SELECT * FROM `bjy_tag`  [ RunTime:0.0003s ]
SQL: SHOW COLUMNS FROM `bjy_link` [ RunTime:0.0039s ]
SQL: SELECT * FROM `bjy_link` WHERE `is_delete` = 0 AND `is_show` = 1 ORDER BY sort  [ RunTime:0.0004s ]
SQL: SHOW COLUMNS FROM `bjy_chat` [ RunTime:0.0034s ]
SQL: SELECT * FROM `bjy_chat` WHERE ( is_delete=0 and is_show=1 )  [ RunTime:0.0003s ]
INFO: [ view_parse ] --START--
INFO: [ template_filter ] --START--
INFO: Run Behavior\ContentReplaceBehavior [ RunTime:0.000180s ]
INFO: [ template_filter ] --END-- [ RunTime:0.000303s ]

[ 2015-05-30T00:27:25+08:00 ] ::1 /index.php/Home/Index/chat
INFO: [ app_init ] --START--
INFO: Run Behavior\BuildLiteBehavior [ RunTime:0.000043s ]
INFO: [ app_init ] --END-- [ RunTime:0.001942s ]
INFO: [ app_begin ] --START--
INFO: Run Behavior\ReadHtmlCacheBehavior [ RunTime:0.000618s ]
INFO: [ app_begin ] --END-- [ RunTime:0.000733s ]
SQL: SHOW COLUMNS FROM `bjy_category` [ RunTime:0.0040s ]
SQL: SELECT * FROM `bjy_category` ORDER BY sort  [ RunTime:0.0003s ]
SQL: SHOW COLUMNS FROM `bjy_tag` [ RunTime:0.0037s ]
SQL: SELECT * FROM `bjy_tag`  [ RunTime:0.0003s ]
SQL: SHOW COLUMNS FROM `bjy_link` [ RunTime:0.0031s ]
SQL: SELECT * FROM `bjy_link` WHERE `is_delete` = 0 AND `is_show` = 1 ORDER BY sort  [ RunTime:0.0004s ]
SQL: SHOW COLUMNS FROM `bjy_chat` [ RunTime:0.0041s ]
SQL: SELECT * FROM `bjy_chat` WHERE ( is_delete=0 and is_show=1 )  [ RunTime:0.0004s ]
INFO: [ view_parse ] --START--
INFO: [ template_filter ] --START--
INFO: Run Behavior\ContentReplaceBehavior [ RunTime:0.000149s ]
INFO: [ template_filter ] --END-- [ RunTime:0.000264s ]
NOTIC: [8] Undefined index: cid E:\tongbu\wamp\www\Runtime\Cache\Home\49c8efb02d4e91c27bdc98b4aa9a6fc1.php 第 56 行.
NOTIC: [8] Undefined variable: article E:\tongbu\wamp\www\Runtime\Cache\Home\49c8efb02d4e91c27bdc98b4aa9a6fc1.php 第 56 行.
SQL: SHOW COLUMNS FROM `bjy_article` [ RunTime:0.0036s ]
SQL: SELECT `aid`,`title` FROM `bjy_article` WHERE ( is_show=1 and is_delete=0 and is_top=1 ) LIMIT 10   [ RunTime:0.0003s ]
NOTIC: [2] Invalid argument supplied for foreach() E:\tongbu\wamp\www\Runtime\Cache\Home\49c8efb02d4e91c27bdc98b4aa9a6fc1.php 第 129 行.
NOTIC: [8] Use of undefined constant url - assumed 'url' E:\tongbu\wamp\www\Runtime\Cache\Home\49c8efb02d4e91c27bdc98b4aa9a6fc1.php 第 141 行.
INFO: Run Behavior\ParseTemplateBehavior [ RunTime:0.027117s ]
INFO: [ view_parse ] --END-- [ RunTime:0.027222s ]
INFO: [ view_filter ] --START--
INFO: Run Behavior\WriteHtmlCacheBehavior [ RunTime:0.000572s ]
INFO: [ view_filter ] --END-- [ RunTime:0.000661s ]
INFO: [ app_end ] --START--
INFO: Run Behavior\ShowPageTraceBehavior [ RunTime:0.000905s ]
INFO: [ app_end ] --END-- [ RunTime:0.001033s ]

[ 2015-05-30T00:27:50+08:00 ] ::1 /index.php/Home/Index/chat
INFO: [ app_init ] --START--
INFO: Run Behavior\BuildLiteBehavior [ RunTime:0.000053s ]
INFO: [ app_init ] --END-- [ RunTime:0.000782s ]
INFO: [ app_begin ] --START--
INFO: Run Behavior\ReadHtmlCacheBehavior [ RunTime:0.000586s ]
INFO: [ app_begin ] --END-- [ RunTime:0.000697s ]
SQL: SHOW COLUMNS FROM `bjy_category` [ RunTime:0.0034s ]
SQL: SELECT * FROM `bjy_category` ORDER BY sort  [ RunTime:0.0005s ]
SQL: SHOW COLUMNS FROM `bjy_tag` [ RunTime:0.0036s ]
SQL: SELECT * FROM `bjy_tag`  [ RunTime:0.0003s ]
SQL: SHOW COLUMNS FROM `bjy_link` [ RunTime:0.0031s ]
SQL: SELECT * FROM `bjy_link` WHERE `is_delete` = 0 AND `is_show` = 1 ORDER BY sort  [ RunTime:0.0003s ]
SQL: SHOW COLUMNS FROM `bjy_chat` [ RunTime:0.0044s ]
SQL: SELECT * FROM `bjy_chat` WHERE ( is_delete=0 and is_show=1 )  [ RunTime:0.0004s ]
SQL: SELECT * FROM `bjy_chat` WHERE ( is_delete=0 and is_show=1 )  [ RunTime:0.0003s ]

[ 2015-05-30T00:28:29+08:00 ] ::1 /index.php/Home/Index/chat
INFO: [ app_init ] --START--
INFO: Run Behavior\BuildLiteBehavior [ RunTime:0.000049s ]
INFO: [ app_init ] --END-- [ RunTime:0.000897s ]
INFO: [ app_begin ] --START--
INFO: Run Behavior\ReadHtmlCacheBehavior [ RunTime:0.000773s ]
INFO: [ app_begin ] --END-- [ RunTime:0.000906s ]
SQL: SHOW COLUMNS FROM `bjy_category` [ RunTime:0.0036s ]
SQL: SELECT * FROM `bjy_category` ORDER BY sort  [ RunTime:0.0003s ]
SQL: SHOW COLUMNS FROM `bjy_tag` [ RunTime:0.0033s ]
SQL: SELECT * FROM `bjy_tag`  [ RunTime:0.0003s ]
SQL: SHOW COLUMNS FROM `bjy_link` [ RunTime:0.0037s ]
SQL: SELECT * FROM `bjy_link` WHERE `is_delete` = 0 AND `is_show` = 1 ORDER BY sort  [ RunTime:0.0004s ]
SQL: SHOW COLUMNS FROM `bjy_chat` [ RunTime:0.0032s ]
SQL: SELECT * FROM `bjy_chat` WHERE ( is_delete=0 and is_show=1 )  [ RunTime:0.0004s ]
SQL: SELECT * FROM `bjy_chat` WHERE ( is_delete=0 and is_show=1 )  [ RunTime:0.0003s ]

[ 2015-05-30T00:28:33+08:00 ] ::1 /index.php/Home/Index/chat
INFO: [ app_init ] --START--
INFO: Run Behavior\BuildLiteBehavior [ RunTime:0.000148s ]
INFO: [ app_init ] --END-- [ RunTime:0.001941s ]
INFO: [ app_begin ] --START--
INFO: Run Behavior\ReadHtmlCacheBehavior [ RunTime:0.000601s ]
INFO: [ app_begin ] --END-- [ RunTime:0.000750s ]
SQL: SHOW COLUMNS FROM `bjy_category` [ RunTime:0.0033s ]
SQL: SELECT * FROM `bjy_category` ORDER BY sort  [ RunTime:0.0003s ]
SQL: SHOW COLUMNS FROM `bjy_tag` [ RunTime:0.0036s ]
SQL: SELECT * FROM `bjy_tag`  [ RunTime:0.0003s ]
SQL: SHOW COLUMNS FROM `bjy_link` [ RunTime:0.0036s ]
SQL: SELECT * FROM `bjy_link` WHERE `is_delete` = 0 AND `is_show` = 1 ORDER BY sort  [ RunTime:0.0004s ]
SQL: SHOW COLUMNS FROM `bjy_chat` [ RunTime:0.0045s ]
SQL: SELECT * FROM `bjy_chat` WHERE ( is_delete=0 and is_show=1 )  [ RunTime:0.0004s ]
INFO: [ view_parse ] --START--
INFO: [ template_filter ] --START--
INFO: Run Behavior\ContentReplaceBehavior [ RunTime:0.000162s ]
INFO: [ template_filter ] --END-- [ RunTime:0.000281s ]
NOTIC: [8] Undefined index: cid E:\tongbu\wamp\www\Runtime\Cache\Home\49c8efb02d4e91c27bdc98b4aa9a6fc1.php 第 56 行.
NOTIC: [8] Undefined variable: article E:\tongbu\wamp\www\Runtime\Cache\Home\49c8efb02d4e91c27bdc98b4aa9a6fc1.php 第 56 行.
SQL: SHOW COLUMNS FROM `bjy_article` [ RunTime:0.0031s ]
SQL: SELECT `aid`,`title` FROM `bjy_article` WHERE ( is_show=1 and is_delete=0 and is_top=1 ) LIMIT 10   [ RunTime:0.0003s ]
NOTIC: [2] Invalid argument supplied for foreach() E:\tongbu\wamp\www\Runtime\Cache\Home\49c8efb02d4e91c27bdc98b4aa9a6fc1.php 第 129 行.
NOTIC: [8] Use of undefined constant url - assumed 'url' E:\tongbu\wamp\www\Runtime\Cache\Home\49c8efb02d4e91c27bdc98b4aa9a6fc1.php 第 141 行.
INFO: Run Behavior\ParseTemplateBehavior [ RunTime:0.033544s ]
INFO: [ view_parse ] --END-- [ RunTime:0.033737s ]
INFO: [ view_filter ] --START--
INFO: Run Behavior\WriteHtmlCacheBehavior [ RunTime:0.000599s ]
INFO: [ view_filter ] --END-- [ RunTime:0.000738s ]
INFO: [ app_end ] --START--
INFO: Run Behavior\ShowPageTraceBehavior [ RunTime:0.000728s ]
INFO: [ app_end ] --END-- [ RunTime:0.000834s ]

[ 2015-05-30T00:30:05+08:00 ] ::1 /index.php/Home/Index/chat
INFO: [ app_init ] --START--
INFO: Run Behavior\BuildLiteBehavior [ RunTime:0.000028s ]
INFO: [ app_init ] --END-- [ RunTime:0.000761s ]
INFO: [ app_begin ] --START--
INFO: Run Behavior\ReadHtmlCacheBehavior [ RunTime:0.000767s ]
INFO: [ app_begin ] --END-- [ RunTime:0.000892s ]
SQL: SHOW COLUMNS FROM `bjy_category` [ RunTime:0.0041s ]
SQL: SELECT * FROM `bjy_category` ORDER BY sort  [ RunTime:0.0004s ]
SQL: SHOW COLUMNS FROM `bjy_tag` [ RunTime:0.0037s ]
SQL: SELECT * FROM `bjy_tag`  [ RunTime:0.0003s ]
SQL: SHOW COLUMNS FROM `bjy_link` [ RunTime:0.0044s ]
SQL: SELECT * FROM `bjy_link` WHERE `is_delete` = 0 AND `is_show` = 1 ORDER BY sort  [ RunTime:0.0004s ]
SQL: SHOW COLUMNS FROM `bjy_chat` [ RunTime:0.0041s ]
SQL: SELECT * FROM `bjy_chat` WHERE ( is_delete=0 and is_show=1 )  [ RunTime:0.0003s ]
INFO: [ view_parse ] --START--
INFO: [ template_filter ] --START--
INFO: Run Behavior\ContentReplaceBehavior [ RunTime:0.000179s ]
INFO: [ template_filter ] --END-- [ RunTime:0.000349s ]
NOTIC: [8] Undefined index: cid E:\tongbu\wamp\www\Runtime\Cache\Home\49c8efb02d4e91c27bdc98b4aa9a6fc1.php 第 56 行.
NOTIC: [8] Undefined variable: article E:\tongbu\wamp\www\Runtime\Cache\Home\49c8efb02d4e91c27bdc98b4aa9a6fc1.php 第 56 行.
SQL: SHOW COLUMNS FROM `bjy_article` [ RunTime:0.0048s ]
SQL: SELECT `aid`,`title` FROM `bjy_article` WHERE ( is_show=1 and is_delete=0 and is_top=1 ) LIMIT 10   [ RunTime:0.0003s ]
NOTIC: [2] Invalid argument supplied for foreach() E:\tongbu\wamp\www\Runtime\Cache\Home\49c8efb02d4e91c27bdc98b4aa9a6fc1.php 第 129 行.
NOTIC: [8] Use of undefined constant url - assumed 'url' E:\tongbu\wamp\www\Runtime\Cache\Home\49c8efb02d4e91c27bdc98b4aa9a6fc1.php 第 141 行.
INFO: Run Behavior\ParseTemplateBehavior [ RunTime:0.036366s ]
INFO: [ view_parse ] --END-- [ RunTime:0.036483s ]
INFO: [ view_filter ] --START--
INFO: Run Behavior\WriteHtmlCacheBehavior [ RunTime:0.000550s ]
INFO: [ view_filter ] --END-- [ RunTime:0.000691s ]
INFO: [ app_end ] --START--
INFO: Run Behavior\ShowPageTraceBehavior [ RunTime:0.000956s ]
INFO: [ app_end ] --END-- [ RunTime:0.001231s ]

[ 2015-05-30T00:31:05+08:00 ] ::1 /index.php/Home/Index/chat
INFO: [ app_init ] --START--
INFO: Run Behavior\BuildLiteBehavior [ RunTime:0.000023s ]
INFO: [ app_init ] --END-- [ RunTime:0.000458s ]
INFO: [ app_begin ] --START--
INFO: Run Behavior\ReadHtmlCacheBehavior [ RunTime:0.000532s ]
INFO: [ app_begin ] --END-- [ RunTime:0.000658s ]
SQL: SHOW COLUMNS FROM `bjy_category` [ RunTime:0.0033s ]
SQL: SELECT * FROM `bjy_category` ORDER BY sort  [ RunTime:0.0003s ]
SQL: SHOW COLUMNS FROM `bjy_tag` [ RunTime:0.0033s ]
SQL: SELECT * FROM `bjy_tag`  [ RunTime:0.0004s ]
SQL: SHOW COLUMNS FROM `bjy_link` [ RunTime:0.0033s ]
SQL: SELECT * FROM `bjy_link` WHERE `is_delete` = 0 AND `is_show` = 1 ORDER BY sort  [ RunTime:0.0004s ]
SQL: SHOW COLUMNS FROM `bjy_chat` [ RunTime:0.0032s ]
SQL: SELECT * FROM `bjy_chat` WHERE ( is_delete=0 and is_show=1 )  [ RunTime:0.0003s ]
INFO: [ view_parse ] --START--
INFO: [ template_filter ] --START--
INFO: Run Behavior\ContentReplaceBehavior [ RunTime:0.000147s ]
INFO: [ template_filter ] --END-- [ RunTime:0.000256s ]
NOTIC: [8] Undefined index: cid E:\tongbu\wamp\www\Runtime\Cache\Home\49c8efb02d4e91c27bdc98b4aa9a6fc1.php 第 56 行.
NOTIC: [8] Undefined variable: article E:\tongbu\wamp\www\Runtime\Cache\Home\49c8efb02d4e91c27bdc98b4aa9a6fc1.php 第 56 行.
SQL: SHOW COLUMNS FROM `bjy_article` [ RunTime:0.0034s ]
SQL: SELECT `aid`,`title` FROM `bjy_article` WHERE ( is_show=1 and is_delete=0 and is_top=1 ) LIMIT 10   [ RunTime:0.0003s ]
NOTIC: [2] Invalid argument supplied for foreach() E:\tongbu\wamp\www\Runtime\Cache\Home\49c8efb02d4e91c27bdc98b4aa9a6fc1.php 第 129 行.
NOTIC: [8] Use of undefined constant url - assumed 'url' E:\tongbu\wamp\www\Runtime\Cache\Home\49c8efb02d4e91c27bdc98b4aa9a6fc1.php 第 141 行.
INFO: Run Behavior\ParseTemplateBehavior [ RunTime:0.028098s ]
INFO: [ view_parse ] --END-- [ RunTime:0.028205s ]
INFO: [ view_filter ] --START--
INFO: Run Behavior\WriteHtmlCacheBehavior [ RunTime:0.000556s ]
INFO: [ view_filter ] --END-- [ RunTime:0.000662s ]
INFO: [ app_end ] --START--
INFO: Run Behavior\ShowPageTraceBehavior [ RunTime:0.000737s ]
INFO: [ app_end ] --END-- [ RunTime:0.000838s ]

[ 2015-05-30T00:33:10+08:00 ] ::1 /index.php/Home/Index/chat
INFO: [ app_init ] --START--
INFO: Run Behavior\BuildLiteBehavior [ RunTime:0.000026s ]
INFO: [ app_init ] --END-- [ RunTime:0.000589s ]
INFO: [ app_begin ] --START--
INFO: Run Behavior\ReadHtmlCacheBehavior [ RunTime:0.000728s ]
INFO: [ app_begin ] --END-- [ RunTime:0.000848s ]
SQL: SHOW COLUMNS FROM `bjy_category` [ RunTime:0.0050s ]
SQL: SELECT * FROM `bjy_category` ORDER BY sort  [ RunTime:0.0004s ]
SQL: SHOW COLUMNS FROM `bjy_tag` [ RunTime:0.0051s ]
SQL: SELECT * FROM `bjy_tag`  [ RunTime:0.0004s ]
SQL: SHOW COLUMNS FROM `bjy_link` [ RunTime:0.0042s ]
SQL: SELECT * FROM `bjy_link` WHERE `is_delete` = 0 AND `is_show` = 1 ORDER BY sort  [ RunTime:0.0004s ]
SQL: SHOW COLUMNS FROM `bjy_chat` [ RunTime:0.0039s ]
SQL: SELECT * FROM `bjy_chat` WHERE ( is_delete=0 and is_show=1 )  [ RunTime:0.0006s ]
INFO: [ view_parse ] --START--
INFO: [ template_filter ] --START--
INFO: Run Behavior\ContentReplaceBehavior [ RunTime:0.000254s ]
INFO: [ template_filter ] --END-- [ RunTime:0.000750s ]
NOTIC: [8] Undefined index: cid E:\tongbu\wamp\www\Runtime\Cache\Home\49c8efb02d4e91c27bdc98b4aa9a6fc1.php 第 56 行.
NOTIC: [8] Undefined variable: article E:\tongbu\wamp\www\Runtime\Cache\Home\49c8efb02d4e91c27bdc98b4aa9a6fc1.php 第 56 行.
SQL: SHOW COLUMNS FROM `bjy_article` [ RunTime:0.0050s ]
SQL: SELECT `aid`,`title` FROM `bjy_article` WHERE ( is_show=1 and is_delete=0 and is_top=1 ) LIMIT 10   [ RunTime:0.0004s ]
NOTIC: [2] Invalid argument supplied for foreach() E:\tongbu\wamp\www\Runtime\Cache\Home\49c8efb02d4e91c27bdc98b4aa9a6fc1.php 第 129 行.
NOTIC: [8] Use of undefined constant url - assumed 'url' E:\tongbu\wamp\www\Runtime\Cache\Home\49c8efb02d4e91c27bdc98b4aa9a6fc1.php 第 141 行.
INFO: Run Behavior\ParseTemplateBehavior [ RunTime:0.039329s ]
INFO: [ view_parse ] --END-- [ RunTime:0.039493s ]
INFO: [ view_filter ] --START--
INFO: Run Behavior\WriteHtmlCacheBehavior [ RunTime:0.000521s ]
INFO: [ view_filter ] --END-- [ RunTime:0.000615s ]
INFO: [ app_end ] --START--
INFO: Run Behavior\ShowPageTraceBehavior [ RunTime:0.000660s ]
INFO: [ app_end ] --END-- [ RunTime:0.000755s ]

[ 2015-05-30T00:35:54+08:00 ] ::1 /index.php/Home/Index/chat
INFO: [ app_init ] --START--
INFO: Run Behavior\BuildLiteBehavior [ RunTime:0.000559s ]
INFO: [ app_init ] --END-- [ RunTime:0.001634s ]
INFO: [ app_begin ] --START--
INFO: Run Behavior\ReadHtmlCacheBehavior [ RunTime:0.000743s ]
INFO: [ app_begin ] --END-- [ RunTime:0.000875s ]
SQL: SHOW COLUMNS FROM `bjy_category` [ RunTime:0.0042s ]
SQL: SELECT * FROM `bjy_category` ORDER BY sort  [ RunTime:0.0004s ]
SQL: SHOW COLUMNS FROM `bjy_tag` [ RunTime:0.0049s ]
SQL: SELECT * FROM `bjy_tag`  [ RunTime:0.0004s ]
SQL: SHOW COLUMNS FROM `bjy_link` [ RunTime:0.0041s ]
SQL: SELECT * FROM `bjy_link` WHERE `is_delete` = 0 AND `is_show` = 1 ORDER BY sort  [ RunTime:0.0004s ]
SQL: SHOW COLUMNS FROM `bjy_chat` [ RunTime:0.0041s ]
SQL: SELECT * FROM `bjy_chat` WHERE ( is_delete=0 and is_show=1 )  [ RunTime:0.0003s ]
INFO: [ view_parse ] --START--
INFO: [ template_filter ] --START--
INFO: Run Behavior\ContentReplaceBehavior [ RunTime:0.000146s ]
INFO: [ template_filter ] --END-- [ RunTime:0.000257s ]
NOTIC: [8] Undefined index: cid E:\tongbu\wamp\www\Runtime\Cache\Home\49c8efb02d4e91c27bdc98b4aa9a6fc1.php 第 56 行.
NOTIC: [8] Undefined variable: article E:\tongbu\wamp\www\Runtime\Cache\Home\49c8efb02d4e91c27bdc98b4aa9a6fc1.php 第 56 行.
SQL: SHOW COLUMNS FROM `bjy_article` [ RunTime:0.0039s ]
SQL: SELECT `aid`,`title` FROM `bjy_article` WHERE ( is_show=1 and is_delete=0 and is_top=1 ) LIMIT 10   [ RunTime:0.0003s ]
NOTIC: [2] Invalid argument supplied for foreach() E:\tongbu\wamp\www\Runtime\Cache\Home\49c8efb02d4e91c27bdc98b4aa9a6fc1.php 第 129 行.
NOTIC: [8] Use of undefined constant url - assumed 'url' E:\tongbu\wamp\www\Runtime\Cache\Home\49c8efb02d4e91c27bdc98b4aa9a6fc1.php 第 141 行.
INFO: Run Behavior\ParseTemplateBehavior [ RunTime:0.031292s ]
INFO: [ view_parse ] --END-- [ RunTime:0.031433s ]
INFO: [ view_filter ] --START--
INFO: Run Behavior\WriteHtmlCacheBehavior [ RunTime:0.000681s ]
INFO: [ view_filter ] --END-- [ RunTime:0.000804s ]
INFO: [ app_end ] --START--
INFO: Run Behavior\ShowPageTraceBehavior [ RunTime:0.000624s ]
INFO: [ app_end ] --END-- [ RunTime:0.000720s ]

[ 2015-05-30T00:36:20+08:00 ] ::1 /index.php/Home/Index/chat
INFO: [ app_init ] --START--
INFO: Run Behavior\BuildLiteBehavior [ RunTime:0.000049s ]
INFO: [ app_init ] --END-- [ RunTime:0.001242s ]
INFO: [ app_begin ] --START--
INFO: Run Behavior\ReadHtmlCacheBehavior [ RunTime:0.000629s ]
INFO: [ app_begin ] --END-- [ RunTime:0.000756s ]
SQL: SHOW COLUMNS FROM `bjy_category` [ RunTime:0.0047s ]
SQL: SELECT * FROM `bjy_category` ORDER BY sort  [ RunTime:0.0004s ]
SQL: SHOW COLUMNS FROM `bjy_tag` [ RunTime:0.0030s ]
SQL: SELECT * FROM `bjy_tag`  [ RunTime:0.0002s ]
SQL: SHOW COLUMNS FROM `bjy_link` [ RunTime:0.0031s ]
SQL: SELECT * FROM `bjy_link` WHERE `is_delete` = 0 AND `is_show` = 1 ORDER BY sort  [ RunTime:0.0003s ]
SQL: SHOW COLUMNS FROM `bjy_chat` [ RunTime:0.0033s ]
SQL: SELECT * FROM `bjy_chat` WHERE ( is_delete=0 and is_show=1 )  [ RunTime:0.0003s ]
INFO: [ view_parse ] --START--
INFO: [ template_filter ] --START--
INFO: Run Behavior\ContentReplaceBehavior [ RunTime:0.000147s ]
INFO: [ template_filter ] --END-- [ RunTime:0.000253s ]
NOTIC: [8] Undefined index: cid E:\tongbu\wamp\www\Runtime\Cache\Home\49c8efb02d4e91c27bdc98b4aa9a6fc1.php 第 56 行.
NOTIC: [8] Undefined variable: article E:\tongbu\wamp\www\Runtime\Cache\Home\49c8efb02d4e91c27bdc98b4aa9a6fc1.php 第 56 行.
SQL: SHOW COLUMNS FROM `bjy_article` [ RunTime:0.0034s ]
SQL: SELECT `aid`,`title` FROM `bjy_article` WHERE ( is_show=1 and is_delete=0 and is_top=1 ) LIMIT 10   [ RunTime:0.0005s ]
NOTIC: [2] Invalid argument supplied for foreach() E:\tongbu\wamp\www\Runtime\Cache\Home\49c8efb02d4e91c27bdc98b4aa9a6fc1.php 第 129 行.
NOTIC: [8] Use of undefined constant url - assumed 'url' E:\tongbu\wamp\www\Runtime\Cache\Home\49c8efb02d4e91c27bdc98b4aa9a6fc1.php 第 141 行.
INFO: Run Behavior\ParseTemplateBehavior [ RunTime:0.030674s ]
INFO: [ view_parse ] --END-- [ RunTime:0.030867s ]
INFO: [ view_filter ] --START--
INFO: Run Behavior\WriteHtmlCacheBehavior [ RunTime:0.000542s ]
INFO: [ view_filter ] --END-- [ RunTime:0.000744s ]
INFO: [ app_end ] --START--
INFO: Run Behavior\ShowPageTraceBehavior [ RunTime:0.001142s ]
INFO: [ app_end ] --END-- [ RunTime:0.001317s ]

[ 2015-05-30T00:36:33+08:00 ] ::1 /index.php/Home/Index/chat
INFO: [ app_init ] --START--
INFO: Run Behavior\BuildLiteBehavior [ RunTime:0.000024s ]
INFO: [ app_init ] --END-- [ RunTime:0.000503s ]
INFO: [ app_begin ] --START--
INFO: Run Behavior\ReadHtmlCacheBehavior [ RunTime:0.000629s ]
INFO: [ app_begin ] --END-- [ RunTime:0.000740s ]
SQL: SHOW COLUMNS FROM `bjy_category` [ RunTime:0.0036s ]
SQL: SELECT * FROM `bjy_category` ORDER BY sort  [ RunTime:0.0005s ]
SQL: SHOW COLUMNS FROM `bjy_tag` [ RunTime:0.0032s ]
SQL: SELECT * FROM `bjy_tag`  [ RunTime:0.0003s ]
SQL: SHOW COLUMNS FROM `bjy_link` [ RunTime:0.0032s ]
SQL: SELECT * FROM `bjy_link` WHERE `is_delete` = 0 AND `is_show` = 1 ORDER BY sort  [ RunTime:0.0004s ]
SQL: SHOW COLUMNS FROM `bjy_chat` [ RunTime:0.0038s ]
SQL: SELECT * FROM `bjy_chat` WHERE ( is_delete=0 and is_show=1 )  [ RunTime:0.0003s ]
INFO: [ view_parse ] --START--
INFO: [ template_filter ] --START--
INFO: Run Behavior\ContentReplaceBehavior [ RunTime:0.000173s ]
INFO: [ template_filter ] --END-- [ RunTime:0.000283s ]
NOTIC: [8] Undefined index: cid E:\tongbu\wamp\www\Runtime\Cache\Home\49c8efb02d4e91c27bdc98b4aa9a6fc1.php 第 56 行.
NOTIC: [8] Undefined variable: article E:\tongbu\wamp\www\Runtime\Cache\Home\49c8efb02d4e91c27bdc98b4aa9a6fc1.php 第 56 行.
SQL: SHOW COLUMNS FROM `bjy_article` [ RunTime:0.0036s ]
SQL: SELECT `aid`,`title` FROM `bjy_article` WHERE ( is_show=1 and is_delete=0 and is_top=1 ) LIMIT 10   [ RunTime:0.0003s ]
NOTIC: [2] Invalid argument supplied for foreach() E:\tongbu\wamp\www\Runtime\Cache\Home\49c8efb02d4e91c27bdc98b4aa9a6fc1.php 第 129 行.
NOTIC: [8] Use of undefined constant url - assumed 'url' E:\tongbu\wamp\www\Runtime\Cache\Home\49c8efb02d4e91c27bdc98b4aa9a6fc1.php 第 141 行.
INFO: Run Behavior\ParseTemplateBehavior [ RunTime:0.030018s ]
INFO: [ view_parse ] --END-- [ RunTime:0.030132s ]
INFO: [ view_filter ] --START--
INFO: Run Behavior\WriteHtmlCacheBehavior [ RunTime:0.000555s ]
INFO: [ view_filter ] --END-- [ RunTime:0.000674s ]
INFO: [ app_end ] --START--
INFO: Run Behavior\ShowPageTraceBehavior [ RunTime:0.000629s ]
INFO: [ app_end ] --END-- [ RunTime:0.000742s ]

[ 2015-05-30T00:36:52+08:00 ] ::1 /index.php/Home/Index/chat
INFO: [ app_init ] --START--
INFO: Run Behavior\BuildLiteBehavior [ RunTime:0.000063s ]
INFO: [ app_init ] --END-- [ RunTime:0.001349s ]
INFO: [ app_begin ] --START--
INFO: Run Behavior\ReadHtmlCacheBehavior [ RunTime:0.000639s ]
INFO: [ app_begin ] --END-- [ RunTime:0.000762s ]
SQL: SHOW COLUMNS FROM `bjy_category` [ RunTime:0.0047s ]
SQL: SELECT * FROM `bjy_category` ORDER BY sort  [ RunTime:0.0004s ]
SQL: SHOW COLUMNS FROM `bjy_tag` [ RunTime:0.0064s ]
SQL: SELECT * FROM `bjy_tag`  [ RunTime:0.0004s ]
SQL: SHOW COLUMNS FROM `bjy_link` [ RunTime:0.0032s ]
SQL: SELECT * FROM `bjy_link` WHERE `is_delete` = 0 AND `is_show` = 1 ORDER BY sort  [ RunTime:0.0003s ]
SQL: SHOW COLUMNS FROM `bjy_chat` [ RunTime:0.0040s ]
SQL: SELECT * FROM `bjy_chat` WHERE ( is_delete=0 and is_show=1 )  [ RunTime:0.0003s ]
INFO: [ view_parse ] --START--
INFO: [ template_filter ] --START--
INFO: Run Behavior\ContentReplaceBehavior [ RunTime:0.000177s ]
INFO: [ template_filter ] --END-- [ RunTime:0.000303s ]
NOTIC: [8] Undefined index: cid E:\tongbu\wamp\www\Runtime\Cache\Home\49c8efb02d4e91c27bdc98b4aa9a6fc1.php 第 56 行.
NOTIC: [8] Undefined variable: article E:\tongbu\wamp\www\Runtime\Cache\Home\49c8efb02d4e91c27bdc98b4aa9a6fc1.php 第 56 行.
SQL: SHOW COLUMNS FROM `bjy_article` [ RunTime:0.0034s ]
SQL: SELECT `aid`,`title` FROM `bjy_article` WHERE ( is_show=1 and is_delete=0 and is_top=1 ) LIMIT 10   [ RunTime:0.0003s ]
NOTIC: [2] Invalid argument supplied for foreach() E:\tongbu\wamp\www\Runtime\Cache\Home\49c8efb02d4e91c27bdc98b4aa9a6fc1.php 第 129 行.
NOTIC: [8] Use of undefined constant url - assumed 'url' E:\tongbu\wamp\www\Runtime\Cache\Home\49c8efb02d4e91c27bdc98b4aa9a6fc1.php 第 141 行.
INFO: Run Behavior\ParseTemplateBehavior [ RunTime:0.027100s ]
INFO: [ view_parse ] --END-- [ RunTime:0.027207s ]
INFO: [ view_filter ] --START--
INFO: Run Behavior\WriteHtmlCacheBehavior [ RunTime:0.000582s ]
INFO: [ view_filter ] --END-- [ RunTime:0.000688s ]
INFO: [ app_end ] --START--
INFO: Run Behavior\ShowPageTraceBehavior [ RunTime:0.000608s ]
INFO: [ app_end ] --END-- [ RunTime:0.000704s ]

[ 2015-05-30T00:36:54+08:00 ] ::1 /index.php/Home/Index/chat
INFO: [ app_init ] --START--
INFO: Run Behavior\BuildLiteBehavior [ RunTime:0.000039s ]
INFO: [ app_init ] --END-- [ RunTime:0.000719s ]
INFO: [ app_begin ] --START--
INFO: Run Behavior\ReadHtmlCacheBehavior [ RunTime:0.000836s ]
INFO: [ app_begin ] --END-- [ RunTime:0.001395s ]
SQL: SHOW COLUMNS FROM `bjy_category` [ RunTime:0.0038s ]
SQL: SELECT * FROM `bjy_category` ORDER BY sort  [ RunTime:0.0010s ]
SQL: SHOW COLUMNS FROM `bjy_tag` [ RunTime:0.0040s ]
SQL: SELECT * FROM `bjy_tag`  [ RunTime:0.0003s ]
SQL: SHOW COLUMNS FROM `bjy_link` [ RunTime:0.0052s ]
SQL: SELECT * FROM `bjy_link` WHERE `is_delete` = 0 AND `is_show` = 1 ORDER BY sort  [ RunTime:0.0006s ]
SQL: SHOW COLUMNS FROM `bjy_chat` [ RunTime:0.0035s ]
SQL: SELECT * FROM `bjy_chat` WHERE ( is_delete=0 and is_show=1 )  [ RunTime:0.0004s ]
INFO: [ view_parse ] --START--
INFO: [ template_filter ] --START--
INFO: Run Behavior\ContentReplaceBehavior [ RunTime:0.000406s ]
INFO: [ template_filter ] --END-- [ RunTime:0.000725s ]
NOTIC: [8] Undefined index: cid E:\tongbu\wamp\www\Runtime\Cache\Home\49c8efb02d4e91c27bdc98b4aa9a6fc1.php 第 56 行.
NOTIC: [8] Undefined variable: article E:\tongbu\wamp\www\Runtime\Cache\Home\49c8efb02d4e91c27bdc98b4aa9a6fc1.php 第 56 行.
SQL: SHOW COLUMNS FROM `bjy_article` [ RunTime:0.0036s ]
SQL: SELECT `aid`,`title` FROM `bjy_article` WHERE ( is_show=1 and is_delete=0 and is_top=1 ) LIMIT 10   [ RunTime:0.0006s ]
NOTIC: [2] Invalid argument supplied for foreach() E:\tongbu\wamp\www\Runtime\Cache\Home\49c8efb02d4e91c27bdc98b4aa9a6fc1.php 第 129 行.
NOTIC: [8] Use of undefined constant url - assumed 'url' E:\tongbu\wamp\www\Runtime\Cache\Home\49c8efb02d4e91c27bdc98b4aa9a6fc1.php 第 141 行.
INFO: Run Behavior\ParseTemplateBehavior [ RunTime:0.039861s ]
INFO: [ view_parse ] --END-- [ RunTime:0.040109s ]
INFO: [ view_filter ] --START--
INFO: Run Behavior\WriteHtmlCacheBehavior [ RunTime:0.000940s ]
INFO: [ view_filter ] --END-- [ RunTime:0.001146s ]
INFO: [ app_end ] --START--
INFO: Run Behavior\ShowPageTraceBehavior [ RunTime:0.000965s ]
INFO: [ app_end ] --END-- [ RunTime:0.001149s ]

[ 2015-05-30T00:48:28+08:00 ] ::1 /
INFO: [ app_init ] --START--
INFO: Run Behavior\BuildLiteBehavior [ RunTime:0.000036s ]
INFO: [ app_init ] --END-- [ RunTime:0.000645s ]
INFO: [ app_begin ] --START--
INFO: Run Behavior\ReadHtmlCacheBehavior [ RunTime:0.000767s ]
INFO: [ app_begin ] --END-- [ RunTime:0.000888s ]
SQL: SHOW COLUMNS FROM `bjy_category` [ RunTime:0.0495s ]
SQL: SELECT * FROM `bjy_category` ORDER BY sort  [ RunTime:0.0004s ]
SQL: SHOW COLUMNS FROM `bjy_tag` [ RunTime:0.0040s ]
SQL: SELECT * FROM `bjy_tag`  [ RunTime:0.0004s ]
SQL: SHOW COLUMNS FROM `bjy_link` [ RunTime:0.0049s ]
SQL: SELECT * FROM `bjy_link` WHERE `is_delete` = 0 AND `is_show` = 1 ORDER BY sort  [ RunTime:0.0006s ]
SQL: SHOW COLUMNS FROM `bjy_article` [ RunTime:0.0039s ]
SQL: SELECT COUNT(*) AS tp_count FROM `bjy_article` WHERE `is_delete` = 0 AND `is_show` = 1 LIMIT 1   [ RunTime:0.0004s ]
SQL: SELECT * FROM `bjy_article` WHERE `is_delete` = 0 AND `is_show` = 1 ORDER BY addtime desc LIMIT 0,10   [ RunTime:0.0007s ]
SQL: SHOW COLUMNS FROM `bjy_article_tag` [ RunTime:0.0040s ]
SQL: SHOW COLUMNS FROM `bjy_article_tag` [ RunTime:0.0029s ]
SQL: SELECT * FROM `bjy_article_tag` INNER JOIN bjy_tag ON bjy_article_tag.tid=bjy_tag.tid  WHERE ( aid=17 )  [ RunTime:0.0004s ]
SQL: SHOW COLUMNS FROM `bjy_article_pic` [ RunTime:0.0048s ]
SQL: SELECT `path` FROM `bjy_article_pic` WHERE ( aid=17 ) ORDER BY ap_id asc LIMIT 1   [ RunTime:0.0005s ]
SQL: SELECT `cid`,`cid`,`cname` FROM `bjy_category` WHERE ( cid=28 )  [ RunTime:0.0004s ]
INFO: [ view_parse ] --START--
INFO: [ template_filter ] --START--
INFO: Run Behavior\ContentReplaceBehavior [ RunTime:0.000158s ]
INFO: [ template_filter ] --END-- [ RunTime:0.000264s ]
NOTIC: [8] Undefined index: cid E:\tongbu\wamp\www\Runtime\Cache\Home\08d30c77e78bd0ac29232fbc421b5dcd.php 第 54 行.
NOTIC: [8] Undefined variable: article E:\tongbu\wamp\www\Runtime\Cache\Home\08d30c77e78bd0ac29232fbc421b5dcd.php 第 54 行.
SQL: SHOW COLUMNS FROM `bjy_article` [ RunTime:0.0807s ]
SQL: SELECT `aid`,`title` FROM `bjy_article` WHERE ( is_show=1 and is_delete=0 and is_top=1 ) LIMIT 10   [ RunTime:0.0004s ]
NOTIC: [2] Invalid argument supplied for foreach() E:\tongbu\wamp\www\Runtime\Cache\Home\08d30c77e78bd0ac29232fbc421b5dcd.php 第 135 行.
NOTIC: [8] Use of undefined constant url - assumed 'url' E:\tongbu\wamp\www\Runtime\Cache\Home\08d30c77e78bd0ac29232fbc421b5dcd.php 第 147 行.
INFO: Run Behavior\ParseTemplateBehavior [ RunTime:0.114939s ]
INFO: [ view_parse ] --END-- [ RunTime:0.115176s ]
INFO: [ view_filter ] --START--
INFO: Run Behavior\WriteHtmlCacheBehavior [ RunTime:0.000711s ]
INFO: [ view_filter ] --END-- [ RunTime:0.000894s ]
INFO: [ app_end ] --START--
INFO: Run Behavior\ShowPageTraceBehavior [ RunTime:0.000817s ]
INFO: [ app_end ] --END-- [ RunTime:0.000947s ]

[ 2015-05-30T01:02:14+08:00 ] ::1 /index.php/Home/Index/chat
INFO: [ app_init ] --START--
INFO: Run Behavior\BuildLiteBehavior [ RunTime:0.000028s ]
INFO: [ app_init ] --END-- [ RunTime:0.000589s ]
INFO: [ app_begin ] --START--
INFO: Run Behavior\ReadHtmlCacheBehavior [ RunTime:0.001318s ]
INFO: [ app_begin ] --END-- [ RunTime:0.001619s ]
SQL: SHOW COLUMNS FROM `bjy_category` [ RunTime:0.0045s ]
SQL: SELECT * FROM `bjy_category` ORDER BY sort  [ RunTime:0.0005s ]
SQL: SHOW COLUMNS FROM `bjy_tag` [ RunTime:0.0042s ]
SQL: SELECT * FROM `bjy_tag`  [ RunTime:0.0004s ]
SQL: SHOW COLUMNS FROM `bjy_link` [ RunTime:0.0044s ]
SQL: SELECT * FROM `bjy_link` WHERE `is_delete` = 0 AND `is_show` = 1 ORDER BY sort  [ RunTime:0.0004s ]

[ 2015-05-30T01:02:43+08:00 ] ::1 /index.php/Home/Index/chat
INFO: [ app_init ] --START--
INFO: Run Behavior\BuildLiteBehavior [ RunTime:0.000029s ]
INFO: [ app_init ] --END-- [ RunTime:0.000815s ]
INFO: [ app_begin ] --START--
INFO: Run Behavior\ReadHtmlCacheBehavior [ RunTime:0.000724s ]
INFO: [ app_begin ] --END-- [ RunTime:0.000862s ]
SQL: SHOW COLUMNS FROM `bjy_category` [ RunTime:0.0041s ]
SQL: SELECT * FROM `bjy_category` ORDER BY sort  [ RunTime:0.0004s ]
SQL: SHOW COLUMNS FROM `bjy_tag` [ RunTime:0.0048s ]
SQL: SELECT * FROM `bjy_tag`  [ RunTime:0.0003s ]
SQL: SHOW COLUMNS FROM `bjy_link` [ RunTime:0.0049s ]
SQL: SELECT * FROM `bjy_link` WHERE `is_delete` = 0 AND `is_show` = 1 ORDER BY sort  [ RunTime:0.0005s ]

[ 2015-05-30T01:02:47+08:00 ] ::1 /index.php/Home/Index/chat
INFO: [ app_init ] --START--
INFO: Run Behavior\BuildLiteBehavior [ RunTime:0.000032s ]
INFO: [ app_init ] --END-- [ RunTime:0.001829s ]
INFO: [ app_begin ] --START--
INFO: Run Behavior\ReadHtmlCacheBehavior [ RunTime:0.000643s ]
INFO: [ app_begin ] --END-- [ RunTime:0.000787s ]
SQL: SHOW COLUMNS FROM `bjy_category` [ RunTime:0.0038s ]
SQL: SELECT * FROM `bjy_category` ORDER BY sort  [ RunTime:0.0004s ]
SQL: SHOW COLUMNS FROM `bjy_tag` [ RunTime:0.0035s ]
SQL: SELECT * FROM `bjy_tag`  [ RunTime:0.0003s ]
SQL: SHOW COLUMNS FROM `bjy_link` [ RunTime:0.0032s ]
SQL: SELECT * FROM `bjy_link` WHERE `is_delete` = 0 AND `is_show` = 1 ORDER BY sort  [ RunTime:0.0004s ]

[ 2015-05-30T01:03:15+08:00 ] ::1 /index.php/Home/Index/chat
INFO: [ app_init ] --START--
INFO: Run Behavior\BuildLiteBehavior [ RunTime:0.000024s ]
INFO: [ app_init ] --END-- [ RunTime:0.000521s ]
INFO: [ app_begin ] --START--
INFO: Run Behavior\ReadHtmlCacheBehavior [ RunTime:0.000541s ]
INFO: [ app_begin ] --END-- [ RunTime:0.000649s ]
SQL: SHOW COLUMNS FROM `bjy_category` [ RunTime:0.0035s ]
SQL: SELECT * FROM `bjy_category` ORDER BY sort  [ RunTime:0.0004s ]
SQL: SHOW COLUMNS FROM `bjy_tag` [ RunTime:0.0038s ]
SQL: SELECT * FROM `bjy_tag`  [ RunTime:0.0003s ]
SQL: SHOW COLUMNS FROM `bjy_link` [ RunTime:0.0042s ]
SQL: SELECT * FROM `bjy_link` WHERE `is_delete` = 0 AND `is_show` = 1 ORDER BY sort  [ RunTime:0.0004s ]

[ 2015-05-30T01:03:54+08:00 ] ::1 /index.php/Home/Index/chat
INFO: [ app_init ] --START--
INFO: Run Behavior\BuildLiteBehavior [ RunTime:0.000030s ]
INFO: [ app_init ] --END-- [ RunTime:0.000658s ]
INFO: [ app_begin ] --START--
INFO: Run Behavior\ReadHtmlCacheBehavior [ RunTime:0.000852s ]
INFO: [ app_begin ] --END-- [ RunTime:0.001009s ]
SQL: SHOW COLUMNS FROM `bjy_category` [ RunTime:0.0041s ]
SQL: SELECT * FROM `bjy_category` ORDER BY sort  [ RunTime:0.0004s ]
SQL: SHOW COLUMNS FROM `bjy_tag` [ RunTime:0.0035s ]
SQL: SELECT * FROM `bjy_tag`  [ RunTime:0.0003s ]
SQL: SHOW COLUMNS FROM `bjy_link` [ RunTime:0.0042s ]
SQL: SELECT * FROM `bjy_link` WHERE `is_delete` = 0 AND `is_show` = 1 ORDER BY sort  [ RunTime:0.0004s ]

[ 2015-05-30T01:04:03+08:00 ] ::1 /index.php/Home/Index/chat
INFO: [ app_init ] --START--
INFO: Run Behavior\BuildLiteBehavior [ RunTime:0.000026s ]
INFO: [ app_init ] --END-- [ RunTime:0.000570s ]
INFO: [ app_begin ] --START--
INFO: Run Behavior\ReadHtmlCacheBehavior [ RunTime:0.000571s ]
INFO: [ app_begin ] --END-- [ RunTime:0.000709s ]
SQL: SHOW COLUMNS FROM `bjy_category` [ RunTime:0.0048s ]
SQL: SELECT * FROM `bjy_category` ORDER BY sort  [ RunTime:0.0004s ]
SQL: SHOW COLUMNS FROM `bjy_tag` [ RunTime:0.0049s ]
SQL: SELECT * FROM `bjy_tag`  [ RunTime:0.0003s ]
SQL: SHOW COLUMNS FROM `bjy_link` [ RunTime:0.0040s ]
SQL: SELECT * FROM `bjy_link` WHERE `is_delete` = 0 AND `is_show` = 1 ORDER BY sort  [ RunTime:0.0004s ]

[ 2015-05-30T01:06:07+08:00 ] ::1 /index.php/Home/Index/chat
INFO: [ app_init ] --START--
INFO: Run Behavior\BuildLiteBehavior [ RunTime:0.000025s ]
INFO: [ app_init ] --END-- [ RunTime:0.000581s ]
INFO: [ app_begin ] --START--
INFO: Run Behavior\ReadHtmlCacheBehavior [ RunTime:0.001050s ]
INFO: [ app_begin ] --END-- [ RunTime:0.001229s ]
SQL: SHOW COLUMNS FROM `bjy_category` [ RunTime:0.0161s ]
SQL: SELECT * FROM `bjy_category` ORDER BY sort  [ RunTime:0.0004s ]
SQL: SHOW COLUMNS FROM `bjy_tag` [ RunTime:0.0034s ]
SQL: SELECT * FROM `bjy_tag`  [ RunTime:0.0003s ]
SQL: SHOW COLUMNS FROM `bjy_link` [ RunTime:0.0031s ]
SQL: SELECT * FROM `bjy_link` WHERE `is_delete` = 0 AND `is_show` = 1 ORDER BY sort  [ RunTime:0.0008s ]

[ 2015-05-30T01:06:12+08:00 ] ::1 /index.php/Home/Index/chat
INFO: [ app_init ] --START--
INFO: Run Behavior\BuildLiteBehavior [ RunTime:0.000041s ]
INFO: [ app_init ] --END-- [ RunTime:0.000751s ]
INFO: [ app_begin ] --START--
INFO: Run Behavior\ReadHtmlCacheBehavior [ RunTime:0.000712s ]
INFO: [ app_begin ] --END-- [ RunTime:0.000847s ]
SQL: SHOW COLUMNS FROM `bjy_category` [ RunTime:0.0035s ]
SQL: SELECT * FROM `bjy_category` ORDER BY sort  [ RunTime:0.0004s ]
SQL: SHOW COLUMNS FROM `bjy_tag` [ RunTime:0.0036s ]
SQL: SELECT * FROM `bjy_tag`  [ RunTime:0.0003s ]
SQL: SHOW COLUMNS FROM `bjy_link` [ RunTime:0.0033s ]
SQL: SELECT * FROM `bjy_link` WHERE `is_delete` = 0 AND `is_show` = 1 ORDER BY sort  [ RunTime:0.0004s ]

[ 2015-05-30T01:07:47+08:00 ] ::1 /index.php/Home/Index/chat
INFO: [ app_init ] --START--
INFO: Run Behavior\BuildLiteBehavior [ RunTime:0.000026s ]
INFO: [ app_init ] --END-- [ RunTime:0.000580s ]
INFO: [ app_begin ] --START--
INFO: Run Behavior\ReadHtmlCacheBehavior [ RunTime:0.000637s ]
INFO: [ app_begin ] --END-- [ RunTime:0.000758s ]
SQL: SHOW COLUMNS FROM `bjy_category` [ RunTime:0.0041s ]
SQL: SELECT * FROM `bjy_category` ORDER BY sort  [ RunTime:0.0004s ]
SQL: SHOW COLUMNS FROM `bjy_tag` [ RunTime:0.0035s ]
SQL: SELECT * FROM `bjy_tag`  [ RunTime:0.0003s ]
SQL: SHOW COLUMNS FROM `bjy_link` [ RunTime:0.0032s ]
SQL: SELECT * FROM `bjy_link` WHERE `is_delete` = 0 AND `is_show` = 1 ORDER BY sort  [ RunTime:0.0004s ]

[ 2015-05-30T01:08:15+08:00 ] ::1 /index.php/Home/Index/chat
INFO: [ app_init ] --START--
INFO: Run Behavior\BuildLiteBehavior [ RunTime:0.000023s ]
INFO: [ app_init ] --END-- [ RunTime:0.000581s ]
INFO: [ app_begin ] --START--
INFO: Run Behavior\ReadHtmlCacheBehavior [ RunTime:0.000666s ]
INFO: [ app_begin ] --END-- [ RunTime:0.000820s ]
SQL: SHOW COLUMNS FROM `bjy_category` [ RunTime:0.0035s ]
SQL: SELECT * FROM `bjy_category` ORDER BY sort  [ RunTime:0.0005s ]
SQL: SHOW COLUMNS FROM `bjy_tag` [ RunTime:0.0038s ]
SQL: SELECT * FROM `bjy_tag`  [ RunTime:0.0003s ]
SQL: SHOW COLUMNS FROM `bjy_link` [ RunTime:0.0034s ]
SQL: SELECT * FROM `bjy_link` WHERE `is_delete` = 0 AND `is_show` = 1 ORDER BY sort  [ RunTime:0.0005s ]

[ 2015-05-30T23:03:54+08:00 ] ::1 /
INFO: [ app_init ] --START--
INFO: Run Behavior\BuildLiteBehavior [ RunTime:0.000027s ]
INFO: [ app_init ] --END-- [ RunTime:0.001047s ]
INFO: [ app_begin ] --START--
INFO: Run Behavior\ReadHtmlCacheBehavior [ RunTime:0.000611s ]
INFO: [ app_begin ] --END-- [ RunTime:0.000717s ]
SQL: SHOW COLUMNS FROM `bjy_category` [ RunTime:0.0536s ]
SQL: SELECT * FROM `bjy_category` ORDER BY sort  [ RunTime:0.0004s ]
SQL: SHOW COLUMNS FROM `bjy_tag` [ RunTime:0.0221s ]
SQL: SELECT * FROM `bjy_tag`  [ RunTime:0.0002s ]
SQL: SHOW COLUMNS FROM `bjy_link` [ RunTime:0.0894s ]
SQL: SELECT * FROM `bjy_link` WHERE `is_delete` = 0 AND `is_show` = 1 ORDER BY sort  [ RunTime:0.0006s ]

