[ 2015-09-24T21:44:55+08:00 ] 127.0.0.1 /
INFO: [ app_init ] --START--
INFO: Run Behavior\BuildLiteBehavior [ RunTime:0.000031s ]
INFO: [ app_init ] --END-- [ RunTime:0.000600s ]
INFO: [ app_begin ] --START--
INFO: Run Behavior\ReadHtmlCacheBehavior [ RunTime:0.000856s ]
INFO: [ app_begin ] --END-- [ RunTime:0.001007s ]
SQL: SHOW COLUMNS FROM `bjy_category` [ RunTime:0.0042s ]
SQL: SELECT * FROM `bjy_category` ORDER BY sort  [ RunTime:0.0008s ]
SQL: SHOW COLUMNS FROM `bjy_tag` [ RunTime:0.0038s ]
SQL: SELECT * FROM `bjy_tag`  [ RunTime:0.0003s ]
SQL: SHOW COLUMNS FROM `bjy_link` [ RunTime:0.0036s ]
SQL: SELECT * FROM `bjy_link` WHERE `is_delete` = 0 AND `is_show` = 1 ORDER BY sort  [ RunTime:0.0004s ]
SQL: SHOW COLUMNS FROM `bjy_article` [ RunTime:0.0049s ]
SQL: SELECT COUNT(*) AS tp_count FROM `bjy_article` WHERE `is_delete` = 0 AND `is_show` = 1 LIMIT 1   [ RunTime:0.0004s ]
SQL: SELECT * FROM `bjy_article` WHERE `is_delete` = 0 AND `is_show` = 1 ORDER BY addtime desc LIMIT 0,10   [ RunTime:0.0004s ]
SQL: SHOW COLUMNS FROM `bjy_article_tag` [ RunTime:0.0035s ]
SQL: SHOW COLUMNS FROM `bjy_article_tag` [ RunTime:0.0035s ]
SQL: SELECT * FROM `bjy_article_tag` INNER JOIN bjy_tag ON bjy_article_tag.tid=bjy_tag.tid  WHERE ( aid=17 )  [ RunTime:0.0005s ]
SQL: SHOW COLUMNS FROM `bjy_article_pic` [ RunTime:0.0038s ]
SQL: SELECT `path` FROM `bjy_article_pic` WHERE ( aid=17 ) ORDER BY ap_id asc LIMIT 1   [ RunTime:0.0003s ]
SQL: SELECT `cid`,`cid`,`cname` FROM `bjy_category` WHERE ( cid=28 )  [ RunTime:0.0002s ]
INFO: [ view_parse ] --START--
INFO: [ template_filter ] --START--
INFO: Run Behavior\ContentReplaceBehavior [ RunTime:0.000689s ]
INFO: [ template_filter ] --END-- [ RunTime:0.000963s ]
SQL: SHOW COLUMNS FROM `bjy_article` [ RunTime:0.0044s ]
SQL: SELECT `aid`,`title` FROM `bjy_article` WHERE ( is_show=1 and is_delete=0 and is_top=1 ) LIMIT 10   [ RunTime:0.0004s ]
NOTIC: [8] Use of undefined constant url - assumed 'url' E:\tongbu\wamp\test\Runtime\Cache\Home\08d30c77e78bd0ac29232fbc421b5dcd.php 第 170 行.
INFO: Run Behavior\ParseTemplateBehavior [ RunTime:0.136297s ]
INFO: [ view_parse ] --END-- [ RunTime:0.136414s ]
INFO: [ view_filter ] --START--
INFO: Run Behavior\WriteHtmlCacheBehavior [ RunTime:0.000921s ]
INFO: [ view_filter ] --END-- [ RunTime:0.001046s ]
INFO: [ app_end ] --START--
INFO: Run Behavior\ShowPageTraceBehavior [ RunTime:0.001032s ]
INFO: [ app_end ] --END-- [ RunTime:0.001156s ]

