[ 2015-09-28T21:54:46+08:00 ] 127.0.0.1 /
INFO: [ app_init ] --START--
INFO: Run Behavior\BuildLiteBehavior [ RunTime:0.000068s ]
INFO: [ app_init ] --END-- [ RunTime:0.000798s ]
INFO: [ app_begin ] --START--
INFO: Run Behavior\ReadHtmlCacheBehavior [ RunTime:0.000691s ]
INFO: [ app_begin ] --END-- [ RunTime:0.000847s ]
SQL: SHOW COLUMNS FROM `bjy_category` [ RunTime:0.0036s ]
SQL: SELECT * FROM `bjy_category` ORDER BY sort  [ RunTime:0.0005s ]
SQL: SHOW COLUMNS FROM `bjy_tag` [ RunTime:0.0038s ]
SQL: SELECT * FROM `bjy_tag`  [ RunTime:0.0003s ]
SQL: SHOW COLUMNS FROM `bjy_link` [ RunTime:0.0055s ]
SQL: SELECT * FROM `bjy_link` WHERE `is_delete` = 0 AND `is_show` = 1 ORDER BY sort  [ RunTime:0.0006s ]
SQL: SHOW COLUMNS FROM `bjy_article` [ RunTime:0.0040s ]
SQL: SELECT COUNT(*) AS tp_count FROM `bjy_article` WHERE `is_delete` = 0 AND `is_show` = 1 LIMIT 1   [ RunTime:0.1050s ]
SQL: SELECT * FROM `bjy_article` WHERE `is_delete` = 0 AND `is_show` = 1 ORDER BY addtime desc LIMIT 0,10   [ RunTime:0.0010s ]
SQL: SHOW COLUMNS FROM `bjy_article_tag` [ RunTime:0.0070s ]
SQL: SHOW COLUMNS FROM `bjy_article_tag` [ RunTime:0.0068s ]
SQL: SELECT * FROM `bjy_article_tag` INNER JOIN bjy_tag ON bjy_article_tag.tid=bjy_tag.tid  WHERE ( aid=17 )  [ RunTime:0.0007s ]
SQL: SHOW COLUMNS FROM `bjy_article_pic` [ RunTime:0.0584s ]
SQL: SELECT `path` FROM `bjy_article_pic` WHERE ( aid=17 ) ORDER BY ap_id asc LIMIT 1   [ RunTime:0.0008s ]
SQL: SELECT `cid`,`cid`,`cname` FROM `bjy_category` WHERE ( cid=28 )  [ RunTime:0.0006s ]
INFO: [ view_parse ] --START--
INFO: [ template_filter ] --START--
INFO: Run Behavior\ContentReplaceBehavior [ RunTime:0.000385s ]
INFO: [ template_filter ] --END-- [ RunTime:0.000593s ]
SQL: SHOW COLUMNS FROM `bjy_article` [ RunTime:0.0050s ]
SQL: SELECT `aid`,`title` FROM `bjy_article` WHERE ( is_show=1 and is_delete=0 and is_top=1 ) LIMIT 10   [ RunTime:0.0004s ]
NOTIC: [8] Use of undefined constant url - assumed 'url' E:\tongbu\wamp\www\Runtime\Cache\Home\08d30c77e78bd0ac29232fbc421b5dcd.php 第 170 行.
INFO: Run Behavior\ParseTemplateBehavior [ RunTime:0.074870s ]
INFO: [ view_parse ] --END-- [ RunTime:0.075127s ]
INFO: [ view_filter ] --START--
INFO: Run Behavior\WriteHtmlCacheBehavior [ RunTime:0.000573s ]
INFO: [ view_filter ] --END-- [ RunTime:0.000707s ]
INFO: [ app_end ] --START--
INFO: Run Behavior\ShowPageTraceBehavior [ RunTime:0.000705s ]
INFO: [ app_end ] --END-- [ RunTime:0.000850s ]

[ 2015-09-28T21:55:06+08:00 ] 127.0.0.1 /index.php/Home/Index/article/cid/0/tid/0/search_word/0/aid/17
INFO: [ app_init ] --START--
INFO: Run Behavior\BuildLiteBehavior [ RunTime:0.000034s ]
INFO: [ app_init ] --END-- [ RunTime:0.000658s ]
INFO: [ app_begin ] --START--
INFO: Run Behavior\ReadHtmlCacheBehavior [ RunTime:0.000494s ]
INFO: [ app_begin ] --END-- [ RunTime:0.000639s ]
SQL: SHOW COLUMNS FROM `bjy_category` [ RunTime:0.0047s ]
SQL: SELECT * FROM `bjy_category` ORDER BY sort  [ RunTime:0.0004s ]
SQL: SHOW COLUMNS FROM `bjy_tag` [ RunTime:0.0034s ]
SQL: SELECT * FROM `bjy_tag`  [ RunTime:0.0003s ]
SQL: SHOW COLUMNS FROM `bjy_link` [ RunTime:0.0038s ]
SQL: SELECT * FROM `bjy_link` WHERE `is_delete` = 0 AND `is_show` = 1 ORDER BY sort  [ RunTime:0.0005s ]
SQL: SHOW COLUMNS FROM `bjy_article` [ RunTime:0.0047s ]
SQL: UPDATE `bjy_article` SET `click`=click+1 WHERE `aid` = 17 [ RunTime:0.0288s ]
SQL: SHOW COLUMNS FROM `bjy_article` [ RunTime:0.0028s ]
SQL: SELECT `aid`,`title` FROM `bjy_article` WHERE (  `is_show` = 1 ) AND (  `is_delete` = 0 ) AND `aid` > 17 LIMIT 1   [ RunTime:0.0003s ]
SQL: SELECT `aid`,`title` FROM `bjy_article` WHERE (  `is_show` = 1 ) AND (  `is_delete` = 0 ) AND `aid` < 17 ORDER BY aid desc LIMIT 1   [ RunTime:0.0002s ]
SQL: SELECT * FROM `bjy_article` WHERE `aid` = 17 LIMIT 1   [ RunTime:0.0002s ]
SQL: SHOW COLUMNS FROM `bjy_article_tag` [ RunTime:0.0033s ]
SQL: SELECT `tid` FROM `bjy_article_tag` WHERE ( aid=17 )  [ RunTime:0.0005s ]
SQL: SHOW COLUMNS FROM `bjy_article_tag` [ RunTime:0.0043s ]
SQL: SELECT * FROM `bjy_article_tag` INNER JOIN bjy_tag ON bjy_article_tag.tid=bjy_tag.tid  WHERE ( aid=17 )  [ RunTime:0.0004s ]
SQL: SELECT `cid`,`cid`,`cname`,`keywords` FROM `bjy_category` WHERE ( cid=28 )  [ RunTime:0.0003s ]
SQL: SHOW COLUMNS FROM `bjy_comment` [ RunTime:0.0045s ]
SQL: SELECT c.*,ou.nickname,ou.head_img FROM bjy_comment c INNER JOIN bjy_oauth_user ou ON c.ouid=ou.id  WHERE c.status = 1 AND c.aid = 17 AND c.pid = 0 AND c.is_delete = 0 ORDER BY date desc  [ RunTime:0.0040s ]
SQL: SELECT c.*,ou.nickname,ou.head_img FROM bjy_comment c INNER JOIN bjy_oauth_user ou ON c.ouid=ou.id  WHERE `pid` = '4'  [ RunTime:0.0005s ]
SQL: SELECT c.*,ou.nickname,ou.head_img FROM bjy_comment c INNER JOIN bjy_oauth_user ou ON c.ouid=ou.id  WHERE `pid` = '5'  [ RunTime:0.0005s ]
SQL: SELECT c.*,ou.nickname,ou.head_img FROM bjy_comment c INNER JOIN bjy_oauth_user ou ON c.ouid=ou.id  WHERE `pid` = '6'  [ RunTime:0.0004s ]
SQL: SELECT `ouid` FROM `bjy_comment` WHERE `cmtid` = 4 LIMIT 1   [ RunTime:0.0004s ]
SQL: SHOW COLUMNS FROM `bjy_oauth_user` [ RunTime:0.0030s ]
SQL: SELECT `nickname` FROM `bjy_oauth_user` WHERE `id` = 1 LIMIT 1   [ RunTime:0.0003s ]
SQL: SELECT `ouid` FROM `bjy_comment` WHERE `cmtid` = 5 LIMIT 1   [ RunTime:0.0004s ]
SQL: SELECT `nickname` FROM `bjy_oauth_user` WHERE `id` = 1 LIMIT 1   [ RunTime:0.0003s ]
SQL: SELECT c.*,ou.nickname,ou.head_img FROM bjy_comment c INNER JOIN bjy_oauth_user ou ON c.ouid=ou.id  WHERE `pid` = '3'  [ RunTime:0.0003s ]
SQL: SELECT c.*,ou.nickname,ou.head_img FROM bjy_comment c INNER JOIN bjy_oauth_user ou ON c.ouid=ou.id  WHERE `pid` = '2'  [ RunTime:0.0003s ]
SQL: SELECT c.*,ou.nickname,ou.head_img FROM bjy_comment c INNER JOIN bjy_oauth_user ou ON c.ouid=ou.id  WHERE `pid` = '1'  [ RunTime:0.0003s ]
INFO: [ view_parse ] --START--
INFO: [ template_filter ] --START--
INFO: Run Behavior\ContentReplaceBehavior [ RunTime:0.000330s ]
INFO: [ template_filter ] --END-- [ RunTime:0.000470s ]
SQL: SELECT `aid`,`title` FROM `bjy_article` WHERE ( is_show=1 and is_delete=0 and is_top=1 ) LIMIT 10   [ RunTime:0.0005s ]
NOTIC: [8] Use of undefined constant url - assumed 'url' E:\tongbu\wamp\www\Runtime\Cache\Home\d4c1149384e4970b24973a696680cd70.php 第 234 行.
INFO: Run Behavior\ParseTemplateBehavior [ RunTime:0.047774s ]
INFO: [ view_parse ] --END-- [ RunTime:0.048012s ]
INFO: [ view_filter ] --START--
INFO: Run Behavior\WriteHtmlCacheBehavior [ RunTime:0.000551s ]
INFO: [ view_filter ] --END-- [ RunTime:0.000688s ]
INFO: [ app_end ] --START--
INFO: Run Behavior\ShowPageTraceBehavior [ RunTime:0.000928s ]
INFO: [ app_end ] --END-- [ RunTime:0.001351s ]

