[ 2015-10-15T21:48:38+08:00 ] ::1 /
INFO: [ app_init ] --START--
INFO: Run Behavior\BuildLiteBehavior [ RunTime:0.000031s ]
INFO: [ app_init ] --END-- [ RunTime:0.000537s ]
INFO: [ app_begin ] --START--
INFO: Run Behavior\ReadHtmlCacheBehavior [ RunTime:0.000683s ]
INFO: [ app_begin ] --END-- [ RunTime:0.000839s ]
SQL: SHOW COLUMNS FROM `bjy_category` [ RunTime:0.0036s ]
SQL: SELECT * FROM `bjy_category` ORDER BY sort  [ RunTime:0.0004s ]
SQL: SHOW COLUMNS FROM `bjy_tag` [ RunTime:0.0045s ]
SQL: SELECT * FROM `bjy_tag`  [ RunTime:0.0004s ]
SQL: SHOW COLUMNS FROM `bjy_link` [ RunTime:0.0034s ]
SQL: SELECT * FROM `bjy_link` WHERE `is_delete` = 0 AND `is_show` = 1 ORDER BY sort  [ RunTime:0.0004s ]
SQL: SHOW COLUMNS FROM `bjy_article` [ RunTime:0.0038s ]
SQL: SELECT COUNT(*) AS tp_count FROM `bjy_article` WHERE `is_delete` = 0 AND `is_show` = 1 LIMIT 1   [ RunTime:0.0004s ]
SQL: SELECT * FROM `bjy_article` WHERE `is_delete` = 0 AND `is_show` = 1 ORDER BY addtime desc LIMIT 0,10   [ RunTime:0.0005s ]
SQL: SHOW COLUMNS FROM `bjy_article_tag` [ RunTime:0.0034s ]
SQL: SHOW COLUMNS FROM `bjy_article_tag` [ RunTime:0.0033s ]
SQL: SELECT * FROM `bjy_article_tag` INNER JOIN bjy_tag ON bjy_article_tag.tid=bjy_tag.tid  WHERE ( aid=17 )  [ RunTime:0.0004s ]
SQL: SHOW COLUMNS FROM `bjy_article_pic` [ RunTime:0.0036s ]
SQL: SELECT `path` FROM `bjy_article_pic` WHERE ( aid=17 ) ORDER BY ap_id asc LIMIT 1   [ RunTime:0.0004s ]
SQL: SELECT `cid`,`cid`,`cname` FROM `bjy_category` WHERE ( cid=28 )  [ RunTime:0.0003s ]
INFO: [ view_parse ] --START--
INFO: [ template_filter ] --START--
INFO: Run Behavior\ContentReplaceBehavior [ RunTime:0.000287s ]
INFO: [ template_filter ] --END-- [ RunTime:0.000432s ]
SQL: SHOW COLUMNS FROM `bjy_article` [ RunTime:0.0038s ]
SQL: SELECT `aid`,`title` FROM `bjy_article` WHERE ( is_show=1 and is_delete=0 and is_top=1 ) LIMIT 10   [ RunTime:0.0004s ]
NOTIC: [8] Use of undefined constant url - assumed 'url' E:\tongbu\wamp\www\Runtime\Cache\Home\08d30c77e78bd0ac29232fbc421b5dcd.php 第 185 行.
INFO: Run Behavior\ParseTemplateBehavior [ RunTime:0.039084s ]
INFO: [ view_parse ] --END-- [ RunTime:0.039230s ]
INFO: [ view_filter ] --START--
INFO: Run Behavior\WriteHtmlCacheBehavior [ RunTime:0.000625s ]
INFO: [ view_filter ] --END-- [ RunTime:0.000763s ]
INFO: [ app_end ] --START--
INFO: Run Behavior\ShowPageTraceBehavior [ RunTime:0.000763s ]
INFO: [ app_end ] --END-- [ RunTime:0.000913s ]

[ 2015-10-15T21:48:39+08:00 ] ::1 /
INFO: [ app_init ] --START--
INFO: Run Behavior\BuildLiteBehavior [ RunTime:0.000032s ]
INFO: [ app_init ] --END-- [ RunTime:0.000566s ]
INFO: [ app_begin ] --START--
INFO: Run Behavior\ReadHtmlCacheBehavior [ RunTime:0.000521s ]
INFO: [ app_begin ] --END-- [ RunTime:0.000665s ]
SQL: SHOW COLUMNS FROM `bjy_category` [ RunTime:0.0040s ]
SQL: SELECT * FROM `bjy_category` ORDER BY sort  [ RunTime:0.0004s ]
SQL: SHOW COLUMNS FROM `bjy_tag` [ RunTime:0.0044s ]
SQL: SELECT * FROM `bjy_tag`  [ RunTime:0.0004s ]
SQL: SHOW COLUMNS FROM `bjy_link` [ RunTime:0.0036s ]
SQL: SELECT * FROM `bjy_link` WHERE `is_delete` = 0 AND `is_show` = 1 ORDER BY sort  [ RunTime:0.0004s ]
SQL: SHOW COLUMNS FROM `bjy_article` [ RunTime:0.0040s ]
SQL: SELECT COUNT(*) AS tp_count FROM `bjy_article` WHERE `is_delete` = 0 AND `is_show` = 1 LIMIT 1   [ RunTime:0.0004s ]
SQL: SELECT * FROM `bjy_article` WHERE `is_delete` = 0 AND `is_show` = 1 ORDER BY addtime desc LIMIT 0,10   [ RunTime:0.0006s ]
SQL: SHOW COLUMNS FROM `bjy_article_tag` [ RunTime:0.0037s ]
SQL: SHOW COLUMNS FROM `bjy_article_tag` [ RunTime:0.0031s ]
SQL: SELECT * FROM `bjy_article_tag` INNER JOIN bjy_tag ON bjy_article_tag.tid=bjy_tag.tid  WHERE ( aid=17 )  [ RunTime:0.0004s ]
SQL: SHOW COLUMNS FROM `bjy_article_pic` [ RunTime:0.0040s ]
SQL: SELECT `path` FROM `bjy_article_pic` WHERE ( aid=17 ) ORDER BY ap_id asc LIMIT 1   [ RunTime:0.0009s ]
SQL: SELECT `cid`,`cid`,`cname` FROM `bjy_category` WHERE ( cid=28 )  [ RunTime:0.0004s ]
INFO: [ view_parse ] --START--
INFO: [ template_filter ] --START--
INFO: Run Behavior\ContentReplaceBehavior [ RunTime:0.000267s ]
INFO: [ template_filter ] --END-- [ RunTime:0.000407s ]
SQL: SHOW COLUMNS FROM `bjy_article` [ RunTime:0.0036s ]
SQL: SELECT `aid`,`title` FROM `bjy_article` WHERE ( is_show=1 and is_delete=0 and is_top=1 ) LIMIT 10   [ RunTime:0.0004s ]
NOTIC: [8] Use of undefined constant url - assumed 'url' E:\tongbu\wamp\www\Runtime\Cache\Home\08d30c77e78bd0ac29232fbc421b5dcd.php 第 185 行.
INFO: Run Behavior\ParseTemplateBehavior [ RunTime:0.037523s ]
INFO: [ view_parse ] --END-- [ RunTime:0.037665s ]
INFO: [ view_filter ] --START--
INFO: Run Behavior\WriteHtmlCacheBehavior [ RunTime:0.000586s ]
INFO: [ view_filter ] --END-- [ RunTime:0.000717s ]
INFO: [ app_end ] --START--
INFO: Run Behavior\ShowPageTraceBehavior [ RunTime:0.000718s ]
INFO: [ app_end ] --END-- [ RunTime:0.000866s ]

[ 2015-10-15T21:48:43+08:00 ] ::1 /
INFO: [ app_init ] --START--
INFO: Run Behavior\BuildLiteBehavior [ RunTime:0.000036s ]
INFO: [ app_init ] --END-- [ RunTime:0.000585s ]
INFO: [ app_begin ] --START--
INFO: Run Behavior\ReadHtmlCacheBehavior [ RunTime:0.000595s ]
INFO: [ app_begin ] --END-- [ RunTime:0.000757s ]
SQL: SHOW COLUMNS FROM `bjy_category` [ RunTime:0.0038s ]
SQL: SELECT * FROM `bjy_category` ORDER BY sort  [ RunTime:0.0003s ]
SQL: SHOW COLUMNS FROM `bjy_tag` [ RunTime:0.0038s ]
SQL: SELECT * FROM `bjy_tag`  [ RunTime:0.0003s ]
SQL: SHOW COLUMNS FROM `bjy_link` [ RunTime:0.0038s ]
SQL: SELECT * FROM `bjy_link` WHERE `is_delete` = 0 AND `is_show` = 1 ORDER BY sort  [ RunTime:0.0004s ]
SQL: SHOW COLUMNS FROM `bjy_article` [ RunTime:0.0039s ]
SQL: SELECT COUNT(*) AS tp_count FROM `bjy_article` WHERE `is_delete` = 0 AND `is_show` = 1 LIMIT 1   [ RunTime:0.0003s ]
SQL: SELECT * FROM `bjy_article` WHERE `is_delete` = 0 AND `is_show` = 1 ORDER BY addtime desc LIMIT 0,10   [ RunTime:0.0008s ]
SQL: SHOW COLUMNS FROM `bjy_article_tag` [ RunTime:0.0032s ]
SQL: SHOW COLUMNS FROM `bjy_article_tag` [ RunTime:0.0033s ]
SQL: SELECT * FROM `bjy_article_tag` INNER JOIN bjy_tag ON bjy_article_tag.tid=bjy_tag.tid  WHERE ( aid=17 )  [ RunTime:0.0004s ]
SQL: SHOW COLUMNS FROM `bjy_article_pic` [ RunTime:0.0034s ]
SQL: SELECT `path` FROM `bjy_article_pic` WHERE ( aid=17 ) ORDER BY ap_id asc LIMIT 1   [ RunTime:0.0004s ]
SQL: SELECT `cid`,`cid`,`cname` FROM `bjy_category` WHERE ( cid=28 )  [ RunTime:0.0003s ]
INFO: [ view_parse ] --START--
INFO: [ template_filter ] --START--
INFO: Run Behavior\ContentReplaceBehavior [ RunTime:0.000535s ]
INFO: [ template_filter ] --END-- [ RunTime:0.000844s ]
SQL: SHOW COLUMNS FROM `bjy_article` [ RunTime:0.0042s ]
SQL: SELECT `aid`,`title` FROM `bjy_article` WHERE ( is_show=1 and is_delete=0 and is_top=1 ) LIMIT 10   [ RunTime:0.0004s ]
NOTIC: [8] Use of undefined constant url - assumed 'url' E:\tongbu\wamp\www\Runtime\Cache\Home\08d30c77e78bd0ac29232fbc421b5dcd.php 第 185 行.
INFO: Run Behavior\ParseTemplateBehavior [ RunTime:0.038968s ]
INFO: [ view_parse ] --END-- [ RunTime:0.039115s ]
INFO: [ view_filter ] --START--
INFO: Run Behavior\WriteHtmlCacheBehavior [ RunTime:0.000604s ]
INFO: [ view_filter ] --END-- [ RunTime:0.000734s ]
INFO: [ app_end ] --START--
INFO: Run Behavior\ShowPageTraceBehavior [ RunTime:0.000719s ]
INFO: [ app_end ] --END-- [ RunTime:0.000866s ]

[ 2015-10-15T21:48:45+08:00 ] ::1 /
INFO: [ app_init ] --START--
INFO: Run Behavior\BuildLiteBehavior [ RunTime:0.000032s ]
INFO: [ app_init ] --END-- [ RunTime:0.000537s ]
INFO: [ app_begin ] --START--
INFO: Run Behavior\ReadHtmlCacheBehavior [ RunTime:0.000514s ]
INFO: [ app_begin ] --END-- [ RunTime:0.000697s ]
SQL: SHOW COLUMNS FROM `bjy_category` [ RunTime:0.0038s ]
SQL: SELECT * FROM `bjy_category` ORDER BY sort  [ RunTime:0.0004s ]
SQL: SHOW COLUMNS FROM `bjy_tag` [ RunTime:0.0053s ]
SQL: SELECT * FROM `bjy_tag`  [ RunTime:0.0003s ]
SQL: SHOW COLUMNS FROM `bjy_link` [ RunTime:0.0037s ]
SQL: SELECT * FROM `bjy_link` WHERE `is_delete` = 0 AND `is_show` = 1 ORDER BY sort  [ RunTime:0.0004s ]
SQL: SHOW COLUMNS FROM `bjy_article` [ RunTime:0.0040s ]
SQL: SELECT COUNT(*) AS tp_count FROM `bjy_article` WHERE `is_delete` = 0 AND `is_show` = 1 LIMIT 1   [ RunTime:0.0005s ]
SQL: SELECT * FROM `bjy_article` WHERE `is_delete` = 0 AND `is_show` = 1 ORDER BY addtime desc LIMIT 0,10   [ RunTime:0.0005s ]
SQL: SHOW COLUMNS FROM `bjy_article_tag` [ RunTime:0.0040s ]
SQL: SHOW COLUMNS FROM `bjy_article_tag` [ RunTime:0.0035s ]
SQL: SELECT * FROM `bjy_article_tag` INNER JOIN bjy_tag ON bjy_article_tag.tid=bjy_tag.tid  WHERE ( aid=17 )  [ RunTime:0.0004s ]
SQL: SHOW COLUMNS FROM `bjy_article_pic` [ RunTime:0.0046s ]
SQL: SELECT `path` FROM `bjy_article_pic` WHERE ( aid=17 ) ORDER BY ap_id asc LIMIT 1   [ RunTime:0.0003s ]
SQL: SELECT `cid`,`cid`,`cname` FROM `bjy_category` WHERE ( cid=28 )  [ RunTime:0.0002s ]
INFO: [ view_parse ] --START--
INFO: [ template_filter ] --START--
INFO: Run Behavior\ContentReplaceBehavior [ RunTime:0.000298s ]
INFO: [ template_filter ] --END-- [ RunTime:0.000455s ]
SQL: SHOW COLUMNS FROM `bjy_article` [ RunTime:0.0044s ]
SQL: SELECT `aid`,`title` FROM `bjy_article` WHERE ( is_show=1 and is_delete=0 and is_top=1 ) LIMIT 10   [ RunTime:0.0004s ]
NOTIC: [8] Use of undefined constant url - assumed 'url' E:\tongbu\wamp\www\Runtime\Cache\Home\08d30c77e78bd0ac29232fbc421b5dcd.php 第 185 行.
INFO: Run Behavior\ParseTemplateBehavior [ RunTime:0.041532s ]
INFO: [ view_parse ] --END-- [ RunTime:0.041680s ]
INFO: [ view_filter ] --START--
INFO: Run Behavior\WriteHtmlCacheBehavior [ RunTime:0.000515s ]
INFO: [ view_filter ] --END-- [ RunTime:0.000649s ]
INFO: [ app_end ] --START--
INFO: Run Behavior\ShowPageTraceBehavior [ RunTime:0.001063s ]
INFO: [ app_end ] --END-- [ RunTime:0.001300s ]

[ 2015-10-15T21:48:47+08:00 ] ::1 /
INFO: [ app_init ] --START--
INFO: Run Behavior\BuildLiteBehavior [ RunTime:0.000037s ]
INFO: [ app_init ] --END-- [ RunTime:0.000612s ]
INFO: [ app_begin ] --START--
INFO: Run Behavior\ReadHtmlCacheBehavior [ RunTime:0.000643s ]
INFO: [ app_begin ] --END-- [ RunTime:0.000816s ]
SQL: SHOW COLUMNS FROM `bjy_category` [ RunTime:0.0043s ]
SQL: SELECT * FROM `bjy_category` ORDER BY sort  [ RunTime:0.0008s ]
SQL: SHOW COLUMNS FROM `bjy_tag` [ RunTime:0.0039s ]
SQL: SELECT * FROM `bjy_tag`  [ RunTime:0.0003s ]
SQL: SHOW COLUMNS FROM `bjy_link` [ RunTime:0.0039s ]
SQL: SELECT * FROM `bjy_link` WHERE `is_delete` = 0 AND `is_show` = 1 ORDER BY sort  [ RunTime:0.0004s ]
SQL: SHOW COLUMNS FROM `bjy_article` [ RunTime:0.0042s ]
SQL: SELECT COUNT(*) AS tp_count FROM `bjy_article` WHERE `is_delete` = 0 AND `is_show` = 1 LIMIT 1   [ RunTime:0.0004s ]
SQL: SELECT * FROM `bjy_article` WHERE `is_delete` = 0 AND `is_show` = 1 ORDER BY addtime desc LIMIT 0,10   [ RunTime:0.0004s ]
SQL: SHOW COLUMNS FROM `bjy_article_tag` [ RunTime:0.0037s ]
SQL: SHOW COLUMNS FROM `bjy_article_tag` [ RunTime:0.0035s ]
SQL: SELECT * FROM `bjy_article_tag` INNER JOIN bjy_tag ON bjy_article_tag.tid=bjy_tag.tid  WHERE ( aid=17 )  [ RunTime:0.0004s ]
SQL: SHOW COLUMNS FROM `bjy_article_pic` [ RunTime:0.0045s ]
SQL: SELECT `path` FROM `bjy_article_pic` WHERE ( aid=17 ) ORDER BY ap_id asc LIMIT 1   [ RunTime:0.0003s ]
SQL: SELECT `cid`,`cid`,`cname` FROM `bjy_category` WHERE ( cid=28 )  [ RunTime:0.0002s ]
INFO: [ view_parse ] --START--
INFO: [ template_filter ] --START--
INFO: Run Behavior\ContentReplaceBehavior [ RunTime:0.000293s ]
INFO: [ template_filter ] --END-- [ RunTime:0.000438s ]
SQL: SHOW COLUMNS FROM `bjy_article` [ RunTime:0.0038s ]
SQL: SELECT `aid`,`title` FROM `bjy_article` WHERE ( is_show=1 and is_delete=0 and is_top=1 ) LIMIT 10   [ RunTime:0.0004s ]
NOTIC: [8] Use of undefined constant url - assumed 'url' E:\tongbu\wamp\www\Runtime\Cache\Home\08d30c77e78bd0ac29232fbc421b5dcd.php 第 185 行.
INFO: Run Behavior\ParseTemplateBehavior [ RunTime:0.038158s ]
INFO: [ view_parse ] --END-- [ RunTime:0.038298s ]
INFO: [ view_filter ] --START--
INFO: Run Behavior\WriteHtmlCacheBehavior [ RunTime:0.000634s ]
INFO: [ view_filter ] --END-- [ RunTime:0.000769s ]
INFO: [ app_end ] --START--
INFO: Run Behavior\ShowPageTraceBehavior [ RunTime:0.000883s ]
INFO: [ app_end ] --END-- [ RunTime:0.001052s ]

[ 2015-10-15T21:48:48+08:00 ] ::1 /
INFO: [ app_init ] --START--
INFO: Run Behavior\BuildLiteBehavior [ RunTime:0.000036s ]
INFO: [ app_init ] --END-- [ RunTime:0.000600s ]
INFO: [ app_begin ] --START--
INFO: Run Behavior\ReadHtmlCacheBehavior [ RunTime:0.000605s ]
INFO: [ app_begin ] --END-- [ RunTime:0.000794s ]
SQL: SHOW COLUMNS FROM `bjy_category` [ RunTime:0.0040s ]
SQL: SELECT * FROM `bjy_category` ORDER BY sort  [ RunTime:0.0004s ]
SQL: SHOW COLUMNS FROM `bjy_tag` [ RunTime:0.0048s ]
SQL: SELECT * FROM `bjy_tag`  [ RunTime:0.0004s ]
SQL: SHOW COLUMNS FROM `bjy_link` [ RunTime:0.0065s ]
SQL: SELECT * FROM `bjy_link` WHERE `is_delete` = 0 AND `is_show` = 1 ORDER BY sort  [ RunTime:0.0008s ]
SQL: SHOW COLUMNS FROM `bjy_article` [ RunTime:0.0038s ]
SQL: SELECT COUNT(*) AS tp_count FROM `bjy_article` WHERE `is_delete` = 0 AND `is_show` = 1 LIMIT 1   [ RunTime:0.0005s ]
SQL: SELECT * FROM `bjy_article` WHERE `is_delete` = 0 AND `is_show` = 1 ORDER BY addtime desc LIMIT 0,10   [ RunTime:0.0006s ]
SQL: SHOW COLUMNS FROM `bjy_article_tag` [ RunTime:0.0049s ]
SQL: SHOW COLUMNS FROM `bjy_article_tag` [ RunTime:0.0047s ]
SQL: SELECT * FROM `bjy_article_tag` INNER JOIN bjy_tag ON bjy_article_tag.tid=bjy_tag.tid  WHERE ( aid=17 )  [ RunTime:0.0005s ]
SQL: SHOW COLUMNS FROM `bjy_article_pic` [ RunTime:0.0050s ]
SQL: SELECT `path` FROM `bjy_article_pic` WHERE ( aid=17 ) ORDER BY ap_id asc LIMIT 1   [ RunTime:0.0005s ]
SQL: SELECT `cid`,`cid`,`cname` FROM `bjy_category` WHERE ( cid=28 )  [ RunTime:0.0004s ]
INFO: [ view_parse ] --START--
INFO: [ template_filter ] --START--
INFO: Run Behavior\ContentReplaceBehavior [ RunTime:0.000434s ]
INFO: [ template_filter ] --END-- [ RunTime:0.000723s ]
SQL: SHOW COLUMNS FROM `bjy_article` [ RunTime:0.0062s ]
SQL: SELECT `aid`,`title` FROM `bjy_article` WHERE ( is_show=1 and is_delete=0 and is_top=1 ) LIMIT 10   [ RunTime:0.0005s ]
NOTIC: [8] Use of undefined constant url - assumed 'url' E:\tongbu\wamp\www\Runtime\Cache\Home\08d30c77e78bd0ac29232fbc421b5dcd.php 第 185 行.
INFO: Run Behavior\ParseTemplateBehavior [ RunTime:0.059043s ]
INFO: [ view_parse ] --END-- [ RunTime:0.059328s ]
INFO: [ view_filter ] --START--
INFO: Run Behavior\WriteHtmlCacheBehavior [ RunTime:0.000700s ]
INFO: [ view_filter ] --END-- [ RunTime:0.000961s ]
INFO: [ app_end ] --START--
INFO: Run Behavior\ShowPageTraceBehavior [ RunTime:0.001148s ]
INFO: [ app_end ] --END-- [ RunTime:0.001446s ]

[ 2015-10-15T21:48:50+08:00 ] ::1 /
INFO: [ app_init ] --START--
INFO: Run Behavior\BuildLiteBehavior [ RunTime:0.000035s ]
INFO: [ app_init ] --END-- [ RunTime:0.000573s ]
INFO: [ app_begin ] --START--
INFO: Run Behavior\ReadHtmlCacheBehavior [ RunTime:0.000717s ]
INFO: [ app_begin ] --END-- [ RunTime:0.000964s ]
SQL: SHOW COLUMNS FROM `bjy_category` [ RunTime:0.0041s ]
SQL: SELECT * FROM `bjy_category` ORDER BY sort  [ RunTime:0.0004s ]
SQL: SHOW COLUMNS FROM `bjy_tag` [ RunTime:0.0037s ]
SQL: SELECT * FROM `bjy_tag`  [ RunTime:0.0003s ]
SQL: SHOW COLUMNS FROM `bjy_link` [ RunTime:0.0037s ]
SQL: SELECT * FROM `bjy_link` WHERE `is_delete` = 0 AND `is_show` = 1 ORDER BY sort  [ RunTime:0.0004s ]
SQL: SHOW COLUMNS FROM `bjy_article` [ RunTime:0.0038s ]
SQL: SELECT COUNT(*) AS tp_count FROM `bjy_article` WHERE `is_delete` = 0 AND `is_show` = 1 LIMIT 1   [ RunTime:0.0003s ]
SQL: SELECT * FROM `bjy_article` WHERE `is_delete` = 0 AND `is_show` = 1 ORDER BY addtime desc LIMIT 0,10   [ RunTime:0.0004s ]
SQL: SHOW COLUMNS FROM `bjy_article_tag` [ RunTime:0.0036s ]
SQL: SHOW COLUMNS FROM `bjy_article_tag` [ RunTime:0.0031s ]
SQL: SELECT * FROM `bjy_article_tag` INNER JOIN bjy_tag ON bjy_article_tag.tid=bjy_tag.tid  WHERE ( aid=17 )  [ RunTime:0.0004s ]
SQL: SHOW COLUMNS FROM `bjy_article_pic` [ RunTime:0.0044s ]
SQL: SELECT `path` FROM `bjy_article_pic` WHERE ( aid=17 ) ORDER BY ap_id asc LIMIT 1   [ RunTime:0.0003s ]
SQL: SELECT `cid`,`cid`,`cname` FROM `bjy_category` WHERE ( cid=28 )  [ RunTime:0.0002s ]
INFO: [ view_parse ] --START--
INFO: [ template_filter ] --START--
INFO: Run Behavior\ContentReplaceBehavior [ RunTime:0.000266s ]
INFO: [ template_filter ] --END-- [ RunTime:0.000405s ]
SQL: SHOW COLUMNS FROM `bjy_article` [ RunTime:0.0038s ]
SQL: SELECT `aid`,`title` FROM `bjy_article` WHERE ( is_show=1 and is_delete=0 and is_top=1 ) LIMIT 10   [ RunTime:0.0004s ]
NOTIC: [8] Use of undefined constant url - assumed 'url' E:\tongbu\wamp\www\Runtime\Cache\Home\08d30c77e78bd0ac29232fbc421b5dcd.php 第 185 行.
INFO: Run Behavior\ParseTemplateBehavior [ RunTime:0.038685s ]
INFO: [ view_parse ] --END-- [ RunTime:0.038825s ]
INFO: [ view_filter ] --START--
INFO: Run Behavior\WriteHtmlCacheBehavior [ RunTime:0.000661s ]
INFO: [ view_filter ] --END-- [ RunTime:0.000792s ]
INFO: [ app_end ] --START--
INFO: Run Behavior\ShowPageTraceBehavior [ RunTime:0.000900s ]
INFO: [ app_end ] --END-- [ RunTime:0.001081s ]

[ 2015-10-15T21:48:52+08:00 ] ::1 /
INFO: [ app_init ] --START--
INFO: Run Behavior\BuildLiteBehavior [ RunTime:0.000035s ]
INFO: [ app_init ] --END-- [ RunTime:0.000539s ]
INFO: [ app_begin ] --START--
INFO: Run Behavior\ReadHtmlCacheBehavior [ RunTime:0.000555s ]
INFO: [ app_begin ] --END-- [ RunTime:0.000718s ]
SQL: SHOW COLUMNS FROM `bjy_category` [ RunTime:0.0042s ]
SQL: SELECT * FROM `bjy_category` ORDER BY sort  [ RunTime:0.0004s ]
SQL: SHOW COLUMNS FROM `bjy_tag` [ RunTime:0.0038s ]
SQL: SELECT * FROM `bjy_tag`  [ RunTime:0.0003s ]
SQL: SHOW COLUMNS FROM `bjy_link` [ RunTime:0.0038s ]
SQL: SELECT * FROM `bjy_link` WHERE `is_delete` = 0 AND `is_show` = 1 ORDER BY sort  [ RunTime:0.0004s ]
SQL: SHOW COLUMNS FROM `bjy_article` [ RunTime:0.0041s ]
SQL: SELECT COUNT(*) AS tp_count FROM `bjy_article` WHERE `is_delete` = 0 AND `is_show` = 1 LIMIT 1   [ RunTime:0.0003s ]
SQL: SELECT * FROM `bjy_article` WHERE `is_delete` = 0 AND `is_show` = 1 ORDER BY addtime desc LIMIT 0,10   [ RunTime:0.0004s ]
SQL: SHOW COLUMNS FROM `bjy_article_tag` [ RunTime:0.0041s ]
SQL: SHOW COLUMNS FROM `bjy_article_tag` [ RunTime:0.0041s ]
SQL: SELECT * FROM `bjy_article_tag` INNER JOIN bjy_tag ON bjy_article_tag.tid=bjy_tag.tid  WHERE ( aid=17 )  [ RunTime:0.0004s ]
SQL: SHOW COLUMNS FROM `bjy_article_pic` [ RunTime:0.0037s ]
SQL: SELECT `path` FROM `bjy_article_pic` WHERE ( aid=17 ) ORDER BY ap_id asc LIMIT 1   [ RunTime:0.0003s ]
SQL: SELECT `cid`,`cid`,`cname` FROM `bjy_category` WHERE ( cid=28 )  [ RunTime:0.0003s ]
INFO: [ view_parse ] --START--
INFO: [ template_filter ] --START--
INFO: Run Behavior\ContentReplaceBehavior [ RunTime:0.000311s ]
INFO: [ template_filter ] --END-- [ RunTime:0.000479s ]
SQL: SHOW COLUMNS FROM `bjy_article` [ RunTime:0.0052s ]
SQL: SELECT `aid`,`title` FROM `bjy_article` WHERE ( is_show=1 and is_delete=0 and is_top=1 ) LIMIT 10   [ RunTime:0.0005s ]
NOTIC: [8] Use of undefined constant url - assumed 'url' E:\tongbu\wamp\www\Runtime\Cache\Home\08d30c77e78bd0ac29232fbc421b5dcd.php 第 185 行.
INFO: Run Behavior\ParseTemplateBehavior [ RunTime:0.066569s ]
INFO: [ view_parse ] --END-- [ RunTime:0.066854s ]
INFO: [ view_filter ] --START--
INFO: Run Behavior\WriteHtmlCacheBehavior [ RunTime:0.000667s ]
INFO: [ view_filter ] --END-- [ RunTime:0.000902s ]
INFO: [ app_end ] --START--
INFO: Run Behavior\ShowPageTraceBehavior [ RunTime:0.001056s ]
INFO: [ app_end ] --END-- [ RunTime:0.001333s ]

[ 2015-10-15T21:48:53+08:00 ] ::1 /
INFO: [ app_init ] --START--
INFO: Run Behavior\BuildLiteBehavior [ RunTime:0.000047s ]
INFO: [ app_init ] --END-- [ RunTime:0.000657s ]
INFO: [ app_begin ] --START--
INFO: Run Behavior\ReadHtmlCacheBehavior [ RunTime:0.000634s ]
INFO: [ app_begin ] --END-- [ RunTime:0.000792s ]
SQL: SHOW COLUMNS FROM `bjy_category` [ RunTime:0.0048s ]
SQL: SELECT * FROM `bjy_category` ORDER BY sort  [ RunTime:0.0004s ]
SQL: SHOW COLUMNS FROM `bjy_tag` [ RunTime:0.0036s ]
SQL: SELECT * FROM `bjy_tag`  [ RunTime:0.0003s ]
SQL: SHOW COLUMNS FROM `bjy_link` [ RunTime:0.0034s ]
SQL: SELECT * FROM `bjy_link` WHERE `is_delete` = 0 AND `is_show` = 1 ORDER BY sort  [ RunTime:0.0004s ]
SQL: SHOW COLUMNS FROM `bjy_article` [ RunTime:0.0041s ]
SQL: SELECT COUNT(*) AS tp_count FROM `bjy_article` WHERE `is_delete` = 0 AND `is_show` = 1 LIMIT 1   [ RunTime:0.0004s ]
SQL: SELECT * FROM `bjy_article` WHERE `is_delete` = 0 AND `is_show` = 1 ORDER BY addtime desc LIMIT 0,10   [ RunTime:0.0004s ]
SQL: SHOW COLUMNS FROM `bjy_article_tag` [ RunTime:0.0037s ]
SQL: SHOW COLUMNS FROM `bjy_article_tag` [ RunTime:0.0035s ]
SQL: SELECT * FROM `bjy_article_tag` INNER JOIN bjy_tag ON bjy_article_tag.tid=bjy_tag.tid  WHERE ( aid=17 )  [ RunTime:0.0004s ]
SQL: SHOW COLUMNS FROM `bjy_article_pic` [ RunTime:0.0036s ]
SQL: SELECT `path` FROM `bjy_article_pic` WHERE ( aid=17 ) ORDER BY ap_id asc LIMIT 1   [ RunTime:0.0003s ]
SQL: SELECT `cid`,`cid`,`cname` FROM `bjy_category` WHERE ( cid=28 )  [ RunTime:0.0002s ]
INFO: [ view_parse ] --START--
INFO: [ template_filter ] --START--
INFO: Run Behavior\ContentReplaceBehavior [ RunTime:0.000266s ]
INFO: [ template_filter ] --END-- [ RunTime:0.000410s ]
SQL: SHOW COLUMNS FROM `bjy_article` [ RunTime:0.0036s ]
SQL: SELECT `aid`,`title` FROM `bjy_article` WHERE ( is_show=1 and is_delete=0 and is_top=1 ) LIMIT 10   [ RunTime:0.0003s ]
NOTIC: [8] Use of undefined constant url - assumed 'url' E:\tongbu\wamp\www\Runtime\Cache\Home\08d30c77e78bd0ac29232fbc421b5dcd.php 第 185 行.
INFO: Run Behavior\ParseTemplateBehavior [ RunTime:0.039257s ]
INFO: [ view_parse ] --END-- [ RunTime:0.039396s ]
INFO: [ view_filter ] --START--
INFO: Run Behavior\WriteHtmlCacheBehavior [ RunTime:0.000593s ]
INFO: [ view_filter ] --END-- [ RunTime:0.000724s ]
INFO: [ app_end ] --START--
INFO: Run Behavior\ShowPageTraceBehavior [ RunTime:0.001175s ]
INFO: [ app_end ] --END-- [ RunTime:0.001966s ]

[ 2015-10-15T21:48:55+08:00 ] ::1 /
INFO: [ app_init ] --START--
INFO: Run Behavior\BuildLiteBehavior [ RunTime:0.000038s ]
INFO: [ app_init ] --END-- [ RunTime:0.000709s ]
INFO: [ app_begin ] --START--
INFO: Run Behavior\ReadHtmlCacheBehavior [ RunTime:0.000716s ]
INFO: [ app_begin ] --END-- [ RunTime:0.000887s ]
SQL: SHOW COLUMNS FROM `bjy_category` [ RunTime:0.0046s ]
SQL: SELECT * FROM `bjy_category` ORDER BY sort  [ RunTime:0.0004s ]
SQL: SHOW COLUMNS FROM `bjy_tag` [ RunTime:0.0049s ]
SQL: SELECT * FROM `bjy_tag`  [ RunTime:0.0003s ]
SQL: SHOW COLUMNS FROM `bjy_link` [ RunTime:0.0039s ]
SQL: SELECT * FROM `bjy_link` WHERE `is_delete` = 0 AND `is_show` = 1 ORDER BY sort  [ RunTime:0.0005s ]
SQL: SHOW COLUMNS FROM `bjy_article` [ RunTime:0.0039s ]
SQL: SELECT COUNT(*) AS tp_count FROM `bjy_article` WHERE `is_delete` = 0 AND `is_show` = 1 LIMIT 1   [ RunTime:0.0004s ]
SQL: SELECT * FROM `bjy_article` WHERE `is_delete` = 0 AND `is_show` = 1 ORDER BY addtime desc LIMIT 0,10   [ RunTime:0.0004s ]
SQL: SHOW COLUMNS FROM `bjy_article_tag` [ RunTime:0.0034s ]
SQL: SHOW COLUMNS FROM `bjy_article_tag` [ RunTime:0.0034s ]
SQL: SELECT * FROM `bjy_article_tag` INNER JOIN bjy_tag ON bjy_article_tag.tid=bjy_tag.tid  WHERE ( aid=17 )  [ RunTime:0.0004s ]
SQL: SHOW COLUMNS FROM `bjy_article_pic` [ RunTime:0.0053s ]
SQL: SELECT `path` FROM `bjy_article_pic` WHERE ( aid=17 ) ORDER BY ap_id asc LIMIT 1   [ RunTime:0.0003s ]
SQL: SELECT `cid`,`cid`,`cname` FROM `bjy_category` WHERE ( cid=28 )  [ RunTime:0.0002s ]
INFO: [ view_parse ] --START--
INFO: [ template_filter ] --START--
INFO: Run Behavior\ContentReplaceBehavior [ RunTime:0.000266s ]
INFO: [ template_filter ] --END-- [ RunTime:0.000405s ]
SQL: SHOW COLUMNS FROM `bjy_article` [ RunTime:0.0040s ]
SQL: SELECT `aid`,`title` FROM `bjy_article` WHERE ( is_show=1 and is_delete=0 and is_top=1 ) LIMIT 10   [ RunTime:0.0004s ]
NOTIC: [8] Use of undefined constant url - assumed 'url' E:\tongbu\wamp\www\Runtime\Cache\Home\08d30c77e78bd0ac29232fbc421b5dcd.php 第 185 行.
INFO: Run Behavior\ParseTemplateBehavior [ RunTime:0.038107s ]
INFO: [ view_parse ] --END-- [ RunTime:0.038260s ]
INFO: [ view_filter ] --START--
INFO: Run Behavior\WriteHtmlCacheBehavior [ RunTime:0.000632s ]
INFO: [ view_filter ] --END-- [ RunTime:0.000759s ]
INFO: [ app_end ] --START--
INFO: Run Behavior\ShowPageTraceBehavior [ RunTime:0.000879s ]
INFO: [ app_end ] --END-- [ RunTime:0.001033s ]

[ 2015-10-15T21:48:57+08:00 ] ::1 /
INFO: [ app_init ] --START--
INFO: Run Behavior\BuildLiteBehavior [ RunTime:0.000035s ]
INFO: [ app_init ] --END-- [ RunTime:0.000587s ]
INFO: [ app_begin ] --START--
INFO: Run Behavior\ReadHtmlCacheBehavior [ RunTime:0.000843s ]
INFO: [ app_begin ] --END-- [ RunTime:0.001105s ]
SQL: SHOW COLUMNS FROM `bjy_category` [ RunTime:0.0043s ]
SQL: SELECT * FROM `bjy_category` ORDER BY sort  [ RunTime:0.0004s ]
SQL: SHOW COLUMNS FROM `bjy_tag` [ RunTime:0.0040s ]
SQL: SELECT * FROM `bjy_tag`  [ RunTime:0.0003s ]
SQL: SHOW COLUMNS FROM `bjy_link` [ RunTime:0.0036s ]
SQL: SELECT * FROM `bjy_link` WHERE `is_delete` = 0 AND `is_show` = 1 ORDER BY sort  [ RunTime:0.0004s ]
SQL: SHOW COLUMNS FROM `bjy_article` [ RunTime:0.0045s ]
SQL: SELECT COUNT(*) AS tp_count FROM `bjy_article` WHERE `is_delete` = 0 AND `is_show` = 1 LIMIT 1   [ RunTime:0.0003s ]
SQL: SELECT * FROM `bjy_article` WHERE `is_delete` = 0 AND `is_show` = 1 ORDER BY addtime desc LIMIT 0,10   [ RunTime:0.0004s ]
SQL: SHOW COLUMNS FROM `bjy_article_tag` [ RunTime:0.0036s ]
SQL: SHOW COLUMNS FROM `bjy_article_tag` [ RunTime:0.0031s ]
SQL: SELECT * FROM `bjy_article_tag` INNER JOIN bjy_tag ON bjy_article_tag.tid=bjy_tag.tid  WHERE ( aid=17 )  [ RunTime:0.0006s ]
SQL: SHOW COLUMNS FROM `bjy_article_pic` [ RunTime:0.0035s ]
SQL: SELECT `path` FROM `bjy_article_pic` WHERE ( aid=17 ) ORDER BY ap_id asc LIMIT 1   [ RunTime:0.0003s ]
SQL: SELECT `cid`,`cid`,`cname` FROM `bjy_category` WHERE ( cid=28 )  [ RunTime:0.0002s ]
INFO: [ view_parse ] --START--
INFO: [ template_filter ] --START--
INFO: Run Behavior\ContentReplaceBehavior [ RunTime:0.000291s ]
INFO: [ template_filter ] --END-- [ RunTime:0.000430s ]
SQL: SHOW COLUMNS FROM `bjy_article` [ RunTime:0.0040s ]
SQL: SELECT `aid`,`title` FROM `bjy_article` WHERE ( is_show=1 and is_delete=0 and is_top=1 ) LIMIT 10   [ RunTime:0.0004s ]
NOTIC: [8] Use of undefined constant url - assumed 'url' E:\tongbu\wamp\www\Runtime\Cache\Home\08d30c77e78bd0ac29232fbc421b5dcd.php 第 185 行.
INFO: Run Behavior\ParseTemplateBehavior [ RunTime:0.038303s ]
INFO: [ view_parse ] --END-- [ RunTime:0.038442s ]
INFO: [ view_filter ] --START--
INFO: Run Behavior\WriteHtmlCacheBehavior [ RunTime:0.000609s ]
INFO: [ view_filter ] --END-- [ RunTime:0.000738s ]
INFO: [ app_end ] --START--
INFO: Run Behavior\ShowPageTraceBehavior [ RunTime:0.000912s ]
INFO: [ app_end ] --END-- [ RunTime:0.001064s ]

[ 2015-10-15T21:48:59+08:00 ] ::1 /
INFO: [ app_init ] --START--
INFO: Run Behavior\BuildLiteBehavior [ RunTime:0.000062s ]
INFO: [ app_init ] --END-- [ RunTime:0.000869s ]
INFO: [ app_begin ] --START--
INFO: Run Behavior\ReadHtmlCacheBehavior [ RunTime:0.000742s ]
INFO: [ app_begin ] --END-- [ RunTime:0.000911s ]
SQL: SHOW COLUMNS FROM `bjy_category` [ RunTime:0.0059s ]
SQL: SELECT * FROM `bjy_category` ORDER BY sort  [ RunTime:0.0004s ]
SQL: SHOW COLUMNS FROM `bjy_tag` [ RunTime:0.0054s ]
SQL: SELECT * FROM `bjy_tag`  [ RunTime:0.0005s ]
SQL: SHOW COLUMNS FROM `bjy_link` [ RunTime:0.0042s ]
SQL: SELECT * FROM `bjy_link` WHERE `is_delete` = 0 AND `is_show` = 1 ORDER BY sort  [ RunTime:0.0005s ]
SQL: SHOW COLUMNS FROM `bjy_article` [ RunTime:0.0055s ]
SQL: SELECT COUNT(*) AS tp_count FROM `bjy_article` WHERE `is_delete` = 0 AND `is_show` = 1 LIMIT 1   [ RunTime:0.0004s ]
SQL: SELECT * FROM `bjy_article` WHERE `is_delete` = 0 AND `is_show` = 1 ORDER BY addtime desc LIMIT 0,10   [ RunTime:0.0005s ]
SQL: SHOW COLUMNS FROM `bjy_article_tag` [ RunTime:0.0038s ]
SQL: SHOW COLUMNS FROM `bjy_article_tag` [ RunTime:0.0036s ]
SQL: SELECT * FROM `bjy_article_tag` INNER JOIN bjy_tag ON bjy_article_tag.tid=bjy_tag.tid  WHERE ( aid=17 )  [ RunTime:0.0004s ]
SQL: SHOW COLUMNS FROM `bjy_article_pic` [ RunTime:0.0041s ]
SQL: SELECT `path` FROM `bjy_article_pic` WHERE ( aid=17 ) ORDER BY ap_id asc LIMIT 1   [ RunTime:0.0003s ]
SQL: SELECT `cid`,`cid`,`cname` FROM `bjy_category` WHERE ( cid=28 )  [ RunTime:0.0003s ]
INFO: [ view_parse ] --START--
INFO: [ template_filter ] --START--
INFO: Run Behavior\ContentReplaceBehavior [ RunTime:0.000287s ]
INFO: [ template_filter ] --END-- [ RunTime:0.000434s ]
SQL: SHOW COLUMNS FROM `bjy_article` [ RunTime:0.0040s ]
SQL: SELECT `aid`,`title` FROM `bjy_article` WHERE ( is_show=1 and is_delete=0 and is_top=1 ) LIMIT 10   [ RunTime:0.0003s ]
NOTIC: [8] Use of undefined constant url - assumed 'url' E:\tongbu\wamp\www\Runtime\Cache\Home\08d30c77e78bd0ac29232fbc421b5dcd.php 第 185 行.
INFO: Run Behavior\ParseTemplateBehavior [ RunTime:0.037967s ]
INFO: [ view_parse ] --END-- [ RunTime:0.038108s ]
INFO: [ view_filter ] --START--
INFO: Run Behavior\WriteHtmlCacheBehavior [ RunTime:0.000559s ]
INFO: [ view_filter ] --END-- [ RunTime:0.000694s ]
INFO: [ app_end ] --START--
INFO: Run Behavior\ShowPageTraceBehavior [ RunTime:0.000760s ]
INFO: [ app_end ] --END-- [ RunTime:0.000979s ]

[ 2015-10-15T21:49:01+08:00 ] ::1 /
INFO: [ app_init ] --START--
INFO: Run Behavior\BuildLiteBehavior [ RunTime:0.000114s ]
INFO: [ app_init ] --END-- [ RunTime:0.001463s ]
INFO: [ app_begin ] --START--
INFO: Run Behavior\ReadHtmlCacheBehavior [ RunTime:0.000811s ]
INFO: [ app_begin ] --END-- [ RunTime:0.001062s ]
SQL: SHOW COLUMNS FROM `bjy_category` [ RunTime:0.0037s ]
SQL: SELECT * FROM `bjy_category` ORDER BY sort  [ RunTime:0.0004s ]
SQL: SHOW COLUMNS FROM `bjy_tag` [ RunTime:0.0036s ]
SQL: SELECT * FROM `bjy_tag`  [ RunTime:0.0003s ]
SQL: SHOW COLUMNS FROM `bjy_link` [ RunTime:0.0037s ]
SQL: SELECT * FROM `bjy_link` WHERE `is_delete` = 0 AND `is_show` = 1 ORDER BY sort  [ RunTime:0.0004s ]
SQL: SHOW COLUMNS FROM `bjy_article` [ RunTime:0.0038s ]
SQL: SELECT COUNT(*) AS tp_count FROM `bjy_article` WHERE `is_delete` = 0 AND `is_show` = 1 LIMIT 1   [ RunTime:0.0003s ]
SQL: SELECT * FROM `bjy_article` WHERE `is_delete` = 0 AND `is_show` = 1 ORDER BY addtime desc LIMIT 0,10   [ RunTime:0.0004s ]
SQL: SHOW COLUMNS FROM `bjy_article_tag` [ RunTime:0.0033s ]
SQL: SHOW COLUMNS FROM `bjy_article_tag` [ RunTime:0.0048s ]
SQL: SELECT * FROM `bjy_article_tag` INNER JOIN bjy_tag ON bjy_article_tag.tid=bjy_tag.tid  WHERE ( aid=17 )  [ RunTime:0.0004s ]
SQL: SHOW COLUMNS FROM `bjy_article_pic` [ RunTime:0.0033s ]
SQL: SELECT `path` FROM `bjy_article_pic` WHERE ( aid=17 ) ORDER BY ap_id asc LIMIT 1   [ RunTime:0.0003s ]
SQL: SELECT `cid`,`cid`,`cname` FROM `bjy_category` WHERE ( cid=28 )  [ RunTime:0.0002s ]
INFO: [ view_parse ] --START--
INFO: [ template_filter ] --START--
INFO: Run Behavior\ContentReplaceBehavior [ RunTime:0.000350s ]
INFO: [ template_filter ] --END-- [ RunTime:0.000576s ]
SQL: SHOW COLUMNS FROM `bjy_article` [ RunTime:0.0036s ]
SQL: SELECT `aid`,`title` FROM `bjy_article` WHERE ( is_show=1 and is_delete=0 and is_top=1 ) LIMIT 10   [ RunTime:0.0003s ]
NOTIC: [8] Use of undefined constant url - assumed 'url' E:\tongbu\wamp\www\Runtime\Cache\Home\08d30c77e78bd0ac29232fbc421b5dcd.php 第 185 行.
INFO: Run Behavior\ParseTemplateBehavior [ RunTime:0.040954s ]
INFO: [ view_parse ] --END-- [ RunTime:0.041162s ]
INFO: [ view_filter ] --START--
INFO: Run Behavior\WriteHtmlCacheBehavior [ RunTime:0.000803s ]
INFO: [ view_filter ] --END-- [ RunTime:0.001044s ]
INFO: [ app_end ] --START--
INFO: Run Behavior\ShowPageTraceBehavior [ RunTime:0.000902s ]
INFO: [ app_end ] --END-- [ RunTime:0.001092s ]

[ 2015-10-15T21:49:02+08:00 ] ::1 /
INFO: [ app_init ] --START--
INFO: Run Behavior\BuildLiteBehavior [ RunTime:0.000058s ]
INFO: [ app_init ] --END-- [ RunTime:0.000868s ]
INFO: [ app_begin ] --START--
INFO: Run Behavior\ReadHtmlCacheBehavior [ RunTime:0.000733s ]
INFO: [ app_begin ] --END-- [ RunTime:0.001029s ]
SQL: SHOW COLUMNS FROM `bjy_category` [ RunTime:0.0048s ]
SQL: SELECT * FROM `bjy_category` ORDER BY sort  [ RunTime:0.0004s ]
SQL: SHOW COLUMNS FROM `bjy_tag` [ RunTime:0.0036s ]
SQL: SELECT * FROM `bjy_tag`  [ RunTime:0.0003s ]
SQL: SHOW COLUMNS FROM `bjy_link` [ RunTime:0.0035s ]
SQL: SELECT * FROM `bjy_link` WHERE `is_delete` = 0 AND `is_show` = 1 ORDER BY sort  [ RunTime:0.0004s ]
SQL: SHOW COLUMNS FROM `bjy_article` [ RunTime:0.0050s ]
SQL: SELECT COUNT(*) AS tp_count FROM `bjy_article` WHERE `is_delete` = 0 AND `is_show` = 1 LIMIT 1   [ RunTime:0.0003s ]
SQL: SELECT * FROM `bjy_article` WHERE `is_delete` = 0 AND `is_show` = 1 ORDER BY addtime desc LIMIT 0,10   [ RunTime:0.0004s ]
SQL: SHOW COLUMNS FROM `bjy_article_tag` [ RunTime:0.0038s ]
SQL: SHOW COLUMNS FROM `bjy_article_tag` [ RunTime:0.0036s ]
SQL: SELECT * FROM `bjy_article_tag` INNER JOIN bjy_tag ON bjy_article_tag.tid=bjy_tag.tid  WHERE ( aid=17 )  [ RunTime:0.0006s ]
SQL: SHOW COLUMNS FROM `bjy_article_pic` [ RunTime:0.0041s ]
SQL: SELECT `path` FROM `bjy_article_pic` WHERE ( aid=17 ) ORDER BY ap_id asc LIMIT 1   [ RunTime:0.0003s ]
SQL: SELECT `cid`,`cid`,`cname` FROM `bjy_category` WHERE ( cid=28 )  [ RunTime:0.0004s ]
INFO: [ view_parse ] --START--
INFO: [ template_filter ] --START--
INFO: Run Behavior\ContentReplaceBehavior [ RunTime:0.000289s ]
INFO: [ template_filter ] --END-- [ RunTime:0.000460s ]
SQL: SHOW COLUMNS FROM `bjy_article` [ RunTime:0.0042s ]
SQL: SELECT `aid`,`title` FROM `bjy_article` WHERE ( is_show=1 and is_delete=0 and is_top=1 ) LIMIT 10   [ RunTime:0.0005s ]
NOTIC: [8] Use of undefined constant url - assumed 'url' E:\tongbu\wamp\www\Runtime\Cache\Home\08d30c77e78bd0ac29232fbc421b5dcd.php 第 185 行.
INFO: Run Behavior\ParseTemplateBehavior [ RunTime:0.077059s ]
INFO: [ view_parse ] --END-- [ RunTime:0.077310s ]
INFO: [ view_filter ] --START--
INFO: Run Behavior\WriteHtmlCacheBehavior [ RunTime:0.000732s ]
INFO: [ view_filter ] --END-- [ RunTime:0.000914s ]
INFO: [ app_end ] --START--
INFO: Run Behavior\ShowPageTraceBehavior [ RunTime:0.000838s ]
INFO: [ app_end ] --END-- [ RunTime:0.001043s ]

[ 2015-10-15T21:49:03+08:00 ] ::1 /
INFO: [ app_init ] --START--
INFO: Run Behavior\BuildLiteBehavior [ RunTime:0.000036s ]
INFO: [ app_init ] --END-- [ RunTime:0.000566s ]
INFO: [ app_begin ] --START--
INFO: Run Behavior\ReadHtmlCacheBehavior [ RunTime:0.000627s ]
INFO: [ app_begin ] --END-- [ RunTime:0.000800s ]
SQL: SHOW COLUMNS FROM `bjy_category` [ RunTime:0.0038s ]
SQL: SELECT * FROM `bjy_category` ORDER BY sort  [ RunTime:0.0004s ]
SQL: SHOW COLUMNS FROM `bjy_tag` [ RunTime:0.0048s ]
SQL: SELECT * FROM `bjy_tag`  [ RunTime:0.0003s ]
SQL: SHOW COLUMNS FROM `bjy_link` [ RunTime:0.0034s ]
SQL: SELECT * FROM `bjy_link` WHERE `is_delete` = 0 AND `is_show` = 1 ORDER BY sort  [ RunTime:0.0004s ]
SQL: SHOW COLUMNS FROM `bjy_article` [ RunTime:0.0035s ]
SQL: SELECT COUNT(*) AS tp_count FROM `bjy_article` WHERE `is_delete` = 0 AND `is_show` = 1 LIMIT 1   [ RunTime:0.0005s ]
SQL: SELECT * FROM `bjy_article` WHERE `is_delete` = 0 AND `is_show` = 1 ORDER BY addtime desc LIMIT 0,10   [ RunTime:0.0005s ]
SQL: SHOW COLUMNS FROM `bjy_article_tag` [ RunTime:0.0034s ]
SQL: SHOW COLUMNS FROM `bjy_article_tag` [ RunTime:0.0034s ]
SQL: SELECT * FROM `bjy_article_tag` INNER JOIN bjy_tag ON bjy_article_tag.tid=bjy_tag.tid  WHERE ( aid=17 )  [ RunTime:0.0003s ]
SQL: SHOW COLUMNS FROM `bjy_article_pic` [ RunTime:0.0042s ]
SQL: SELECT `path` FROM `bjy_article_pic` WHERE ( aid=17 ) ORDER BY ap_id asc LIMIT 1   [ RunTime:0.0003s ]
SQL: SELECT `cid`,`cid`,`cname` FROM `bjy_category` WHERE ( cid=28 )  [ RunTime:0.0002s ]
INFO: [ view_parse ] --START--
INFO: [ template_filter ] --START--
INFO: Run Behavior\ContentReplaceBehavior [ RunTime:0.000301s ]
INFO: [ template_filter ] --END-- [ RunTime:0.000438s ]
SQL: SHOW COLUMNS FROM `bjy_article` [ RunTime:0.0038s ]
SQL: SELECT `aid`,`title` FROM `bjy_article` WHERE ( is_show=1 and is_delete=0 and is_top=1 ) LIMIT 10   [ RunTime:0.0003s ]
NOTIC: [8] Use of undefined constant url - assumed 'url' E:\tongbu\wamp\www\Runtime\Cache\Home\08d30c77e78bd0ac29232fbc421b5dcd.php 第 185 行.
INFO: Run Behavior\ParseTemplateBehavior [ RunTime:0.038755s ]
INFO: [ view_parse ] --END-- [ RunTime:0.038894s ]
INFO: [ view_filter ] --START--
INFO: Run Behavior\WriteHtmlCacheBehavior [ RunTime:0.000580s ]
INFO: [ view_filter ] --END-- [ RunTime:0.000711s ]
INFO: [ app_end ] --START--
INFO: Run Behavior\ShowPageTraceBehavior [ RunTime:0.000869s ]
INFO: [ app_end ] --END-- [ RunTime:0.001076s ]

[ 2015-10-15T21:49:04+08:00 ] ::1 /
INFO: [ app_init ] --START--
INFO: Run Behavior\BuildLiteBehavior [ RunTime:0.000061s ]
INFO: [ app_init ] --END-- [ RunTime:0.000886s ]
INFO: [ app_begin ] --START--
INFO: Run Behavior\ReadHtmlCacheBehavior [ RunTime:0.000570s ]
INFO: [ app_begin ] --END-- [ RunTime:0.000728s ]
SQL: SHOW COLUMNS FROM `bjy_category` [ RunTime:0.0035s ]
SQL: SELECT * FROM `bjy_category` ORDER BY sort  [ RunTime:0.0003s ]
SQL: SHOW COLUMNS FROM `bjy_tag` [ RunTime:0.0040s ]
SQL: SELECT * FROM `bjy_tag`  [ RunTime:0.0004s ]
SQL: SHOW COLUMNS FROM `bjy_link` [ RunTime:0.0049s ]
SQL: SELECT * FROM `bjy_link` WHERE `is_delete` = 0 AND `is_show` = 1 ORDER BY sort  [ RunTime:0.0004s ]
SQL: SHOW COLUMNS FROM `bjy_article` [ RunTime:0.0039s ]
SQL: SELECT COUNT(*) AS tp_count FROM `bjy_article` WHERE `is_delete` = 0 AND `is_show` = 1 LIMIT 1   [ RunTime:0.0004s ]
SQL: SELECT * FROM `bjy_article` WHERE `is_delete` = 0 AND `is_show` = 1 ORDER BY addtime desc LIMIT 0,10   [ RunTime:0.0006s ]
SQL: SHOW COLUMNS FROM `bjy_article_tag` [ RunTime:0.0042s ]
SQL: SHOW COLUMNS FROM `bjy_article_tag` [ RunTime:0.0046s ]
SQL: SELECT * FROM `bjy_article_tag` INNER JOIN bjy_tag ON bjy_article_tag.tid=bjy_tag.tid  WHERE ( aid=17 )  [ RunTime:0.0004s ]
SQL: SHOW COLUMNS FROM `bjy_article_pic` [ RunTime:0.0047s ]
SQL: SELECT `path` FROM `bjy_article_pic` WHERE ( aid=17 ) ORDER BY ap_id asc LIMIT 1   [ RunTime:0.0005s ]
SQL: SELECT `cid`,`cid`,`cname` FROM `bjy_category` WHERE ( cid=28 )  [ RunTime:0.0003s ]
INFO: [ view_parse ] --START--
INFO: [ template_filter ] --START--
INFO: Run Behavior\ContentReplaceBehavior [ RunTime:0.000387s ]
INFO: [ template_filter ] --END-- [ RunTime:0.000633s ]
SQL: SHOW COLUMNS FROM `bjy_article` [ RunTime:0.0042s ]
SQL: SELECT `aid`,`title` FROM `bjy_article` WHERE ( is_show=1 and is_delete=0 and is_top=1 ) LIMIT 10   [ RunTime:0.0004s ]
NOTIC: [8] Use of undefined constant url - assumed 'url' E:\tongbu\wamp\www\Runtime\Cache\Home\08d30c77e78bd0ac29232fbc421b5dcd.php 第 185 行.
INFO: Run Behavior\ParseTemplateBehavior [ RunTime:0.046351s ]
INFO: [ view_parse ] --END-- [ RunTime:0.046573s ]
INFO: [ view_filter ] --START--
INFO: Run Behavior\WriteHtmlCacheBehavior [ RunTime:0.000607s ]
INFO: [ view_filter ] --END-- [ RunTime:0.000745s ]
INFO: [ app_end ] --START--
INFO: Run Behavior\ShowPageTraceBehavior [ RunTime:0.001042s ]
INFO: [ app_end ] --END-- [ RunTime:0.001280s ]

[ 2015-10-15T21:49:05+08:00 ] ::1 /
INFO: [ app_init ] --START--
INFO: Run Behavior\BuildLiteBehavior [ RunTime:0.000055s ]
INFO: [ app_init ] --END-- [ RunTime:0.000737s ]
INFO: [ app_begin ] --START--
INFO: Run Behavior\ReadHtmlCacheBehavior [ RunTime:0.000595s ]
INFO: [ app_begin ] --END-- [ RunTime:0.000749s ]
SQL: SHOW COLUMNS FROM `bjy_category` [ RunTime:0.0038s ]
SQL: SELECT * FROM `bjy_category` ORDER BY sort  [ RunTime:0.0003s ]
SQL: SHOW COLUMNS FROM `bjy_tag` [ RunTime:0.0045s ]
SQL: SELECT * FROM `bjy_tag`  [ RunTime:0.0003s ]
SQL: SHOW COLUMNS FROM `bjy_link` [ RunTime:0.0050s ]
SQL: SELECT * FROM `bjy_link` WHERE `is_delete` = 0 AND `is_show` = 1 ORDER BY sort  [ RunTime:0.0004s ]
SQL: SHOW COLUMNS FROM `bjy_article` [ RunTime:0.0037s ]
SQL: SELECT COUNT(*) AS tp_count FROM `bjy_article` WHERE `is_delete` = 0 AND `is_show` = 1 LIMIT 1   [ RunTime:0.0003s ]
SQL: SELECT * FROM `bjy_article` WHERE `is_delete` = 0 AND `is_show` = 1 ORDER BY addtime desc LIMIT 0,10   [ RunTime:0.0004s ]
SQL: SHOW COLUMNS FROM `bjy_article_tag` [ RunTime:0.0042s ]
SQL: SHOW COLUMNS FROM `bjy_article_tag` [ RunTime:0.0033s ]
SQL: SELECT * FROM `bjy_article_tag` INNER JOIN bjy_tag ON bjy_article_tag.tid=bjy_tag.tid  WHERE ( aid=17 )  [ RunTime:0.0004s ]
SQL: SHOW COLUMNS FROM `bjy_article_pic` [ RunTime:0.0034s ]
SQL: SELECT `path` FROM `bjy_article_pic` WHERE ( aid=17 ) ORDER BY ap_id asc LIMIT 1   [ RunTime:0.0003s ]
SQL: SELECT `cid`,`cid`,`cname` FROM `bjy_category` WHERE ( cid=28 )  [ RunTime:0.0002s ]
INFO: [ view_parse ] --START--
INFO: [ template_filter ] --START--
INFO: Run Behavior\ContentReplaceBehavior [ RunTime:0.000286s ]
INFO: [ template_filter ] --END-- [ RunTime:0.000436s ]
SQL: SHOW COLUMNS FROM `bjy_article` [ RunTime:0.0040s ]
SQL: SELECT `aid`,`title` FROM `bjy_article` WHERE ( is_show=1 and is_delete=0 and is_top=1 ) LIMIT 10   [ RunTime:0.0007s ]
NOTIC: [8] Use of undefined constant url - assumed 'url' E:\tongbu\wamp\www\Runtime\Cache\Home\08d30c77e78bd0ac29232fbc421b5dcd.php 第 185 行.
INFO: Run Behavior\ParseTemplateBehavior [ RunTime:0.039827s ]
INFO: [ view_parse ] --END-- [ RunTime:0.039971s ]
INFO: [ view_filter ] --START--
INFO: Run Behavior\WriteHtmlCacheBehavior [ RunTime:0.000683s ]
INFO: [ view_filter ] --END-- [ RunTime:0.000819s ]
INFO: [ app_end ] --START--
INFO: Run Behavior\ShowPageTraceBehavior [ RunTime:0.000710s ]
INFO: [ app_end ] --END-- [ RunTime:0.000854s ]

[ 2015-10-15T21:49:07+08:00 ] ::1 /
INFO: [ app_init ] --START--
INFO: Run Behavior\BuildLiteBehavior [ RunTime:0.000037s ]
INFO: [ app_init ] --END-- [ RunTime:0.000610s ]
INFO: [ app_begin ] --START--
INFO: Run Behavior\ReadHtmlCacheBehavior [ RunTime:0.000666s ]
INFO: [ app_begin ] --END-- [ RunTime:0.000859s ]
SQL: SHOW COLUMNS FROM `bjy_category` [ RunTime:0.0052s ]
SQL: SELECT * FROM `bjy_category` ORDER BY sort  [ RunTime:0.0004s ]
SQL: SHOW COLUMNS FROM `bjy_tag` [ RunTime:0.0038s ]
SQL: SELECT * FROM `bjy_tag`  [ RunTime:0.0003s ]
SQL: SHOW COLUMNS FROM `bjy_link` [ RunTime:0.0054s ]
SQL: SELECT * FROM `bjy_link` WHERE `is_delete` = 0 AND `is_show` = 1 ORDER BY sort  [ RunTime:0.0004s ]
SQL: SHOW COLUMNS FROM `bjy_article` [ RunTime:0.0039s ]
SQL: SELECT COUNT(*) AS tp_count FROM `bjy_article` WHERE `is_delete` = 0 AND `is_show` = 1 LIMIT 1   [ RunTime:0.0003s ]
SQL: SELECT * FROM `bjy_article` WHERE `is_delete` = 0 AND `is_show` = 1 ORDER BY addtime desc LIMIT 0,10   [ RunTime:0.0004s ]
SQL: SHOW COLUMNS FROM `bjy_article_tag` [ RunTime:0.0038s ]
SQL: SHOW COLUMNS FROM `bjy_article_tag` [ RunTime:0.0035s ]
SQL: SELECT * FROM `bjy_article_tag` INNER JOIN bjy_tag ON bjy_article_tag.tid=bjy_tag.tid  WHERE ( aid=17 )  [ RunTime:0.0004s ]
SQL: SHOW COLUMNS FROM `bjy_article_pic` [ RunTime:0.0034s ]
SQL: SELECT `path` FROM `bjy_article_pic` WHERE ( aid=17 ) ORDER BY ap_id asc LIMIT 1   [ RunTime:0.0003s ]
SQL: SELECT `cid`,`cid`,`cname` FROM `bjy_category` WHERE ( cid=28 )  [ RunTime:0.0002s ]
INFO: [ view_parse ] --START--
INFO: [ template_filter ] --START--
INFO: Run Behavior\ContentReplaceBehavior [ RunTime:0.000269s ]
INFO: [ template_filter ] --END-- [ RunTime:0.000411s ]
SQL: SHOW COLUMNS FROM `bjy_article` [ RunTime:0.0058s ]
SQL: SELECT `aid`,`title` FROM `bjy_article` WHERE ( is_show=1 and is_delete=0 and is_top=1 ) LIMIT 10   [ RunTime:0.0004s ]
NOTIC: [8] Use of undefined constant url - assumed 'url' E:\tongbu\wamp\www\Runtime\Cache\Home\08d30c77e78bd0ac29232fbc421b5dcd.php 第 185 行.
INFO: Run Behavior\ParseTemplateBehavior [ RunTime:0.042784s ]
INFO: [ view_parse ] --END-- [ RunTime:0.042936s ]
INFO: [ view_filter ] --START--
INFO: Run Behavior\WriteHtmlCacheBehavior [ RunTime:0.000713s ]
INFO: [ view_filter ] --END-- [ RunTime:0.001009s ]
INFO: [ app_end ] --START--
INFO: Run Behavior\ShowPageTraceBehavior [ RunTime:0.001014s ]
INFO: [ app_end ] --END-- [ RunTime:0.001190s ]

[ 2015-10-15T21:49:09+08:00 ] ::1 /
INFO: [ app_init ] --START--
INFO: Run Behavior\BuildLiteBehavior [ RunTime:0.000065s ]
INFO: [ app_init ] --END-- [ RunTime:0.000779s ]
INFO: [ app_begin ] --START--
INFO: Run Behavior\ReadHtmlCacheBehavior [ RunTime:0.000728s ]
INFO: [ app_begin ] --END-- [ RunTime:0.000919s ]
SQL: SHOW COLUMNS FROM `bjy_category` [ RunTime:0.0042s ]
SQL: SELECT * FROM `bjy_category` ORDER BY sort  [ RunTime:0.0004s ]
SQL: SHOW COLUMNS FROM `bjy_tag` [ RunTime:0.0033s ]
SQL: SELECT * FROM `bjy_tag`  [ RunTime:0.0005s ]
SQL: SHOW COLUMNS FROM `bjy_link` [ RunTime:0.0035s ]
SQL: SELECT * FROM `bjy_link` WHERE `is_delete` = 0 AND `is_show` = 1 ORDER BY sort  [ RunTime:0.0004s ]
SQL: SHOW COLUMNS FROM `bjy_article` [ RunTime:0.0035s ]
SQL: SELECT COUNT(*) AS tp_count FROM `bjy_article` WHERE `is_delete` = 0 AND `is_show` = 1 LIMIT 1   [ RunTime:0.0003s ]
SQL: SELECT * FROM `bjy_article` WHERE `is_delete` = 0 AND `is_show` = 1 ORDER BY addtime desc LIMIT 0,10   [ RunTime:0.0004s ]
SQL: SHOW COLUMNS FROM `bjy_article_tag` [ RunTime:0.0043s ]
SQL: SHOW COLUMNS FROM `bjy_article_tag` [ RunTime:0.0031s ]
SQL: SELECT * FROM `bjy_article_tag` INNER JOIN bjy_tag ON bjy_article_tag.tid=bjy_tag.tid  WHERE ( aid=17 )  [ RunTime:0.0004s ]
SQL: SHOW COLUMNS FROM `bjy_article_pic` [ RunTime:0.0036s ]
SQL: SELECT `path` FROM `bjy_article_pic` WHERE ( aid=17 ) ORDER BY ap_id asc LIMIT 1   [ RunTime:0.0003s ]
SQL: SELECT `cid`,`cid`,`cname` FROM `bjy_category` WHERE ( cid=28 )  [ RunTime:0.0002s ]
INFO: [ view_parse ] --START--
INFO: [ template_filter ] --START--
INFO: Run Behavior\ContentReplaceBehavior [ RunTime:0.000284s ]
INFO: [ template_filter ] --END-- [ RunTime:0.000432s ]
SQL: SHOW COLUMNS FROM `bjy_article` [ RunTime:0.0044s ]
SQL: SELECT `aid`,`title` FROM `bjy_article` WHERE ( is_show=1 and is_delete=0 and is_top=1 ) LIMIT 10   [ RunTime:0.0004s ]
NOTIC: [8] Use of undefined constant url - assumed 'url' E:\tongbu\wamp\www\Runtime\Cache\Home\08d30c77e78bd0ac29232fbc421b5dcd.php 第 185 行.
INFO: Run Behavior\ParseTemplateBehavior [ RunTime:0.040117s ]
INFO: [ view_parse ] --END-- [ RunTime:0.040255s ]
INFO: [ view_filter ] --START--
INFO: Run Behavior\WriteHtmlCacheBehavior [ RunTime:0.000574s ]
INFO: [ view_filter ] --END-- [ RunTime:0.000708s ]
INFO: [ app_end ] --START--
INFO: Run Behavior\ShowPageTraceBehavior [ RunTime:0.000722s ]
INFO: [ app_end ] --END-- [ RunTime:0.000908s ]

[ 2015-10-15T22:13:06+08:00 ] ::1 /
INFO: [ app_init ] --START--
INFO: Run Behavior\BuildLiteBehavior [ RunTime:0.000037s ]
INFO: [ app_init ] --END-- [ RunTime:0.000750s ]
INFO: [ app_begin ] --START--
INFO: Run Behavior\ReadHtmlCacheBehavior [ RunTime:0.000783s ]
INFO: [ app_begin ] --END-- [ RunTime:0.000935s ]
SQL: SHOW COLUMNS FROM `bjy_category` [ RunTime:0.0042s ]
SQL: SELECT * FROM `bjy_category` ORDER BY sort  [ RunTime:0.0004s ]
SQL: SHOW COLUMNS FROM `bjy_tag` [ RunTime:0.0050s ]
SQL: SELECT * FROM `bjy_tag`  [ RunTime:0.0003s ]
SQL: SHOW COLUMNS FROM `bjy_link` [ RunTime:0.0037s ]
SQL: SELECT * FROM `bjy_link` WHERE `is_delete` = 0 AND `is_show` = 1 ORDER BY sort  [ RunTime:0.0005s ]
SQL: SHOW COLUMNS FROM `bjy_article` [ RunTime:0.0048s ]
SQL: SELECT COUNT(*) AS tp_count FROM `bjy_article` WHERE `is_delete` = 0 AND `is_show` = 1 LIMIT 1   [ RunTime:0.0011s ]
SQL: SELECT * FROM `bjy_article` WHERE `is_delete` = 0 AND `is_show` = 1 ORDER BY addtime desc LIMIT 0,10   [ RunTime:0.0006s ]
SQL: SHOW COLUMNS FROM `bjy_article_tag` [ RunTime:0.0037s ]
SQL: SHOW COLUMNS FROM `bjy_article_tag` [ RunTime:0.0035s ]
SQL: SELECT * FROM `bjy_article_tag` INNER JOIN bjy_tag ON bjy_article_tag.tid=bjy_tag.tid  WHERE ( aid=17 )  [ RunTime:0.0004s ]
SQL: SHOW COLUMNS FROM `bjy_article_pic` [ RunTime:0.0053s ]
SQL: SELECT `path` FROM `bjy_article_pic` WHERE ( aid=17 ) ORDER BY ap_id asc LIMIT 1   [ RunTime:0.0003s ]
SQL: SELECT `cid`,`cid`,`cname` FROM `bjy_category` WHERE ( cid=28 )  [ RunTime:0.0003s ]
INFO: [ view_parse ] --START--
INFO: [ template_filter ] --START--
INFO: Run Behavior\ContentReplaceBehavior [ RunTime:0.000268s ]
INFO: [ template_filter ] --END-- [ RunTime:0.000420s ]
SQL: SHOW COLUMNS FROM `bjy_article` [ RunTime:0.0041s ]
SQL: SELECT `aid`,`title` FROM `bjy_article` WHERE ( is_show=1 and is_delete=0 and is_top=1 ) LIMIT 10   [ RunTime:0.0004s ]
NOTIC: [8] Use of undefined constant url - assumed 'url' E:\tongbu\wamp\www\Runtime\Cache\Home\08d30c77e78bd0ac29232fbc421b5dcd.php 第 185 行.
INFO: Run Behavior\ParseTemplateBehavior [ RunTime:0.044473s ]
INFO: [ view_parse ] --END-- [ RunTime:0.044813s ]
INFO: [ view_filter ] --START--
INFO: Run Behavior\WriteHtmlCacheBehavior [ RunTime:0.000730s ]
INFO: [ view_filter ] --END-- [ RunTime:0.000955s ]
INFO: [ app_end ] --START--
INFO: Run Behavior\ShowPageTraceBehavior [ RunTime:0.001003s ]
INFO: [ app_end ] --END-- [ RunTime:0.001223s ]

[ 2015-10-15T22:37:50+08:00 ] ::1 /
INFO: [ app_init ] --START--
INFO: Run Behavior\BuildLiteBehavior [ RunTime:0.000054s ]
INFO: [ app_init ] --END-- [ RunTime:0.000865s ]
INFO: [ app_begin ] --START--
INFO: Run Behavior\ReadHtmlCacheBehavior [ RunTime:0.000994s ]
INFO: [ app_begin ] --END-- [ RunTime:0.001270s ]
SQL: SHOW COLUMNS FROM `bjy_category` [ RunTime:0.0063s ]
SQL: SELECT * FROM `bjy_category` ORDER BY sort  [ RunTime:0.0006s ]
SQL: SHOW COLUMNS FROM `bjy_tag` [ RunTime:0.0052s ]
SQL: SELECT * FROM `bjy_tag`  [ RunTime:0.0004s ]
SQL: SHOW COLUMNS FROM `bjy_link` [ RunTime:0.0058s ]
SQL: SELECT * FROM `bjy_link` WHERE `is_delete` = 0 AND `is_show` = 1 ORDER BY sort  [ RunTime:0.0007s ]
SQL: SHOW COLUMNS FROM `bjy_article` [ RunTime:0.0072s ]
SQL: SELECT COUNT(*) AS tp_count FROM `bjy_article` WHERE `is_delete` = 0 AND `is_show` = 1 LIMIT 1   [ RunTime:0.0007s ]
SQL: SELECT * FROM `bjy_article` WHERE `is_delete` = 0 AND `is_show` = 1 ORDER BY addtime desc LIMIT 0,10   [ RunTime:0.0007s ]
SQL: SHOW COLUMNS FROM `bjy_article_tag` [ RunTime:0.0059s ]
SQL: SHOW COLUMNS FROM `bjy_article_tag` [ RunTime:0.0054s ]
SQL: SELECT * FROM `bjy_article_tag` INNER JOIN bjy_tag ON bjy_article_tag.tid=bjy_tag.tid  WHERE ( aid=17 )  [ RunTime:0.0006s ]
SQL: SHOW COLUMNS FROM `bjy_article_pic` [ RunTime:0.0070s ]
SQL: SELECT `path` FROM `bjy_article_pic` WHERE ( aid=17 ) ORDER BY ap_id asc LIMIT 1   [ RunTime:0.0013s ]
SQL: SELECT `cid`,`cid`,`cname` FROM `bjy_category` WHERE ( cid=28 )  [ RunTime:0.0004s ]
INFO: [ view_parse ] --START--
INFO: [ template_filter ] --START--
INFO: Run Behavior\ContentReplaceBehavior [ RunTime:0.000446s ]
INFO: [ template_filter ] --END-- [ RunTime:0.000747s ]
SQL: SHOW COLUMNS FROM `bjy_article` [ RunTime:0.0068s ]
SQL: SELECT `aid`,`title` FROM `bjy_article` WHERE ( is_show=1 and is_delete=0 and is_top=1 ) LIMIT 10   [ RunTime:0.0005s ]
NOTIC: [8] Use of undefined constant url - assumed 'url' E:\tongbu\wamp\www\Runtime\Cache\Home\08d30c77e78bd0ac29232fbc421b5dcd.php 第 185 行.
INFO: Run Behavior\ParseTemplateBehavior [ RunTime:0.094126s ]
INFO: [ view_parse ] --END-- [ RunTime:0.094578s ]
INFO: [ view_filter ] --START--
INFO: Run Behavior\WriteHtmlCacheBehavior [ RunTime:0.000763s ]
INFO: [ view_filter ] --END-- [ RunTime:0.000999s ]
INFO: [ app_end ] --START--
INFO: Run Behavior\ShowPageTraceBehavior [ RunTime:0.001073s ]
INFO: [ app_end ] --END-- [ RunTime:0.001324s ]

[ 2015-10-15T22:37:51+08:00 ] 127.0.0.1 /
INFO: [ app_init ] --START--
INFO: Run Behavior\BuildLiteBehavior [ RunTime:0.000057s ]
INFO: [ app_init ] --END-- [ RunTime:0.000907s ]
INFO: [ app_begin ] --START--
INFO: Run Behavior\ReadHtmlCacheBehavior [ RunTime:0.000975s ]
INFO: [ app_begin ] --END-- [ RunTime:0.001233s ]
SQL: SHOW COLUMNS FROM `bjy_category` [ RunTime:0.0056s ]
SQL: SELECT * FROM `bjy_category` ORDER BY sort  [ RunTime:0.0006s ]
SQL: SHOW COLUMNS FROM `bjy_tag` [ RunTime:0.0063s ]
SQL: SELECT * FROM `bjy_tag`  [ RunTime:0.0005s ]
SQL: SHOW COLUMNS FROM `bjy_link` [ RunTime:0.0069s ]
SQL: SELECT * FROM `bjy_link` WHERE `is_delete` = 0 AND `is_show` = 1 ORDER BY sort  [ RunTime:0.0006s ]
SQL: SHOW COLUMNS FROM `bjy_article` [ RunTime:0.0061s ]
SQL: SELECT COUNT(*) AS tp_count FROM `bjy_article` WHERE `is_delete` = 0 AND `is_show` = 1 LIMIT 1   [ RunTime:0.0005s ]
SQL: SELECT * FROM `bjy_article` WHERE `is_delete` = 0 AND `is_show` = 1 ORDER BY addtime desc LIMIT 0,10   [ RunTime:0.0006s ]
SQL: SHOW COLUMNS FROM `bjy_article_tag` [ RunTime:0.0069s ]
SQL: SHOW COLUMNS FROM `bjy_article_tag` [ RunTime:0.0085s ]
SQL: SELECT * FROM `bjy_article_tag` INNER JOIN bjy_tag ON bjy_article_tag.tid=bjy_tag.tid  WHERE ( aid=17 )  [ RunTime:0.0006s ]
SQL: SHOW COLUMNS FROM `bjy_article_pic` [ RunTime:0.0062s ]
SQL: SELECT `path` FROM `bjy_article_pic` WHERE ( aid=17 ) ORDER BY ap_id asc LIMIT 1   [ RunTime:0.0004s ]
SQL: SELECT `cid`,`cid`,`cname` FROM `bjy_category` WHERE ( cid=28 )  [ RunTime:0.0005s ]
INFO: [ view_parse ] --START--
INFO: [ template_filter ] --START--
INFO: Run Behavior\ContentReplaceBehavior [ RunTime:0.000402s ]
INFO: [ template_filter ] --END-- [ RunTime:0.000671s ]
SQL: SHOW COLUMNS FROM `bjy_article` [ RunTime:0.0062s ]
SQL: SELECT `aid`,`title` FROM `bjy_article` WHERE ( is_show=1 and is_delete=0 and is_top=1 ) LIMIT 10   [ RunTime:0.0004s ]
NOTIC: [8] Use of undefined constant url - assumed 'url' E:\tongbu\wamp\www\Runtime\Cache\Home\08d30c77e78bd0ac29232fbc421b5dcd.php 第 185 行.
INFO: Run Behavior\ParseTemplateBehavior [ RunTime:0.075904s ]
INFO: [ view_parse ] --END-- [ RunTime:0.076319s ]
INFO: [ view_filter ] --START--
INFO: Run Behavior\WriteHtmlCacheBehavior [ RunTime:0.000905s ]
INFO: [ view_filter ] --END-- [ RunTime:0.001181s ]
INFO: [ app_end ] --START--
INFO: Run Behavior\ShowPageTraceBehavior [ RunTime:0.001108s ]
INFO: [ app_end ] --END-- [ RunTime:0.001412s ]

