[ 2015-05-23T23:43:46+08:00 ] ::1 /index.php/admin
INFO: [ app_init ] --START--
INFO: Run Behavior\BuildLiteBehavior [ RunTime:0.000026s ]
INFO: [ app_init ] --END-- [ RunTime:0.000562s ]
INFO: [ app_begin ] --START--
INFO: Run Behavior\ReadHtmlCacheBehavior [ RunTime:0.000697s ]
INFO: [ app_begin ] --END-- [ RunTime:0.000805s ]

[ 2015-05-23T23:43:46+08:00 ] ::1 /index.php/Admin/Login/login
INFO: [ app_init ] --START--
INFO: Run Behavior\BuildLiteBehavior [ RunTime:0.000023s ]
INFO: [ app_init ] --END-- [ RunTime:0.000480s ]
INFO: [ app_begin ] --START--
INFO: Run Behavior\ReadHtmlCacheBehavior [ RunTime:0.000580s ]
INFO: [ app_begin ] --END-- [ RunTime:0.000718s ]
INFO: [ view_parse ] --START--
INFO: [ template_filter ] --START--
INFO: Run Behavior\ContentReplaceBehavior [ RunTime:0.000089s ]
INFO: [ template_filter ] --END-- [ RunTime:0.000217s ]
INFO: Run Behavior\ParseTemplateBehavior [ RunTime:0.099477s ]
INFO: [ view_parse ] --END-- [ RunTime:0.099600s ]
INFO: [ view_filter ] --START--
INFO: Run Behavior\WriteHtmlCacheBehavior [ RunTime:0.000519s ]
INFO: [ view_filter ] --END-- [ RunTime:0.000608s ]
INFO: [ app_end ] --START--
INFO: Run Behavior\ShowPageTraceBehavior [ RunTime:0.000822s ]
INFO: [ app_end ] --END-- [ RunTime:0.000924s ]

[ 2015-05-23T23:43:47+08:00 ] ::1 /index.php/Admin/Login/showVerify
INFO: [ app_init ] --START--
INFO: Run Behavior\BuildLiteBehavior [ RunTime:0.000023s ]
INFO: [ app_init ] --END-- [ RunTime:0.000634s ]
INFO: [ app_begin ] --START--
INFO: Run Behavior\ReadHtmlCacheBehavior [ RunTime:0.000591s ]
INFO: [ app_begin ] --END-- [ RunTime:0.000709s ]
INFO: [ app_end ] --START--
INFO: Run Behavior\ShowPageTraceBehavior [ RunTime:0.001610s ]
INFO: [ app_end ] --END-- [ RunTime:0.001892s ]

[ 2015-05-23T23:43:52+08:00 ] ::1 /index.php/Admin/Login/login
INFO: [ app_init ] --START--
INFO: Run Behavior\BuildLiteBehavior [ RunTime:0.000052s ]
INFO: [ app_init ] --END-- [ RunTime:0.000814s ]
INFO: [ app_begin ] --START--
INFO: Run Behavior\ReadHtmlCacheBehavior [ RunTime:0.000962s ]
INFO: [ app_begin ] --END-- [ RunTime:0.001253s ]
INFO: [ view_parse ] --START--
INFO: [ template_filter ] --START--
INFO: Run Behavior\ContentReplaceBehavior [ RunTime:0.000080s ]
INFO: [ template_filter ] --END-- [ RunTime:0.000213s ]
INFO: Run Behavior\ParseTemplateBehavior [ RunTime:0.041165s ]
INFO: [ view_parse ] --END-- [ RunTime:0.041326s ]
INFO: [ view_filter ] --START--
INFO: Run Behavior\WriteHtmlCacheBehavior [ RunTime:0.000462s ]
INFO: [ view_filter ] --END-- [ RunTime:0.000560s ]
INFO: [ app_end ] --START--
INFO: Run Behavior\ShowPageTraceBehavior [ RunTime:0.000769s ]
INFO: [ app_end ] --END-- [ RunTime:0.000866s ]

[ 2015-05-23T23:43:53+08:00 ] ::1 /index.php/Admin/Login/login
INFO: [ app_init ] --START--
INFO: Run Behavior\BuildLiteBehavior [ RunTime:0.000057s ]
INFO: [ app_init ] --END-- [ RunTime:0.000969s ]
INFO: [ app_begin ] --START--
INFO: Run Behavior\ReadHtmlCacheBehavior [ RunTime:0.000963s ]
INFO: [ app_begin ] --END-- [ RunTime:0.001163s ]
INFO: [ view_parse ] --START--
INFO: [ template_filter ] --START--
INFO: Run Behavior\ContentReplaceBehavior [ RunTime:0.000092s ]
INFO: [ template_filter ] --END-- [ RunTime:0.000203s ]
INFO: Run Behavior\ParseTemplateBehavior [ RunTime:0.008096s ]
INFO: [ view_parse ] --END-- [ RunTime:0.008235s ]
INFO: [ view_filter ] --START--
INFO: Run Behavior\WriteHtmlCacheBehavior [ RunTime:0.000463s ]
INFO: [ view_filter ] --END-- [ RunTime:0.000555s ]
INFO: [ app_end ] --START--
INFO: Run Behavior\ShowPageTraceBehavior [ RunTime:0.000776s ]
INFO: [ app_end ] --END-- [ RunTime:0.000894s ]

[ 2015-05-23T23:43:53+08:00 ] ::1 /index.php/Admin/Login/showVerify
INFO: [ app_init ] --START--
INFO: Run Behavior\BuildLiteBehavior [ RunTime:0.000023s ]
INFO: [ app_init ] --END-- [ RunTime:0.000502s ]
INFO: [ app_begin ] --START--
INFO: Run Behavior\ReadHtmlCacheBehavior [ RunTime:0.000844s ]
INFO: [ app_begin ] --END-- [ RunTime:0.001043s ]
INFO: [ app_end ] --START--
INFO: Run Behavior\ShowPageTraceBehavior [ RunTime:0.000777s ]
INFO: [ app_end ] --END-- [ RunTime:0.000905s ]

[ 2015-05-23T23:43:59+08:00 ] ::1 /index.php/Admin/Login/login
INFO: [ app_init ] --START--
INFO: Run Behavior\BuildLiteBehavior [ RunTime:0.000029s ]
INFO: [ app_init ] --END-- [ RunTime:0.000577s ]
INFO: [ app_begin ] --START--
INFO: Run Behavior\ReadHtmlCacheBehavior [ RunTime:0.001084s ]
INFO: [ app_begin ] --END-- [ RunTime:0.001509s ]
SQL: SHOW COLUMNS FROM `bjy_config` [ RunTime:0.0449s ]
SQL: SELECT `value` FROM `bjy_config` WHERE `name` = 'ADMIN_PASSWORD' LIMIT 1   [ RunTime:0.0003s ]
INFO: [ view_parse ] --START--
INFO: [ template_filter ] --START--
INFO: Run Behavior\ContentReplaceBehavior [ RunTime:0.000099s ]
INFO: [ template_filter ] --END-- [ RunTime:0.000246s ]
INFO: Run Behavior\ParseTemplateBehavior [ RunTime:0.007283s ]
INFO: [ view_parse ] --END-- [ RunTime:0.007403s ]
INFO: [ view_filter ] --START--
INFO: Run Behavior\WriteHtmlCacheBehavior [ RunTime:0.000416s ]
INFO: [ view_filter ] --END-- [ RunTime:0.000538s ]
INFO: [ app_end ] --START--
INFO: Run Behavior\ShowPageTraceBehavior [ RunTime:0.001104s ]
INFO: [ app_end ] --END-- [ RunTime:0.001297s ]

[ 2015-05-23T23:44:00+08:00 ] ::1 /index.php/Admin/Index/index
INFO: [ app_init ] --START--
INFO: Run Behavior\BuildLiteBehavior [ RunTime:0.000040s ]
INFO: [ app_init ] --END-- [ RunTime:0.000627s ]
INFO: [ app_begin ] --START--
INFO: Run Behavior\ReadHtmlCacheBehavior [ RunTime:0.000854s ]
INFO: [ app_begin ] --END-- [ RunTime:0.001061s ]
INFO: [ view_parse ] --START--
INFO: [ template_filter ] --START--
INFO: Run Behavior\ContentReplaceBehavior [ RunTime:0.000171s ]
INFO: [ template_filter ] --END-- [ RunTime:0.000298s ]
INFO: Run Behavior\ParseTemplateBehavior [ RunTime:0.039245s ]
INFO: [ view_parse ] --END-- [ RunTime:0.039482s ]
INFO: [ view_filter ] --START--
INFO: Run Behavior\WriteHtmlCacheBehavior [ RunTime:0.000578s ]
INFO: [ view_filter ] --END-- [ RunTime:0.000749s ]
INFO: [ app_end ] --START--
INFO: Run Behavior\ShowPageTraceBehavior [ RunTime:0.000878s ]
INFO: [ app_end ] --END-- [ RunTime:0.001052s ]

[ 2015-05-23T23:44:00+08:00 ] ::1 /index.php/Admin/Index/welcome
INFO: [ app_init ] --START--
INFO: Run Behavior\BuildLiteBehavior [ RunTime:0.000025s ]
INFO: [ app_init ] --END-- [ RunTime:0.000539s ]
INFO: [ app_begin ] --START--
INFO: Run Behavior\ReadHtmlCacheBehavior [ RunTime:0.000698s ]
INFO: [ app_begin ] --END-- [ RunTime:0.000872s ]
INFO: [ view_parse ] --START--
INFO: [ template_filter ] --START--
INFO: Run Behavior\ContentReplaceBehavior [ RunTime:0.000133s ]
INFO: [ template_filter ] --END-- [ RunTime:0.000349s ]
INFO: Run Behavior\ParseTemplateBehavior [ RunTime:0.023074s ]
INFO: [ view_parse ] --END-- [ RunTime:0.023218s ]
INFO: [ view_filter ] --START--
INFO: Run Behavior\WriteHtmlCacheBehavior [ RunTime:0.000675s ]
INFO: [ view_filter ] --END-- [ RunTime:0.000843s ]
INFO: [ app_end ] --START--
INFO: Run Behavior\ShowPageTraceBehavior [ RunTime:0.001598s ]
INFO: [ app_end ] --END-- [ RunTime:0.001751s ]

[ 2015-05-23T23:44:01+08:00 ] ::1 /index.php/Admin/Config/index
INFO: [ app_init ] --START--
INFO: Run Behavior\BuildLiteBehavior [ RunTime:0.000042s ]
INFO: [ app_init ] --END-- [ RunTime:0.000565s ]
INFO: [ app_begin ] --START--
INFO: Run Behavior\ReadHtmlCacheBehavior [ RunTime:0.000787s ]
INFO: [ app_begin ] --END-- [ RunTime:0.000946s ]
SQL: SHOW COLUMNS FROM `bjy_config` [ RunTime:0.0037s ]
SQL: SELECT `name`,`value` FROM `bjy_config`  [ RunTime:0.0004s ]
INFO: [ view_parse ] --START--
INFO: [ template_filter ] --START--
INFO: Run Behavior\ContentReplaceBehavior [ RunTime:0.000164s ]
INFO: [ template_filter ] --END-- [ RunTime:0.000302s ]
INFO: Run Behavior\ParseTemplateBehavior [ RunTime:0.046794s ]
INFO: [ view_parse ] --END-- [ RunTime:0.046923s ]
INFO: [ view_filter ] --START--
INFO: Run Behavior\WriteHtmlCacheBehavior [ RunTime:0.000491s ]
INFO: [ view_filter ] --END-- [ RunTime:0.000634s ]
INFO: [ app_end ] --START--
INFO: Run Behavior\ShowPageTraceBehavior [ RunTime:0.000986s ]
INFO: [ app_end ] --END-- [ RunTime:0.001121s ]

[ 2015-05-23T23:50:12+08:00 ] ::1 /index.php/Admin/Config/index
INFO: [ app_init ] --START--
INFO: Run Behavior\BuildLiteBehavior [ RunTime:0.000024s ]
INFO: [ app_init ] --END-- [ RunTime:0.000583s ]
INFO: [ app_begin ] --START--
INFO: Run Behavior\ReadHtmlCacheBehavior [ RunTime:0.000693s ]
INFO: [ app_begin ] --END-- [ RunTime:0.000814s ]
SQL: SHOW COLUMNS FROM `bjy_config` [ RunTime:0.0035s ]
SQL: SELECT `name`,`value` FROM `bjy_config`  [ RunTime:0.0005s ]
INFO: [ view_parse ] --START--
INFO: [ template_filter ] --START--
INFO: Run Behavior\ContentReplaceBehavior [ RunTime:0.000167s ]
INFO: [ template_filter ] --END-- [ RunTime:0.000285s ]
INFO: Run Behavior\ParseTemplateBehavior [ RunTime:0.017621s ]
INFO: [ view_parse ] --END-- [ RunTime:0.017780s ]
INFO: [ view_filter ] --START--
INFO: Run Behavior\WriteHtmlCacheBehavior [ RunTime:0.000495s ]
INFO: [ view_filter ] --END-- [ RunTime:0.000600s ]
INFO: [ app_end ] --START--
INFO: Run Behavior\ShowPageTraceBehavior [ RunTime:0.000789s ]
INFO: [ app_end ] --END-- [ RunTime:0.000892s ]

[ 2015-05-23T23:50:25+08:00 ] ::1 /index.php/Admin/Config/index
INFO: [ app_init ] --START--
INFO: Run Behavior\BuildLiteBehavior [ RunTime:0.000024s ]
INFO: [ app_init ] --END-- [ RunTime:0.000459s ]
INFO: [ app_begin ] --START--
INFO: Run Behavior\ReadHtmlCacheBehavior [ RunTime:0.000660s ]
INFO: [ app_begin ] --END-- [ RunTime:0.000798s ]
SQL: SHOW COLUMNS FROM `bjy_config` [ RunTime:0.0039s ]
SQL: UPDATE `bjy_config` SET `value`='1' WHERE `name` = 'WEB_STATUS' [ RunTime:0.0548s ]
SQL: UPDATE `bjy_config` SET `value`='网站升级中，请稍后访问。' WHERE `name` = 'WEB_CLOSE_WORD' [ RunTime:0.0545s ]
SQL: UPDATE `bjy_config` SET `value`='豫ICP备14009546号-3' WHERE `name` = 'WEB_ICP_NUMBER' [ RunTime:0.0544s ]
SQL: UPDATE `bjy_config` SET `value`='admin@baijunyao.com' WHERE `name` = 'ADMIN_EMAIL' [ RunTime:0.0544s ]
SQL: UPDATE `bjy_config` SET `value`='白俊遥博客' WHERE `name` = 'WEB_NAME' [ RunTime:0.0545s ]
SQL: UPDATE `bjy_config` SET `value`='白俊遥,帅白,技术博客,个人博客,thinkbjy' WHERE `name` = 'WEB_KEYWORDS' [ RunTime:0.0548s ]
SQL: UPDATE `bjy_config` SET `value`='白俊遥的个人技术博客,thinkbjy官方网站' WHERE `name` = 'WEB_DESCRIPTION' [ RunTime:0.0542s ]
SQL: UPDATE `bjy_config` SET `value`='白俊遥' WHERE `name` = 'AUTHOR' [ RunTime:0.0545s ]
SQL: UPDATE `bjy_config` SET `value`='本文为白俊遥原创文章,转载无需和我联系,但请注明来自白俊遥博客baijunyao.com' WHERE `name` = 'COPYRIGHT_WORD' [ RunTime:0.0545s ]
SQL: UPDATE `bjy_config` SET `value`='&lt;script&gt;
var _hmt = _hmt || [];
(function() {
  var hm = document.createElement(&quot;script&quot;);
  hm.src = &quot;//hm.baidu.com/hm.js?c3338ec467285d953aba86d9bd01cd93&quot;;
  var s = document.getElementsByTagName(&quot;script&quot;)[0]; 
  s.parentNode.insertBefore(hm, s);
})();
&lt;/script&gt;' WHERE `name` = 'WEB_STATISTICS' [ RunTime:0.0546s ]
SQL: UPDATE `bjy_config` SET `value`='1' WHERE `name` = 'WATER_TYPE' [ RunTime:0.0549s ]
SQL: UPDATE `bjy_config` SET `value`='baijunyao.com' WHERE `name` = 'TEXT_WATER_WORD' [ RunTime:0.0538s ]
SQL: UPDATE `bjy_config` SET `value`='./Public/static/font/ariali.ttf' WHERE `name` = 'TEXT_WATER_TTF_PTH' [ RunTime:0.0915s ]
SQL: UPDATE `bjy_config` SET `value`='15' WHERE `name` = 'TEXT_WATER_FONT_SIZE' [ RunTime:0.0827s ]
SQL: UPDATE `bjy_config` SET `value`='#008CBA' WHERE `name` = 'TEXT_WATER_COLOR' [ RunTime:0.0761s ]
SQL: UPDATE `bjy_config` SET `value`='0' WHERE `name` = 'TEXT_WATER_ANGLE' [ RunTime:0.0546s ]
SQL: UPDATE `bjy_config` SET `value`='9' WHERE `name` = 'TEXT_WATER_LOCATE' [ RunTime:0.0533s ]
SQL: UPDATE `bjy_config` SET `value`='./Upload/image/logo/logo.png' WHERE `name` = 'IMAGE_WATER_PIC_PTAH' [ RunTime:0.0548s ]
SQL: UPDATE `bjy_config` SET `value`='9' WHERE `name` = 'IMAGE_WATER_LOCATE' [ RunTime:0.0537s ]
SQL: UPDATE `bjy_config` SET `value`='80' WHERE `name` = 'IMAGE_WATER_ALPHA' [ RunTime:0.0542s ]
SQL: UPDATE `bjy_config` SET `value`='101206152' WHERE `name` = 'QQ_APP_ID' [ RunTime:0.0544s ]
SQL: UPDATE `bjy_config` SET `value`='c0ed6af194e84bbea42e59063167cafb' WHERE `name` = 'QQ_APP_KEY' [ RunTime:0.0540s ]
SQL: UPDATE `bjy_config` SET `value`='cyrKRbJ5N' WHERE `name` = 'CHANGYAN_APPID' [ RunTime:0.0004s ]
SQL: UPDATE `bjy_config` SET `value`='prod_c654661caf5ab6da98742d040413815b' WHERE `name` = 'CHANGYAN_CONF' [ RunTime:0.0540s ]
SQL: UPDATE `bjy_config` SET `value`='http://www.baijunyao.com/index.php/Home/Comment/add_comment/verify/22' WHERE `name` = 'CHANGEYAN_RETURN_COMMENT' [ RunTime:0.0651s ]
NOTIC: [8] Undefined index: CHANGYAN_APP_ID E:\tongbu\wamp\www\Application\Common\Model\ConfigModel.class.php 第 58 行.
INFO: [ view_parse ] --START--
INFO: [ template_filter ] --START--
INFO: Run Behavior\ContentReplaceBehavior [ RunTime:0.000228s ]
INFO: [ template_filter ] --END-- [ RunTime:0.000494s ]
INFO: Run Behavior\ParseTemplateBehavior [ RunTime:0.019679s ]
INFO: [ view_parse ] --END-- [ RunTime:0.020030s ]
INFO: [ view_filter ] --START--
INFO: Run Behavior\WriteHtmlCacheBehavior [ RunTime:0.000940s ]
INFO: [ view_filter ] --END-- [ RunTime:0.001246s ]
INFO: [ app_end ] --START--
INFO: Run Behavior\ShowPageTraceBehavior [ RunTime:0.002065s ]
INFO: [ app_end ] --END-- [ RunTime:0.002437s ]

[ 2015-05-23T23:50:26+08:00 ] ::1 /index.php/Admin/Config/index
INFO: [ app_init ] --START--
INFO: Run Behavior\BuildLiteBehavior [ RunTime:0.000056s ]
INFO: [ app_init ] --END-- [ RunTime:0.000967s ]
INFO: [ app_begin ] --START--
INFO: Run Behavior\ReadHtmlCacheBehavior [ RunTime:0.001032s ]
INFO: [ app_begin ] --END-- [ RunTime:0.001262s ]
SQL: SHOW COLUMNS FROM `bjy_config` [ RunTime:0.0048s ]
SQL: SELECT `name`,`value` FROM `bjy_config`  [ RunTime:0.0005s ]
INFO: [ view_parse ] --START--
INFO: [ template_filter ] --START--
INFO: Run Behavior\ContentReplaceBehavior [ RunTime:0.000163s ]
INFO: [ template_filter ] --END-- [ RunTime:0.000277s ]
INFO: Run Behavior\ParseTemplateBehavior [ RunTime:0.021376s ]
INFO: [ view_parse ] --END-- [ RunTime:0.021526s ]
INFO: [ view_filter ] --START--
INFO: Run Behavior\WriteHtmlCacheBehavior [ RunTime:0.000408s ]
INFO: [ view_filter ] --END-- [ RunTime:0.000502s ]
INFO: [ app_end ] --START--
INFO: Run Behavior\ShowPageTraceBehavior [ RunTime:0.001050s ]
INFO: [ app_end ] --END-- [ RunTime:0.001229s ]

