[ 2015-05-03T00:03:15+08:00 ] ::1 /index.php/Admin/Index/index
INFO: [ app_init ] --START--
INFO: Run Behavior\BuildLiteBehavior [ RunTime:0.000025s ]
INFO: [ app_init ] --END-- [ RunTime:0.000492s ]
INFO: [ app_begin ] --START--
INFO: Run Behavior\ReadHtmlCacheBehavior [ RunTime:0.000771s ]
INFO: [ app_begin ] --END-- [ RunTime:0.000929s ]
INFO: [ view_parse ] --START--
INFO: [ template_filter ] --START--
INFO: Run Behavior\ContentReplaceBehavior [ RunTime:0.000127s ]
INFO: [ template_filter ] --END-- [ RunTime:0.000243s ]
INFO: Run Behavior\ParseTemplateBehavior [ RunTime:0.020203s ]
INFO: [ view_parse ] --END-- [ RunTime:0.020523s ]
INFO: [ view_filter ] --START--
INFO: Run Behavior\WriteHtmlCacheBehavior [ RunTime:0.002951s ]
INFO: [ view_filter ] --END-- [ RunTime:0.003313s ]
INFO: [ app_end ] --START--
INFO: Run Behavior\ShowPageTraceBehavior [ RunTime:0.002147s ]
INFO: [ app_end ] --END-- [ RunTime:0.002678s ]

[ 2015-05-03T00:03:15+08:00 ] ::1 /index.php/Admin/Index/welcome
INFO: [ app_init ] --START--
INFO: Run Behavior\BuildLiteBehavior [ RunTime:0.000040s ]
INFO: [ app_init ] --END-- [ RunTime:0.000649s ]
INFO: [ app_begin ] --START--
INFO: Run Behavior\ReadHtmlCacheBehavior [ RunTime:0.000811s ]
INFO: [ app_begin ] --END-- [ RunTime:0.001000s ]
INFO: [ view_parse ] --START--
INFO: [ template_filter ] --START--
INFO: Run Behavior\ContentReplaceBehavior [ RunTime:0.000117s ]
INFO: [ template_filter ] --END-- [ RunTime:0.000292s ]
INFO: Run Behavior\ParseTemplateBehavior [ RunTime:0.009934s ]
INFO: [ view_parse ] --END-- [ RunTime:0.010142s ]
INFO: [ view_filter ] --START--
INFO: Run Behavior\WriteHtmlCacheBehavior [ RunTime:0.000479s ]
INFO: [ view_filter ] --END-- [ RunTime:0.000696s ]
INFO: [ app_end ] --START--
INFO: Run Behavior\ShowPageTraceBehavior [ RunTime:0.000581s ]
INFO: [ app_end ] --END-- [ RunTime:0.000726s ]

[ 2015-05-03T00:03:17+08:00 ] ::1 /index.php/Admin/Config/index
INFO: [ app_init ] --START--
INFO: Run Behavior\BuildLiteBehavior [ RunTime:0.000041s ]
INFO: [ app_init ] --END-- [ RunTime:0.000714s ]
INFO: [ app_begin ] --START--
INFO: Run Behavior\ReadHtmlCacheBehavior [ RunTime:0.000662s ]
INFO: [ app_begin ] --END-- [ RunTime:0.000778s ]
SQL: SHOW COLUMNS FROM `bjy_config` [ RunTime:0.0036s ]
SQL: SELECT `name`,`value` FROM `bjy_config`  [ RunTime:0.0005s ]
INFO: [ view_parse ] --START--
INFO: [ template_filter ] --START--
INFO: Run Behavior\ContentReplaceBehavior [ RunTime:0.000247s ]
INFO: [ template_filter ] --END-- [ RunTime:0.000428s ]
INFO: Run Behavior\ParseTemplateBehavior [ RunTime:0.020311s ]
INFO: [ view_parse ] --END-- [ RunTime:0.020476s ]
INFO: [ view_filter ] --START--
INFO: Run Behavior\WriteHtmlCacheBehavior [ RunTime:0.000639s ]
INFO: [ view_filter ] --END-- [ RunTime:0.000817s ]
INFO: [ app_end ] --START--
INFO: Run Behavior\ShowPageTraceBehavior [ RunTime:0.001908s ]
INFO: [ app_end ] --END-- [ RunTime:0.002083s ]

[ 2015-05-03T00:03:20+08:00 ] ::1 /index.php/Admin/Config/index
INFO: [ app_init ] --START--
INFO: Run Behavior\BuildLiteBehavior [ RunTime:0.000042s ]
INFO: [ app_init ] --END-- [ RunTime:0.000716s ]
INFO: [ app_begin ] --START--
INFO: Run Behavior\ReadHtmlCacheBehavior [ RunTime:0.000805s ]
INFO: [ app_begin ] --END-- [ RunTime:0.000976s ]
SQL: SHOW COLUMNS FROM `bjy_config` [ RunTime:0.0045s ]
SQL: UPDATE `bjy_config` SET `value`='1' WHERE `name` = 'WEB_STATUS' [ RunTime:0.0899s ]
SQL: UPDATE `bjy_config` SET `value`='网站升级中，请稍后访问。' WHERE `name` = 'WEB_CLOSE_WORD' [ RunTime:0.0764s ]
SQL: UPDATE `bjy_config` SET `value`='豫ICP备14009546号-3' WHERE `name` = 'WEB_ICP_NUMBER' [ RunTime:0.0766s ]
SQL: UPDATE `bjy_config` SET `value`='admin@baijunyao.com' WHERE `name` = 'ADMIN_EMAIL' [ RunTime:0.0546s ]
SQL: UPDATE `bjy_config` SET `value`='白俊遥博客' WHERE `name` = 'WEB_NAME' [ RunTime:0.0547s ]
SQL: UPDATE `bjy_config` SET `value`='白俊遥,帅白,技术博客,个人博客,thinkbjy' WHERE `name` = 'WEB_KEYWORDS' [ RunTime:0.0652s ]
SQL: UPDATE `bjy_config` SET `value`='白俊遥的个人技术博客,thinkbjy官方网站' WHERE `name` = 'WEB_DESCRIPTION' [ RunTime:0.0546s ]
SQL: UPDATE `bjy_config` SET `value`='本文为白俊遥原创文章,转载无需和我联系,但请注明来自白俊遥博客baijunyao.com' WHERE `name` = 'COPYRIGHT_WORD' [ RunTime:0.0547s ]
SQL: UPDATE `bjy_config` SET `value`='&lt;script&gt;
var _hmt = _hmt || [];
(function() {
  var hm = document.createElement(&quot;script&quot;);
  hm.src = &quot;//hm.baidu.com/hm.js?c3338ec467285d953aba86d9bd01cd93&quot;;
  var s = document.getElementsByTagName(&quot;script&quot;)[0]; 
  s.parentNode.insertBefore(hm, s);
})();
' WHERE `name` = 'WEB_STATISTICS' [ RunTime:0.0845s ]
SQL: UPDATE `bjy_config` SET `value`='1' WHERE `name` = 'WATER_TYPE' [ RunTime:0.0542s ]
SQL: UPDATE `bjy_config` SET `value`='baijunyao.com' WHERE `name` = 'TEXT_WATER_WORD' [ RunTime:0.0907s ]
SQL: UPDATE `bjy_config` SET `value`='./Public/static/font/ariali.ttf' WHERE `name` = 'TEXT_WATER_TTF_PTH' [ RunTime:0.0547s ]
SQL: UPDATE `bjy_config` SET `value`='15' WHERE `name` = 'TEXT_WATER_FONT_SIZE' [ RunTime:0.0541s ]
SQL: UPDATE `bjy_config` SET `value`='#008CBA' WHERE `name` = 'TEXT_WATER_COLOR' [ RunTime:0.0535s ]
SQL: UPDATE `bjy_config` SET `value`='0' WHERE `name` = 'TEXT_WATER_ANGLE' [ RunTime:0.0553s ]
SQL: UPDATE `bjy_config` SET `value`='9' WHERE `name` = 'TEXT_WATER_LOCATE' [ RunTime:0.0524s ]
SQL: UPDATE `bjy_config` SET `value`='./Upload/image/logo/logo.png' WHERE `name` = 'IMAGE_WATER_PIC_PTAH' [ RunTime:0.0729s ]
SQL: UPDATE `bjy_config` SET `value`='9' WHERE `name` = 'IMAGE_WATER_LOCATE' [ RunTime:0.0547s ]
SQL: UPDATE `bjy_config` SET `value`='80' WHERE `name` = 'IMAGE_WATER_ALPHA' [ RunTime:0.0547s ]
SQL: UPDATE `bjy_config` SET `value`='101206152' WHERE `name` = 'QQ_APPID' [ RunTime:0.0545s ]
SQL: UPDATE `bjy_config` SET `value`='cyrI0sOYy' WHERE `name` = 'CHANGYAN_APPID' [ RunTime:0.0546s ]
SQL: UPDATE `bjy_config` SET `value`='prod_db0d542248694818e192f9d9d0d7a2c1' WHERE `name` = 'CHANGYAN_CONF' [ RunTime:0.0545s ]
INFO: [ view_parse ] --START--
INFO: [ template_filter ] --START--
INFO: Run Behavior\ContentReplaceBehavior [ RunTime:0.000104s ]
INFO: [ template_filter ] --END-- [ RunTime:0.000242s ]
INFO: Run Behavior\ParseTemplateBehavior [ RunTime:0.009947s ]
INFO: [ view_parse ] --END-- [ RunTime:0.010156s ]
INFO: [ view_filter ] --START--
INFO: Run Behavior\WriteHtmlCacheBehavior [ RunTime:0.000579s ]
INFO: [ view_filter ] --END-- [ RunTime:0.000716s ]
INFO: [ app_end ] --START--
INFO: Run Behavior\ShowPageTraceBehavior [ RunTime:0.000770s ]
INFO: [ app_end ] --END-- [ RunTime:0.000907s ]

[ 2015-05-03T00:03:21+08:00 ] ::1 /index.php/Admin/Config/index
INFO: [ app_init ] --START--
INFO: Run Behavior\BuildLiteBehavior [ RunTime:0.000042s ]
INFO: [ app_init ] --END-- [ RunTime:0.000831s ]
INFO: [ app_begin ] --START--
INFO: Run Behavior\ReadHtmlCacheBehavior [ RunTime:0.000721s ]
INFO: [ app_begin ] --END-- [ RunTime:0.000889s ]
SQL: SHOW COLUMNS FROM `bjy_config` [ RunTime:0.0060s ]
SQL: SELECT `name`,`value` FROM `bjy_config`  [ RunTime:0.0009s ]
INFO: [ view_parse ] --START--
INFO: [ template_filter ] --START--
INFO: Run Behavior\ContentReplaceBehavior [ RunTime:0.000325s ]
INFO: [ template_filter ] --END-- [ RunTime:0.000541s ]
INFO: Run Behavior\ParseTemplateBehavior [ RunTime:0.029225s ]
INFO: [ view_parse ] --END-- [ RunTime:0.029380s ]
INFO: [ view_filter ] --START--
INFO: Run Behavior\WriteHtmlCacheBehavior [ RunTime:0.000400s ]
INFO: [ view_filter ] --END-- [ RunTime:0.000495s ]
INFO: [ app_end ] --START--
INFO: Run Behavior\ShowPageTraceBehavior [ RunTime:0.000541s ]
INFO: [ app_end ] --END-- [ RunTime:0.000640s ]

[ 2015-05-03T00:08:06+08:00 ] ::1 /index.php/Admin/Config/index
INFO: [ app_init ] --START--
INFO: Run Behavior\BuildLiteBehavior [ RunTime:0.000045s ]
INFO: [ app_init ] --END-- [ RunTime:0.000649s ]
INFO: [ app_begin ] --START--
INFO: Run Behavior\ReadHtmlCacheBehavior [ RunTime:0.000930s ]
INFO: [ app_begin ] --END-- [ RunTime:0.001160s ]
SQL: SHOW COLUMNS FROM `bjy_config` [ RunTime:0.0044s ]
SQL: UPDATE `bjy_config` SET `value`='1' WHERE `name` = 'WEB_STATUS' [ RunTime:0.0626s ]
SQL: UPDATE `bjy_config` SET `value`='网站升级中，请稍后访问。' WHERE `name` = 'WEB_CLOSE_WORD' [ RunTime:0.0543s ]
SQL: UPDATE `bjy_config` SET `value`='豫ICP备14009546号-3' WHERE `name` = 'WEB_ICP_NUMBER' [ RunTime:0.0546s ]
SQL: UPDATE `bjy_config` SET `value`='admin@baijunyao.com' WHERE `name` = 'ADMIN_EMAIL' [ RunTime:0.0546s ]
SQL: UPDATE `bjy_config` SET `value`='白俊遥博客' WHERE `name` = 'WEB_NAME' [ RunTime:0.0547s ]
SQL: UPDATE `bjy_config` SET `value`='白俊遥,帅白,技术博客,个人博客,thinkbjy' WHERE `name` = 'WEB_KEYWORDS' [ RunTime:0.0545s ]
SQL: UPDATE `bjy_config` SET `value`='白俊遥的个人技术博客,thinkbjy官方网站' WHERE `name` = 'WEB_DESCRIPTION' [ RunTime:0.0546s ]
SQL: UPDATE `bjy_config` SET `value`='本文为白俊遥原创文章,转载无需和我联系,但请注明来自白俊遥博客baijunyao.com' WHERE `name` = 'COPYRIGHT_WORD' [ RunTime:0.0546s ]
SQL: UPDATE `bjy_config` SET `value`='&lt;script&gt;
var _hmt = _hmt || [];
(function() {
  var hm = document.createElement(&quot;script&quot;);
  hm.src = &quot;//hm.baidu.com/hm.js?c3338ec467285d953aba86d9bd01cd93&quot;;
  var s = document.getElementsByTagName(&quot;script&quot;)[0]; 
  s.parentNode.insertBefore(hm, s);
})();
' WHERE `name` = 'WEB_STATISTICS' [ RunTime:0.0546s ]
SQL: UPDATE `bjy_config` SET `value`='1' WHERE `name` = 'WATER_TYPE' [ RunTime:0.0545s ]
SQL: UPDATE `bjy_config` SET `value`='baijunyao.com' WHERE `name` = 'TEXT_WATER_WORD' [ RunTime:0.0546s ]
SQL: UPDATE `bjy_config` SET `value`='./Public/static/font/ariali.ttf' WHERE `name` = 'TEXT_WATER_TTF_PTH' [ RunTime:0.0544s ]
SQL: UPDATE `bjy_config` SET `value`='15' WHERE `name` = 'TEXT_WATER_FONT_SIZE' [ RunTime:0.0548s ]
SQL: UPDATE `bjy_config` SET `value`='#008CBA' WHERE `name` = 'TEXT_WATER_COLOR' [ RunTime:0.0545s ]
SQL: UPDATE `bjy_config` SET `value`='0' WHERE `name` = 'TEXT_WATER_ANGLE' [ RunTime:0.0529s ]
SQL: UPDATE `bjy_config` SET `value`='9' WHERE `name` = 'TEXT_WATER_LOCATE' [ RunTime:0.0540s ]
SQL: UPDATE `bjy_config` SET `value`='./Upload/image/logo/logo.png' WHERE `name` = 'IMAGE_WATER_PIC_PTAH' [ RunTime:0.0534s ]
SQL: UPDATE `bjy_config` SET `value`='9' WHERE `name` = 'IMAGE_WATER_LOCATE' [ RunTime:0.0548s ]
SQL: UPDATE `bjy_config` SET `value`='80' WHERE `name` = 'IMAGE_WATER_ALPHA' [ RunTime:0.0530s ]
SQL: UPDATE `bjy_config` SET `value`='101206152' WHERE `name` = 'QQ_APPID' [ RunTime:0.0541s ]
SQL: UPDATE `bjy_config` SET `value`='cyrI0sOYy' WHERE `name` = 'CHANGYAN_APPID' [ RunTime:0.0539s ]
SQL: UPDATE `bjy_config` SET `value`='prod_db0d542248694818e192f9d9d0d7a2c1' WHERE `name` = 'CHANGYAN_CONF' [ RunTime:0.0538s ]
INFO: [ view_parse ] --START--
INFO: [ template_filter ] --START--
INFO: Run Behavior\ContentReplaceBehavior [ RunTime:0.000102s ]
INFO: [ template_filter ] --END-- [ RunTime:0.000252s ]
INFO: Run Behavior\ParseTemplateBehavior [ RunTime:0.009538s ]
INFO: [ view_parse ] --END-- [ RunTime:0.009747s ]
INFO: [ view_filter ] --START--
INFO: Run Behavior\WriteHtmlCacheBehavior [ RunTime:0.000823s ]
INFO: [ view_filter ] --END-- [ RunTime:0.001035s ]
INFO: [ app_end ] --START--
INFO: Run Behavior\ShowPageTraceBehavior [ RunTime:0.001007s ]
INFO: [ app_end ] --END-- [ RunTime:0.001293s ]

[ 2015-05-03T00:08:07+08:00 ] ::1 /index.php/Admin/Config/index
INFO: [ app_init ] --START--
INFO: Run Behavior\BuildLiteBehavior [ RunTime:0.000041s ]
INFO: [ app_init ] --END-- [ RunTime:0.000995s ]
INFO: [ app_begin ] --START--
INFO: Run Behavior\ReadHtmlCacheBehavior [ RunTime:0.001252s ]
INFO: [ app_begin ] --END-- [ RunTime:0.001533s ]
SQL: SHOW COLUMNS FROM `bjy_config` [ RunTime:0.0031s ]
SQL: SELECT `name`,`value` FROM `bjy_config`  [ RunTime:0.0004s ]
INFO: [ view_parse ] --START--
INFO: [ template_filter ] --START--
INFO: Run Behavior\ContentReplaceBehavior [ RunTime:0.000161s ]
INFO: [ template_filter ] --END-- [ RunTime:0.000299s ]
INFO: Run Behavior\ParseTemplateBehavior [ RunTime:0.016017s ]
INFO: [ view_parse ] --END-- [ RunTime:0.016172s ]
INFO: [ view_filter ] --START--
INFO: Run Behavior\WriteHtmlCacheBehavior [ RunTime:0.000630s ]
INFO: [ view_filter ] --END-- [ RunTime:0.000759s ]
INFO: [ app_end ] --START--
INFO: Run Behavior\ShowPageTraceBehavior [ RunTime:0.000730s ]
INFO: [ app_end ] --END-- [ RunTime:0.000873s ]

[ 2015-05-03T00:09:05+08:00 ] ::1 /index.php/Admin/Index/index
INFO: [ app_init ] --START--
INFO: Run Behavior\BuildLiteBehavior [ RunTime:0.000028s ]
INFO: [ app_init ] --END-- [ RunTime:0.000550s ]
INFO: [ app_begin ] --START--
INFO: Run Behavior\ReadHtmlCacheBehavior [ RunTime:0.000539s ]
INFO: [ app_begin ] --END-- [ RunTime:0.000649s ]
INFO: [ view_parse ] --START--
INFO: [ template_filter ] --START--
INFO: Run Behavior\ContentReplaceBehavior [ RunTime:0.000188s ]
INFO: [ template_filter ] --END-- [ RunTime:0.000382s ]
INFO: Run Behavior\ParseTemplateBehavior [ RunTime:0.013179s ]
INFO: [ view_parse ] --END-- [ RunTime:0.013351s ]
INFO: [ view_filter ] --START--
INFO: Run Behavior\WriteHtmlCacheBehavior [ RunTime:0.000499s ]
INFO: [ view_filter ] --END-- [ RunTime:0.000600s ]
INFO: [ app_end ] --START--
INFO: Run Behavior\ShowPageTraceBehavior [ RunTime:0.000669s ]
INFO: [ app_end ] --END-- [ RunTime:0.000793s ]

[ 2015-05-03T00:09:05+08:00 ] ::1 /index.php/Admin/Index/welcome
INFO: [ app_init ] --START--
INFO: Run Behavior\BuildLiteBehavior [ RunTime:0.000042s ]
INFO: [ app_init ] --END-- [ RunTime:0.000731s ]
INFO: [ app_begin ] --START--
INFO: Run Behavior\ReadHtmlCacheBehavior [ RunTime:0.000577s ]
INFO: [ app_begin ] --END-- [ RunTime:0.000725s ]
INFO: [ view_parse ] --START--
INFO: [ template_filter ] --START--
INFO: Run Behavior\ContentReplaceBehavior [ RunTime:0.000075s ]
INFO: [ template_filter ] --END-- [ RunTime:0.000187s ]
INFO: Run Behavior\ParseTemplateBehavior [ RunTime:0.008584s ]
INFO: [ view_parse ] --END-- [ RunTime:0.008790s ]
INFO: [ view_filter ] --START--
INFO: Run Behavior\WriteHtmlCacheBehavior [ RunTime:0.000459s ]
INFO: [ view_filter ] --END-- [ RunTime:0.000592s ]
INFO: [ app_end ] --START--
INFO: Run Behavior\ShowPageTraceBehavior [ RunTime:0.000534s ]
INFO: [ app_end ] --END-- [ RunTime:0.000632s ]

[ 2015-05-03T00:09:06+08:00 ] ::1 /index.php/Admin/Config/index
INFO: [ app_init ] --START--
INFO: Run Behavior\BuildLiteBehavior [ RunTime:0.000028s ]
INFO: [ app_init ] --END-- [ RunTime:0.000588s ]
INFO: [ app_begin ] --START--
INFO: Run Behavior\ReadHtmlCacheBehavior [ RunTime:0.000778s ]
INFO: [ app_begin ] --END-- [ RunTime:0.000948s ]
SQL: SHOW COLUMNS FROM `bjy_config` [ RunTime:0.0033s ]
SQL: SELECT `name`,`value` FROM `bjy_config`  [ RunTime:0.0004s ]
INFO: [ view_parse ] --START--
INFO: [ template_filter ] --START--
INFO: Run Behavior\ContentReplaceBehavior [ RunTime:0.000248s ]
INFO: [ template_filter ] --END-- [ RunTime:0.000421s ]
INFO: Run Behavior\ParseTemplateBehavior [ RunTime:0.020506s ]
INFO: [ view_parse ] --END-- [ RunTime:0.020672s ]
INFO: [ view_filter ] --START--
INFO: Run Behavior\WriteHtmlCacheBehavior [ RunTime:0.000941s ]
INFO: [ view_filter ] --END-- [ RunTime:0.001254s ]
INFO: [ app_end ] --START--
INFO: Run Behavior\ShowPageTraceBehavior [ RunTime:0.000947s ]
INFO: [ app_end ] --END-- [ RunTime:0.001126s ]

[ 2015-05-03T00:09:07+08:00 ] ::1 /index.php/Admin/Config/index
INFO: [ app_init ] --START--
INFO: Run Behavior\BuildLiteBehavior [ RunTime:0.000029s ]
INFO: [ app_init ] --END-- [ RunTime:0.000741s ]
INFO: [ app_begin ] --START--
INFO: Run Behavior\ReadHtmlCacheBehavior [ RunTime:0.000627s ]
INFO: [ app_begin ] --END-- [ RunTime:0.000750s ]
SQL: SHOW COLUMNS FROM `bjy_config` [ RunTime:0.0032s ]
SQL: SELECT `name`,`value` FROM `bjy_config`  [ RunTime:0.0004s ]
INFO: [ view_parse ] --START--
INFO: [ template_filter ] --START--
INFO: Run Behavior\ContentReplaceBehavior [ RunTime:0.000181s ]
INFO: [ template_filter ] --END-- [ RunTime:0.000287s ]
INFO: Run Behavior\ParseTemplateBehavior [ RunTime:0.015958s ]
INFO: [ view_parse ] --END-- [ RunTime:0.016080s ]
INFO: [ view_filter ] --START--
INFO: Run Behavior\WriteHtmlCacheBehavior [ RunTime:0.000443s ]
INFO: [ view_filter ] --END-- [ RunTime:0.000533s ]
INFO: [ app_end ] --START--
INFO: Run Behavior\ShowPageTraceBehavior [ RunTime:0.000644s ]
INFO: [ app_end ] --END-- [ RunTime:0.000771s ]

[ 2015-05-03T00:09:44+08:00 ] ::1 /index.php/Admin/Config/index
INFO: [ app_init ] --START--
INFO: Run Behavior\BuildLiteBehavior [ RunTime:0.000047s ]
INFO: [ app_init ] --END-- [ RunTime:0.000815s ]
INFO: [ app_begin ] --START--
INFO: Run Behavior\ReadHtmlCacheBehavior [ RunTime:0.000674s ]
INFO: [ app_begin ] --END-- [ RunTime:0.000815s ]
SQL: SHOW COLUMNS FROM `bjy_config` [ RunTime:0.0037s ]
SQL: UPDATE `bjy_config` SET `value`='1' WHERE `name` = 'WEB_STATUS' [ RunTime:0.0694s ]
SQL: UPDATE `bjy_config` SET `value`='网站升级中，请稍后访问。' WHERE `name` = 'WEB_CLOSE_WORD' [ RunTime:0.0537s ]
SQL: UPDATE `bjy_config` SET `value`='豫ICP备14009546号-3' WHERE `name` = 'WEB_ICP_NUMBER' [ RunTime:0.0546s ]
SQL: UPDATE `bjy_config` SET `value`='admin@baijunyao.com' WHERE `name` = 'ADMIN_EMAIL' [ RunTime:0.0544s ]
SQL: UPDATE `bjy_config` SET `value`='白俊遥博客' WHERE `name` = 'WEB_NAME' [ RunTime:0.0545s ]
SQL: UPDATE `bjy_config` SET `value`='白俊遥,帅白,技术博客,个人博客,thinkbjy' WHERE `name` = 'WEB_KEYWORDS' [ RunTime:0.0544s ]
SQL: UPDATE `bjy_config` SET `value`='白俊遥的个人技术博客,thinkbjy官方网站' WHERE `name` = 'WEB_DESCRIPTION' [ RunTime:0.0546s ]
SQL: UPDATE `bjy_config` SET `value`='本文为白俊遥原创文章,转载无需和我联系,但请注明来自白俊遥博客baijunyao.com' WHERE `name` = 'COPYRIGHT_WORD' [ RunTime:0.0551s ]
SQL: UPDATE `bjy_config` SET `value`='&lt;script&gt;
var _hmt = _hmt || [];
(function() {
  var hm = document.createElement(&quot;script&quot;);
  hm.src = &quot;//hm.baidu.com/hm.js?c3338ec467285d953aba86d9bd01cd93&quot;;
  var s = document.getElementsByTagName(&quot;script&quot;)[0]; 
  s.parentNode.insertBefore(hm, s);
})();
&lt;/script&gt;' WHERE `name` = 'WEB_STATISTICS' [ RunTime:0.0538s ]
SQL: UPDATE `bjy_config` SET `value`='1' WHERE `name` = 'WATER_TYPE' [ RunTime:0.0547s ]
SQL: UPDATE `bjy_config` SET `value`='baijunyao.com' WHERE `name` = 'TEXT_WATER_WORD' [ RunTime:0.0545s ]
SQL: UPDATE `bjy_config` SET `value`='./Public/static/font/ariali.ttf' WHERE `name` = 'TEXT_WATER_TTF_PTH' [ RunTime:0.0546s ]
SQL: UPDATE `bjy_config` SET `value`='15' WHERE `name` = 'TEXT_WATER_FONT_SIZE' [ RunTime:0.0545s ]
SQL: UPDATE `bjy_config` SET `value`='#008CBA' WHERE `name` = 'TEXT_WATER_COLOR' [ RunTime:0.0546s ]
SQL: UPDATE `bjy_config` SET `value`='0' WHERE `name` = 'TEXT_WATER_ANGLE' [ RunTime:0.0546s ]
SQL: UPDATE `bjy_config` SET `value`='9' WHERE `name` = 'TEXT_WATER_LOCATE' [ RunTime:0.0545s ]
SQL: UPDATE `bjy_config` SET `value`='./Upload/image/logo/logo.png' WHERE `name` = 'IMAGE_WATER_PIC_PTAH' [ RunTime:0.0545s ]
SQL: UPDATE `bjy_config` SET `value`='9' WHERE `name` = 'IMAGE_WATER_LOCATE' [ RunTime:0.0547s ]
SQL: UPDATE `bjy_config` SET `value`='80' WHERE `name` = 'IMAGE_WATER_ALPHA' [ RunTime:0.0532s ]
SQL: UPDATE `bjy_config` SET `value`='101206152' WHERE `name` = 'QQ_APPID' [ RunTime:0.0544s ]
SQL: UPDATE `bjy_config` SET `value`='cyrI0sOYy' WHERE `name` = 'CHANGYAN_APPID' [ RunTime:0.0544s ]
SQL: UPDATE `bjy_config` SET `value`='prod_db0d542248694818e192f9d9d0d7a2c1' WHERE `name` = 'CHANGYAN_CONF' [ RunTime:0.0545s ]
INFO: [ view_parse ] --START--
INFO: [ template_filter ] --START--
INFO: Run Behavior\ContentReplaceBehavior [ RunTime:0.000113s ]
INFO: [ template_filter ] --END-- [ RunTime:0.000267s ]
INFO: Run Behavior\ParseTemplateBehavior [ RunTime:0.012279s ]
INFO: [ view_parse ] --END-- [ RunTime:0.012568s ]
INFO: [ view_filter ] --START--
INFO: Run Behavior\WriteHtmlCacheBehavior [ RunTime:0.001038s ]
INFO: [ view_filter ] --END-- [ RunTime:0.001274s ]
INFO: [ app_end ] --START--
INFO: Run Behavior\ShowPageTraceBehavior [ RunTime:0.001012s ]
INFO: [ app_end ] --END-- [ RunTime:0.001226s ]

[ 2015-05-03T00:09:45+08:00 ] ::1 /index.php/Admin/Config/index
INFO: [ app_init ] --START--
INFO: Run Behavior\BuildLiteBehavior [ RunTime:0.000035s ]
INFO: [ app_init ] --END-- [ RunTime:0.000725s ]
INFO: [ app_begin ] --START--
INFO: Run Behavior\ReadHtmlCacheBehavior [ RunTime:0.000913s ]
INFO: [ app_begin ] --END-- [ RunTime:0.001146s ]
SQL: SHOW COLUMNS FROM `bjy_config` [ RunTime:0.0035s ]
SQL: SELECT `name`,`value` FROM `bjy_config`  [ RunTime:0.0005s ]
INFO: [ view_parse ] --START--
INFO: [ template_filter ] --START--
INFO: Run Behavior\ContentReplaceBehavior [ RunTime:0.000175s ]
INFO: [ template_filter ] --END-- [ RunTime:0.000305s ]
INFO: Run Behavior\ParseTemplateBehavior [ RunTime:0.017311s ]
INFO: [ view_parse ] --END-- [ RunTime:0.017442s ]
INFO: [ view_filter ] --START--
INFO: Run Behavior\WriteHtmlCacheBehavior [ RunTime:0.001218s ]
INFO: [ view_filter ] --END-- [ RunTime:0.001384s ]
INFO: [ app_end ] --START--
INFO: Run Behavior\ShowPageTraceBehavior [ RunTime:0.000955s ]
INFO: [ app_end ] --END-- [ RunTime:0.001126s ]

