[ 2015-05-24T07:58:36+08:00 ] 127.0.0.1 /index.php/Api/Index/oauth?code=061CC248F02B2A2DA0FA51B8C58FC182&state=shuaibai
INFO: [ app_init ] --START--
INFO: Run Behavior\BuildLiteBehavior [ RunTime:0.000028s ]
INFO: [ app_init ] --END-- [ RunTime:0.000533s ]
INFO: [ app_begin ] --START--
INFO: Run Behavior\ReadHtmlCacheBehavior [ RunTime:0.000567s ]
INFO: [ app_begin ] --END-- [ RunTime:0.000686s ]
INFO: [ app_end ] --START--
INFO: Run Behavior\ShowPageTraceBehavior [ RunTime:0.001063s ]
INFO: [ app_end ] --END-- [ RunTime:0.001234s ]

[ 2015-05-24T07:59:03+08:00 ] 127.0.0.1 /index.php/Api/Index/oauth?code=010EDD55369831805FF882217E2063B6
INFO: [ app_init ] --START--
INFO: Run Behavior\BuildLiteBehavior [ RunTime:0.000025s ]
INFO: [ app_init ] --END-- [ RunTime:0.000470s ]
INFO: [ app_begin ] --START--
INFO: Run Behavior\ReadHtmlCacheBehavior [ RunTime:0.000684s ]
INFO: [ app_begin ] --END-- [ RunTime:0.000801s ]
INFO: [ app_end ] --START--
INFO: Run Behavior\ShowPageTraceBehavior [ RunTime:0.000512s ]
INFO: [ app_end ] --END-- [ RunTime:0.000635s ]

[ 2015-05-24T07:59:58+08:00 ] 127.0.0.1 /index.php/Api/Index/oauth?code=3296267D4B629CCC5F7284A361F54E0A&state=shuaibai
INFO: [ app_init ] --START--
INFO: Run Behavior\BuildLiteBehavior [ RunTime:0.000024s ]
INFO: [ app_init ] --END-- [ RunTime:0.000587s ]
INFO: [ app_begin ] --START--
INFO: Run Behavior\ReadHtmlCacheBehavior [ RunTime:0.000544s ]
INFO: [ app_begin ] --END-- [ RunTime:0.000660s ]
INFO: [ app_end ] --START--
INFO: Run Behavior\ShowPageTraceBehavior [ RunTime:0.000743s ]
INFO: [ app_end ] --END-- [ RunTime:0.000911s ]

[ 2015-05-24T08:16:11+08:00 ] 127.0.0.1 /index.php/Api/Index/oauth?code=541AB88C44C58AE9CD6A74B41268E63A
INFO: [ app_init ] --START--
INFO: Run Behavior\BuildLiteBehavior [ RunTime:0.000029s ]
INFO: [ app_init ] --END-- [ RunTime:0.000591s ]
INFO: [ app_begin ] --START--
INFO: Run Behavior\ReadHtmlCacheBehavior [ RunTime:0.000864s ]
INFO: [ app_begin ] --END-- [ RunTime:0.001025s ]
INFO: [ app_end ] --START--
INFO: Run Behavior\ShowPageTraceBehavior [ RunTime:0.000845s ]
INFO: [ app_end ] --END-- [ RunTime:0.001001s ]

[ 2015-05-24T08:18:25+08:00 ] 127.0.0.1 /index.php/Api/Index/oauth?code=C256AC0B404332C5E1720C7D0D914BC5
INFO: [ app_init ] --START--
INFO: Run Behavior\BuildLiteBehavior [ RunTime:0.000027s ]
INFO: [ app_init ] --END-- [ RunTime:0.000594s ]
INFO: [ app_begin ] --START--
INFO: Run Behavior\ReadHtmlCacheBehavior [ RunTime:0.000786s ]
INFO: [ app_begin ] --END-- [ RunTime:0.001149s ]
INFO: [ app_end ] --START--
INFO: Run Behavior\ShowPageTraceBehavior [ RunTime:0.000952s ]
INFO: [ app_end ] --END-- [ RunTime:0.001143s ]

[ 2015-05-24T08:33:14+08:00 ] 127.0.0.1 /index.php?&m=Api&c=Index&a=oauth
INFO: [ app_init ] --START--
INFO: Run Behavior\BuildLiteBehavior [ RunTime:0.000027s ]
INFO: [ app_init ] --END-- [ RunTime:0.000572s ]
INFO: [ app_begin ] --START--
INFO: Run Behavior\ReadHtmlCacheBehavior [ RunTime:0.000639s ]
INFO: [ app_begin ] --END-- [ RunTime:0.000752s ]

[ 2015-05-24T09:00:36+08:00 ] 127.0.0.1 /index.php/Api/Index/oauth?code=5C214A857B01C9AD606E1BBF9F884270&state=shuaibai
INFO: [ app_init ] --START--
INFO: Run Behavior\BuildLiteBehavior [ RunTime:0.000040s ]
INFO: [ app_init ] --END-- [ RunTime:0.000890s ]
INFO: [ app_begin ] --START--
INFO: Run Behavior\ReadHtmlCacheBehavior [ RunTime:0.001225s ]
INFO: [ app_begin ] --END-- [ RunTime:0.001435s ]

[ 2015-05-24T17:51:04+08:00 ] 127.0.0.1 /index.php/Api/Index/oauth/type/douban?code=c4e06fcb345aaa2b
INFO: [ app_init ] --START--
INFO: Run Behavior\BuildLiteBehavior [ RunTime:0.000028s ]
INFO: [ app_init ] --END-- [ RunTime:0.000597s ]
INFO: [ app_begin ] --START--
INFO: Run Behavior\ReadHtmlCacheBehavior [ RunTime:0.000689s ]
INFO: [ app_begin ] --END-- [ RunTime:0.000849s ]

[ 2015-05-24T17:51:32+08:00 ] 127.0.0.1 /index.php/Api/Index/oauth/type/douban?code=c4e06fcb345aaa2b
INFO: [ app_init ] --START--
INFO: Run Behavior\BuildLiteBehavior [ RunTime:0.000027s ]
INFO: [ app_init ] --END-- [ RunTime:0.000535s ]
INFO: [ app_begin ] --START--
INFO: Run Behavior\ReadHtmlCacheBehavior [ RunTime:0.000869s ]
INFO: [ app_begin ] --END-- [ RunTime:0.001041s ]
NOTIC: [8] Undefined variable: code E:\tongbu\wamp\www\Application\Api\Controller\IndexController.class.php 第 22 行.
NOTIC: [8] Undefined index: access_token E:\tongbu\wamp\www\ThinkPHP\Library\Org\ThinkSDK\sdk\DoubanSDK.class.php 第 54 行.
ERR: 获取豆瓣ACCESS_TOKEN出错：required_parameter_is_missing: authorization_code

[ 2015-05-24T17:52:42+08:00 ] 127.0.0.1 /index.php/Api/Index/oauth/type/douban?code=64868bcdf3bc2d57
INFO: [ app_init ] --START--
INFO: Run Behavior\BuildLiteBehavior [ RunTime:0.000052s ]
INFO: [ app_init ] --END-- [ RunTime:0.000931s ]
INFO: [ app_begin ] --START--
INFO: Run Behavior\ReadHtmlCacheBehavior [ RunTime:0.000744s ]
INFO: [ app_begin ] --END-- [ RunTime:0.000895s ]
NOTIC: [8] Undefined variable: code E:\tongbu\wamp\www\Application\Api\Controller\IndexController.class.php 第 22 行.
NOTIC: [8] Undefined index: access_token E:\tongbu\wamp\www\ThinkPHP\Library\Org\ThinkSDK\sdk\DoubanSDK.class.php 第 54 行.
ERR: 获取豆瓣ACCESS_TOKEN出错：required_parameter_is_missing: authorization_code

[ 2015-05-24T17:53:22+08:00 ] 127.0.0.1 /index.php/Api/Index/oauth/type/douban?code=64868bcdf3bc2d57
INFO: [ app_init ] --START--
INFO: Run Behavior\BuildLiteBehavior [ RunTime:0.000029s ]
INFO: [ app_init ] --END-- [ RunTime:0.000742s ]
INFO: [ app_begin ] --START--
INFO: Run Behavior\ReadHtmlCacheBehavior [ RunTime:0.000869s ]
INFO: [ app_begin ] --END-- [ RunTime:0.001016s ]

[ 2015-05-24T17:53:29+08:00 ] 127.0.0.1 /index.php/Api/Index/oauth/type/douban?code=64868bcdf3bc2d57
INFO: [ app_init ] --START--
INFO: Run Behavior\BuildLiteBehavior [ RunTime:0.000072s ]
INFO: [ app_init ] --END-- [ RunTime:0.000980s ]
INFO: [ app_begin ] --START--
INFO: Run Behavior\ReadHtmlCacheBehavior [ RunTime:0.000854s ]
INFO: [ app_begin ] --END-- [ RunTime:0.001041s ]
NOTIC: [8] Undefined index: access_token E:\tongbu\wamp\www\ThinkPHP\Library\Org\ThinkSDK\sdk\DoubanSDK.class.php 第 54 行.
ERR: 获取豆瓣ACCESS_TOKEN出错：invalid_authorization_code: 64868bcdf3bc2d57

[ 2015-05-24T17:53:42+08:00 ] 127.0.0.1 /index.php/Api/Index/oauth/type/douban?code=3e9097adffdeb5e2
INFO: [ app_init ] --START--
INFO: Run Behavior\BuildLiteBehavior [ RunTime:0.000029s ]
INFO: [ app_init ] --END-- [ RunTime:0.000543s ]
INFO: [ app_begin ] --START--
INFO: Run Behavior\ReadHtmlCacheBehavior [ RunTime:0.000791s ]
INFO: [ app_begin ] --END-- [ RunTime:0.000958s ]

[ 2015-05-24T17:54:15+08:00 ] 127.0.0.1 /index.php/Api/Index/oauth/type/douban?code=3e9097adffdeb5e2
INFO: [ app_init ] --START--
INFO: Run Behavior\BuildLiteBehavior [ RunTime:0.000050s ]
INFO: [ app_init ] --END-- [ RunTime:0.000903s ]
INFO: [ app_begin ] --START--
INFO: Run Behavior\ReadHtmlCacheBehavior [ RunTime:0.000954s ]
INFO: [ app_begin ] --END-- [ RunTime:0.001099s ]
NOTIC: [8] Undefined index: access_token E:\tongbu\wamp\www\ThinkPHP\Library\Org\ThinkSDK\sdk\DoubanSDK.class.php 第 54 行.
ERR: 获取豆瓣ACCESS_TOKEN出错：invalid_authorization_code: 3e9097adffdeb5e2

[ 2015-05-24T17:54:20+08:00 ] 127.0.0.1 /index.php/Api/Index/oauth/type/douban?code=af018a19e49aa74e
INFO: [ app_init ] --START--
INFO: Run Behavior\BuildLiteBehavior [ RunTime:0.000028s ]
INFO: [ app_init ] --END-- [ RunTime:0.000521s ]
INFO: [ app_begin ] --START--
INFO: Run Behavior\ReadHtmlCacheBehavior [ RunTime:0.000612s ]
INFO: [ app_begin ] --END-- [ RunTime:0.000736s ]

[ 2015-05-24T17:56:27+08:00 ] 127.0.0.1 /index.php/Api/Index/oauth/type/douban?code=af018a19e49aa74e
INFO: [ app_init ] --START--
INFO: Run Behavior\BuildLiteBehavior [ RunTime:0.000030s ]
INFO: [ app_init ] --END-- [ RunTime:0.000773s ]
INFO: [ app_begin ] --START--
INFO: Run Behavior\ReadHtmlCacheBehavior [ RunTime:0.000928s ]
INFO: [ app_begin ] --END-- [ RunTime:0.001101s ]
NOTIC: [8] Undefined index: access_token E:\tongbu\wamp\www\ThinkPHP\Library\Org\ThinkSDK\sdk\DoubanSDK.class.php 第 54 行.
ERR: 获取豆瓣ACCESS_TOKEN出错：invalid_authorization_code: af018a19e49aa74e

[ 2015-05-24T17:56:35+08:00 ] 127.0.0.1 /index.php/Api/Index/oauth/type/douban?code=3d5ee1d607ccbc96
INFO: [ app_init ] --START--
INFO: Run Behavior\BuildLiteBehavior [ RunTime:0.000045s ]
INFO: [ app_init ] --END-- [ RunTime:0.000786s ]
INFO: [ app_begin ] --START--
INFO: Run Behavior\ReadHtmlCacheBehavior [ RunTime:0.001063s ]
INFO: [ app_begin ] --END-- [ RunTime:0.001259s ]

[ 2015-05-24T18:01:24+08:00 ] 127.0.0.1 /index.php/Api/Index/oauth/type/douban?code=a035b30c093b46d4
INFO: [ app_init ] --START--
INFO: Run Behavior\BuildLiteBehavior [ RunTime:0.000028s ]
INFO: [ app_init ] --END-- [ RunTime:0.000742s ]
INFO: [ app_begin ] --START--
INFO: Run Behavior\ReadHtmlCacheBehavior [ RunTime:0.000729s ]
INFO: [ app_begin ] --END-- [ RunTime:0.000897s ]

[ 2015-05-24T18:03:28+08:00 ] 127.0.0.1 /index.php/Api/Index/oauth/type/douban?code=ed4e409dea690dd1
INFO: [ app_init ] --START--
INFO: Run Behavior\BuildLiteBehavior [ RunTime:0.000028s ]
INFO: [ app_init ] --END-- [ RunTime:0.000635s ]
INFO: [ app_begin ] --START--
INFO: Run Behavior\ReadHtmlCacheBehavior [ RunTime:0.000716s ]
INFO: [ app_begin ] --END-- [ RunTime:0.000858s ]

[ 2015-05-24T18:04:35+08:00 ] 127.0.0.1 /index.php/Api/Index/oauth/type/douban?code=57de555ecf12ce14
INFO: [ app_init ] --START--
INFO: Run Behavior\BuildLiteBehavior [ RunTime:0.000029s ]
INFO: [ app_init ] --END-- [ RunTime:0.000592s ]
INFO: [ app_begin ] --START--
INFO: Run Behavior\ReadHtmlCacheBehavior [ RunTime:0.000903s ]
INFO: [ app_begin ] --END-- [ RunTime:0.001057s ]
INFO: [ app_end ] --START--
INFO: Run Behavior\ShowPageTraceBehavior [ RunTime:0.001253s ]
INFO: [ app_end ] --END-- [ RunTime:0.001442s ]

[ 2015-05-24T18:40:36+08:00 ] 127.0.0.1 /index.php/Api/Index/oauth/type/renren?code=HIpDYvQ7f170AyjUEAvCTXrNHSo31LFr
INFO: [ app_init ] --START--
INFO: Run Behavior\BuildLiteBehavior [ RunTime:0.000028s ]
INFO: [ app_init ] --END-- [ RunTime:0.000508s ]
INFO: [ app_begin ] --START--
INFO: Run Behavior\ReadHtmlCacheBehavior [ RunTime:0.000637s ]
INFO: [ app_begin ] --END-- [ RunTime:0.000750s ]
NOTIC: 建议使用E方法替代throw_exception

[ 2015-05-24T19:11:11+08:00 ] 127.0.0.1 /index.php/Api/Index/oauth/type/renren?code=j7wnhxjvrHHO1IJwwMOyCZBXu5wRLGiQ
INFO: [ app_init ] --START--
INFO: Run Behavior\BuildLiteBehavior [ RunTime:0.000023s ]
INFO: [ app_init ] --END-- [ RunTime:0.000478s ]
INFO: [ app_begin ] --START--
INFO: Run Behavior\ReadHtmlCacheBehavior [ RunTime:0.000508s ]
INFO: [ app_begin ] --END-- [ RunTime:0.000633s ]
NOTIC: 建议使用E方法替代throw_exception

[ 2015-05-24T19:12:05+08:00 ] 127.0.0.1 /index.php/Api/Index/oauth/type/renren?code=PZkyfKfq1l0MNq5u7mk3PYQJ0bHfEoES
INFO: [ app_init ] --START--
INFO: Run Behavior\BuildLiteBehavior [ RunTime:0.000026s ]
INFO: [ app_init ] --END-- [ RunTime:0.000607s ]
INFO: [ app_begin ] --START--
INFO: Run Behavior\ReadHtmlCacheBehavior [ RunTime:0.000608s ]
INFO: [ app_begin ] --END-- [ RunTime:0.000721s ]
NOTIC: 建议使用E方法替代throw_exception

[ 2015-05-24T19:12:30+08:00 ] 127.0.0.1 /index.php/Api/Index/oauth/type/renren?code=PZkyfKfq1l0MNq5u7mk3PYQJ0bHfEoES
INFO: [ app_init ] --START--
INFO: Run Behavior\BuildLiteBehavior [ RunTime:0.000073s ]
INFO: [ app_init ] --END-- [ RunTime:0.000866s ]
INFO: [ app_begin ] --START--
INFO: Run Behavior\ReadHtmlCacheBehavior [ RunTime:0.000610s ]
INFO: [ app_begin ] --END-- [ RunTime:0.000729s ]

[ 2015-05-24T19:12:47+08:00 ] 127.0.0.1 /index.php/Api/Index/oauth/type/renren?code=PZkyfKfq1l0MNq5u7mk3PYQJ0bHfEoES
INFO: [ app_init ] --START--
INFO: Run Behavior\BuildLiteBehavior [ RunTime:0.000040s ]
INFO: [ app_init ] --END-- [ RunTime:0.000700s ]
INFO: [ app_begin ] --START--
INFO: Run Behavior\ReadHtmlCacheBehavior [ RunTime:0.000912s ]
INFO: [ app_begin ] --END-- [ RunTime:0.001200s ]
NOTIC: [8] Undefined index: access_token E:\tongbu\wamp\www\ThinkPHP\Library\Org\ThinkSDK\sdk\RenrenSDK.class.php 第 79 行.
ERR: 获取人人网ACCESS_TOKEN出错：Invalid authorization code: PZkyfKfq1l0MNq5u7mk3PYQJ0bHfEoES

[ 2015-05-24T19:12:50+08:00 ] 127.0.0.1 /index.php/Api/Index/oauth/type/renren?code=Y18P9StKUinz68H0pI8YQclq14Egl6G4
INFO: [ app_init ] --START--
INFO: Run Behavior\BuildLiteBehavior [ RunTime:0.000027s ]
INFO: [ app_init ] --END-- [ RunTime:0.000556s ]
INFO: [ app_begin ] --START--
INFO: Run Behavior\ReadHtmlCacheBehavior [ RunTime:0.000606s ]
INFO: [ app_begin ] --END-- [ RunTime:0.000726s ]

[ 2015-05-24T19:13:00+08:00 ] 127.0.0.1 /index.php/Api/Index/oauth/type/renren?code=6fQPp38ALFwv8dY21403I5jnSN9jGfrD
INFO: [ app_init ] --START--
INFO: Run Behavior\BuildLiteBehavior [ RunTime:0.000044s ]
INFO: [ app_init ] --END-- [ RunTime:0.000767s ]
INFO: [ app_begin ] --START--
INFO: Run Behavior\ReadHtmlCacheBehavior [ RunTime:0.000637s ]
INFO: [ app_begin ] --END-- [ RunTime:0.000753s ]
INFO: [ app_end ] --START--
INFO: Run Behavior\ShowPageTraceBehavior [ RunTime:0.001367s ]
INFO: [ app_end ] --END-- [ RunTime:0.001601s ]

[ 2015-05-24T19:15:36+08:00 ] 127.0.0.1 /index.php/Api/Index/oauth/type/renren?code=gzVvsFR0RJw3N41SRUIkbqOLIo5jEbxn
INFO: [ app_init ] --START--
INFO: Run Behavior\BuildLiteBehavior [ RunTime:0.000025s ]
INFO: [ app_init ] --END-- [ RunTime:0.000475s ]
INFO: [ app_begin ] --START--
INFO: Run Behavior\ReadHtmlCacheBehavior [ RunTime:0.000752s ]
INFO: [ app_begin ] --END-- [ RunTime:0.000945s ]

[ 2015-05-24T19:16:00+08:00 ] 127.0.0.1 /index.php/Api/Index/oauth/type/renren?code=gzVvsFR0RJw3N41SRUIkbqOLIo5jEbxn
INFO: [ app_init ] --START--
INFO: Run Behavior\BuildLiteBehavior [ RunTime:0.000043s ]
INFO: [ app_init ] --END-- [ RunTime:0.000581s ]
INFO: [ app_begin ] --START--
INFO: Run Behavior\ReadHtmlCacheBehavior [ RunTime:0.000822s ]
INFO: [ app_begin ] --END-- [ RunTime:0.001023s ]
NOTIC: [8] Undefined index: access_token E:\tongbu\wamp\www\ThinkPHP\Library\Org\ThinkSDK\sdk\RenrenSDK.class.php 第 79 行.
ERR: 获取人人网ACCESS_TOKEN出错：Invalid authorization code: gzVvsFR0RJw3N41SRUIkbqOLIo5jEbxn

[ 2015-05-24T19:16:05+08:00 ] 127.0.0.1 /index.php/Api/Index/oauth/type/renren?code=KUIqMAtBzZTTfi6V38w82rLTYKQU5O7W
INFO: [ app_init ] --START--
INFO: Run Behavior\BuildLiteBehavior [ RunTime:0.000025s ]
INFO: [ app_init ] --END-- [ RunTime:0.000480s ]
INFO: [ app_begin ] --START--
INFO: Run Behavior\ReadHtmlCacheBehavior [ RunTime:0.000618s ]
INFO: [ app_begin ] --END-- [ RunTime:0.000737s ]

[ 2015-05-24T19:17:24+08:00 ] 127.0.0.1 /index.php/Api/Index/oauth/type/renren?code=KUIqMAtBzZTTfi6V38w82rLTYKQU5O7W
INFO: [ app_init ] --START--
INFO: Run Behavior\BuildLiteBehavior [ RunTime:0.000026s ]
INFO: [ app_init ] --END-- [ RunTime:0.000501s ]
INFO: [ app_begin ] --START--
INFO: Run Behavior\ReadHtmlCacheBehavior [ RunTime:0.000749s ]
INFO: [ app_begin ] --END-- [ RunTime:0.000952s ]

[ 2015-05-24T19:18:30+08:00 ] 127.0.0.1 /index.php/Api/Index/oauth/type/renren?code=KUIqMAtBzZTTfi6V38w82rLTYKQU5O7W
INFO: [ app_init ] --START--
INFO: Run Behavior\BuildLiteBehavior [ RunTime:0.000041s ]
INFO: [ app_init ] --END-- [ RunTime:0.000797s ]
INFO: [ app_begin ] --START--
INFO: Run Behavior\ReadHtmlCacheBehavior [ RunTime:0.001003s ]
INFO: [ app_begin ] --END-- [ RunTime:0.001215s ]
NOTIC: [8] Undefined index: access_token E:\tongbu\wamp\www\ThinkPHP\Library\Org\ThinkSDK\sdk\RenrenSDK.class.php 第 80 行.
ERR: 获取人人网ACCESS_TOKEN出错：Invalid authorization code: KUIqMAtBzZTTfi6V38w82rLTYKQU5O7W

[ 2015-05-24T19:18:34+08:00 ] 127.0.0.1 /index.php/Api/Index/oauth/type/renren?code=3rbBcyEO3wrGTA35neerLhf7yZQdxUIZ
INFO: [ app_init ] --START--
INFO: Run Behavior\BuildLiteBehavior [ RunTime:0.000023s ]
INFO: [ app_init ] --END-- [ RunTime:0.000448s ]
INFO: [ app_begin ] --START--
INFO: Run Behavior\ReadHtmlCacheBehavior [ RunTime:0.000609s ]
INFO: [ app_begin ] --END-- [ RunTime:0.000708s ]

[ 2015-05-24T19:24:49+08:00 ] 127.0.0.1 /index.php/Api/Index/oauth/type/renren?code=BsfBZw84HtTknzRCv2mO6otuMFYt9srW
INFO: [ app_init ] --START--
INFO: Run Behavior\BuildLiteBehavior [ RunTime:0.000028s ]
INFO: [ app_init ] --END-- [ RunTime:0.000716s ]
INFO: [ app_begin ] --START--
INFO: Run Behavior\ReadHtmlCacheBehavior [ RunTime:0.000612s ]
INFO: [ app_begin ] --END-- [ RunTime:0.000738s ]

[ 2015-05-24T19:32:02+08:00 ] 127.0.0.1 /index.php/Api/Index/oauth/type/renren?code=otOU47MXuEi36rfxChqyVqlke8Ze0V1N
INFO: [ app_init ] --START--
INFO: Run Behavior\BuildLiteBehavior [ RunTime:0.000026s ]
INFO: [ app_init ] --END-- [ RunTime:0.000457s ]
INFO: [ app_begin ] --START--
INFO: Run Behavior\ReadHtmlCacheBehavior [ RunTime:0.000795s ]
INFO: [ app_begin ] --END-- [ RunTime:0.000951s ]

[ 2015-05-24T19:32:20+08:00 ] 127.0.0.1 /index.php/Api/Index/oauth/type/renren?code=s7F2Ce7ESkFVHBtFGTxKIMKSLQw1U3mq
INFO: [ app_init ] --START--
INFO: Run Behavior\BuildLiteBehavior [ RunTime:0.000025s ]
INFO: [ app_init ] --END-- [ RunTime:0.000493s ]
INFO: [ app_begin ] --START--
INFO: Run Behavior\ReadHtmlCacheBehavior [ RunTime:0.001104s ]
INFO: [ app_begin ] --END-- [ RunTime:0.001312s ]

[ 2015-05-24T19:32:39+08:00 ] 127.0.0.1 /index.php/Api/Index/oauth/type/renren?code=lyWA5d7nMVIO6HW6C93N5Rf9FWMvUpPQ
INFO: [ app_init ] --START--
INFO: Run Behavior\BuildLiteBehavior [ RunTime:0.000026s ]
INFO: [ app_init ] --END-- [ RunTime:0.000543s ]
INFO: [ app_begin ] --START--
INFO: Run Behavior\ReadHtmlCacheBehavior [ RunTime:0.000518s ]
INFO: [ app_begin ] --END-- [ RunTime:0.000628s ]
INFO: [ app_end ] --START--
INFO: Run Behavior\ShowPageTraceBehavior [ RunTime:0.000882s ]
INFO: [ app_end ] --END-- [ RunTime:0.001028s ]

[ 2015-05-24T19:35:52+08:00 ] 127.0.0.1 /index.php/Api/Index/oauth/type/douban?code=36cff4837a52aa0b
INFO: [ app_init ] --START--
INFO: Run Behavior\BuildLiteBehavior [ RunTime:0.000029s ]
INFO: [ app_init ] --END-- [ RunTime:0.000703s ]
INFO: [ app_begin ] --START--
INFO: Run Behavior\ReadHtmlCacheBehavior [ RunTime:0.000746s ]
INFO: [ app_begin ] --END-- [ RunTime:0.000879s ]
INFO: [ app_end ] --START--
INFO: Run Behavior\ShowPageTraceBehavior [ RunTime:0.001043s ]
INFO: [ app_end ] --END-- [ RunTime:0.001275s ]

[ 2015-05-24T19:35:59+08:00 ] 127.0.0.1 /index.php/Api/Index/oauth/type/douban?code=b209771cb89bd902
INFO: [ app_init ] --START--
INFO: Run Behavior\BuildLiteBehavior [ RunTime:0.000039s ]
INFO: [ app_init ] --END-- [ RunTime:0.000633s ]
INFO: [ app_begin ] --START--
INFO: Run Behavior\ReadHtmlCacheBehavior [ RunTime:0.000762s ]
INFO: [ app_begin ] --END-- [ RunTime:0.000925s ]
INFO: [ app_end ] --START--
INFO: Run Behavior\ShowPageTraceBehavior [ RunTime:0.000921s ]
INFO: [ app_end ] --END-- [ RunTime:0.001064s ]

[ 2015-05-24T19:36:09+08:00 ] 127.0.0.1 /index.php/Api/Index/oauth/type/douban?code=68df596f95eb9e3c
INFO: [ app_init ] --START--
INFO: Run Behavior\BuildLiteBehavior [ RunTime:0.000048s ]
INFO: [ app_init ] --END-- [ RunTime:0.000766s ]
INFO: [ app_begin ] --START--
INFO: Run Behavior\ReadHtmlCacheBehavior [ RunTime:0.000775s ]
INFO: [ app_begin ] --END-- [ RunTime:0.000924s ]
INFO: [ app_end ] --START--
INFO: Run Behavior\ShowPageTraceBehavior [ RunTime:0.002026s ]
INFO: [ app_end ] --END-- [ RunTime:0.002409s ]

[ 2015-05-24T19:48:20+08:00 ] 127.0.0.1 /index.php/Api/Index/oauth/type/sina?code=8658c5fa68f071b3ea2eba65201398cf
INFO: [ app_init ] --START--
INFO: Run Behavior\BuildLiteBehavior [ RunTime:0.000029s ]
INFO: [ app_init ] --END-- [ RunTime:0.000571s ]
INFO: [ app_begin ] --START--
INFO: Run Behavior\ReadHtmlCacheBehavior [ RunTime:0.000890s ]
INFO: [ app_begin ] --END-- [ RunTime:0.001160s ]
NOTIC: [8] Undefined index: error_code E:\tongbu\wamp\www\Application\Api\Controller\IndexController.class.php 第 77 行.
INFO: [ app_end ] --START--
INFO: Run Behavior\ShowPageTraceBehavior [ RunTime:0.001387s ]
INFO: [ app_end ] --END-- [ RunTime:0.001612s ]

[ 2015-05-24T21:49:37+08:00 ] 127.0.0.1 /index.php/Api/Index/oauth/type/sina?code=eb53e9bb77ff282cd9d9446c87db717e
INFO: [ app_init ] --START--
INFO: Run Behavior\BuildLiteBehavior [ RunTime:0.000027s ]
INFO: [ app_init ] --END-- [ RunTime:0.000672s ]
INFO: [ app_begin ] --START--
INFO: Run Behavior\ReadHtmlCacheBehavior [ RunTime:0.000505s ]
INFO: [ app_begin ] --END-- [ RunTime:0.000641s ]
NOTIC: [8] Undefined index: error_code E:\tongbu\wamp\www\Application\Api\Controller\IndexController.class.php 第 77 行.
INFO: [ app_end ] --START--
INFO: Run Behavior\ShowPageTraceBehavior [ RunTime:0.000876s ]
INFO: [ app_end ] --END-- [ RunTime:0.001034s ]

[ 2015-05-24T22:23:36+08:00 ] 127.0.0.1 /index.php/Api/Index/oauth/type/sina?code=bbf81939dc156d76dc21b71cbed1a881
INFO: [ app_init ] --START--
INFO: Run Behavior\BuildLiteBehavior [ RunTime:0.000025s ]
INFO: [ app_init ] --END-- [ RunTime:0.000527s ]
INFO: [ app_begin ] --START--
INFO: Run Behavior\ReadHtmlCacheBehavior [ RunTime:0.000894s ]
INFO: [ app_begin ] --END-- [ RunTime:0.001035s ]

[ 2015-05-24T22:24:21+08:00 ] 127.0.0.1 /index.php/Api/Index/oauth/type/sina?code=49d2022fd3689e39bbb9d188eef6fea1
INFO: [ app_init ] --START--
INFO: Run Behavior\BuildLiteBehavior [ RunTime:0.000025s ]
INFO: [ app_init ] --END-- [ RunTime:0.000481s ]
INFO: [ app_begin ] --START--
INFO: Run Behavior\ReadHtmlCacheBehavior [ RunTime:0.073660s ]
INFO: [ app_begin ] --END-- [ RunTime:0.073823s ]
NOTIC: [8] Undefined index: error_code E:\tongbu\wamp\www\Application\Api\Controller\IndexController.class.php 第 88 行.
NOTIC: [8] Undefined variable: userInfo E:\tongbu\wamp\www\Application\Api\Controller\IndexController.class.php 第 27 行.
NOTIC: [8] Undefined variable: username E:\tongbu\wamp\www\Application\Api\Controller\IndexController.class.php 第 28 行.
NOTIC: [8] Undefined variable: username E:\tongbu\wamp\www\Application\Api\Controller\IndexController.class.php 第 29 行.
SQL: SHOW COLUMNS FROM `bjy_oauth_user` [ RunTime:0.0050s ]
SQL: SELECT * FROM `bjy_oauth_user` WHERE `openid` = '2200115337' LIMIT 1   [ RunTime:0.0004s ]
SQL: INSERT INTO `bjy_oauth_user` (`uid`,`openid`,`access_token`,`create_time`,`last_login_time`,`last_login_ip`,`login_times`,`status`) VALUES ('0','2200115337','2.00PV9t5C053d_n6c6fc3272405_AnS','1432477461','1432477461','127.0.0.1','1','1') [ RunTime:0.0980s ]
INFO: [ view_parse ] --START--
INFO: [ template_filter ] --START--
INFO: Run Behavior\ContentReplaceBehavior [ RunTime:0.000093s ]
INFO: [ template_filter ] --END-- [ RunTime:0.000218s ]
INFO: Run Behavior\ParseTemplateBehavior [ RunTime:0.037834s ]
INFO: [ view_parse ] --END-- [ RunTime:0.038041s ]
INFO: [ view_filter ] --START--
INFO: Run Behavior\WriteHtmlCacheBehavior [ RunTime:0.000475s ]
INFO: [ view_filter ] --END-- [ RunTime:0.000573s ]
INFO: [ app_end ] --START--
INFO: Run Behavior\ShowPageTraceBehavior [ RunTime:0.000677s ]
INFO: [ app_end ] --END-- [ RunTime:0.000798s ]

[ 2015-05-24T22:28:12+08:00 ] 127.0.0.1 /index.php/Api/Index/oauth/type/sina?code=ba0a6d8b28790b896219014602d87bc0
INFO: [ app_init ] --START--
INFO: Run Behavior\BuildLiteBehavior [ RunTime:0.000026s ]
INFO: [ app_init ] --END-- [ RunTime:0.000536s ]
INFO: [ app_begin ] --START--
INFO: Run Behavior\ReadHtmlCacheBehavior [ RunTime:0.000518s ]
INFO: [ app_begin ] --END-- [ RunTime:0.000625s ]
NOTIC: [8] Undefined index: error_code E:\tongbu\wamp\www\Application\Api\Controller\IndexController.class.php 第 88 行.
NOTIC: [8] Undefined index: nickname E:\tongbu\wamp\www\Application\Api\Controller\IndexController.class.php 第 28 行.
SQL: SHOW COLUMNS FROM `bjy_oauth_user` [ RunTime:0.0036s ]
SQL: SELECT * FROM `bjy_oauth_user` WHERE `openid` = '2200115337' LIMIT 1   [ RunTime:0.0003s ]
SQL: UPDATE `bjy_oauth_user` SET `uid`='0',`type`='2',`head_img`='http://tp2.sinaimg.cn/2200115337/180/0/1',`openid`='2200115337',`access_token`='2.00PV9t5C053d_n6c6fc3272405_AnS',`last_login_time`='1432477692',`last_login_ip`='127.0.0.1',`login_times`=login_times+1 WHERE `openid` = '2200115337' [ RunTime:0.1176s ]
SQL: SELECT `id` FROM `bjy_oauth_user` WHERE `openid` = '2200115337' LIMIT 1   [ RunTime:0.0003s ]
INFO: [ view_parse ] --START--
INFO: [ template_filter ] --START--
INFO: Run Behavior\ContentReplaceBehavior [ RunTime:0.000082s ]
INFO: [ template_filter ] --END-- [ RunTime:0.000193s ]
INFO: Run Behavior\ParseTemplateBehavior [ RunTime:0.009171s ]
INFO: [ view_parse ] --END-- [ RunTime:0.009387s ]
INFO: [ view_filter ] --START--
INFO: Run Behavior\WriteHtmlCacheBehavior [ RunTime:0.000840s ]
INFO: [ view_filter ] --END-- [ RunTime:0.001135s ]
INFO: [ app_end ] --START--
INFO: Run Behavior\ShowPageTraceBehavior [ RunTime:0.001095s ]
INFO: [ app_end ] --END-- [ RunTime:0.001271s ]

[ 2015-05-24T22:29:35+08:00 ] 127.0.0.1 /index.php/Api/Index/oauth/type/sina?code=a4a7831367a36ba85c541761bc5e5d53
INFO: [ app_init ] --START--
INFO: Run Behavior\BuildLiteBehavior [ RunTime:0.000025s ]
INFO: [ app_init ] --END-- [ RunTime:0.000459s ]
INFO: [ app_begin ] --START--
INFO: Run Behavior\ReadHtmlCacheBehavior [ RunTime:0.000721s ]
INFO: [ app_begin ] --END-- [ RunTime:0.000982s ]

[ 2015-05-24T23:18:25+08:00 ] 127.0.0.1 /index.php/Api/Index/oauth/type/sina?code=383fda8cc9a12e3a476826d5edcf49cd
INFO: [ app_init ] --START--
INFO: Run Behavior\BuildLiteBehavior [ RunTime:0.000029s ]
INFO: [ app_init ] --END-- [ RunTime:0.000575s ]
INFO: [ app_begin ] --START--
INFO: Run Behavior\ReadHtmlCacheBehavior [ RunTime:0.000711s ]
INFO: [ app_begin ] --END-- [ RunTime:0.000845s ]
NOTIC: [8] Undefined index: error_code E:\tongbu\wamp\www\Application\Api\Controller\IndexController.class.php 第 87 行.
NOTIC: [8] Undefined index: nickname E:\tongbu\wamp\www\Application\Api\Controller\IndexController.class.php 第 28 行.
SQL: SHOW COLUMNS FROM `bjy_oauth_user` [ RunTime:0.0050s ]
SQL: SELECT * FROM `bjy_oauth_user` WHERE `openid` = '2200115337' LIMIT 1   [ RunTime:0.0005s ]
SQL: UPDATE `bjy_oauth_user` SET `uid`='0',`type`='2',`head_img`='http://tp2.sinaimg.cn/2200115337/180/0/1',`openid`='2200115337',`access_token`='2.00PV9t5C053d_n6c6fc3272405_AnS',`last_login_time`='1432480705',`last_login_ip`='127.0.0.1',`login_times`=login_times+1 WHERE `openid` = '2200115337' [ RunTime:0.0846s ]
SQL: SELECT `id` FROM `bjy_oauth_user` WHERE `openid` = '2200115337' LIMIT 1   [ RunTime:0.0004s ]
INFO: [ view_parse ] --START--
INFO: [ template_filter ] --START--
INFO: Run Behavior\ContentReplaceBehavior [ RunTime:0.000159s ]
INFO: [ template_filter ] --END-- [ RunTime:0.000368s ]
INFO: Run Behavior\ParseTemplateBehavior [ RunTime:0.047587s ]
INFO: [ view_parse ] --END-- [ RunTime:0.047820s ]
INFO: [ view_filter ] --START--
INFO: Run Behavior\WriteHtmlCacheBehavior [ RunTime:0.000531s ]
INFO: [ view_filter ] --END-- [ RunTime:0.000672s ]
INFO: [ app_end ] --START--
INFO: Run Behavior\ShowPageTraceBehavior [ RunTime:0.000957s ]
INFO: [ app_end ] --END-- [ RunTime:0.001100s ]

[ 2015-05-24T23:18:59+08:00 ] 127.0.0.1 /index.php/Api/Index/oauth/type/sina?code=fa0759d324d02db0a913c192b091e5e5
INFO: [ app_init ] --START--
INFO: Run Behavior\BuildLiteBehavior [ RunTime:0.000028s ]
INFO: [ app_init ] --END-- [ RunTime:0.000535s ]
INFO: [ app_begin ] --START--
INFO: Run Behavior\ReadHtmlCacheBehavior [ RunTime:0.000649s ]
INFO: [ app_begin ] --END-- [ RunTime:0.000771s ]
NOTIC: [8] Undefined index: error_code E:\tongbu\wamp\www\Application\Api\Controller\IndexController.class.php 第 87 行.
SQL: SHOW COLUMNS FROM `bjy_oauth_user` [ RunTime:0.0040s ]
SQL: SELECT * FROM `bjy_oauth_user` WHERE `openid` = '2200115337' LIMIT 1   [ RunTime:0.0011s ]
SQL: UPDATE `bjy_oauth_user` SET `uid`='0',`type`='2',`nickname`='白俊遥',`head_img`='http://tp2.sinaimg.cn/2200115337/180/0/1',`openid`='2200115337',`access_token`='2.00PV9t5C053d_n6c6fc3272405_AnS',`last_login_time`='1432480739',`last_login_ip`='127.0.0.1',`login_times`=login_times+1 WHERE `openid` = '2200115337' [ RunTime:0.1482s ]
SQL: SELECT `id` FROM `bjy_oauth_user` WHERE `openid` = '2200115337' LIMIT 1   [ RunTime:0.0008s ]
INFO: [ view_parse ] --START--
INFO: [ template_filter ] --START--
INFO: Run Behavior\ContentReplaceBehavior [ RunTime:0.000128s ]
INFO: [ template_filter ] --END-- [ RunTime:0.000255s ]
INFO: Run Behavior\ParseTemplateBehavior [ RunTime:0.009129s ]
INFO: [ view_parse ] --END-- [ RunTime:0.009298s ]
INFO: [ view_filter ] --START--
INFO: Run Behavior\WriteHtmlCacheBehavior [ RunTime:0.000473s ]
INFO: [ view_filter ] --END-- [ RunTime:0.000583s ]
INFO: [ app_end ] --START--
INFO: Run Behavior\ShowPageTraceBehavior [ RunTime:0.000749s ]
INFO: [ app_end ] --END-- [ RunTime:0.000912s ]

[ 2015-05-24T23:19:32+08:00 ] 127.0.0.1 /index.php/Api/Index/oauth/type/douban?code=facaca7d0ce38701
INFO: [ app_init ] --START--
INFO: Run Behavior\BuildLiteBehavior [ RunTime:0.000034s ]
INFO: [ app_init ] --END-- [ RunTime:0.000701s ]
INFO: [ app_begin ] --START--
INFO: Run Behavior\ReadHtmlCacheBehavior [ RunTime:0.000851s ]
INFO: [ app_begin ] --END-- [ RunTime:0.000995s ]
SQL: SHOW COLUMNS FROM `bjy_oauth_user` [ RunTime:0.0626s ]
SQL: SELECT * FROM `bjy_oauth_user` WHERE `openid` = '126813838' LIMIT 1   [ RunTime:0.0004s ]
SQL: INSERT INTO `bjy_oauth_user` (`uid`,`type`,`nickname`,`head_img`,`openid`,`access_token`,`create_time`,`last_login_time`,`last_login_ip`,`login_times`,`status`) VALUES ('0','3','帅白123','http://img3.douban.com/icon/user_normal.jpg','126813838','32c98c65fe6a4e89985ca531fb3eeb9b','1432480772','1432480772','127.0.0.1','1','1') [ RunTime:0.1255s ]
INFO: [ view_parse ] --START--
INFO: [ template_filter ] --START--
INFO: Run Behavior\ContentReplaceBehavior [ RunTime:0.000104s ]
INFO: [ template_filter ] --END-- [ RunTime:0.000248s ]
INFO: Run Behavior\ParseTemplateBehavior [ RunTime:0.010649s ]
INFO: [ view_parse ] --END-- [ RunTime:0.010802s ]
INFO: [ view_filter ] --START--
INFO: Run Behavior\WriteHtmlCacheBehavior [ RunTime:0.000499s ]
INFO: [ view_filter ] --END-- [ RunTime:0.000613s ]
INFO: [ app_end ] --START--
INFO: Run Behavior\ShowPageTraceBehavior [ RunTime:0.000709s ]
INFO: [ app_end ] --END-- [ RunTime:0.000820s ]

[ 2015-05-24T23:19:44+08:00 ] 127.0.0.1 /index.php/Api/Index/oauth/type/renren?code=ZHvynxEK9MCkPD6Y03K0NLvFovzzPady
INFO: [ app_init ] --START--
INFO: Run Behavior\BuildLiteBehavior [ RunTime:0.000042s ]
INFO: [ app_init ] --END-- [ RunTime:0.000593s ]
INFO: [ app_begin ] --START--
INFO: Run Behavior\ReadHtmlCacheBehavior [ RunTime:0.000810s ]
INFO: [ app_begin ] --END-- [ RunTime:0.000998s ]
SQL: SHOW COLUMNS FROM `bjy_oauth_user` [ RunTime:0.0047s ]
SQL: SELECT * FROM `bjy_oauth_user` WHERE `openid` = 364815723 LIMIT 1   [ RunTime:0.0707s ]
SQL: INSERT INTO `bjy_oauth_user` (`uid`,`type`,`nickname`,`head_img`,`openid`,`access_token`,`create_time`,`last_login_time`,`last_login_ip`,`login_times`,`status`) VALUES ('0','4','白俊遥','http://hdn.xnimg.cn/photos/hdn421/20150524/1905/original_08qL_53d90003d0b71986.jpg','364815723','476556|6.24150791d680e3733da6a0a5fd0bf0a6.2592000.1435075200-364815723','1432480784','1432480784','127.0.0.1','1','1') [ RunTime:0.1334s ]
INFO: [ view_parse ] --START--
INFO: [ template_filter ] --START--
INFO: Run Behavior\ContentReplaceBehavior [ RunTime:0.000098s ]
INFO: [ template_filter ] --END-- [ RunTime:0.000225s ]
INFO: Run Behavior\ParseTemplateBehavior [ RunTime:0.028495s ]
INFO: [ view_parse ] --END-- [ RunTime:0.028648s ]
INFO: [ view_filter ] --START--
INFO: Run Behavior\WriteHtmlCacheBehavior [ RunTime:0.000419s ]
INFO: [ view_filter ] --END-- [ RunTime:0.000540s ]
INFO: [ app_end ] --START--
INFO: Run Behavior\ShowPageTraceBehavior [ RunTime:0.000634s ]
INFO: [ app_end ] --END-- [ RunTime:0.000745s ]

[ 2015-05-24T23:22:31+08:00 ] 127.0.0.1 /index.php/Api/Index/oauth/type/sina?code=3b3384cb1e79f316718faceb752bf247
INFO: [ app_init ] --START--
INFO: Run Behavior\BuildLiteBehavior [ RunTime:0.000029s ]
INFO: [ app_init ] --END-- [ RunTime:0.000580s ]
INFO: [ app_begin ] --START--
INFO: Run Behavior\ReadHtmlCacheBehavior [ RunTime:0.000673s ]
INFO: [ app_begin ] --END-- [ RunTime:0.000857s ]
NOTIC: [8] Undefined index: error_code E:\tongbu\wamp\www\Application\Api\Controller\IndexController.class.php 第 87 行.
SQL: SHOW COLUMNS FROM `bjy_oauth_user` [ RunTime:0.0048s ]
SQL: SELECT * FROM `bjy_oauth_user` WHERE `openid` = '2200115337' LIMIT 1   [ RunTime:0.0148s ]
SQL: UPDATE `bjy_oauth_user` SET `uid`='0',`type`='2',`nickname`='白俊遥',`head_img`='http://tp2.sinaimg.cn/2200115337/180/0/1',`openid`='2200115337',`access_token`='2.00PV9t5C053d_n6c6fc3272405_AnS',`last_login_time`='1432480951',`last_login_ip`='127.0.0.1',`login_times`=login_times+1 WHERE `openid` = '2200115337' [ RunTime:0.0661s ]
SQL: SELECT `id` FROM `bjy_oauth_user` WHERE `openid` = '2200115337' LIMIT 1   [ RunTime:0.0004s ]
INFO: [ view_parse ] --START--
INFO: [ template_filter ] --START--
INFO: Run Behavior\ContentReplaceBehavior [ RunTime:0.000122s ]
INFO: [ template_filter ] --END-- [ RunTime:0.000277s ]
INFO: Run Behavior\ParseTemplateBehavior [ RunTime:0.009653s ]
INFO: [ view_parse ] --END-- [ RunTime:0.009873s ]
INFO: [ view_filter ] --START--
INFO: Run Behavior\WriteHtmlCacheBehavior [ RunTime:0.000641s ]
INFO: [ view_filter ] --END-- [ RunTime:0.000811s ]
INFO: [ app_end ] --START--
INFO: Run Behavior\ShowPageTraceBehavior [ RunTime:0.001031s ]
INFO: [ app_end ] --END-- [ RunTime:0.001188s ]

[ 2015-05-24T23:22:55+08:00 ] 127.0.0.1 /index.php/Api/Index/oauth/type/douban?code=38b32728476362a0
INFO: [ app_init ] --START--
INFO: Run Behavior\BuildLiteBehavior [ RunTime:0.000031s ]
INFO: [ app_init ] --END-- [ RunTime:0.000524s ]
INFO: [ app_begin ] --START--
INFO: Run Behavior\ReadHtmlCacheBehavior [ RunTime:0.001070s ]
INFO: [ app_begin ] --END-- [ RunTime:0.001295s ]
SQL: SHOW COLUMNS FROM `bjy_oauth_user` [ RunTime:0.0064s ]
SQL: SELECT * FROM `bjy_oauth_user` WHERE `openid` = '126813838' LIMIT 1   [ RunTime:0.0005s ]
SQL: UPDATE `bjy_oauth_user` SET `uid`='0',`type`='3',`nickname`='帅白123',`head_img`='http://img3.douban.com/icon/user_normal.jpg',`openid`='126813838',`access_token`='db7ddf46d514cf6f92799dd47f3e6e4d',`last_login_time`='1432480975',`last_login_ip`='127.0.0.1',`login_times`=login_times+1 WHERE `openid` = '126813838' [ RunTime:0.1051s ]
SQL: SELECT `id` FROM `bjy_oauth_user` WHERE `openid` = '126813838' LIMIT 1   [ RunTime:0.0003s ]
INFO: [ view_parse ] --START--
INFO: [ template_filter ] --START--
INFO: Run Behavior\ContentReplaceBehavior [ RunTime:0.000106s ]
INFO: [ template_filter ] --END-- [ RunTime:0.000237s ]
INFO: Run Behavior\ParseTemplateBehavior [ RunTime:0.009549s ]
INFO: [ view_parse ] --END-- [ RunTime:0.009809s ]
INFO: [ view_filter ] --START--
INFO: Run Behavior\WriteHtmlCacheBehavior [ RunTime:0.000772s ]
INFO: [ view_filter ] --END-- [ RunTime:0.000970s ]
INFO: [ app_end ] --START--
INFO: Run Behavior\ShowPageTraceBehavior [ RunTime:0.001094s ]
INFO: [ app_end ] --END-- [ RunTime:0.001357s ]

[ 2015-05-24T23:31:57+08:00 ] 127.0.0.1 /index.php/Api/Index/oauth/type/renren?code=1Sq6rFYw5KB3Hp5ELq86tSJe4evhzsb7
INFO: [ app_init ] --START--
INFO: Run Behavior\BuildLiteBehavior [ RunTime:0.000030s ]
INFO: [ app_init ] --END-- [ RunTime:0.000744s ]
INFO: [ app_begin ] --START--
INFO: Run Behavior\ReadHtmlCacheBehavior [ RunTime:0.000940s ]
INFO: [ app_begin ] --END-- [ RunTime:0.001155s ]
SQL: SHOW COLUMNS FROM `bjy_oauth_user` [ RunTime:0.0051s ]
SQL: SELECT * FROM `bjy_oauth_user` WHERE `openid` = 364815723 LIMIT 1   [ RunTime:0.0006s ]
SQL: UPDATE `bjy_oauth_user` SET `uid`='0',`type`='4',`nickname`='白俊遥',`head_img`='http://hdn.xnimg.cn/photos/hdn421/20150524/1905/original_08qL_53d90003d0b71986.jpg',`openid`='364815723',`access_token`='476556|6.24150791d680e3733da6a0a5fd0bf0a6.2592000.1435075200-364815723',`last_login_time`='1432481517',`last_login_ip`='127.0.0.1',`login_times`=login_times+1 WHERE `openid` = 364815723 [ RunTime:0.0691s ]
SQL: SELECT `id` FROM `bjy_oauth_user` WHERE `openid` = 364815723 LIMIT 1   [ RunTime:0.0004s ]
INFO: [ view_parse ] --START--
INFO: [ template_filter ] --START--
INFO: Run Behavior\ContentReplaceBehavior [ RunTime:0.000095s ]
INFO: [ template_filter ] --END-- [ RunTime:0.000228s ]
INFO: Run Behavior\ParseTemplateBehavior [ RunTime:0.009029s ]
INFO: [ view_parse ] --END-- [ RunTime:0.009206s ]
INFO: [ view_filter ] --START--
INFO: Run Behavior\WriteHtmlCacheBehavior [ RunTime:0.000552s ]
INFO: [ view_filter ] --END-- [ RunTime:0.000704s ]
INFO: [ app_end ] --START--
INFO: Run Behavior\ShowPageTraceBehavior [ RunTime:0.001012s ]
INFO: [ app_end ] --END-- [ RunTime:0.001182s ]

[ 2015-05-24T23:54:11+08:00 ] 127.0.0.1 /index.php/Api/Index/oauth/type/renren?code=6CpESFHL7kefcuaKbu0bZkULJEk9lntW
INFO: [ app_init ] --START--
INFO: Run Behavior\BuildLiteBehavior [ RunTime:0.000028s ]
INFO: [ app_init ] --END-- [ RunTime:0.000676s ]
INFO: [ app_begin ] --START--
INFO: Run Behavior\ReadHtmlCacheBehavior [ RunTime:0.000781s ]
INFO: [ app_begin ] --END-- [ RunTime:0.000946s ]
SQL: SHOW COLUMNS FROM `bjy_oauth_user` [ RunTime:0.0054s ]
SQL: SELECT * FROM `bjy_oauth_user` WHERE `openid` = 364815723 LIMIT 1   [ RunTime:0.0004s ]
SQL: UPDATE `bjy_oauth_user` SET `uid`='0',`type`='4',`nickname`='白俊遥',`head_img`='http://hdn.xnimg.cn/photos/hdn421/20150524/1905/original_08qL_53d90003d0b71986.jpg',`openid`='364815723',`access_token`='476556|6.24150791d680e3733da6a0a5fd0bf0a6.2592000.1435075200-364815723',`last_login_time`='1432482851',`last_login_ip`='127.0.0.1',`login_times`=login_times+1 WHERE `openid` = 364815723 [ RunTime:0.1026s ]
SQL: SELECT `id` FROM `bjy_oauth_user` WHERE `openid` = 364815723 LIMIT 1   [ RunTime:0.0003s ]
INFO: [ view_parse ] --START--
INFO: [ template_filter ] --START--
INFO: Run Behavior\ContentReplaceBehavior [ RunTime:0.000097s ]
INFO: [ template_filter ] --END-- [ RunTime:0.000242s ]
INFO: Run Behavior\ParseTemplateBehavior [ RunTime:0.010371s ]
INFO: [ view_parse ] --END-- [ RunTime:0.010558s ]
INFO: [ view_filter ] --START--
INFO: Run Behavior\WriteHtmlCacheBehavior [ RunTime:0.000450s ]
INFO: [ view_filter ] --END-- [ RunTime:0.000589s ]
INFO: [ app_end ] --START--
INFO: Run Behavior\ShowPageTraceBehavior [ RunTime:0.000876s ]
INFO: [ app_end ] --END-- [ RunTime:0.000996s ]

