[ 2015-09-27T16:07:42+08:00 ] 127.0.0.1 /index.php/Api/Index/oauth/type/qq?code=41060A575380BBA469BA582F4902F79A
INFO: [ app_init ] --START--
INFO: Run Behavior\BuildLiteBehavior [ RunTime:0.000050s ]
INFO: [ app_init ] --END-- [ RunTime:0.000814s ]
INFO: [ app_begin ] --START--
INFO: Run Behavior\ReadHtmlCacheBehavior [ RunTime:0.000967s ]
INFO: [ app_begin ] --END-- [ RunTime:0.001203s ]
SQL: SHOW COLUMNS FROM `bjy_category` [ RunTime:0.0058s ]
SQL: SELECT * FROM `bjy_category` ORDER BY sort  [ RunTime:0.0005s ]
SQL: SHOW COLUMNS FROM `bjy_tag` [ RunTime:0.0060s ]
SQL: SELECT * FROM `bjy_tag`  [ RunTime:0.0005s ]
SQL: SHOW COLUMNS FROM `bjy_link` [ RunTime:0.0056s ]
SQL: SELECT * FROM `bjy_link` WHERE `is_delete` = 0 AND `is_show` = 1 ORDER BY sort  [ RunTime:0.0005s ]
NOTIC: [8] Use of undefined constant CURLOPT_TIMEOUT - assumed 'CURLOPT_TIMEOUT' E:\tongbu\wamp\www\ThinkPHP\Library\Org\ThinkSDK\ThinkOauth.class.php 第 209 行.
NOTIC: [8] Use of undefined constant CURLOPT_RETURNTRANSFER - assumed 'CURLOPT_RETURNTRANSFER' E:\tongbu\wamp\www\ThinkPHP\Library\Org\ThinkSDK\ThinkOauth.class.php 第 210 行.
NOTIC: [8] Use of undefined constant CURLOPT_SSL_VERIFYPEER - assumed 'CURLOPT_SSL_VERIFYPEER' E:\tongbu\wamp\www\ThinkPHP\Library\Org\ThinkSDK\ThinkOauth.class.php 第 211 行.
NOTIC: [8] Use of undefined constant CURLOPT_SSL_VERIFYHOST - assumed 'CURLOPT_SSL_VERIFYHOST' E:\tongbu\wamp\www\ThinkPHP\Library\Org\ThinkSDK\ThinkOauth.class.php 第 212 行.
NOTIC: [8] Use of undefined constant CURLOPT_HTTPHEADER - assumed 'CURLOPT_HTTPHEADER' E:\tongbu\wamp\www\ThinkPHP\Library\Org\ThinkSDK\ThinkOauth.class.php 第 213 行.
NOTIC: [8] Use of undefined constant CURLOPT_URL - assumed 'CURLOPT_URL' E:\tongbu\wamp\www\ThinkPHP\Library\Org\ThinkSDK\ThinkOauth.class.php 第 224 行.
NOTIC: [8] Use of undefined constant CURLOPT_POST - assumed 'CURLOPT_POST' E:\tongbu\wamp\www\ThinkPHP\Library\Org\ThinkSDK\ThinkOauth.class.php 第 225 行.
NOTIC: [8] Use of undefined constant CURLOPT_POSTFIELDS - assumed 'CURLOPT_POSTFIELDS' E:\tongbu\wamp\www\ThinkPHP\Library\Org\ThinkSDK\ThinkOauth.class.php 第 226 行.

[ 2015-09-27T16:11:18+08:00 ] 127.0.0.1 /index.php/Api/Index/oauth/type/qq?code=41060A575380BBA469BA582F4902F79A
INFO: [ app_init ] --START--
INFO: Run Behavior\BuildLiteBehavior [ RunTime:0.000038s ]
INFO: [ app_init ] --END-- [ RunTime:0.000757s ]
INFO: [ app_begin ] --START--
INFO: Run Behavior\ReadHtmlCacheBehavior [ RunTime:0.001052s ]
INFO: [ app_begin ] --END-- [ RunTime:0.001233s ]
SQL: SHOW COLUMNS FROM `bjy_category` [ RunTime:0.0274s ]
SQL: SELECT * FROM `bjy_category` ORDER BY sort  [ RunTime:0.0006s ]
SQL: SHOW COLUMNS FROM `bjy_tag` [ RunTime:0.0126s ]
SQL: SELECT * FROM `bjy_tag`  [ RunTime:0.0004s ]
SQL: SHOW COLUMNS FROM `bjy_link` [ RunTime:0.0052s ]
SQL: SELECT * FROM `bjy_link` WHERE `is_delete` = 0 AND `is_show` = 1 ORDER BY sort  [ RunTime:0.0005s ]
NOTIC: [8] Use of undefined constant CURLOPT_TIMEOUT - assumed 'CURLOPT_TIMEOUT' E:\tongbu\wamp\www\ThinkPHP\Library\Org\ThinkSDK\ThinkOauth.class.php 第 209 行.
NOTIC: [8] Use of undefined constant CURLOPT_RETURNTRANSFER - assumed 'CURLOPT_RETURNTRANSFER' E:\tongbu\wamp\www\ThinkPHP\Library\Org\ThinkSDK\ThinkOauth.class.php 第 210 行.
NOTIC: [8] Use of undefined constant CURLOPT_SSL_VERIFYPEER - assumed 'CURLOPT_SSL_VERIFYPEER' E:\tongbu\wamp\www\ThinkPHP\Library\Org\ThinkSDK\ThinkOauth.class.php 第 211 行.
NOTIC: [8] Use of undefined constant CURLOPT_SSL_VERIFYHOST - assumed 'CURLOPT_SSL_VERIFYHOST' E:\tongbu\wamp\www\ThinkPHP\Library\Org\ThinkSDK\ThinkOauth.class.php 第 212 行.
NOTIC: [8] Use of undefined constant CURLOPT_HTTPHEADER - assumed 'CURLOPT_HTTPHEADER' E:\tongbu\wamp\www\ThinkPHP\Library\Org\ThinkSDK\ThinkOauth.class.php 第 213 行.
NOTIC: [8] Use of undefined constant CURLOPT_URL - assumed 'CURLOPT_URL' E:\tongbu\wamp\www\ThinkPHP\Library\Org\ThinkSDK\ThinkOauth.class.php 第 224 行.
NOTIC: [8] Use of undefined constant CURLOPT_POST - assumed 'CURLOPT_POST' E:\tongbu\wamp\www\ThinkPHP\Library\Org\ThinkSDK\ThinkOauth.class.php 第 225 行.
NOTIC: [8] Use of undefined constant CURLOPT_POSTFIELDS - assumed 'CURLOPT_POSTFIELDS' E:\tongbu\wamp\www\ThinkPHP\Library\Org\ThinkSDK\ThinkOauth.class.php 第 226 行.

[ 2015-09-27T16:11:19+08:00 ] 127.0.0.1 /index.php/Api/Index/oauth/type/qq?code=41060A575380BBA469BA582F4902F79A
INFO: [ app_init ] --START--
INFO: Run Behavior\BuildLiteBehavior [ RunTime:0.000070s ]
INFO: [ app_init ] --END-- [ RunTime:0.000827s ]
INFO: [ app_begin ] --START--
INFO: Run Behavior\ReadHtmlCacheBehavior [ RunTime:0.001015s ]
INFO: [ app_begin ] --END-- [ RunTime:0.001251s ]
SQL: SHOW COLUMNS FROM `bjy_category` [ RunTime:0.0055s ]
SQL: SELECT * FROM `bjy_category` ORDER BY sort  [ RunTime:0.0006s ]
SQL: SHOW COLUMNS FROM `bjy_tag` [ RunTime:0.0057s ]
SQL: SELECT * FROM `bjy_tag`  [ RunTime:0.0005s ]
SQL: SHOW COLUMNS FROM `bjy_link` [ RunTime:0.0059s ]
SQL: SELECT * FROM `bjy_link` WHERE `is_delete` = 0 AND `is_show` = 1 ORDER BY sort  [ RunTime:0.0010s ]
NOTIC: [8] Use of undefined constant CURLOPT_TIMEOUT - assumed 'CURLOPT_TIMEOUT' E:\tongbu\wamp\www\ThinkPHP\Library\Org\ThinkSDK\ThinkOauth.class.php 第 209 行.
NOTIC: [8] Use of undefined constant CURLOPT_RETURNTRANSFER - assumed 'CURLOPT_RETURNTRANSFER' E:\tongbu\wamp\www\ThinkPHP\Library\Org\ThinkSDK\ThinkOauth.class.php 第 210 行.
NOTIC: [8] Use of undefined constant CURLOPT_SSL_VERIFYPEER - assumed 'CURLOPT_SSL_VERIFYPEER' E:\tongbu\wamp\www\ThinkPHP\Library\Org\ThinkSDK\ThinkOauth.class.php 第 211 行.
NOTIC: [8] Use of undefined constant CURLOPT_SSL_VERIFYHOST - assumed 'CURLOPT_SSL_VERIFYHOST' E:\tongbu\wamp\www\ThinkPHP\Library\Org\ThinkSDK\ThinkOauth.class.php 第 212 行.
NOTIC: [8] Use of undefined constant CURLOPT_HTTPHEADER - assumed 'CURLOPT_HTTPHEADER' E:\tongbu\wamp\www\ThinkPHP\Library\Org\ThinkSDK\ThinkOauth.class.php 第 213 行.
NOTIC: [8] Use of undefined constant CURLOPT_URL - assumed 'CURLOPT_URL' E:\tongbu\wamp\www\ThinkPHP\Library\Org\ThinkSDK\ThinkOauth.class.php 第 224 行.
NOTIC: [8] Use of undefined constant CURLOPT_POST - assumed 'CURLOPT_POST' E:\tongbu\wamp\www\ThinkPHP\Library\Org\ThinkSDK\ThinkOauth.class.php 第 225 行.
NOTIC: [8] Use of undefined constant CURLOPT_POSTFIELDS - assumed 'CURLOPT_POSTFIELDS' E:\tongbu\wamp\www\ThinkPHP\Library\Org\ThinkSDK\ThinkOauth.class.php 第 226 行.

[ 2015-09-27T16:11:23+08:00 ] 127.0.0.1 /index.php/Api/Index/oauth/type/qq?code=960B4C4970A6A8CE4D3E6865E7A78154
INFO: [ app_init ] --START--
INFO: Run Behavior\BuildLiteBehavior [ RunTime:0.000052s ]
INFO: [ app_init ] --END-- [ RunTime:0.000975s ]
INFO: [ app_begin ] --START--
INFO: Run Behavior\ReadHtmlCacheBehavior [ RunTime:0.000990s ]
INFO: [ app_begin ] --END-- [ RunTime:0.001206s ]
SQL: SHOW COLUMNS FROM `bjy_category` [ RunTime:0.0050s ]
SQL: SELECT * FROM `bjy_category` ORDER BY sort  [ RunTime:0.0005s ]
SQL: SHOW COLUMNS FROM `bjy_tag` [ RunTime:0.0058s ]
SQL: SELECT * FROM `bjy_tag`  [ RunTime:0.0004s ]
SQL: SHOW COLUMNS FROM `bjy_link` [ RunTime:0.0062s ]
SQL: SELECT * FROM `bjy_link` WHERE `is_delete` = 0 AND `is_show` = 1 ORDER BY sort  [ RunTime:0.0007s ]
NOTIC: [8] Use of undefined constant CURLOPT_TIMEOUT - assumed 'CURLOPT_TIMEOUT' E:\tongbu\wamp\www\ThinkPHP\Library\Org\ThinkSDK\ThinkOauth.class.php 第 209 行.
NOTIC: [8] Use of undefined constant CURLOPT_RETURNTRANSFER - assumed 'CURLOPT_RETURNTRANSFER' E:\tongbu\wamp\www\ThinkPHP\Library\Org\ThinkSDK\ThinkOauth.class.php 第 210 行.
NOTIC: [8] Use of undefined constant CURLOPT_SSL_VERIFYPEER - assumed 'CURLOPT_SSL_VERIFYPEER' E:\tongbu\wamp\www\ThinkPHP\Library\Org\ThinkSDK\ThinkOauth.class.php 第 211 行.
NOTIC: [8] Use of undefined constant CURLOPT_SSL_VERIFYHOST - assumed 'CURLOPT_SSL_VERIFYHOST' E:\tongbu\wamp\www\ThinkPHP\Library\Org\ThinkSDK\ThinkOauth.class.php 第 212 行.
NOTIC: [8] Use of undefined constant CURLOPT_HTTPHEADER - assumed 'CURLOPT_HTTPHEADER' E:\tongbu\wamp\www\ThinkPHP\Library\Org\ThinkSDK\ThinkOauth.class.php 第 213 行.
NOTIC: [8] Use of undefined constant CURLOPT_URL - assumed 'CURLOPT_URL' E:\tongbu\wamp\www\ThinkPHP\Library\Org\ThinkSDK\ThinkOauth.class.php 第 224 行.
NOTIC: [8] Use of undefined constant CURLOPT_POST - assumed 'CURLOPT_POST' E:\tongbu\wamp\www\ThinkPHP\Library\Org\ThinkSDK\ThinkOauth.class.php 第 225 行.
NOTIC: [8] Use of undefined constant CURLOPT_POSTFIELDS - assumed 'CURLOPT_POSTFIELDS' E:\tongbu\wamp\www\ThinkPHP\Library\Org\ThinkSDK\ThinkOauth.class.php 第 226 行.

[ 2015-09-27T16:25:38+08:00 ] 127.0.0.1 /index.php/Api/Index/oauth/type/qq?code=960B4C4970A6A8CE4D3E6865E7A78154
INFO: [ app_init ] --START--
INFO: Run Behavior\BuildLiteBehavior [ RunTime:0.000037s ]
INFO: [ app_init ] --END-- [ RunTime:0.000609s ]
INFO: [ app_begin ] --START--
INFO: Run Behavior\ReadHtmlCacheBehavior [ RunTime:0.001040s ]
INFO: [ app_begin ] --END-- [ RunTime:0.001256s ]
SQL: SHOW COLUMNS FROM `bjy_category` [ RunTime:0.0745s ]
SQL: SELECT * FROM `bjy_category` ORDER BY sort  [ RunTime:0.0005s ]
SQL: SHOW COLUMNS FROM `bjy_tag` [ RunTime:0.0060s ]
SQL: SELECT * FROM `bjy_tag`  [ RunTime:0.0004s ]
SQL: SHOW COLUMNS FROM `bjy_link` [ RunTime:0.0056s ]
SQL: SELECT * FROM `bjy_link` WHERE `is_delete` = 0 AND `is_show` = 1 ORDER BY sort  [ RunTime:0.0007s ]
NOTIC: [8] Use of undefined constant CURLOPT_TIMEOUT - assumed 'CURLOPT_TIMEOUT' E:\tongbu\wamp\www\ThinkPHP\Library\Org\ThinkSDK\ThinkOauth.class.php 第 209 行.
NOTIC: [8] Use of undefined constant CURLOPT_RETURNTRANSFER - assumed 'CURLOPT_RETURNTRANSFER' E:\tongbu\wamp\www\ThinkPHP\Library\Org\ThinkSDK\ThinkOauth.class.php 第 210 行.
NOTIC: [8] Use of undefined constant CURLOPT_SSL_VERIFYPEER - assumed 'CURLOPT_SSL_VERIFYPEER' E:\tongbu\wamp\www\ThinkPHP\Library\Org\ThinkSDK\ThinkOauth.class.php 第 211 行.
NOTIC: [8] Use of undefined constant CURLOPT_SSL_VERIFYHOST - assumed 'CURLOPT_SSL_VERIFYHOST' E:\tongbu\wamp\www\ThinkPHP\Library\Org\ThinkSDK\ThinkOauth.class.php 第 212 行.
NOTIC: [8] Use of undefined constant CURLOPT_HTTPHEADER - assumed 'CURLOPT_HTTPHEADER' E:\tongbu\wamp\www\ThinkPHP\Library\Org\ThinkSDK\ThinkOauth.class.php 第 213 行.
NOTIC: [8] Use of undefined constant CURLOPT_URL - assumed 'CURLOPT_URL' E:\tongbu\wamp\www\ThinkPHP\Library\Org\ThinkSDK\ThinkOauth.class.php 第 224 行.
NOTIC: [8] Use of undefined constant CURLOPT_POST - assumed 'CURLOPT_POST' E:\tongbu\wamp\www\ThinkPHP\Library\Org\ThinkSDK\ThinkOauth.class.php 第 225 行.
NOTIC: [8] Use of undefined constant CURLOPT_POSTFIELDS - assumed 'CURLOPT_POSTFIELDS' E:\tongbu\wamp\www\ThinkPHP\Library\Org\ThinkSDK\ThinkOauth.class.php 第 226 行.

[ 2015-09-27T16:25:39+08:00 ] 127.0.0.1 /index.php/Api/Index/oauth/type/qq?code=960B4C4970A6A8CE4D3E6865E7A78154
INFO: [ app_init ] --START--
INFO: Run Behavior\BuildLiteBehavior [ RunTime:0.000031s ]
INFO: [ app_init ] --END-- [ RunTime:0.000484s ]
INFO: [ app_begin ] --START--
INFO: Run Behavior\ReadHtmlCacheBehavior [ RunTime:0.000671s ]
INFO: [ app_begin ] --END-- [ RunTime:0.000829s ]
SQL: SHOW COLUMNS FROM `bjy_category` [ RunTime:0.0045s ]
SQL: SELECT * FROM `bjy_category` ORDER BY sort  [ RunTime:0.0005s ]
SQL: SHOW COLUMNS FROM `bjy_tag` [ RunTime:0.0067s ]
SQL: SELECT * FROM `bjy_tag`  [ RunTime:0.0003s ]
SQL: SHOW COLUMNS FROM `bjy_link` [ RunTime:0.0038s ]
SQL: SELECT * FROM `bjy_link` WHERE `is_delete` = 0 AND `is_show` = 1 ORDER BY sort  [ RunTime:0.0005s ]
NOTIC: [8] Use of undefined constant CURLOPT_TIMEOUT - assumed 'CURLOPT_TIMEOUT' E:\tongbu\wamp\www\ThinkPHP\Library\Org\ThinkSDK\ThinkOauth.class.php 第 209 行.
NOTIC: [8] Use of undefined constant CURLOPT_RETURNTRANSFER - assumed 'CURLOPT_RETURNTRANSFER' E:\tongbu\wamp\www\ThinkPHP\Library\Org\ThinkSDK\ThinkOauth.class.php 第 210 行.
NOTIC: [8] Use of undefined constant CURLOPT_SSL_VERIFYPEER - assumed 'CURLOPT_SSL_VERIFYPEER' E:\tongbu\wamp\www\ThinkPHP\Library\Org\ThinkSDK\ThinkOauth.class.php 第 211 行.
NOTIC: [8] Use of undefined constant CURLOPT_SSL_VERIFYHOST - assumed 'CURLOPT_SSL_VERIFYHOST' E:\tongbu\wamp\www\ThinkPHP\Library\Org\ThinkSDK\ThinkOauth.class.php 第 212 行.
NOTIC: [8] Use of undefined constant CURLOPT_HTTPHEADER - assumed 'CURLOPT_HTTPHEADER' E:\tongbu\wamp\www\ThinkPHP\Library\Org\ThinkSDK\ThinkOauth.class.php 第 213 行.
NOTIC: [8] Use of undefined constant CURLOPT_URL - assumed 'CURLOPT_URL' E:\tongbu\wamp\www\ThinkPHP\Library\Org\ThinkSDK\ThinkOauth.class.php 第 224 行.
NOTIC: [8] Use of undefined constant CURLOPT_POST - assumed 'CURLOPT_POST' E:\tongbu\wamp\www\ThinkPHP\Library\Org\ThinkSDK\ThinkOauth.class.php 第 225 行.
NOTIC: [8] Use of undefined constant CURLOPT_POSTFIELDS - assumed 'CURLOPT_POSTFIELDS' E:\tongbu\wamp\www\ThinkPHP\Library\Org\ThinkSDK\ThinkOauth.class.php 第 226 行.

[ 2015-09-27T16:30:35+08:00 ] 127.0.0.1 /index.php/Api/Index/oauth/type/qq?code=960B4C4970A6A8CE4D3E6865E7A78154
INFO: [ app_init ] --START--
INFO: Run Behavior\BuildLiteBehavior [ RunTime:0.000037s ]
INFO: [ app_init ] --END-- [ RunTime:0.000602s ]
INFO: [ app_begin ] --START--
INFO: Run Behavior\ReadHtmlCacheBehavior [ RunTime:0.000712s ]
INFO: [ app_begin ] --END-- [ RunTime:0.000842s ]
SQL: SHOW COLUMNS FROM `bjy_category` [ RunTime:0.1139s ]
SQL: SELECT * FROM `bjy_category` ORDER BY sort  [ RunTime:0.0004s ]
SQL: SHOW COLUMNS FROM `bjy_tag` [ RunTime:0.0053s ]
SQL: SELECT * FROM `bjy_tag`  [ RunTime:0.0004s ]
SQL: SHOW COLUMNS FROM `bjy_link` [ RunTime:0.0054s ]
SQL: SELECT * FROM `bjy_link` WHERE `is_delete` = 0 AND `is_show` = 1 ORDER BY sort  [ RunTime:0.0006s ]
NOTIC: [8] Use of undefined constant CURLOPT_TIMEOUT - assumed 'CURLOPT_TIMEOUT' E:\tongbu\wamp\www\ThinkPHP\Library\Org\ThinkSDK\ThinkOauth.class.php 第 209 行.
NOTIC: [8] Use of undefined constant CURLOPT_RETURNTRANSFER - assumed 'CURLOPT_RETURNTRANSFER' E:\tongbu\wamp\www\ThinkPHP\Library\Org\ThinkSDK\ThinkOauth.class.php 第 210 行.
NOTIC: [8] Use of undefined constant CURLOPT_SSL_VERIFYPEER - assumed 'CURLOPT_SSL_VERIFYPEER' E:\tongbu\wamp\www\ThinkPHP\Library\Org\ThinkSDK\ThinkOauth.class.php 第 211 行.
NOTIC: [8] Use of undefined constant CURLOPT_SSL_VERIFYHOST - assumed 'CURLOPT_SSL_VERIFYHOST' E:\tongbu\wamp\www\ThinkPHP\Library\Org\ThinkSDK\ThinkOauth.class.php 第 212 行.
NOTIC: [8] Use of undefined constant CURLOPT_HTTPHEADER - assumed 'CURLOPT_HTTPHEADER' E:\tongbu\wamp\www\ThinkPHP\Library\Org\ThinkSDK\ThinkOauth.class.php 第 213 行.
NOTIC: [8] Use of undefined constant CURLOPT_URL - assumed 'CURLOPT_URL' E:\tongbu\wamp\www\ThinkPHP\Library\Org\ThinkSDK\ThinkOauth.class.php 第 224 行.
NOTIC: [8] Use of undefined constant CURLOPT_POST - assumed 'CURLOPT_POST' E:\tongbu\wamp\www\ThinkPHP\Library\Org\ThinkSDK\ThinkOauth.class.php 第 225 行.
NOTIC: [8] Use of undefined constant CURLOPT_POSTFIELDS - assumed 'CURLOPT_POSTFIELDS' E:\tongbu\wamp\www\ThinkPHP\Library\Org\ThinkSDK\ThinkOauth.class.php 第 226 行.

[ 2015-09-27T16:30:36+08:00 ] 127.0.0.1 /index.php/Api/Index/oauth/type/qq?code=960B4C4970A6A8CE4D3E6865E7A78154
INFO: [ app_init ] --START--
INFO: Run Behavior\BuildLiteBehavior [ RunTime:0.000077s ]
INFO: [ app_init ] --END-- [ RunTime:0.001040s ]
INFO: [ app_begin ] --START--
INFO: Run Behavior\ReadHtmlCacheBehavior [ RunTime:0.000815s ]
INFO: [ app_begin ] --END-- [ RunTime:0.001004s ]
SQL: SHOW COLUMNS FROM `bjy_category` [ RunTime:0.0042s ]
SQL: SELECT * FROM `bjy_category` ORDER BY sort  [ RunTime:0.0005s ]
SQL: SHOW COLUMNS FROM `bjy_tag` [ RunTime:0.0062s ]
SQL: SELECT * FROM `bjy_tag`  [ RunTime:0.0003s ]
SQL: SHOW COLUMNS FROM `bjy_link` [ RunTime:0.0040s ]
SQL: SELECT * FROM `bjy_link` WHERE `is_delete` = 0 AND `is_show` = 1 ORDER BY sort  [ RunTime:0.0005s ]
NOTIC: [8] Use of undefined constant CURLOPT_TIMEOUT - assumed 'CURLOPT_TIMEOUT' E:\tongbu\wamp\www\ThinkPHP\Library\Org\ThinkSDK\ThinkOauth.class.php 第 209 行.
NOTIC: [8] Use of undefined constant CURLOPT_RETURNTRANSFER - assumed 'CURLOPT_RETURNTRANSFER' E:\tongbu\wamp\www\ThinkPHP\Library\Org\ThinkSDK\ThinkOauth.class.php 第 210 行.
NOTIC: [8] Use of undefined constant CURLOPT_SSL_VERIFYPEER - assumed 'CURLOPT_SSL_VERIFYPEER' E:\tongbu\wamp\www\ThinkPHP\Library\Org\ThinkSDK\ThinkOauth.class.php 第 211 行.
NOTIC: [8] Use of undefined constant CURLOPT_SSL_VERIFYHOST - assumed 'CURLOPT_SSL_VERIFYHOST' E:\tongbu\wamp\www\ThinkPHP\Library\Org\ThinkSDK\ThinkOauth.class.php 第 212 行.
NOTIC: [8] Use of undefined constant CURLOPT_HTTPHEADER - assumed 'CURLOPT_HTTPHEADER' E:\tongbu\wamp\www\ThinkPHP\Library\Org\ThinkSDK\ThinkOauth.class.php 第 213 行.
NOTIC: [8] Use of undefined constant CURLOPT_URL - assumed 'CURLOPT_URL' E:\tongbu\wamp\www\ThinkPHP\Library\Org\ThinkSDK\ThinkOauth.class.php 第 224 行.
NOTIC: [8] Use of undefined constant CURLOPT_POST - assumed 'CURLOPT_POST' E:\tongbu\wamp\www\ThinkPHP\Library\Org\ThinkSDK\ThinkOauth.class.php 第 225 行.
NOTIC: [8] Use of undefined constant CURLOPT_POSTFIELDS - assumed 'CURLOPT_POSTFIELDS' E:\tongbu\wamp\www\ThinkPHP\Library\Org\ThinkSDK\ThinkOauth.class.php 第 226 行.

[ 2015-09-27T16:36:53+08:00 ] 127.0.0.1 /index.php/Api/Index/oauth/type/qq?code=960B4C4970A6A8CE4D3E6865E7A78154
INFO: [ app_init ] --START--
INFO: Run Behavior\BuildLiteBehavior [ RunTime:0.000064s ]
INFO: [ app_init ] --END-- [ RunTime:0.000713s ]
INFO: [ app_begin ] --START--
INFO: Run Behavior\ReadHtmlCacheBehavior [ RunTime:0.001024s ]
INFO: [ app_begin ] --END-- [ RunTime:0.001182s ]
SQL: SHOW COLUMNS FROM `bjy_category` [ RunTime:0.0763s ]
SQL: SELECT * FROM `bjy_category` ORDER BY sort  [ RunTime:0.0005s ]
SQL: SHOW COLUMNS FROM `bjy_tag` [ RunTime:0.0065s ]
SQL: SELECT * FROM `bjy_tag`  [ RunTime:0.0004s ]
SQL: SHOW COLUMNS FROM `bjy_link` [ RunTime:0.0048s ]
SQL: SELECT * FROM `bjy_link` WHERE `is_delete` = 0 AND `is_show` = 1 ORDER BY sort  [ RunTime:0.0005s ]
NOTIC: [8] Use of undefined constant CURLOPT_TIMEOUT - assumed 'CURLOPT_TIMEOUT' E:\tongbu\wamp\www\ThinkPHP\Library\Org\ThinkSDK\ThinkOauth.class.php 第 209 行.
NOTIC: [8] Use of undefined constant CURLOPT_RETURNTRANSFER - assumed 'CURLOPT_RETURNTRANSFER' E:\tongbu\wamp\www\ThinkPHP\Library\Org\ThinkSDK\ThinkOauth.class.php 第 210 行.
NOTIC: [8] Use of undefined constant CURLOPT_SSL_VERIFYPEER - assumed 'CURLOPT_SSL_VERIFYPEER' E:\tongbu\wamp\www\ThinkPHP\Library\Org\ThinkSDK\ThinkOauth.class.php 第 211 行.
NOTIC: [8] Use of undefined constant CURLOPT_SSL_VERIFYHOST - assumed 'CURLOPT_SSL_VERIFYHOST' E:\tongbu\wamp\www\ThinkPHP\Library\Org\ThinkSDK\ThinkOauth.class.php 第 212 行.
NOTIC: [8] Use of undefined constant CURLOPT_HTTPHEADER - assumed 'CURLOPT_HTTPHEADER' E:\tongbu\wamp\www\ThinkPHP\Library\Org\ThinkSDK\ThinkOauth.class.php 第 213 行.
NOTIC: [8] Use of undefined constant CURLOPT_URL - assumed 'CURLOPT_URL' E:\tongbu\wamp\www\ThinkPHP\Library\Org\ThinkSDK\ThinkOauth.class.php 第 224 行.
NOTIC: [8] Use of undefined constant CURLOPT_POST - assumed 'CURLOPT_POST' E:\tongbu\wamp\www\ThinkPHP\Library\Org\ThinkSDK\ThinkOauth.class.php 第 225 行.
NOTIC: [8] Use of undefined constant CURLOPT_POSTFIELDS - assumed 'CURLOPT_POSTFIELDS' E:\tongbu\wamp\www\ThinkPHP\Library\Org\ThinkSDK\ThinkOauth.class.php 第 226 行.

[ 2015-09-27T16:36:53+08:00 ] 127.0.0.1 /index.php/Api/Index/oauth/type/qq?code=960B4C4970A6A8CE4D3E6865E7A78154
INFO: [ app_init ] --START--
INFO: Run Behavior\BuildLiteBehavior [ RunTime:0.000031s ]
INFO: [ app_init ] --END-- [ RunTime:0.000620s ]
INFO: [ app_begin ] --START--
INFO: Run Behavior\ReadHtmlCacheBehavior [ RunTime:0.000829s ]
INFO: [ app_begin ] --END-- [ RunTime:0.000996s ]
SQL: SHOW COLUMNS FROM `bjy_category` [ RunTime:0.0048s ]
SQL: SELECT * FROM `bjy_category` ORDER BY sort  [ RunTime:0.0004s ]
SQL: SHOW COLUMNS FROM `bjy_tag` [ RunTime:0.0038s ]
SQL: SELECT * FROM `bjy_tag`  [ RunTime:0.0003s ]
SQL: SHOW COLUMNS FROM `bjy_link` [ RunTime:0.0045s ]
SQL: SELECT * FROM `bjy_link` WHERE `is_delete` = 0 AND `is_show` = 1 ORDER BY sort  [ RunTime:0.0004s ]
NOTIC: [8] Use of undefined constant CURLOPT_TIMEOUT - assumed 'CURLOPT_TIMEOUT' E:\tongbu\wamp\www\ThinkPHP\Library\Org\ThinkSDK\ThinkOauth.class.php 第 209 行.
NOTIC: [8] Use of undefined constant CURLOPT_RETURNTRANSFER - assumed 'CURLOPT_RETURNTRANSFER' E:\tongbu\wamp\www\ThinkPHP\Library\Org\ThinkSDK\ThinkOauth.class.php 第 210 行.
NOTIC: [8] Use of undefined constant CURLOPT_SSL_VERIFYPEER - assumed 'CURLOPT_SSL_VERIFYPEER' E:\tongbu\wamp\www\ThinkPHP\Library\Org\ThinkSDK\ThinkOauth.class.php 第 211 行.
NOTIC: [8] Use of undefined constant CURLOPT_SSL_VERIFYHOST - assumed 'CURLOPT_SSL_VERIFYHOST' E:\tongbu\wamp\www\ThinkPHP\Library\Org\ThinkSDK\ThinkOauth.class.php 第 212 行.
NOTIC: [8] Use of undefined constant CURLOPT_HTTPHEADER - assumed 'CURLOPT_HTTPHEADER' E:\tongbu\wamp\www\ThinkPHP\Library\Org\ThinkSDK\ThinkOauth.class.php 第 213 行.
NOTIC: [8] Use of undefined constant CURLOPT_URL - assumed 'CURLOPT_URL' E:\tongbu\wamp\www\ThinkPHP\Library\Org\ThinkSDK\ThinkOauth.class.php 第 224 行.
NOTIC: [8] Use of undefined constant CURLOPT_POST - assumed 'CURLOPT_POST' E:\tongbu\wamp\www\ThinkPHP\Library\Org\ThinkSDK\ThinkOauth.class.php 第 225 行.
NOTIC: [8] Use of undefined constant CURLOPT_POSTFIELDS - assumed 'CURLOPT_POSTFIELDS' E:\tongbu\wamp\www\ThinkPHP\Library\Org\ThinkSDK\ThinkOauth.class.php 第 226 行.

[ 2015-09-27T16:36:54+08:00 ] 127.0.0.1 /index.php/Api/Index/oauth/type/qq?code=960B4C4970A6A8CE4D3E6865E7A78154
INFO: [ app_init ] --START--
INFO: Run Behavior\BuildLiteBehavior [ RunTime:0.000059s ]
INFO: [ app_init ] --END-- [ RunTime:0.000884s ]
INFO: [ app_begin ] --START--
INFO: Run Behavior\ReadHtmlCacheBehavior [ RunTime:0.000788s ]
INFO: [ app_begin ] --END-- [ RunTime:0.000941s ]
SQL: SHOW COLUMNS FROM `bjy_category` [ RunTime:0.0044s ]
SQL: SELECT * FROM `bjy_category` ORDER BY sort  [ RunTime:0.0005s ]
SQL: SHOW COLUMNS FROM `bjy_tag` [ RunTime:0.0056s ]
SQL: SELECT * FROM `bjy_tag`  [ RunTime:0.0004s ]
SQL: SHOW COLUMNS FROM `bjy_link` [ RunTime:0.0043s ]
SQL: SELECT * FROM `bjy_link` WHERE `is_delete` = 0 AND `is_show` = 1 ORDER BY sort  [ RunTime:0.0005s ]
NOTIC: [8] Use of undefined constant CURLOPT_TIMEOUT - assumed 'CURLOPT_TIMEOUT' E:\tongbu\wamp\www\ThinkPHP\Library\Org\ThinkSDK\ThinkOauth.class.php 第 209 行.
NOTIC: [8] Use of undefined constant CURLOPT_RETURNTRANSFER - assumed 'CURLOPT_RETURNTRANSFER' E:\tongbu\wamp\www\ThinkPHP\Library\Org\ThinkSDK\ThinkOauth.class.php 第 210 行.
NOTIC: [8] Use of undefined constant CURLOPT_SSL_VERIFYPEER - assumed 'CURLOPT_SSL_VERIFYPEER' E:\tongbu\wamp\www\ThinkPHP\Library\Org\ThinkSDK\ThinkOauth.class.php 第 211 行.
NOTIC: [8] Use of undefined constant CURLOPT_SSL_VERIFYHOST - assumed 'CURLOPT_SSL_VERIFYHOST' E:\tongbu\wamp\www\ThinkPHP\Library\Org\ThinkSDK\ThinkOauth.class.php 第 212 行.
NOTIC: [8] Use of undefined constant CURLOPT_HTTPHEADER - assumed 'CURLOPT_HTTPHEADER' E:\tongbu\wamp\www\ThinkPHP\Library\Org\ThinkSDK\ThinkOauth.class.php 第 213 行.
NOTIC: [8] Use of undefined constant CURLOPT_URL - assumed 'CURLOPT_URL' E:\tongbu\wamp\www\ThinkPHP\Library\Org\ThinkSDK\ThinkOauth.class.php 第 224 行.
NOTIC: [8] Use of undefined constant CURLOPT_POST - assumed 'CURLOPT_POST' E:\tongbu\wamp\www\ThinkPHP\Library\Org\ThinkSDK\ThinkOauth.class.php 第 225 行.
NOTIC: [8] Use of undefined constant CURLOPT_POSTFIELDS - assumed 'CURLOPT_POSTFIELDS' E:\tongbu\wamp\www\ThinkPHP\Library\Org\ThinkSDK\ThinkOauth.class.php 第 226 行.

[ 2015-09-27T16:36:54+08:00 ] 127.0.0.1 /index.php/Api/Index/oauth/type/qq?code=960B4C4970A6A8CE4D3E6865E7A78154
INFO: [ app_init ] --START--
INFO: Run Behavior\BuildLiteBehavior [ RunTime:0.000034s ]
INFO: [ app_init ] --END-- [ RunTime:0.000698s ]
INFO: [ app_begin ] --START--
INFO: Run Behavior\ReadHtmlCacheBehavior [ RunTime:0.000585s ]
INFO: [ app_begin ] --END-- [ RunTime:0.000721s ]
SQL: SHOW COLUMNS FROM `bjy_category` [ RunTime:0.0039s ]
SQL: SELECT * FROM `bjy_category` ORDER BY sort  [ RunTime:0.0004s ]
SQL: SHOW COLUMNS FROM `bjy_tag` [ RunTime:0.0051s ]
SQL: SELECT * FROM `bjy_tag`  [ RunTime:0.0003s ]
SQL: SHOW COLUMNS FROM `bjy_link` [ RunTime:0.0038s ]
SQL: SELECT * FROM `bjy_link` WHERE `is_delete` = 0 AND `is_show` = 1 ORDER BY sort  [ RunTime:0.0004s ]
NOTIC: [8] Use of undefined constant CURLOPT_TIMEOUT - assumed 'CURLOPT_TIMEOUT' E:\tongbu\wamp\www\ThinkPHP\Library\Org\ThinkSDK\ThinkOauth.class.php 第 209 行.
NOTIC: [8] Use of undefined constant CURLOPT_RETURNTRANSFER - assumed 'CURLOPT_RETURNTRANSFER' E:\tongbu\wamp\www\ThinkPHP\Library\Org\ThinkSDK\ThinkOauth.class.php 第 210 行.
NOTIC: [8] Use of undefined constant CURLOPT_SSL_VERIFYPEER - assumed 'CURLOPT_SSL_VERIFYPEER' E:\tongbu\wamp\www\ThinkPHP\Library\Org\ThinkSDK\ThinkOauth.class.php 第 211 行.
NOTIC: [8] Use of undefined constant CURLOPT_SSL_VERIFYHOST - assumed 'CURLOPT_SSL_VERIFYHOST' E:\tongbu\wamp\www\ThinkPHP\Library\Org\ThinkSDK\ThinkOauth.class.php 第 212 行.
NOTIC: [8] Use of undefined constant CURLOPT_HTTPHEADER - assumed 'CURLOPT_HTTPHEADER' E:\tongbu\wamp\www\ThinkPHP\Library\Org\ThinkSDK\ThinkOauth.class.php 第 213 行.
NOTIC: [8] Use of undefined constant CURLOPT_URL - assumed 'CURLOPT_URL' E:\tongbu\wamp\www\ThinkPHP\Library\Org\ThinkSDK\ThinkOauth.class.php 第 224 行.
NOTIC: [8] Use of undefined constant CURLOPT_POST - assumed 'CURLOPT_POST' E:\tongbu\wamp\www\ThinkPHP\Library\Org\ThinkSDK\ThinkOauth.class.php 第 225 行.
NOTIC: [8] Use of undefined constant CURLOPT_POSTFIELDS - assumed 'CURLOPT_POSTFIELDS' E:\tongbu\wamp\www\ThinkPHP\Library\Org\ThinkSDK\ThinkOauth.class.php 第 226 行.

[ 2015-09-27T16:36:54+08:00 ] 127.0.0.1 /index.php/Api/Index/oauth/type/qq?code=960B4C4970A6A8CE4D3E6865E7A78154
INFO: [ app_init ] --START--
INFO: Run Behavior\BuildLiteBehavior [ RunTime:0.000031s ]
INFO: [ app_init ] --END-- [ RunTime:0.000522s ]
INFO: [ app_begin ] --START--
INFO: Run Behavior\ReadHtmlCacheBehavior [ RunTime:0.000613s ]
INFO: [ app_begin ] --END-- [ RunTime:0.000741s ]
SQL: SHOW COLUMNS FROM `bjy_category` [ RunTime:0.0045s ]
SQL: SELECT * FROM `bjy_category` ORDER BY sort  [ RunTime:0.0004s ]
SQL: SHOW COLUMNS FROM `bjy_tag` [ RunTime:0.0055s ]
SQL: SELECT * FROM `bjy_tag`  [ RunTime:0.0003s ]
SQL: SHOW COLUMNS FROM `bjy_link` [ RunTime:0.0040s ]
SQL: SELECT * FROM `bjy_link` WHERE `is_delete` = 0 AND `is_show` = 1 ORDER BY sort  [ RunTime:0.0004s ]
NOTIC: [8] Use of undefined constant CURLOPT_TIMEOUT - assumed 'CURLOPT_TIMEOUT' E:\tongbu\wamp\www\ThinkPHP\Library\Org\ThinkSDK\ThinkOauth.class.php 第 209 行.
NOTIC: [8] Use of undefined constant CURLOPT_RETURNTRANSFER - assumed 'CURLOPT_RETURNTRANSFER' E:\tongbu\wamp\www\ThinkPHP\Library\Org\ThinkSDK\ThinkOauth.class.php 第 210 行.
NOTIC: [8] Use of undefined constant CURLOPT_SSL_VERIFYPEER - assumed 'CURLOPT_SSL_VERIFYPEER' E:\tongbu\wamp\www\ThinkPHP\Library\Org\ThinkSDK\ThinkOauth.class.php 第 211 行.
NOTIC: [8] Use of undefined constant CURLOPT_SSL_VERIFYHOST - assumed 'CURLOPT_SSL_VERIFYHOST' E:\tongbu\wamp\www\ThinkPHP\Library\Org\ThinkSDK\ThinkOauth.class.php 第 212 行.
NOTIC: [8] Use of undefined constant CURLOPT_HTTPHEADER - assumed 'CURLOPT_HTTPHEADER' E:\tongbu\wamp\www\ThinkPHP\Library\Org\ThinkSDK\ThinkOauth.class.php 第 213 行.
NOTIC: [8] Use of undefined constant CURLOPT_URL - assumed 'CURLOPT_URL' E:\tongbu\wamp\www\ThinkPHP\Library\Org\ThinkSDK\ThinkOauth.class.php 第 224 行.
NOTIC: [8] Use of undefined constant CURLOPT_POST - assumed 'CURLOPT_POST' E:\tongbu\wamp\www\ThinkPHP\Library\Org\ThinkSDK\ThinkOauth.class.php 第 225 行.
NOTIC: [8] Use of undefined constant CURLOPT_POSTFIELDS - assumed 'CURLOPT_POSTFIELDS' E:\tongbu\wamp\www\ThinkPHP\Library\Org\ThinkSDK\ThinkOauth.class.php 第 226 行.

[ 2015-09-27T16:38:45+08:00 ] 127.0.0.1 /index.php/Api/Index/oauth/type/qq?code=960B4C4970A6A8CE4D3E6865E7A78154
INFO: [ app_init ] --START--
INFO: Run Behavior\BuildLiteBehavior [ RunTime:0.000061s ]
INFO: [ app_init ] --END-- [ RunTime:0.001227s ]
INFO: [ app_begin ] --START--
INFO: Run Behavior\ReadHtmlCacheBehavior [ RunTime:0.000820s ]
INFO: [ app_begin ] --END-- [ RunTime:0.000961s ]
SQL: SHOW COLUMNS FROM `bjy_category` [ RunTime:0.0255s ]
SQL: SELECT * FROM `bjy_category` ORDER BY sort  [ RunTime:0.0004s ]
SQL: SHOW COLUMNS FROM `bjy_tag` [ RunTime:0.0145s ]
SQL: SELECT * FROM `bjy_tag`  [ RunTime:0.0004s ]
SQL: SHOW COLUMNS FROM `bjy_link` [ RunTime:0.0045s ]
SQL: SELECT * FROM `bjy_link` WHERE `is_delete` = 0 AND `is_show` = 1 ORDER BY sort  [ RunTime:0.0005s ]
NOTIC: [8] Use of undefined constant CURLOPT_TIMEOUT - assumed 'CURLOPT_TIMEOUT' E:\tongbu\wamp\www\ThinkPHP\Library\Org\ThinkSDK\ThinkOauth.class.php 第 209 行.
NOTIC: [8] Use of undefined constant CURLOPT_RETURNTRANSFER - assumed 'CURLOPT_RETURNTRANSFER' E:\tongbu\wamp\www\ThinkPHP\Library\Org\ThinkSDK\ThinkOauth.class.php 第 210 行.
NOTIC: [8] Use of undefined constant CURLOPT_SSL_VERIFYPEER - assumed 'CURLOPT_SSL_VERIFYPEER' E:\tongbu\wamp\www\ThinkPHP\Library\Org\ThinkSDK\ThinkOauth.class.php 第 211 行.
NOTIC: [8] Use of undefined constant CURLOPT_SSL_VERIFYHOST - assumed 'CURLOPT_SSL_VERIFYHOST' E:\tongbu\wamp\www\ThinkPHP\Library\Org\ThinkSDK\ThinkOauth.class.php 第 212 行.
NOTIC: [8] Use of undefined constant CURLOPT_HTTPHEADER - assumed 'CURLOPT_HTTPHEADER' E:\tongbu\wamp\www\ThinkPHP\Library\Org\ThinkSDK\ThinkOauth.class.php 第 213 行.
NOTIC: [8] Use of undefined constant CURLOPT_URL - assumed 'CURLOPT_URL' E:\tongbu\wamp\www\ThinkPHP\Library\Org\ThinkSDK\ThinkOauth.class.php 第 224 行.
NOTIC: [8] Use of undefined constant CURLOPT_POST - assumed 'CURLOPT_POST' E:\tongbu\wamp\www\ThinkPHP\Library\Org\ThinkSDK\ThinkOauth.class.php 第 225 行.
NOTIC: [8] Use of undefined constant CURLOPT_POSTFIELDS - assumed 'CURLOPT_POSTFIELDS' E:\tongbu\wamp\www\ThinkPHP\Library\Org\ThinkSDK\ThinkOauth.class.php 第 226 行.

[ 2015-09-27T16:38:46+08:00 ] 127.0.0.1 /index.php/Api/Index/oauth/type/qq?code=960B4C4970A6A8CE4D3E6865E7A78154
INFO: [ app_init ] --START--
INFO: Run Behavior\BuildLiteBehavior [ RunTime:0.000040s ]
INFO: [ app_init ] --END-- [ RunTime:0.000613s ]
INFO: [ app_begin ] --START--
INFO: Run Behavior\ReadHtmlCacheBehavior [ RunTime:0.000662s ]
INFO: [ app_begin ] --END-- [ RunTime:0.000801s ]
SQL: SHOW COLUMNS FROM `bjy_category` [ RunTime:0.0043s ]
SQL: SELECT * FROM `bjy_category` ORDER BY sort  [ RunTime:0.0005s ]
SQL: SHOW COLUMNS FROM `bjy_tag` [ RunTime:0.0043s ]
SQL: SELECT * FROM `bjy_tag`  [ RunTime:0.0004s ]
SQL: SHOW COLUMNS FROM `bjy_link` [ RunTime:0.0063s ]
SQL: SELECT * FROM `bjy_link` WHERE `is_delete` = 0 AND `is_show` = 1 ORDER BY sort  [ RunTime:0.0005s ]
NOTIC: [8] Use of undefined constant CURLOPT_TIMEOUT - assumed 'CURLOPT_TIMEOUT' E:\tongbu\wamp\www\ThinkPHP\Library\Org\ThinkSDK\ThinkOauth.class.php 第 209 行.
NOTIC: [8] Use of undefined constant CURLOPT_RETURNTRANSFER - assumed 'CURLOPT_RETURNTRANSFER' E:\tongbu\wamp\www\ThinkPHP\Library\Org\ThinkSDK\ThinkOauth.class.php 第 210 行.
NOTIC: [8] Use of undefined constant CURLOPT_SSL_VERIFYPEER - assumed 'CURLOPT_SSL_VERIFYPEER' E:\tongbu\wamp\www\ThinkPHP\Library\Org\ThinkSDK\ThinkOauth.class.php 第 211 行.
NOTIC: [8] Use of undefined constant CURLOPT_SSL_VERIFYHOST - assumed 'CURLOPT_SSL_VERIFYHOST' E:\tongbu\wamp\www\ThinkPHP\Library\Org\ThinkSDK\ThinkOauth.class.php 第 212 行.
NOTIC: [8] Use of undefined constant CURLOPT_HTTPHEADER - assumed 'CURLOPT_HTTPHEADER' E:\tongbu\wamp\www\ThinkPHP\Library\Org\ThinkSDK\ThinkOauth.class.php 第 213 行.
NOTIC: [8] Use of undefined constant CURLOPT_URL - assumed 'CURLOPT_URL' E:\tongbu\wamp\www\ThinkPHP\Library\Org\ThinkSDK\ThinkOauth.class.php 第 224 行.
NOTIC: [8] Use of undefined constant CURLOPT_POST - assumed 'CURLOPT_POST' E:\tongbu\wamp\www\ThinkPHP\Library\Org\ThinkSDK\ThinkOauth.class.php 第 225 行.
NOTIC: [8] Use of undefined constant CURLOPT_POSTFIELDS - assumed 'CURLOPT_POSTFIELDS' E:\tongbu\wamp\www\ThinkPHP\Library\Org\ThinkSDK\ThinkOauth.class.php 第 226 行.

[ 2015-09-27T16:38:47+08:00 ] 127.0.0.1 /index.php/Api/Index/oauth/type/qq?code=960B4C4970A6A8CE4D3E6865E7A78154
INFO: [ app_init ] --START--
INFO: Run Behavior\BuildLiteBehavior [ RunTime:0.000051s ]
INFO: [ app_init ] --END-- [ RunTime:0.000992s ]
INFO: [ app_begin ] --START--
INFO: Run Behavior\ReadHtmlCacheBehavior [ RunTime:0.000603s ]
INFO: [ app_begin ] --END-- [ RunTime:0.000749s ]
SQL: SHOW COLUMNS FROM `bjy_category` [ RunTime:0.0058s ]
SQL: SELECT * FROM `bjy_category` ORDER BY sort  [ RunTime:0.0004s ]
SQL: SHOW COLUMNS FROM `bjy_tag` [ RunTime:0.0036s ]
SQL: SELECT * FROM `bjy_tag`  [ RunTime:0.0003s ]
SQL: SHOW COLUMNS FROM `bjy_link` [ RunTime:0.0053s ]
SQL: SELECT * FROM `bjy_link` WHERE `is_delete` = 0 AND `is_show` = 1 ORDER BY sort  [ RunTime:0.0004s ]
NOTIC: [8] Use of undefined constant CURLOPT_TIMEOUT - assumed 'CURLOPT_TIMEOUT' E:\tongbu\wamp\www\ThinkPHP\Library\Org\ThinkSDK\ThinkOauth.class.php 第 209 行.
NOTIC: [8] Use of undefined constant CURLOPT_RETURNTRANSFER - assumed 'CURLOPT_RETURNTRANSFER' E:\tongbu\wamp\www\ThinkPHP\Library\Org\ThinkSDK\ThinkOauth.class.php 第 210 行.
NOTIC: [8] Use of undefined constant CURLOPT_SSL_VERIFYPEER - assumed 'CURLOPT_SSL_VERIFYPEER' E:\tongbu\wamp\www\ThinkPHP\Library\Org\ThinkSDK\ThinkOauth.class.php 第 211 行.
NOTIC: [8] Use of undefined constant CURLOPT_SSL_VERIFYHOST - assumed 'CURLOPT_SSL_VERIFYHOST' E:\tongbu\wamp\www\ThinkPHP\Library\Org\ThinkSDK\ThinkOauth.class.php 第 212 行.
NOTIC: [8] Use of undefined constant CURLOPT_HTTPHEADER - assumed 'CURLOPT_HTTPHEADER' E:\tongbu\wamp\www\ThinkPHP\Library\Org\ThinkSDK\ThinkOauth.class.php 第 213 行.
NOTIC: [8] Use of undefined constant CURLOPT_URL - assumed 'CURLOPT_URL' E:\tongbu\wamp\www\ThinkPHP\Library\Org\ThinkSDK\ThinkOauth.class.php 第 224 行.
NOTIC: [8] Use of undefined constant CURLOPT_POST - assumed 'CURLOPT_POST' E:\tongbu\wamp\www\ThinkPHP\Library\Org\ThinkSDK\ThinkOauth.class.php 第 225 行.
NOTIC: [8] Use of undefined constant CURLOPT_POSTFIELDS - assumed 'CURLOPT_POSTFIELDS' E:\tongbu\wamp\www\ThinkPHP\Library\Org\ThinkSDK\ThinkOauth.class.php 第 226 行.

[ 2015-09-27T16:39:14+08:00 ] 127.0.0.1 /index.php/Api/Index/oauth/type/qq?code=960B4C4970A6A8CE4D3E6865E7A78154
INFO: [ app_init ] --START--
INFO: Run Behavior\BuildLiteBehavior [ RunTime:0.000034s ]
INFO: [ app_init ] --END-- [ RunTime:0.000570s ]
INFO: [ app_begin ] --START--
INFO: Run Behavior\ReadHtmlCacheBehavior [ RunTime:0.000683s ]
INFO: [ app_begin ] --END-- [ RunTime:0.000841s ]
SQL: SHOW COLUMNS FROM `bjy_category` [ RunTime:0.0040s ]
SQL: SELECT * FROM `bjy_category` ORDER BY sort  [ RunTime:0.0007s ]
SQL: SHOW COLUMNS FROM `bjy_tag` [ RunTime:0.0049s ]
SQL: SELECT * FROM `bjy_tag`  [ RunTime:0.0003s ]
SQL: SHOW COLUMNS FROM `bjy_link` [ RunTime:0.0039s ]
SQL: SELECT * FROM `bjy_link` WHERE `is_delete` = 0 AND `is_show` = 1 ORDER BY sort  [ RunTime:0.0006s ]
NOTIC: [8] Use of undefined constant CURLOPT_TIMEOUT - assumed 'CURLOPT_TIMEOUT' E:\tongbu\wamp\www\ThinkPHP\Library\Org\ThinkSDK\ThinkOauth.class.php 第 209 行.
NOTIC: [8] Use of undefined constant CURLOPT_RETURNTRANSFER - assumed 'CURLOPT_RETURNTRANSFER' E:\tongbu\wamp\www\ThinkPHP\Library\Org\ThinkSDK\ThinkOauth.class.php 第 210 行.
NOTIC: [8] Use of undefined constant CURLOPT_SSL_VERIFYPEER - assumed 'CURLOPT_SSL_VERIFYPEER' E:\tongbu\wamp\www\ThinkPHP\Library\Org\ThinkSDK\ThinkOauth.class.php 第 211 行.
NOTIC: [8] Use of undefined constant CURLOPT_SSL_VERIFYHOST - assumed 'CURLOPT_SSL_VERIFYHOST' E:\tongbu\wamp\www\ThinkPHP\Library\Org\ThinkSDK\ThinkOauth.class.php 第 212 行.
NOTIC: [8] Use of undefined constant CURLOPT_HTTPHEADER - assumed 'CURLOPT_HTTPHEADER' E:\tongbu\wamp\www\ThinkPHP\Library\Org\ThinkSDK\ThinkOauth.class.php 第 213 行.
NOTIC: [8] Use of undefined constant CURLOPT_URL - assumed 'CURLOPT_URL' E:\tongbu\wamp\www\ThinkPHP\Library\Org\ThinkSDK\ThinkOauth.class.php 第 224 行.
NOTIC: [8] Use of undefined constant CURLOPT_POST - assumed 'CURLOPT_POST' E:\tongbu\wamp\www\ThinkPHP\Library\Org\ThinkSDK\ThinkOauth.class.php 第 225 行.
NOTIC: [8] Use of undefined constant CURLOPT_POSTFIELDS - assumed 'CURLOPT_POSTFIELDS' E:\tongbu\wamp\www\ThinkPHP\Library\Org\ThinkSDK\ThinkOauth.class.php 第 226 行.

[ 2015-09-27T16:39:14+08:00 ] 127.0.0.1 /index.php/Api/Index/oauth/type/qq?code=960B4C4970A6A8CE4D3E6865E7A78154
INFO: [ app_init ] --START--
INFO: Run Behavior\BuildLiteBehavior [ RunTime:0.000030s ]
INFO: [ app_init ] --END-- [ RunTime:0.000511s ]
INFO: [ app_begin ] --START--
INFO: Run Behavior\ReadHtmlCacheBehavior [ RunTime:0.000585s ]
INFO: [ app_begin ] --END-- [ RunTime:0.000712s ]
SQL: SHOW COLUMNS FROM `bjy_category` [ RunTime:0.0050s ]
SQL: SELECT * FROM `bjy_category` ORDER BY sort  [ RunTime:0.0005s ]
SQL: SHOW COLUMNS FROM `bjy_tag` [ RunTime:0.0037s ]
SQL: SELECT * FROM `bjy_tag`  [ RunTime:0.0003s ]
SQL: SHOW COLUMNS FROM `bjy_link` [ RunTime:0.0042s ]
SQL: SELECT * FROM `bjy_link` WHERE `is_delete` = 0 AND `is_show` = 1 ORDER BY sort  [ RunTime:0.0006s ]
NOTIC: [8] Use of undefined constant CURLOPT_TIMEOUT - assumed 'CURLOPT_TIMEOUT' E:\tongbu\wamp\www\ThinkPHP\Library\Org\ThinkSDK\ThinkOauth.class.php 第 209 行.
NOTIC: [8] Use of undefined constant CURLOPT_RETURNTRANSFER - assumed 'CURLOPT_RETURNTRANSFER' E:\tongbu\wamp\www\ThinkPHP\Library\Org\ThinkSDK\ThinkOauth.class.php 第 210 行.
NOTIC: [8] Use of undefined constant CURLOPT_SSL_VERIFYPEER - assumed 'CURLOPT_SSL_VERIFYPEER' E:\tongbu\wamp\www\ThinkPHP\Library\Org\ThinkSDK\ThinkOauth.class.php 第 211 行.
NOTIC: [8] Use of undefined constant CURLOPT_SSL_VERIFYHOST - assumed 'CURLOPT_SSL_VERIFYHOST' E:\tongbu\wamp\www\ThinkPHP\Library\Org\ThinkSDK\ThinkOauth.class.php 第 212 行.
NOTIC: [8] Use of undefined constant CURLOPT_HTTPHEADER - assumed 'CURLOPT_HTTPHEADER' E:\tongbu\wamp\www\ThinkPHP\Library\Org\ThinkSDK\ThinkOauth.class.php 第 213 行.
NOTIC: [8] Use of undefined constant CURLOPT_URL - assumed 'CURLOPT_URL' E:\tongbu\wamp\www\ThinkPHP\Library\Org\ThinkSDK\ThinkOauth.class.php 第 224 行.
NOTIC: [8] Use of undefined constant CURLOPT_POST - assumed 'CURLOPT_POST' E:\tongbu\wamp\www\ThinkPHP\Library\Org\ThinkSDK\ThinkOauth.class.php 第 225 行.
NOTIC: [8] Use of undefined constant CURLOPT_POSTFIELDS - assumed 'CURLOPT_POSTFIELDS' E:\tongbu\wamp\www\ThinkPHP\Library\Org\ThinkSDK\ThinkOauth.class.php 第 226 行.

[ 2015-09-27T16:39:15+08:00 ] 127.0.0.1 /index.php/Api/Index/oauth/type/qq?code=960B4C4970A6A8CE4D3E6865E7A78154
INFO: [ app_init ] --START--
INFO: Run Behavior\BuildLiteBehavior [ RunTime:0.000030s ]
INFO: [ app_init ] --END-- [ RunTime:0.000501s ]
INFO: [ app_begin ] --START--
INFO: Run Behavior\ReadHtmlCacheBehavior [ RunTime:0.000617s ]
INFO: [ app_begin ] --END-- [ RunTime:0.000755s ]
SQL: SHOW COLUMNS FROM `bjy_category` [ RunTime:0.0051s ]
SQL: SELECT * FROM `bjy_category` ORDER BY sort  [ RunTime:0.0016s ]
SQL: SHOW COLUMNS FROM `bjy_tag` [ RunTime:0.0041s ]
SQL: SELECT * FROM `bjy_tag`  [ RunTime:0.0003s ]
SQL: SHOW COLUMNS FROM `bjy_link` [ RunTime:0.0038s ]
SQL: SELECT * FROM `bjy_link` WHERE `is_delete` = 0 AND `is_show` = 1 ORDER BY sort  [ RunTime:0.0007s ]
NOTIC: [8] Use of undefined constant CURLOPT_TIMEOUT - assumed 'CURLOPT_TIMEOUT' E:\tongbu\wamp\www\ThinkPHP\Library\Org\ThinkSDK\ThinkOauth.class.php 第 209 行.
NOTIC: [8] Use of undefined constant CURLOPT_RETURNTRANSFER - assumed 'CURLOPT_RETURNTRANSFER' E:\tongbu\wamp\www\ThinkPHP\Library\Org\ThinkSDK\ThinkOauth.class.php 第 210 行.
NOTIC: [8] Use of undefined constant CURLOPT_SSL_VERIFYPEER - assumed 'CURLOPT_SSL_VERIFYPEER' E:\tongbu\wamp\www\ThinkPHP\Library\Org\ThinkSDK\ThinkOauth.class.php 第 211 行.
NOTIC: [8] Use of undefined constant CURLOPT_SSL_VERIFYHOST - assumed 'CURLOPT_SSL_VERIFYHOST' E:\tongbu\wamp\www\ThinkPHP\Library\Org\ThinkSDK\ThinkOauth.class.php 第 212 行.
NOTIC: [8] Use of undefined constant CURLOPT_HTTPHEADER - assumed 'CURLOPT_HTTPHEADER' E:\tongbu\wamp\www\ThinkPHP\Library\Org\ThinkSDK\ThinkOauth.class.php 第 213 行.
NOTIC: [8] Use of undefined constant CURLOPT_URL - assumed 'CURLOPT_URL' E:\tongbu\wamp\www\ThinkPHP\Library\Org\ThinkSDK\ThinkOauth.class.php 第 224 行.
NOTIC: [8] Use of undefined constant CURLOPT_POST - assumed 'CURLOPT_POST' E:\tongbu\wamp\www\ThinkPHP\Library\Org\ThinkSDK\ThinkOauth.class.php 第 225 行.
NOTIC: [8] Use of undefined constant CURLOPT_POSTFIELDS - assumed 'CURLOPT_POSTFIELDS' E:\tongbu\wamp\www\ThinkPHP\Library\Org\ThinkSDK\ThinkOauth.class.php 第 226 行.

[ 2015-09-27T16:39:15+08:00 ] 127.0.0.1 /index.php/Api/Index/oauth/type/qq?code=960B4C4970A6A8CE4D3E6865E7A78154
INFO: [ app_init ] --START--
INFO: Run Behavior\BuildLiteBehavior [ RunTime:0.000033s ]
INFO: [ app_init ] --END-- [ RunTime:0.000557s ]
INFO: [ app_begin ] --START--
INFO: Run Behavior\ReadHtmlCacheBehavior [ RunTime:0.000751s ]
INFO: [ app_begin ] --END-- [ RunTime:0.000958s ]
SQL: SHOW COLUMNS FROM `bjy_category` [ RunTime:0.0061s ]
SQL: SELECT * FROM `bjy_category` ORDER BY sort  [ RunTime:0.0006s ]
SQL: SHOW COLUMNS FROM `bjy_tag` [ RunTime:0.0044s ]
SQL: SELECT * FROM `bjy_tag`  [ RunTime:0.0003s ]
SQL: SHOW COLUMNS FROM `bjy_link` [ RunTime:0.0059s ]
SQL: SELECT * FROM `bjy_link` WHERE `is_delete` = 0 AND `is_show` = 1 ORDER BY sort  [ RunTime:0.0006s ]
NOTIC: [8] Use of undefined constant CURLOPT_TIMEOUT - assumed 'CURLOPT_TIMEOUT' E:\tongbu\wamp\www\ThinkPHP\Library\Org\ThinkSDK\ThinkOauth.class.php 第 209 行.
NOTIC: [8] Use of undefined constant CURLOPT_RETURNTRANSFER - assumed 'CURLOPT_RETURNTRANSFER' E:\tongbu\wamp\www\ThinkPHP\Library\Org\ThinkSDK\ThinkOauth.class.php 第 210 行.
NOTIC: [8] Use of undefined constant CURLOPT_SSL_VERIFYPEER - assumed 'CURLOPT_SSL_VERIFYPEER' E:\tongbu\wamp\www\ThinkPHP\Library\Org\ThinkSDK\ThinkOauth.class.php 第 211 行.
NOTIC: [8] Use of undefined constant CURLOPT_SSL_VERIFYHOST - assumed 'CURLOPT_SSL_VERIFYHOST' E:\tongbu\wamp\www\ThinkPHP\Library\Org\ThinkSDK\ThinkOauth.class.php 第 212 行.
NOTIC: [8] Use of undefined constant CURLOPT_HTTPHEADER - assumed 'CURLOPT_HTTPHEADER' E:\tongbu\wamp\www\ThinkPHP\Library\Org\ThinkSDK\ThinkOauth.class.php 第 213 行.
NOTIC: [8] Use of undefined constant CURLOPT_URL - assumed 'CURLOPT_URL' E:\tongbu\wamp\www\ThinkPHP\Library\Org\ThinkSDK\ThinkOauth.class.php 第 224 行.
NOTIC: [8] Use of undefined constant CURLOPT_POST - assumed 'CURLOPT_POST' E:\tongbu\wamp\www\ThinkPHP\Library\Org\ThinkSDK\ThinkOauth.class.php 第 225 行.
NOTIC: [8] Use of undefined constant CURLOPT_POSTFIELDS - assumed 'CURLOPT_POSTFIELDS' E:\tongbu\wamp\www\ThinkPHP\Library\Org\ThinkSDK\ThinkOauth.class.php 第 226 行.

[ 2015-09-27T16:39:15+08:00 ] 127.0.0.1 /index.php/Api/Index/oauth/type/qq?code=960B4C4970A6A8CE4D3E6865E7A78154
INFO: [ app_init ] --START--
INFO: Run Behavior\BuildLiteBehavior [ RunTime:0.000032s ]
INFO: [ app_init ] --END-- [ RunTime:0.000522s ]
INFO: [ app_begin ] --START--
INFO: Run Behavior\ReadHtmlCacheBehavior [ RunTime:0.000642s ]
INFO: [ app_begin ] --END-- [ RunTime:0.000771s ]
SQL: SHOW COLUMNS FROM `bjy_category` [ RunTime:0.0042s ]
SQL: SELECT * FROM `bjy_category` ORDER BY sort  [ RunTime:0.0004s ]
SQL: SHOW COLUMNS FROM `bjy_tag` [ RunTime:0.0062s ]
SQL: SELECT * FROM `bjy_tag`  [ RunTime:0.0003s ]
SQL: SHOW COLUMNS FROM `bjy_link` [ RunTime:0.0039s ]
SQL: SELECT * FROM `bjy_link` WHERE `is_delete` = 0 AND `is_show` = 1 ORDER BY sort  [ RunTime:0.0004s ]
NOTIC: [8] Use of undefined constant CURLOPT_TIMEOUT - assumed 'CURLOPT_TIMEOUT' E:\tongbu\wamp\www\ThinkPHP\Library\Org\ThinkSDK\ThinkOauth.class.php 第 209 行.
NOTIC: [8] Use of undefined constant CURLOPT_RETURNTRANSFER - assumed 'CURLOPT_RETURNTRANSFER' E:\tongbu\wamp\www\ThinkPHP\Library\Org\ThinkSDK\ThinkOauth.class.php 第 210 行.
NOTIC: [8] Use of undefined constant CURLOPT_SSL_VERIFYPEER - assumed 'CURLOPT_SSL_VERIFYPEER' E:\tongbu\wamp\www\ThinkPHP\Library\Org\ThinkSDK\ThinkOauth.class.php 第 211 行.
NOTIC: [8] Use of undefined constant CURLOPT_SSL_VERIFYHOST - assumed 'CURLOPT_SSL_VERIFYHOST' E:\tongbu\wamp\www\ThinkPHP\Library\Org\ThinkSDK\ThinkOauth.class.php 第 212 行.
NOTIC: [8] Use of undefined constant CURLOPT_HTTPHEADER - assumed 'CURLOPT_HTTPHEADER' E:\tongbu\wamp\www\ThinkPHP\Library\Org\ThinkSDK\ThinkOauth.class.php 第 213 行.
NOTIC: [8] Use of undefined constant CURLOPT_URL - assumed 'CURLOPT_URL' E:\tongbu\wamp\www\ThinkPHP\Library\Org\ThinkSDK\ThinkOauth.class.php 第 224 行.
NOTIC: [8] Use of undefined constant CURLOPT_POST - assumed 'CURLOPT_POST' E:\tongbu\wamp\www\ThinkPHP\Library\Org\ThinkSDK\ThinkOauth.class.php 第 225 行.
NOTIC: [8] Use of undefined constant CURLOPT_POSTFIELDS - assumed 'CURLOPT_POSTFIELDS' E:\tongbu\wamp\www\ThinkPHP\Library\Org\ThinkSDK\ThinkOauth.class.php 第 226 行.

[ 2015-09-27T16:40:48+08:00 ] 127.0.0.1 /index.php/Api/Index/oauth/type/qq?code=960B4C4970A6A8CE4D3E6865E7A78154
INFO: [ app_init ] --START--
INFO: Run Behavior\BuildLiteBehavior [ RunTime:0.000035s ]
INFO: [ app_init ] --END-- [ RunTime:0.000699s ]
INFO: [ app_begin ] --START--
INFO: Run Behavior\ReadHtmlCacheBehavior [ RunTime:0.001196s ]
INFO: [ app_begin ] --END-- [ RunTime:0.001386s ]
SQL: SHOW COLUMNS FROM `bjy_category` [ RunTime:0.0045s ]
SQL: SELECT * FROM `bjy_category` ORDER BY sort  [ RunTime:0.0005s ]
SQL: SHOW COLUMNS FROM `bjy_tag` [ RunTime:0.0048s ]
SQL: SELECT * FROM `bjy_tag`  [ RunTime:0.0004s ]
SQL: SHOW COLUMNS FROM `bjy_link` [ RunTime:0.0049s ]
SQL: SELECT * FROM `bjy_link` WHERE `is_delete` = 0 AND `is_show` = 1 ORDER BY sort  [ RunTime:0.0004s ]
NOTIC: [8] Use of undefined constant CURLOPT_TIMEOUT - assumed 'CURLOPT_TIMEOUT' E:\tongbu\wamp\www\ThinkPHP\Library\Org\ThinkSDK\ThinkOauth.class.php 第 209 行.
NOTIC: [8] Use of undefined constant CURLOPT_RETURNTRANSFER - assumed 'CURLOPT_RETURNTRANSFER' E:\tongbu\wamp\www\ThinkPHP\Library\Org\ThinkSDK\ThinkOauth.class.php 第 210 行.
NOTIC: [8] Use of undefined constant CURLOPT_SSL_VERIFYPEER - assumed 'CURLOPT_SSL_VERIFYPEER' E:\tongbu\wamp\www\ThinkPHP\Library\Org\ThinkSDK\ThinkOauth.class.php 第 211 行.
NOTIC: [8] Use of undefined constant CURLOPT_SSL_VERIFYHOST - assumed 'CURLOPT_SSL_VERIFYHOST' E:\tongbu\wamp\www\ThinkPHP\Library\Org\ThinkSDK\ThinkOauth.class.php 第 212 行.
NOTIC: [8] Use of undefined constant CURLOPT_HTTPHEADER - assumed 'CURLOPT_HTTPHEADER' E:\tongbu\wamp\www\ThinkPHP\Library\Org\ThinkSDK\ThinkOauth.class.php 第 213 行.
NOTIC: [8] Use of undefined constant CURLOPT_URL - assumed 'CURLOPT_URL' E:\tongbu\wamp\www\ThinkPHP\Library\Org\ThinkSDK\ThinkOauth.class.php 第 224 行.
NOTIC: [8] Use of undefined constant CURLOPT_POST - assumed 'CURLOPT_POST' E:\tongbu\wamp\www\ThinkPHP\Library\Org\ThinkSDK\ThinkOauth.class.php 第 225 行.
NOTIC: [8] Use of undefined constant CURLOPT_POSTFIELDS - assumed 'CURLOPT_POSTFIELDS' E:\tongbu\wamp\www\ThinkPHP\Library\Org\ThinkSDK\ThinkOauth.class.php 第 226 行.

[ 2015-09-27T16:40:49+08:00 ] 127.0.0.1 /index.php/Api/Index/oauth/type/qq?code=960B4C4970A6A8CE4D3E6865E7A78154
INFO: [ app_init ] --START--
INFO: Run Behavior\BuildLiteBehavior [ RunTime:0.000033s ]
INFO: [ app_init ] --END-- [ RunTime:0.000585s ]
INFO: [ app_begin ] --START--
INFO: Run Behavior\ReadHtmlCacheBehavior [ RunTime:0.000980s ]
INFO: [ app_begin ] --END-- [ RunTime:0.001212s ]
SQL: SHOW COLUMNS FROM `bjy_category` [ RunTime:0.0043s ]
SQL: SELECT * FROM `bjy_category` ORDER BY sort  [ RunTime:0.0004s ]
SQL: SHOW COLUMNS FROM `bjy_tag` [ RunTime:0.0044s ]
SQL: SELECT * FROM `bjy_tag`  [ RunTime:0.0003s ]
SQL: SHOW COLUMNS FROM `bjy_link` [ RunTime:0.0057s ]
SQL: SELECT * FROM `bjy_link` WHERE `is_delete` = 0 AND `is_show` = 1 ORDER BY sort  [ RunTime:0.0004s ]
NOTIC: [8] Use of undefined constant CURLOPT_TIMEOUT - assumed 'CURLOPT_TIMEOUT' E:\tongbu\wamp\www\ThinkPHP\Library\Org\ThinkSDK\ThinkOauth.class.php 第 209 行.
NOTIC: [8] Use of undefined constant CURLOPT_RETURNTRANSFER - assumed 'CURLOPT_RETURNTRANSFER' E:\tongbu\wamp\www\ThinkPHP\Library\Org\ThinkSDK\ThinkOauth.class.php 第 210 行.
NOTIC: [8] Use of undefined constant CURLOPT_SSL_VERIFYPEER - assumed 'CURLOPT_SSL_VERIFYPEER' E:\tongbu\wamp\www\ThinkPHP\Library\Org\ThinkSDK\ThinkOauth.class.php 第 211 行.
NOTIC: [8] Use of undefined constant CURLOPT_SSL_VERIFYHOST - assumed 'CURLOPT_SSL_VERIFYHOST' E:\tongbu\wamp\www\ThinkPHP\Library\Org\ThinkSDK\ThinkOauth.class.php 第 212 行.
NOTIC: [8] Use of undefined constant CURLOPT_HTTPHEADER - assumed 'CURLOPT_HTTPHEADER' E:\tongbu\wamp\www\ThinkPHP\Library\Org\ThinkSDK\ThinkOauth.class.php 第 213 行.
NOTIC: [8] Use of undefined constant CURLOPT_URL - assumed 'CURLOPT_URL' E:\tongbu\wamp\www\ThinkPHP\Library\Org\ThinkSDK\ThinkOauth.class.php 第 224 行.
NOTIC: [8] Use of undefined constant CURLOPT_POST - assumed 'CURLOPT_POST' E:\tongbu\wamp\www\ThinkPHP\Library\Org\ThinkSDK\ThinkOauth.class.php 第 225 行.
NOTIC: [8] Use of undefined constant CURLOPT_POSTFIELDS - assumed 'CURLOPT_POSTFIELDS' E:\tongbu\wamp\www\ThinkPHP\Library\Org\ThinkSDK\ThinkOauth.class.php 第 226 行.

[ 2015-09-27T16:41:49+08:00 ] 127.0.0.1 /index.php/Api/Index/oauth/type/qq?code=960B4C4970A6A8CE4D3E6865E7A78154
INFO: [ app_init ] --START--
INFO: Run Behavior\BuildLiteBehavior [ RunTime:0.000130s ]
INFO: [ app_init ] --END-- [ RunTime:0.001199s ]
INFO: [ app_begin ] --START--
INFO: Run Behavior\ReadHtmlCacheBehavior [ RunTime:0.000784s ]
INFO: [ app_begin ] --END-- [ RunTime:0.000995s ]
SQL: SHOW COLUMNS FROM `bjy_category` [ RunTime:0.0053s ]
SQL: SELECT * FROM `bjy_category` ORDER BY sort  [ RunTime:0.0004s ]
SQL: SHOW COLUMNS FROM `bjy_tag` [ RunTime:0.0042s ]
SQL: SELECT * FROM `bjy_tag`  [ RunTime:0.0004s ]
SQL: SHOW COLUMNS FROM `bjy_link` [ RunTime:0.0044s ]
SQL: SELECT * FROM `bjy_link` WHERE `is_delete` = 0 AND `is_show` = 1 ORDER BY sort  [ RunTime:0.0004s ]
NOTIC: [8] Use of undefined constant CURLOPT_TIMEOUT - assumed 'CURLOPT_TIMEOUT' E:\tongbu\wamp\www\ThinkPHP\Library\Org\ThinkSDK\ThinkOauth.class.php 第 209 行.
NOTIC: [8] Use of undefined constant CURLOPT_RETURNTRANSFER - assumed 'CURLOPT_RETURNTRANSFER' E:\tongbu\wamp\www\ThinkPHP\Library\Org\ThinkSDK\ThinkOauth.class.php 第 210 行.
NOTIC: [8] Use of undefined constant CURLOPT_SSL_VERIFYPEER - assumed 'CURLOPT_SSL_VERIFYPEER' E:\tongbu\wamp\www\ThinkPHP\Library\Org\ThinkSDK\ThinkOauth.class.php 第 211 行.
NOTIC: [8] Use of undefined constant CURLOPT_SSL_VERIFYHOST - assumed 'CURLOPT_SSL_VERIFYHOST' E:\tongbu\wamp\www\ThinkPHP\Library\Org\ThinkSDK\ThinkOauth.class.php 第 212 行.
NOTIC: [8] Use of undefined constant CURLOPT_HTTPHEADER - assumed 'CURLOPT_HTTPHEADER' E:\tongbu\wamp\www\ThinkPHP\Library\Org\ThinkSDK\ThinkOauth.class.php 第 213 行.
NOTIC: [8] Use of undefined constant CURLOPT_URL - assumed 'CURLOPT_URL' E:\tongbu\wamp\www\ThinkPHP\Library\Org\ThinkSDK\ThinkOauth.class.php 第 224 行.
NOTIC: [8] Use of undefined constant CURLOPT_POST - assumed 'CURLOPT_POST' E:\tongbu\wamp\www\ThinkPHP\Library\Org\ThinkSDK\ThinkOauth.class.php 第 225 行.
NOTIC: [8] Use of undefined constant CURLOPT_POSTFIELDS - assumed 'CURLOPT_POSTFIELDS' E:\tongbu\wamp\www\ThinkPHP\Library\Org\ThinkSDK\ThinkOauth.class.php 第 226 行.

[ 2015-09-27T16:43:11+08:00 ] 127.0.0.1 /index.php/Api/Index/oauth/type/qq?code=2CFF0982C5FEFCA461B554B2B498312B
INFO: [ app_init ] --START--
INFO: Run Behavior\BuildLiteBehavior [ RunTime:0.000076s ]
INFO: [ app_init ] --END-- [ RunTime:0.000697s ]
INFO: [ app_begin ] --START--
INFO: Run Behavior\ReadHtmlCacheBehavior [ RunTime:0.000690s ]
INFO: [ app_begin ] --END-- [ RunTime:0.000837s ]
SQL: SHOW COLUMNS FROM `bjy_category` [ RunTime:0.0041s ]
SQL: SELECT * FROM `bjy_category` ORDER BY sort  [ RunTime:0.0004s ]
SQL: SHOW COLUMNS FROM `bjy_tag` [ RunTime:0.0054s ]
SQL: SELECT * FROM `bjy_tag`  [ RunTime:0.0005s ]
SQL: SHOW COLUMNS FROM `bjy_link` [ RunTime:0.0044s ]
SQL: SELECT * FROM `bjy_link` WHERE `is_delete` = 0 AND `is_show` = 1 ORDER BY sort  [ RunTime:0.0005s ]
NOTIC: [8] Use of undefined constant CURLOPT_TIMEOUT - assumed 'CURLOPT_TIMEOUT' E:\tongbu\wamp\www\ThinkPHP\Library\Org\ThinkSDK\ThinkOauth.class.php 第 209 行.
NOTIC: [8] Use of undefined constant CURLOPT_RETURNTRANSFER - assumed 'CURLOPT_RETURNTRANSFER' E:\tongbu\wamp\www\ThinkPHP\Library\Org\ThinkSDK\ThinkOauth.class.php 第 210 行.
NOTIC: [8] Use of undefined constant CURLOPT_SSL_VERIFYPEER - assumed 'CURLOPT_SSL_VERIFYPEER' E:\tongbu\wamp\www\ThinkPHP\Library\Org\ThinkSDK\ThinkOauth.class.php 第 211 行.
NOTIC: [8] Use of undefined constant CURLOPT_SSL_VERIFYHOST - assumed 'CURLOPT_SSL_VERIFYHOST' E:\tongbu\wamp\www\ThinkPHP\Library\Org\ThinkSDK\ThinkOauth.class.php 第 212 行.
NOTIC: [8] Use of undefined constant CURLOPT_HTTPHEADER - assumed 'CURLOPT_HTTPHEADER' E:\tongbu\wamp\www\ThinkPHP\Library\Org\ThinkSDK\ThinkOauth.class.php 第 213 行.
NOTIC: [8] Use of undefined constant CURLOPT_URL - assumed 'CURLOPT_URL' E:\tongbu\wamp\www\ThinkPHP\Library\Org\ThinkSDK\ThinkOauth.class.php 第 224 行.
NOTIC: [8] Use of undefined constant CURLOPT_POST - assumed 'CURLOPT_POST' E:\tongbu\wamp\www\ThinkPHP\Library\Org\ThinkSDK\ThinkOauth.class.php 第 225 行.
NOTIC: [8] Use of undefined constant CURLOPT_POSTFIELDS - assumed 'CURLOPT_POSTFIELDS' E:\tongbu\wamp\www\ThinkPHP\Library\Org\ThinkSDK\ThinkOauth.class.php 第 226 行.

[ 2015-09-27T18:09:51+08:00 ] 127.0.0.1 /index.php/Api/Index/oauth/type/qq?code=13179DD4F8696260CA6E68A0816C8379
INFO: [ app_init ] --START--
INFO: Run Behavior\BuildLiteBehavior [ RunTime:0.000059s ]
INFO: [ app_init ] --END-- [ RunTime:0.000691s ]
INFO: [ app_begin ] --START--
INFO: Run Behavior\ReadHtmlCacheBehavior [ RunTime:0.000694s ]
INFO: [ app_begin ] --END-- [ RunTime:0.000910s ]
SQL: SHOW COLUMNS FROM `bjy_category` [ RunTime:0.0065s ]
SQL: SELECT * FROM `bjy_category` ORDER BY sort  [ RunTime:0.0005s ]
SQL: SHOW COLUMNS FROM `bjy_tag` [ RunTime:0.0050s ]
SQL: SELECT * FROM `bjy_tag`  [ RunTime:0.0005s ]
SQL: SHOW COLUMNS FROM `bjy_link` [ RunTime:0.0067s ]
SQL: SELECT * FROM `bjy_link` WHERE `is_delete` = 0 AND `is_show` = 1 ORDER BY sort  [ RunTime:0.0005s ]
SQL: SHOW COLUMNS FROM `bjy_oauth_user` [ RunTime:0.0208s ]
SQL: SELECT * FROM `bjy_oauth_user` WHERE `openid` = 'F16ABCFCE42A66BA9049DA0D95593D19' LIMIT 1   [ RunTime:0.0005s ]
SQL: INSERT INTO `bjy_oauth_user` (`uid`,`type`,`nickname`,`head_img`,`openid`,`access_token`,`create_time`,`last_login_time`,`last_login_ip`,`login_times`,`status`) VALUES ('0','1','云淡风晴','http://qzapp.qlogo.cn/qzapp/101206152/F16ABCFCE42A66BA9049DA0D95593D19/100','F16ABCFCE42A66BA9049DA0D95593D19','5B57B0C3EF62EDFC62190CBF895CA198','1443348591','1443348591','127.0.0.1','1','1') [ RunTime:0.0413s ]

