[ 2015-10-21T22:44:25+08:00 ] 127.0.0.1 /index.php/Api/Index/oauth/type/qq?code=B0E0D95E5A694D58F286EF2A112C19C1
INFO: [ app_init ] --START--
INFO: Run Behavior\BuildLiteBehavior [ RunTime:0.000063s ]
INFO: [ app_init ] --END-- [ RunTime:0.000808s ]
INFO: [ app_begin ] --START--
INFO: Run Behavior\ReadHtmlCacheBehavior [ RunTime:0.000698s ]
INFO: [ app_begin ] --END-- [ RunTime:0.000909s ]
SQL: SHOW COLUMNS FROM `bjy_category` [ RunTime:0.0054s ]
SQL: SELECT * FROM `bjy_category` ORDER BY sort  [ RunTime:0.0003s ]
SQL: SHOW COLUMNS FROM `bjy_tag` [ RunTime:0.0037s ]
SQL: SELECT * FROM `bjy_tag`  [ RunTime:0.0004s ]
SQL: SHOW COLUMNS FROM `bjy_link` [ RunTime:0.0041s ]
SQL: SELECT * FROM `bjy_link` WHERE `is_delete` = 0 AND `is_show` = 1 ORDER BY sort  [ RunTime:0.0006s ]

[ 2015-10-21T22:47:44+08:00 ] 127.0.0.1 /index.php/Api/Index/oauth/type/qq?code=288DCB139092941E2C8A96D9A85B1796
INFO: [ app_init ] --START--
INFO: Run Behavior\BuildLiteBehavior [ RunTime:0.000033s ]
INFO: [ app_init ] --END-- [ RunTime:0.000550s ]
INFO: [ app_begin ] --START--
INFO: Run Behavior\ReadHtmlCacheBehavior [ RunTime:0.001099s ]
INFO: [ app_begin ] --END-- [ RunTime:0.001412s ]
SQL: SHOW COLUMNS FROM `bjy_category` [ RunTime:0.0045s ]
SQL: SELECT * FROM `bjy_category` ORDER BY sort  [ RunTime:0.0004s ]
SQL: SHOW COLUMNS FROM `bjy_tag` [ RunTime:0.0033s ]
SQL: SELECT * FROM `bjy_tag`  [ RunTime:0.0003s ]
SQL: SHOW COLUMNS FROM `bjy_link` [ RunTime:0.0049s ]
SQL: SELECT * FROM `bjy_link` WHERE `is_delete` = 0 AND `is_show` = 1 ORDER BY sort  [ RunTime:0.0006s ]

[ 2015-10-21T22:47:58+08:00 ] 127.0.0.1 /index.php/Api/Index/oauth/type/qq?code=065FFCC818ABD2D73B94899843A0E182
INFO: [ app_init ] --START--
INFO: Run Behavior\BuildLiteBehavior [ RunTime:0.000047s ]
INFO: [ app_init ] --END-- [ RunTime:0.000834s ]
INFO: [ app_begin ] --START--
INFO: Run Behavior\ReadHtmlCacheBehavior [ RunTime:0.001714s ]
INFO: [ app_begin ] --END-- [ RunTime:0.001985s ]
SQL: SHOW COLUMNS FROM `bjy_category` [ RunTime:0.0035s ]
SQL: SELECT * FROM `bjy_category` ORDER BY sort  [ RunTime:0.0006s ]
SQL: SHOW COLUMNS FROM `bjy_tag` [ RunTime:0.0041s ]
SQL: SELECT * FROM `bjy_tag`  [ RunTime:0.0004s ]
SQL: SHOW COLUMNS FROM `bjy_link` [ RunTime:0.0052s ]
SQL: SELECT * FROM `bjy_link` WHERE `is_delete` = 0 AND `is_show` = 1 ORDER BY sort  [ RunTime:0.0005s ]
SQL: SHOW COLUMNS FROM `bjy_oauth_user` [ RunTime:0.0042s ]
SQL: SELECT * FROM `bjy_oauth_user` WHERE `openid` = 'F16ABCFCE42A66BA9049DA0D95593D19' LIMIT 1   [ RunTime:0.0004s ]
SQL: UPDATE `bjy_oauth_user` SET `uid`='0',`type`='1',`nickname`='云淡风晴',`head_img`='http://qzapp.qlogo.cn/qzapp/101206152/F16ABCFCE42A66BA9049DA0D95593D19/100',`openid`='F16ABCFCE42A66BA9049DA0D95593D19',`access_token`='D7BE051A2A0C31B67464809BD2B9E5F2',`last_login_time`='1445438878',`last_login_ip`='127.0.0.1',`login_times`=login_times+1 WHERE `openid` = 'F16ABCFCE42A66BA9049DA0D95593D19' [ RunTime:0.1744s ]
SQL: SELECT `id` FROM `bjy_oauth_user` WHERE `openid` = 'F16ABCFCE42A66BA9049DA0D95593D19' LIMIT 1   [ RunTime:0.0007s ]

[ 2015-10-21T22:47:58+08:00 ] 127.0.0.1 /index.php/Api/Index/oauth/type/qq?code=065FFCC818ABD2D73B94899843A0E182
INFO: [ app_init ] --START--
INFO: Run Behavior\BuildLiteBehavior [ RunTime:0.000049s ]
INFO: [ app_init ] --END-- [ RunTime:0.000876s ]
INFO: [ app_begin ] --START--
INFO: Run Behavior\ReadHtmlCacheBehavior [ RunTime:0.001081s ]
INFO: [ app_begin ] --END-- [ RunTime:0.001415s ]
SQL: SHOW COLUMNS FROM `bjy_category` [ RunTime:0.0052s ]
SQL: SELECT * FROM `bjy_category` ORDER BY sort  [ RunTime:0.0006s ]
SQL: SHOW COLUMNS FROM `bjy_tag` [ RunTime:0.0053s ]
SQL: SELECT * FROM `bjy_tag`  [ RunTime:0.0005s ]
SQL: SHOW COLUMNS FROM `bjy_link` [ RunTime:0.0055s ]
SQL: SELECT * FROM `bjy_link` WHERE `is_delete` = 0 AND `is_show` = 1 ORDER BY sort  [ RunTime:0.0004s ]
NOTIC: [8] Undefined index: access_token E:\tongbu\wamp\www\ThinkPHP\Library\Org\ThinkSDK\sdk\QqSDK.class.php 第 65 行.
ERR: 获取腾讯QQ ACCESS_TOKEN 出错：callback( {"error":100020,"error_description":"code is reused error"} );


[ 2015-10-21T22:48:34+08:00 ] 127.0.0.1 /index.php/Api/Index/oauth/type/qq?code=38DE39C79D009D07F5A46DC58F8D5258
INFO: [ app_init ] --START--
INFO: Run Behavior\BuildLiteBehavior [ RunTime:0.000052s ]
INFO: [ app_init ] --END-- [ RunTime:0.000751s ]
INFO: [ app_begin ] --START--
INFO: Run Behavior\ReadHtmlCacheBehavior [ RunTime:0.000949s ]
INFO: [ app_begin ] --END-- [ RunTime:0.001260s ]
SQL: SHOW COLUMNS FROM `bjy_category` [ RunTime:0.0059s ]
SQL: SELECT * FROM `bjy_category` ORDER BY sort  [ RunTime:0.0006s ]
SQL: SHOW COLUMNS FROM `bjy_tag` [ RunTime:0.0042s ]
SQL: SELECT * FROM `bjy_tag`  [ RunTime:0.0004s ]
SQL: SHOW COLUMNS FROM `bjy_link` [ RunTime:0.0053s ]
SQL: SELECT * FROM `bjy_link` WHERE `is_delete` = 0 AND `is_show` = 1 ORDER BY sort  [ RunTime:0.0005s ]

[ 2015-10-21T22:49:28+08:00 ] 127.0.0.1 /index.php/Api/Index/oauth/type/qq?code=31DF2164C5927F693B2A74A3BB65A7CE
INFO: [ app_init ] --START--
INFO: Run Behavior\BuildLiteBehavior [ RunTime:0.000041s ]
INFO: [ app_init ] --END-- [ RunTime:0.000656s ]
INFO: [ app_begin ] --START--
INFO: Run Behavior\ReadHtmlCacheBehavior [ RunTime:0.000925s ]
INFO: [ app_begin ] --END-- [ RunTime:0.001200s ]
SQL: SHOW COLUMNS FROM `bjy_category` [ RunTime:0.0052s ]
SQL: SELECT * FROM `bjy_category` ORDER BY sort  [ RunTime:0.0005s ]
SQL: SHOW COLUMNS FROM `bjy_tag` [ RunTime:0.0047s ]
SQL: SELECT * FROM `bjy_tag`  [ RunTime:0.0003s ]
SQL: SHOW COLUMNS FROM `bjy_link` [ RunTime:0.0052s ]
SQL: SELECT * FROM `bjy_link` WHERE `is_delete` = 0 AND `is_show` = 1 ORDER BY sort  [ RunTime:0.0004s ]

[ 2015-10-21T22:49:35+08:00 ] 127.0.0.1 /index.php/Api/Index/oauth/type/qq?code=CFC25B5511998106FE7225BE3968E3F5
INFO: [ app_init ] --START--
INFO: Run Behavior\BuildLiteBehavior [ RunTime:0.000032s ]
INFO: [ app_init ] --END-- [ RunTime:0.000524s ]
INFO: [ app_begin ] --START--
INFO: Run Behavior\ReadHtmlCacheBehavior [ RunTime:0.000762s ]
INFO: [ app_begin ] --END-- [ RunTime:0.000931s ]
SQL: SHOW COLUMNS FROM `bjy_category` [ RunTime:0.0048s ]
SQL: SELECT * FROM `bjy_category` ORDER BY sort  [ RunTime:0.0004s ]
SQL: SHOW COLUMNS FROM `bjy_tag` [ RunTime:0.0043s ]
SQL: SELECT * FROM `bjy_tag`  [ RunTime:0.0003s ]
SQL: SHOW COLUMNS FROM `bjy_link` [ RunTime:0.0044s ]
SQL: SELECT * FROM `bjy_link` WHERE `is_delete` = 0 AND `is_show` = 1 ORDER BY sort  [ RunTime:0.0004s ]
SQL: SHOW COLUMNS FROM `bjy_oauth_user` [ RunTime:0.0112s ]
SQL: SELECT * FROM `bjy_oauth_user` WHERE `openid` = 'F16ABCFCE42A66BA9049DA0D95593D19' LIMIT 1   [ RunTime:0.0009s ]
SQL: UPDATE `bjy_oauth_user` SET `uid`='0',`type`='1',`nickname`='云淡风晴',`head_img`='http://qzapp.qlogo.cn/qzapp/101206152/F16ABCFCE42A66BA9049DA0D95593D19/100',`openid`='F16ABCFCE42A66BA9049DA0D95593D19',`access_token`='D7BE051A2A0C31B67464809BD2B9E5F2',`last_login_time`='1445438975',`last_login_ip`='127.0.0.1',`login_times`=login_times+1 WHERE `openid` = 'F16ABCFCE42A66BA9049DA0D95593D19' [ RunTime:0.0821s ]
SQL: SELECT `id` FROM `bjy_oauth_user` WHERE `openid` = 'F16ABCFCE42A66BA9049DA0D95593D19' LIMIT 1   [ RunTime:0.0004s ]
NOTIC: [8] Undefined variable: session E:\tongbu\wamp\www\Application\Api\Controller\IndexController.class.php 第 46 行.

[ 2015-10-21T22:52:05+08:00 ] 127.0.0.1 /index.php/Api/Index/oauth/type/qq?code=7945E63E50FBB987FC4493B6350F8A06
INFO: [ app_init ] --START--
INFO: Run Behavior\BuildLiteBehavior [ RunTime:0.000034s ]
INFO: [ app_init ] --END-- [ RunTime:0.000680s ]
INFO: [ app_begin ] --START--
INFO: Run Behavior\ReadHtmlCacheBehavior [ RunTime:0.000818s ]
INFO: [ app_begin ] --END-- [ RunTime:0.001045s ]
SQL: SHOW COLUMNS FROM `bjy_category` [ RunTime:0.0054s ]
SQL: SELECT * FROM `bjy_category` ORDER BY sort  [ RunTime:0.0005s ]
SQL: SHOW COLUMNS FROM `bjy_tag` [ RunTime:0.0054s ]
SQL: SELECT * FROM `bjy_tag`  [ RunTime:0.0004s ]
SQL: SHOW COLUMNS FROM `bjy_link` [ RunTime:0.0048s ]
SQL: SELECT * FROM `bjy_link` WHERE `is_delete` = 0 AND `is_show` = 1 ORDER BY sort  [ RunTime:0.0007s ]
SQL: SHOW COLUMNS FROM `bjy_oauth_user` [ RunTime:0.0088s ]
SQL: SELECT * FROM `bjy_oauth_user` WHERE `openid` = 'F16ABCFCE42A66BA9049DA0D95593D19' LIMIT 1   [ RunTime:0.0008s ]
SQL: UPDATE `bjy_oauth_user` SET `uid`='0',`type`='1',`nickname`='云淡风晴',`head_img`='http://qzapp.qlogo.cn/qzapp/101206152/F16ABCFCE42A66BA9049DA0D95593D19/100',`openid`='F16ABCFCE42A66BA9049DA0D95593D19',`access_token`='D7BE051A2A0C31B67464809BD2B9E5F2',`last_login_time`='1445439125',`last_login_ip`='127.0.0.1',`login_times`=login_times+1 WHERE `openid` = 'F16ABCFCE42A66BA9049DA0D95593D19' [ RunTime:0.1308s ]
SQL: SELECT `id` FROM `bjy_oauth_user` WHERE `openid` = 'F16ABCFCE42A66BA9049DA0D95593D19' LIMIT 1   [ RunTime:0.0010s ]

[ 2015-10-21T22:53:22+08:00 ] 127.0.0.1 /index.php/Api/Index/oauth/type/qq?code=9F864985C8C52676E8A0C10542837A18
INFO: [ app_init ] --START--
INFO: Run Behavior\BuildLiteBehavior [ RunTime:0.000034s ]
INFO: [ app_init ] --END-- [ RunTime:0.000568s ]
INFO: [ app_begin ] --START--
INFO: Run Behavior\ReadHtmlCacheBehavior [ RunTime:0.000923s ]
INFO: [ app_begin ] --END-- [ RunTime:0.001233s ]
SQL: SHOW COLUMNS FROM `bjy_category` [ RunTime:0.0040s ]
SQL: SELECT * FROM `bjy_category` ORDER BY sort  [ RunTime:0.0004s ]
SQL: SHOW COLUMNS FROM `bjy_tag` [ RunTime:0.0038s ]
SQL: SELECT * FROM `bjy_tag`  [ RunTime:0.0003s ]
SQL: SHOW COLUMNS FROM `bjy_link` [ RunTime:0.0043s ]
SQL: SELECT * FROM `bjy_link` WHERE `is_delete` = 0 AND `is_show` = 1 ORDER BY sort  [ RunTime:0.0005s ]
SQL: SHOW COLUMNS FROM `bjy_oauth_user` [ RunTime:0.0061s ]
SQL: SELECT * FROM `bjy_oauth_user` WHERE `openid` = 'F16ABCFCE42A66BA9049DA0D95593D19' LIMIT 1   [ RunTime:0.0008s ]
SQL: UPDATE `bjy_oauth_user` SET `uid`='0',`type`='1',`nickname`='云淡风晴',`head_img`='http://qzapp.qlogo.cn/qzapp/101206152/F16ABCFCE42A66BA9049DA0D95593D19/100',`openid`='F16ABCFCE42A66BA9049DA0D95593D19',`access_token`='D7BE051A2A0C31B67464809BD2B9E5F2',`last_login_time`='1445439202',`last_login_ip`='127.0.0.1',`login_times`=login_times+1 WHERE `openid` = 'F16ABCFCE42A66BA9049DA0D95593D19' [ RunTime:0.0849s ]
SQL: SELECT `id` FROM `bjy_oauth_user` WHERE `openid` = 'F16ABCFCE42A66BA9049DA0D95593D19' LIMIT 1   [ RunTime:0.0004s ]

[ 2015-10-21T23:08:48+08:00 ] 127.0.0.1 /index.php/Api/Index/oauth/type/qq?code=B4BF502039C897109AED1C92A468D4BE
INFO: [ app_init ] --START--
INFO: Run Behavior\BuildLiteBehavior [ RunTime:0.000054s ]
INFO: [ app_init ] --END-- [ RunTime:0.001230s ]
INFO: [ app_begin ] --START--
INFO: Run Behavior\ReadHtmlCacheBehavior [ RunTime:0.000772s ]
INFO: [ app_begin ] --END-- [ RunTime:0.000978s ]
SQL: SHOW COLUMNS FROM `bjy_category` [ RunTime:0.0059s ]
SQL: SELECT * FROM `bjy_category` ORDER BY sort  [ RunTime:0.0004s ]
SQL: SHOW COLUMNS FROM `bjy_tag` [ RunTime:0.0051s ]
SQL: SELECT * FROM `bjy_tag`  [ RunTime:0.0007s ]
SQL: SHOW COLUMNS FROM `bjy_link` [ RunTime:0.0054s ]
SQL: SELECT * FROM `bjy_link` WHERE `is_delete` = 0 AND `is_show` = 1 ORDER BY sort  [ RunTime:0.0005s ]
SQL: SHOW COLUMNS FROM `bjy_oauth_user` [ RunTime:0.0038s ]
SQL: SELECT * FROM `bjy_oauth_user` WHERE `openid` = 'F16ABCFCE42A66BA9049DA0D95593D19' LIMIT 1   [ RunTime:0.0005s ]
SQL: UPDATE `bjy_oauth_user` SET `uid`='0',`type`='1',`nickname`='云淡风晴',`head_img`='http://qzapp.qlogo.cn/qzapp/101206152/F16ABCFCE42A66BA9049DA0D95593D19/100',`openid`='F16ABCFCE42A66BA9049DA0D95593D19',`access_token`='D7BE051A2A0C31B67464809BD2B9E5F2',`last_login_time`='1445440128',`last_login_ip`='127.0.0.1',`login_times`=login_times+1 WHERE `openid` = 'F16ABCFCE42A66BA9049DA0D95593D19' [ RunTime:0.0492s ]
SQL: SELECT `id` FROM `bjy_oauth_user` WHERE `openid` = 'F16ABCFCE42A66BA9049DA0D95593D19' LIMIT 1   [ RunTime:0.0004s ]

[ 2015-10-21T23:11:43+08:00 ] 127.0.0.1 /index.php/Api/Index/oauth/type/qq?code=B4BF502039C897109AED1C92A468D4BE
INFO: [ app_init ] --START--
INFO: Run Behavior\BuildLiteBehavior [ RunTime:0.000032s ]
INFO: [ app_init ] --END-- [ RunTime:0.000579s ]
INFO: [ app_begin ] --START--
INFO: Run Behavior\ReadHtmlCacheBehavior [ RunTime:0.000759s ]
INFO: [ app_begin ] --END-- [ RunTime:0.000916s ]
SQL: SHOW COLUMNS FROM `bjy_category` [ RunTime:0.0035s ]
SQL: SELECT * FROM `bjy_category` ORDER BY sort  [ RunTime:0.0004s ]
SQL: SHOW COLUMNS FROM `bjy_tag` [ RunTime:0.0037s ]
SQL: SELECT * FROM `bjy_tag`  [ RunTime:0.0003s ]
SQL: SHOW COLUMNS FROM `bjy_link` [ RunTime:0.0041s ]
SQL: SELECT * FROM `bjy_link` WHERE `is_delete` = 0 AND `is_show` = 1 ORDER BY sort  [ RunTime:0.0004s ]
NOTIC: [8] Undefined index: access_token E:\tongbu\wamp\www\ThinkPHP\Library\Org\ThinkSDK\sdk\QqSDK.class.php 第 65 行.
ERR: 获取腾讯QQ ACCESS_TOKEN 出错：callback( {"error":100020,"error_description":"code is reused error"} );


[ 2015-10-21T23:11:47+08:00 ] 127.0.0.1 /index.php/Api/Index/oauth/type/qq?code=7BE45CC19142064A372E9E1C8B2F0782
INFO: [ app_init ] --START--
INFO: Run Behavior\BuildLiteBehavior [ RunTime:0.000052s ]
INFO: [ app_init ] --END-- [ RunTime:0.000739s ]
INFO: [ app_begin ] --START--
INFO: Run Behavior\ReadHtmlCacheBehavior [ RunTime:0.000593s ]
INFO: [ app_begin ] --END-- [ RunTime:0.000752s ]
SQL: SHOW COLUMNS FROM `bjy_category` [ RunTime:0.0044s ]
SQL: SELECT * FROM `bjy_category` ORDER BY sort  [ RunTime:0.0004s ]
SQL: SHOW COLUMNS FROM `bjy_tag` [ RunTime:0.0047s ]
SQL: SELECT * FROM `bjy_tag`  [ RunTime:0.0004s ]
SQL: SHOW COLUMNS FROM `bjy_link` [ RunTime:0.0040s ]
SQL: SELECT * FROM `bjy_link` WHERE `is_delete` = 0 AND `is_show` = 1 ORDER BY sort  [ RunTime:0.0004s ]
SQL: SHOW COLUMNS FROM `bjy_oauth_user` [ RunTime:0.0044s ]
SQL: SELECT * FROM `bjy_oauth_user` WHERE `openid` = 'F16ABCFCE42A66BA9049DA0D95593D19' LIMIT 1   [ RunTime:0.0004s ]
SQL: UPDATE `bjy_oauth_user` SET `uid`='0',`type`='1',`nickname`='云淡风晴',`head_img`='http://qzapp.qlogo.cn/qzapp/101206152/F16ABCFCE42A66BA9049DA0D95593D19/100',`openid`='F16ABCFCE42A66BA9049DA0D95593D19',`access_token`='D7BE051A2A0C31B67464809BD2B9E5F2',`last_login_time`='1445440307',`last_login_ip`='127.0.0.1',`login_times`=login_times+1 WHERE `openid` = 'F16ABCFCE42A66BA9049DA0D95593D19' [ RunTime:0.0942s ]
SQL: SELECT `id` FROM `bjy_oauth_user` WHERE `openid` = 'F16ABCFCE42A66BA9049DA0D95593D19' LIMIT 1   [ RunTime:0.0004s ]

[ 2015-10-21T23:14:22+08:00 ] 127.0.0.1 /index.php/Api/Index/oauth/type/qq?code=7BE45CC19142064A372E9E1C8B2F0782
INFO: [ app_init ] --START--
INFO: Run Behavior\BuildLiteBehavior [ RunTime:0.000032s ]
INFO: [ app_init ] --END-- [ RunTime:0.000573s ]
INFO: [ app_begin ] --START--
INFO: Run Behavior\ReadHtmlCacheBehavior [ RunTime:0.000732s ]
INFO: [ app_begin ] --END-- [ RunTime:0.000892s ]
SQL: SHOW COLUMNS FROM `bjy_category` [ RunTime:0.0035s ]
SQL: SELECT * FROM `bjy_category` ORDER BY sort  [ RunTime:0.0004s ]
SQL: SHOW COLUMNS FROM `bjy_tag` [ RunTime:0.0037s ]
SQL: SELECT * FROM `bjy_tag`  [ RunTime:0.0003s ]
SQL: SHOW COLUMNS FROM `bjy_link` [ RunTime:0.0042s ]
SQL: SELECT * FROM `bjy_link` WHERE `is_delete` = 0 AND `is_show` = 1 ORDER BY sort  [ RunTime:0.0004s ]
NOTIC: [8] Undefined index: access_token E:\tongbu\wamp\www\ThinkPHP\Library\Org\ThinkSDK\sdk\QqSDK.class.php 第 65 行.
ERR: 获取腾讯QQ ACCESS_TOKEN 出错：callback( {"error":100020,"error_description":"code is reused error"} );


[ 2015-10-21T23:14:27+08:00 ] 127.0.0.1 /index.php/Api/Index/oauth/type/qq?code=EE3CC5CB3172B94C5F0A8FF32BBD8476
INFO: [ app_init ] --START--
INFO: Run Behavior\BuildLiteBehavior [ RunTime:0.000058s ]
INFO: [ app_init ] --END-- [ RunTime:0.000846s ]
INFO: [ app_begin ] --START--
INFO: Run Behavior\ReadHtmlCacheBehavior [ RunTime:0.001002s ]
INFO: [ app_begin ] --END-- [ RunTime:0.001300s ]
SQL: SHOW COLUMNS FROM `bjy_category` [ RunTime:0.0049s ]
SQL: SELECT * FROM `bjy_category` ORDER BY sort  [ RunTime:0.0004s ]
SQL: SHOW COLUMNS FROM `bjy_tag` [ RunTime:0.0040s ]
SQL: SELECT * FROM `bjy_tag`  [ RunTime:0.0006s ]
SQL: SHOW COLUMNS FROM `bjy_link` [ RunTime:0.0057s ]
SQL: SELECT * FROM `bjy_link` WHERE `is_delete` = 0 AND `is_show` = 1 ORDER BY sort  [ RunTime:0.0004s ]
SQL: SHOW COLUMNS FROM `bjy_oauth_user` [ RunTime:0.0049s ]
SQL: SELECT * FROM `bjy_oauth_user` WHERE `openid` = 'F16ABCFCE42A66BA9049DA0D95593D19' LIMIT 1   [ RunTime:0.0004s ]
SQL: UPDATE `bjy_oauth_user` SET `uid`='0',`type`='1',`nickname`='云淡风晴',`head_img`='http://qzapp.qlogo.cn/qzapp/101206152/F16ABCFCE42A66BA9049DA0D95593D19/100',`openid`='F16ABCFCE42A66BA9049DA0D95593D19',`access_token`='D7BE051A2A0C31B67464809BD2B9E5F2',`last_login_time`='1445440467',`last_login_ip`='127.0.0.1',`login_times`=login_times+1 WHERE `openid` = 'F16ABCFCE42A66BA9049DA0D95593D19' [ RunTime:0.1829s ]
SQL: SELECT `id` FROM `bjy_oauth_user` WHERE `openid` = 'F16ABCFCE42A66BA9049DA0D95593D19' LIMIT 1   [ RunTime:0.0004s ]

[ 2015-10-21T23:21:04+08:00 ] 127.0.0.1 /index.php/Api/Index/oauth/type/qq?code=F7772D34942C799CE7CFA07A66AB1B15
INFO: [ app_init ] --START--
INFO: Run Behavior\BuildLiteBehavior [ RunTime:0.000069s ]
INFO: [ app_init ] --END-- [ RunTime:0.000828s ]
INFO: [ app_begin ] --START--
INFO: Run Behavior\ReadHtmlCacheBehavior [ RunTime:0.000879s ]
INFO: [ app_begin ] --END-- [ RunTime:0.001115s ]
SQL: SHOW COLUMNS FROM `bjy_category` [ RunTime:0.0040s ]
SQL: SELECT * FROM `bjy_category` ORDER BY sort  [ RunTime:0.0003s ]
SQL: SHOW COLUMNS FROM `bjy_tag` [ RunTime:0.0053s ]
SQL: SELECT * FROM `bjy_tag`  [ RunTime:0.0003s ]
SQL: SHOW COLUMNS FROM `bjy_link` [ RunTime:0.0046s ]
SQL: SELECT * FROM `bjy_link` WHERE `is_delete` = 0 AND `is_show` = 1 ORDER BY sort  [ RunTime:0.0004s ]
SQL: SHOW COLUMNS FROM `bjy_oauth_user` [ RunTime:0.0057s ]
SQL: SELECT * FROM `bjy_oauth_user` WHERE `openid` = 'F16ABCFCE42A66BA9049DA0D95593D19' LIMIT 1   [ RunTime:0.0004s ]
SQL: UPDATE `bjy_oauth_user` SET `uid`='0',`type`='1',`nickname`='云淡风晴',`head_img`='http://qzapp.qlogo.cn/qzapp/101206152/F16ABCFCE42A66BA9049DA0D95593D19/100',`openid`='F16ABCFCE42A66BA9049DA0D95593D19',`access_token`='D7BE051A2A0C31B67464809BD2B9E5F2',`last_login_time`='1445440863',`last_login_ip`='127.0.0.1',`login_times`=login_times+1 WHERE `openid` = 'F16ABCFCE42A66BA9049DA0D95593D19' [ RunTime:0.0862s ]
SQL: SELECT `id` FROM `bjy_oauth_user` WHERE `openid` = 'F16ABCFCE42A66BA9049DA0D95593D19' LIMIT 1   [ RunTime:0.0004s ]

[ 2015-10-21T23:22:12+08:00 ] 127.0.0.1 /index.php/Api/Index/oauth/type/qq?code=48721B3161378E2D807F5D1DC1AF77D3
INFO: [ app_init ] --START--
INFO: Run Behavior\BuildLiteBehavior [ RunTime:0.000058s ]
INFO: [ app_init ] --END-- [ RunTime:0.000849s ]
INFO: [ app_begin ] --START--
INFO: Run Behavior\ReadHtmlCacheBehavior [ RunTime:0.000561s ]
INFO: [ app_begin ] --END-- [ RunTime:0.000715s ]
SQL: SHOW COLUMNS FROM `bjy_category` [ RunTime:0.0046s ]
SQL: SELECT * FROM `bjy_category` ORDER BY sort  [ RunTime:0.0005s ]
SQL: SHOW COLUMNS FROM `bjy_tag` [ RunTime:0.0050s ]
SQL: SELECT * FROM `bjy_tag`  [ RunTime:0.0003s ]
SQL: SHOW COLUMNS FROM `bjy_link` [ RunTime:0.0042s ]
SQL: SELECT * FROM `bjy_link` WHERE `is_delete` = 0 AND `is_show` = 1 ORDER BY sort  [ RunTime:0.0004s ]
SQL: SHOW COLUMNS FROM `bjy_oauth_user` [ RunTime:0.0036s ]
SQL: SELECT * FROM `bjy_oauth_user` WHERE `openid` = 'F16ABCFCE42A66BA9049DA0D95593D19' LIMIT 1   [ RunTime:0.0005s ]
SQL: UPDATE `bjy_oauth_user` SET `uid`='0',`type`='1',`nickname`='云淡风晴',`head_img`='http://qzapp.qlogo.cn/qzapp/101206152/F16ABCFCE42A66BA9049DA0D95593D19/100',`openid`='F16ABCFCE42A66BA9049DA0D95593D19',`access_token`='D7BE051A2A0C31B67464809BD2B9E5F2',`last_login_time`='1445440931',`last_login_ip`='127.0.0.1',`login_times`=login_times+1 WHERE `openid` = 'F16ABCFCE42A66BA9049DA0D95593D19' [ RunTime:0.0840s ]
SQL: SELECT `id` FROM `bjy_oauth_user` WHERE `openid` = 'F16ABCFCE42A66BA9049DA0D95593D19' LIMIT 1   [ RunTime:0.0004s ]

[ 2015-10-21T23:23:22+08:00 ] 127.0.0.1 /index.php/Api/Index/oauth/type/qq?code=FABA0B7397EBCAB8C4117993CE6B7484
INFO: [ app_init ] --START--
INFO: Run Behavior\BuildLiteBehavior [ RunTime:0.000060s ]
INFO: [ app_init ] --END-- [ RunTime:0.000904s ]
INFO: [ app_begin ] --START--
INFO: Run Behavior\ReadHtmlCacheBehavior [ RunTime:0.000770s ]
INFO: [ app_begin ] --END-- [ RunTime:0.000980s ]
SQL: SHOW COLUMNS FROM `bjy_category` [ RunTime:0.0037s ]
SQL: SELECT * FROM `bjy_category` ORDER BY sort  [ RunTime:0.0005s ]
SQL: SHOW COLUMNS FROM `bjy_tag` [ RunTime:0.0053s ]
SQL: SELECT * FROM `bjy_tag`  [ RunTime:0.0003s ]
SQL: SHOW COLUMNS FROM `bjy_link` [ RunTime:0.0044s ]
SQL: SELECT * FROM `bjy_link` WHERE `is_delete` = 0 AND `is_show` = 1 ORDER BY sort  [ RunTime:0.0005s ]
SQL: SHOW COLUMNS FROM `bjy_oauth_user` [ RunTime:0.0040s ]
SQL: SELECT * FROM `bjy_oauth_user` WHERE `openid` = 'F16ABCFCE42A66BA9049DA0D95593D19' LIMIT 1   [ RunTime:0.0005s ]
SQL: UPDATE `bjy_oauth_user` SET `uid`='0',`type`='1',`nickname`='云淡风晴',`head_img`='http://qzapp.qlogo.cn/qzapp/101206152/F16ABCFCE42A66BA9049DA0D95593D19/100',`openid`='F16ABCFCE42A66BA9049DA0D95593D19',`access_token`='D7BE051A2A0C31B67464809BD2B9E5F2',`last_login_time`='1445441002',`last_login_ip`='127.0.0.1',`login_times`=login_times+1 WHERE `openid` = 'F16ABCFCE42A66BA9049DA0D95593D19' [ RunTime:0.0881s ]
SQL: SELECT `id` FROM `bjy_oauth_user` WHERE `openid` = 'F16ABCFCE42A66BA9049DA0D95593D19' LIMIT 1   [ RunTime:0.0004s ]

[ 2015-10-21T23:23:39+08:00 ] 127.0.0.1 /index.php/Api/Index/oauth/type/qq?code=C00B41AA3205266F040CE17392B1893E
INFO: [ app_init ] --START--
INFO: Run Behavior\BuildLiteBehavior [ RunTime:0.000038s ]
INFO: [ app_init ] --END-- [ RunTime:0.000619s ]
INFO: [ app_begin ] --START--
INFO: Run Behavior\ReadHtmlCacheBehavior [ RunTime:0.000685s ]
INFO: [ app_begin ] --END-- [ RunTime:0.000892s ]
SQL: SHOW COLUMNS FROM `bjy_category` [ RunTime:0.0058s ]
SQL: SELECT * FROM `bjy_category` ORDER BY sort  [ RunTime:0.0004s ]
SQL: SHOW COLUMNS FROM `bjy_tag` [ RunTime:0.0046s ]
SQL: SELECT * FROM `bjy_tag`  [ RunTime:0.0005s ]
SQL: SHOW COLUMNS FROM `bjy_link` [ RunTime:0.0072s ]
SQL: SELECT * FROM `bjy_link` WHERE `is_delete` = 0 AND `is_show` = 1 ORDER BY sort  [ RunTime:0.0006s ]
SQL: SHOW COLUMNS FROM `bjy_oauth_user` [ RunTime:0.0042s ]
SQL: SELECT * FROM `bjy_oauth_user` WHERE `openid` = 'F16ABCFCE42A66BA9049DA0D95593D19' LIMIT 1   [ RunTime:0.0004s ]
SQL: UPDATE `bjy_oauth_user` SET `uid`='0',`type`='1',`nickname`='云淡风晴',`head_img`='http://qzapp.qlogo.cn/qzapp/101206152/F16ABCFCE42A66BA9049DA0D95593D19/100',`openid`='F16ABCFCE42A66BA9049DA0D95593D19',`access_token`='D7BE051A2A0C31B67464809BD2B9E5F2',`last_login_time`='1445441019',`last_login_ip`='127.0.0.1',`login_times`=login_times+1 WHERE `openid` = 'F16ABCFCE42A66BA9049DA0D95593D19' [ RunTime:0.0275s ]
SQL: SELECT `id` FROM `bjy_oauth_user` WHERE `openid` = 'F16ABCFCE42A66BA9049DA0D95593D19' LIMIT 1   [ RunTime:0.0003s ]

