[ 2015-10-18T23:03:36+08:00 ] 127.0.0.1 /index.php/Api/Index/oauth/type/qq
INFO: [ app_init ] --START--
INFO: Run Behavior\BuildLiteBehavior [ RunTime:0.000038s ]
INFO: [ app_init ] --END-- [ RunTime:0.000575s ]
INFO: [ app_begin ] --START--
INFO: Run Behavior\ReadHtmlCacheBehavior [ RunTime:0.000637s ]
INFO: [ app_begin ] --END-- [ RunTime:0.000783s ]
SQL: SHOW COLUMNS FROM `bjy_category` [ RunTime:0.0050s ]
SQL: SELECT * FROM `bjy_category` ORDER BY sort  [ RunTime:0.0006s ]
SQL: SHOW COLUMNS FROM `bjy_tag` [ RunTime:0.0047s ]
SQL: SELECT * FROM `bjy_tag`  [ RunTime:0.0005s ]
SQL: SHOW COLUMNS FROM `bjy_link` [ RunTime:0.0042s ]
SQL: SELECT * FROM `bjy_link` WHERE `is_delete` = 0 AND `is_show` = 1 ORDER BY sort  [ RunTime:0.0005s ]

[ 2015-10-18T23:05:37+08:00 ] 127.0.0.1 /index.php/Api/Index/oauth/type/qq?code=F222E00D68DFCBBF9EB31D97B4A93995
INFO: [ app_init ] --START--
INFO: Run Behavior\BuildLiteBehavior [ RunTime:0.000049s ]
INFO: [ app_init ] --END-- [ RunTime:0.000835s ]
INFO: [ app_begin ] --START--
INFO: Run Behavior\ReadHtmlCacheBehavior [ RunTime:0.000838s ]
INFO: [ app_begin ] --END-- [ RunTime:0.001066s ]
SQL: SHOW COLUMNS FROM `bjy_category` [ RunTime:0.0052s ]
SQL: SELECT * FROM `bjy_category` ORDER BY sort  [ RunTime:0.0006s ]
SQL: SHOW COLUMNS FROM `bjy_tag` [ RunTime:0.0045s ]
SQL: SELECT * FROM `bjy_tag`  [ RunTime:0.0004s ]
SQL: SHOW COLUMNS FROM `bjy_link` [ RunTime:0.0054s ]
SQL: SELECT * FROM `bjy_link` WHERE `is_delete` = 0 AND `is_show` = 1 ORDER BY sort  [ RunTime:0.0011s ]

[ 2015-10-18T23:05:46+08:00 ] 127.0.0.1 /index.php/Api/Index/oauth/type/qq?code=F222E00D68DFCBBF9EB31D97B4A93995
INFO: [ app_init ] --START--
INFO: Run Behavior\BuildLiteBehavior [ RunTime:0.000032s ]
INFO: [ app_init ] --END-- [ RunTime:0.000529s ]
INFO: [ app_begin ] --START--
INFO: Run Behavior\ReadHtmlCacheBehavior [ RunTime:0.000591s ]
INFO: [ app_begin ] --END-- [ RunTime:0.000746s ]
SQL: SHOW COLUMNS FROM `bjy_category` [ RunTime:0.0037s ]
SQL: SELECT * FROM `bjy_category` ORDER BY sort  [ RunTime:0.0005s ]
SQL: SHOW COLUMNS FROM `bjy_tag` [ RunTime:0.0039s ]
SQL: SELECT * FROM `bjy_tag`  [ RunTime:0.0003s ]
SQL: SHOW COLUMNS FROM `bjy_link` [ RunTime:0.0037s ]
SQL: SELECT * FROM `bjy_link` WHERE `is_delete` = 0 AND `is_show` = 1 ORDER BY sort  [ RunTime:0.0004s ]

[ 2015-10-18T23:05:48+08:00 ] 127.0.0.1 /index.php/Api/Index/oauth/type/qq?code=5949BA015ACC99DB668B6B22ED35A557
INFO: [ app_init ] --START--
INFO: Run Behavior\BuildLiteBehavior [ RunTime:0.000052s ]
INFO: [ app_init ] --END-- [ RunTime:0.000764s ]
INFO: [ app_begin ] --START--
INFO: Run Behavior\ReadHtmlCacheBehavior [ RunTime:0.000588s ]
INFO: [ app_begin ] --END-- [ RunTime:0.000746s ]
SQL: SHOW COLUMNS FROM `bjy_category` [ RunTime:0.0053s ]
SQL: SELECT * FROM `bjy_category` ORDER BY sort  [ RunTime:0.0005s ]
SQL: SHOW COLUMNS FROM `bjy_tag` [ RunTime:0.0042s ]
SQL: SELECT * FROM `bjy_tag`  [ RunTime:0.0003s ]
SQL: SHOW COLUMNS FROM `bjy_link` [ RunTime:0.0055s ]
SQL: SELECT * FROM `bjy_link` WHERE `is_delete` = 0 AND `is_show` = 1 ORDER BY sort  [ RunTime:0.0004s ]

[ 2015-10-18T23:05:48+08:00 ] 127.0.0.1 /index.php/Api/Index/oauth/type/qq?code=5949BA015ACC99DB668B6B22ED35A557
INFO: [ app_init ] --START--
INFO: Run Behavior\BuildLiteBehavior [ RunTime:0.000059s ]
INFO: [ app_init ] --END-- [ RunTime:0.001252s ]
INFO: [ app_begin ] --START--
INFO: Run Behavior\ReadHtmlCacheBehavior [ RunTime:0.000652s ]
INFO: [ app_begin ] --END-- [ RunTime:0.000841s ]
SQL: SHOW COLUMNS FROM `bjy_category` [ RunTime:0.0035s ]
SQL: SELECT * FROM `bjy_category` ORDER BY sort  [ RunTime:0.0003s ]
SQL: SHOW COLUMNS FROM `bjy_tag` [ RunTime:0.0042s ]
SQL: SELECT * FROM `bjy_tag`  [ RunTime:0.0004s ]
SQL: SHOW COLUMNS FROM `bjy_link` [ RunTime:0.0036s ]
SQL: SELECT * FROM `bjy_link` WHERE `is_delete` = 0 AND `is_show` = 1 ORDER BY sort  [ RunTime:0.0004s ]

[ 2015-10-18T23:06:03+08:00 ] 127.0.0.1 /index.php/Api/Index/oauth/type/qq?code=5949BA015ACC99DB668B6B22ED35A557
INFO: [ app_init ] --START--
INFO: Run Behavior\BuildLiteBehavior [ RunTime:0.000052s ]
INFO: [ app_init ] --END-- [ RunTime:0.000658s ]
INFO: [ app_begin ] --START--
INFO: Run Behavior\ReadHtmlCacheBehavior [ RunTime:0.000784s ]
INFO: [ app_begin ] --END-- [ RunTime:0.001183s ]
SQL: SHOW COLUMNS FROM `bjy_category` [ RunTime:0.0038s ]
SQL: SELECT * FROM `bjy_category` ORDER BY sort  [ RunTime:0.0004s ]
SQL: SHOW COLUMNS FROM `bjy_tag` [ RunTime:0.0037s ]
SQL: SELECT * FROM `bjy_tag`  [ RunTime:0.0003s ]
SQL: SHOW COLUMNS FROM `bjy_link` [ RunTime:0.0037s ]
SQL: SELECT * FROM `bjy_link` WHERE `is_delete` = 0 AND `is_show` = 1 ORDER BY sort  [ RunTime:0.0004s ]
NOTIC: [8] Undefined index: access_token E:\tongbu\wamp\www\ThinkPHP\Library\Org\ThinkSDK\sdk\QqSDK.class.php 第 65 行.
ERR: 获取腾讯QQ ACCESS_TOKEN 出错：callback( {"error":100020,"error_description":"code is reused error"} );


[ 2015-10-18T23:06:05+08:00 ] 127.0.0.1 /index.php/Api/Index/oauth/type/qq?code=09EF8567C877512ABD5F3923B92B61DD
INFO: [ app_init ] --START--
INFO: Run Behavior\BuildLiteBehavior [ RunTime:0.000057s ]
INFO: [ app_init ] --END-- [ RunTime:0.000862s ]
INFO: [ app_begin ] --START--
INFO: Run Behavior\ReadHtmlCacheBehavior [ RunTime:0.000792s ]
INFO: [ app_begin ] --END-- [ RunTime:0.000973s ]
SQL: SHOW COLUMNS FROM `bjy_category` [ RunTime:0.0057s ]
SQL: SELECT * FROM `bjy_category` ORDER BY sort  [ RunTime:0.0005s ]
SQL: SHOW COLUMNS FROM `bjy_tag` [ RunTime:0.0056s ]
SQL: SELECT * FROM `bjy_tag`  [ RunTime:0.0004s ]
SQL: SHOW COLUMNS FROM `bjy_link` [ RunTime:0.0045s ]
SQL: SELECT * FROM `bjy_link` WHERE `is_delete` = 0 AND `is_show` = 1 ORDER BY sort  [ RunTime:0.0005s ]
SQL: SHOW COLUMNS FROM `bjy_oauth_user` [ RunTime:0.0739s ]
SQL: SELECT * FROM `bjy_oauth_user` WHERE `openid` = 'F16ABCFCE42A66BA9049DA0D95593D19' LIMIT 1   [ RunTime:0.0004s ]
SQL: UPDATE `bjy_oauth_user` SET `uid`='0',`type`='1',`nickname`='云淡风晴',`head_img`='http://qzapp.qlogo.cn/qzapp/101206152/F16ABCFCE42A66BA9049DA0D95593D19/100',`openid`='F16ABCFCE42A66BA9049DA0D95593D19',`access_token`='D7BE051A2A0C31B67464809BD2B9E5F2',`last_login_time`='1445180765',`last_login_ip`='127.0.0.1',`login_times`=login_times+1 WHERE `openid` = 'F16ABCFCE42A66BA9049DA0D95593D19' [ RunTime:0.0212s ]
SQL: SELECT `id` FROM `bjy_oauth_user` WHERE `openid` = 'F16ABCFCE42A66BA9049DA0D95593D19' LIMIT 1   [ RunTime:0.0004s ]

[ 2015-10-18T23:06:14+08:00 ] 127.0.0.1 /index.php/Api/Index/oauth/type/qq?code=A5407A44F079F4ACF4E71E8D35F55337
INFO: [ app_init ] --START--
INFO: Run Behavior\BuildLiteBehavior [ RunTime:0.000033s ]
INFO: [ app_init ] --END-- [ RunTime:0.000511s ]
INFO: [ app_begin ] --START--
INFO: Run Behavior\ReadHtmlCacheBehavior [ RunTime:0.000563s ]
INFO: [ app_begin ] --END-- [ RunTime:0.000716s ]
SQL: SHOW COLUMNS FROM `bjy_category` [ RunTime:0.0055s ]
SQL: SELECT * FROM `bjy_category` ORDER BY sort  [ RunTime:0.0005s ]
SQL: SHOW COLUMNS FROM `bjy_tag` [ RunTime:0.0043s ]
SQL: SELECT * FROM `bjy_tag`  [ RunTime:0.0003s ]
SQL: SHOW COLUMNS FROM `bjy_link` [ RunTime:0.0041s ]
SQL: SELECT * FROM `bjy_link` WHERE `is_delete` = 0 AND `is_show` = 1 ORDER BY sort  [ RunTime:0.0007s ]
SQL: SHOW COLUMNS FROM `bjy_oauth_user` [ RunTime:0.0043s ]
SQL: SELECT * FROM `bjy_oauth_user` WHERE `openid` = 'F16ABCFCE42A66BA9049DA0D95593D19' LIMIT 1   [ RunTime:0.0004s ]
SQL: UPDATE `bjy_oauth_user` SET `uid`='0',`type`='1',`nickname`='云淡风晴',`head_img`='http://qzapp.qlogo.cn/qzapp/101206152/F16ABCFCE42A66BA9049DA0D95593D19/100',`openid`='F16ABCFCE42A66BA9049DA0D95593D19',`access_token`='D7BE051A2A0C31B67464809BD2B9E5F2',`last_login_time`='1445180774',`last_login_ip`='127.0.0.1',`login_times`=login_times+1 WHERE `openid` = 'F16ABCFCE42A66BA9049DA0D95593D19' [ RunTime:0.0782s ]
SQL: SELECT `id` FROM `bjy_oauth_user` WHERE `openid` = 'F16ABCFCE42A66BA9049DA0D95593D19' LIMIT 1   [ RunTime:0.0005s ]

[ 2015-10-18T23:06:14+08:00 ] 127.0.0.1 /index.php/Api/Index/oauth/type/qq?code=A5407A44F079F4ACF4E71E8D35F55337
INFO: [ app_init ] --START--
INFO: Run Behavior\BuildLiteBehavior [ RunTime:0.000062s ]
INFO: [ app_init ] --END-- [ RunTime:0.000877s ]
INFO: [ app_begin ] --START--
INFO: Run Behavior\ReadHtmlCacheBehavior [ RunTime:0.000580s ]
INFO: [ app_begin ] --END-- [ RunTime:0.000732s ]
SQL: SHOW COLUMNS FROM `bjy_category` [ RunTime:0.0035s ]
SQL: SELECT * FROM `bjy_category` ORDER BY sort  [ RunTime:0.0003s ]
SQL: SHOW COLUMNS FROM `bjy_tag` [ RunTime:0.0034s ]
SQL: SELECT * FROM `bjy_tag`  [ RunTime:0.0003s ]
SQL: SHOW COLUMNS FROM `bjy_link` [ RunTime:0.0045s ]
SQL: SELECT * FROM `bjy_link` WHERE `is_delete` = 0 AND `is_show` = 1 ORDER BY sort  [ RunTime:0.0004s ]
NOTIC: [8] Undefined index: access_token E:\tongbu\wamp\www\ThinkPHP\Library\Org\ThinkSDK\sdk\QqSDK.class.php 第 65 行.
ERR: 获取腾讯QQ ACCESS_TOKEN 出错：callback( {"error":100020,"error_description":"code is reused error"} );


[ 2015-10-18T23:06:59+08:00 ] 127.0.0.1 /index.php/Api/Index/oauth/type/qq?code=A5407A44F079F4ACF4E71E8D35F55337
INFO: [ app_init ] --START--
INFO: Run Behavior\BuildLiteBehavior [ RunTime:0.000034s ]
INFO: [ app_init ] --END-- [ RunTime:0.000531s ]
INFO: [ app_begin ] --START--
INFO: Run Behavior\ReadHtmlCacheBehavior [ RunTime:0.000637s ]
INFO: [ app_begin ] --END-- [ RunTime:0.000862s ]
SQL: SHOW COLUMNS FROM `bjy_category` [ RunTime:0.0047s ]
SQL: SELECT * FROM `bjy_category` ORDER BY sort  [ RunTime:0.0004s ]
SQL: SHOW COLUMNS FROM `bjy_tag` [ RunTime:0.0046s ]
SQL: SELECT * FROM `bjy_tag`  [ RunTime:0.0004s ]
SQL: SHOW COLUMNS FROM `bjy_link` [ RunTime:0.0041s ]
SQL: SELECT * FROM `bjy_link` WHERE `is_delete` = 0 AND `is_show` = 1 ORDER BY sort  [ RunTime:0.0004s ]

