[ 2015-03-04T22:16:41+08:00 ] 127.0.0.1 /thinkbjy/index.php/__PUBLIC__/Admin/js/index.js
INFO: [ app_init ] --START--
INFO: Run Behavior\BuildLiteBehavior [ RunTime:0.000048s ]
INFO: [ app_init ] --END-- [ RunTime:0.000895s ]
ERR: 无法加载模块:__PUBLIC__


[ 2015-03-04T22:16:41+08:00 ] 127.0.0.1 /thinkbjy/index.php/__PUBLIC__/Admin/css/index.css
INFO: [ app_init ] --START--
INFO: Run Behavior\BuildLiteBehavior [ RunTime:0.000114s ]
INFO: [ app_init ] --END-- [ RunTime:0.000898s ]
ERR: 无法加载模块:__PUBLIC__

[ 2015-03-04T22:16:41+08:00 ] 127.0.0.1 /thinkbjy/index.php/%7B:U(%27Admin/Index/welcome%27)%7D
INFO: [ app_init ] --START--
INFO: Run Behavior\BuildLiteBehavior [ RunTime:0.000038s ]
INFO: [ app_init ] --END-- [ RunTime:0.000625s ]
ERR: 无法加载模块:{:U('Admin

[ 2015-03-04T22:16:41+08:00 ] 127.0.0.1 /thinkbjy/index.php/__PUBLIC__/Admin/js/index.js
INFO: [ app_init ] --START--
INFO: Run Behavior\BuildLiteBehavior [ RunTime:0.000048s ]
INFO: [ app_init ] --END-- [ RunTime:0.001091s ]
ERR: 无法加载模块:__PUBLIC__

[ 2015-03-04T22:16:41+08:00 ] 127.0.0.1 /thinkbjy/index.php/__PUBLIC__/Admin/css/index.css
INFO: [ app_init ] --START--
INFO: Run Behavior\BuildLiteBehavior [ RunTime:0.000096s ]
INFO: [ app_init ] --END-- [ RunTime:0.001383s ]
ERR: 无法加载模块:__PUBLIC__

[ 2015-03-04T22:16:41+08:00 ] 127.0.0.1 /thinkbjy/index.php/__PUBLIC__/Admin/js/index.js
INFO: [ app_init ] --START--
INFO: Run Behavior\BuildLiteBehavior [ RunTime:0.000054s ]
INFO: [ app_init ] --END-- [ RunTime:0.000833s ]
ERR: 无法加载模块:__PUBLIC__

[ 2015-03-04T22:16:41+08:00 ] 127.0.0.1 /thinkbjy/index.php/%7B:U(%27Admin/Index/welcome%27)%7D
INFO: [ app_init ] --START--
INFO: Run Behavior\BuildLiteBehavior [ RunTime:0.000040s ]
INFO: [ app_init ] --END-- [ RunTime:0.001055s ]
ERR: 无法加载模块:{:U('Admin

[ 2015-03-04T22:16:41+08:00 ] 127.0.0.1 /thinkbjy/index.php/%7B:U(%27Admin/Index/welcome%27)%7D
INFO: [ app_init ] --START--
INFO: Run Behavior\BuildLiteBehavior [ RunTime:0.000062s ]
INFO: [ app_init ] --END-- [ RunTime:0.000812s ]
ERR: 无法加载模块:{:U('Admin

