[ 2015-03-12T00:01:55+08:00 ] ::1 /index.php/Admin/Article/add
INFO: [ app_init ] --START--
INFO: Run Behavior\BuildLiteBehavior [ RunTime:0.000026s ]
INFO: [ app_init ] --END-- [ RunTime:0.000721s ]
INFO: [ app_begin ] --START--
INFO: Run Behavior\ReadHtmlCacheBehavior [ RunTime:0.001528s ]
INFO: [ app_begin ] --END-- [ RunTime:0.001678s ]
SQL: SHOW COLUMNS FROM `bjy_article` [ RunTime:0.0037s ]
SQL: SHOW COLUMNS FROM `bjy_category` [ RunTime:0.0035s ]
SQL: SELECT * FROM `bjy_category`  [ RunTime:0.0003s ]
SQL: SHOW COLUMNS FROM `bjy_tag` [ RunTime:0.0042s ]
SQL: SELECT * FROM `bjy_tag`  [ RunTime:0.0003s ]
INFO: [ view_parse ] --START--
NOTIC: [8] Undefined index: icheck E:\tongbu\wamp\www\Application\Common\Tag\My.class.php 第 32 行.
NOTIC: [8] Undefined index: content E:\tongbu\wamp\www\Application\Common\Tag\My.class.php 第 61 行.
INFO: [ template_filter ] --START--
INFO: Run Behavior\ContentReplaceBehavior [ RunTime:0.000159s ]
INFO: [ template_filter ] --END-- [ RunTime:0.000972s ]
INFO: Run Behavior\ParseTemplateBehavior [ RunTime:0.016372s ]
INFO: [ view_parse ] --END-- [ RunTime:0.016499s ]
INFO: [ view_filter ] --START--
INFO: Run Behavior\WriteHtmlCacheBehavior [ RunTime:0.000512s ]
INFO: [ view_filter ] --END-- [ RunTime:0.000633s ]
INFO: [ app_end ] --START--
INFO: Run Behavior\ShowPageTraceBehavior [ RunTime:0.001068s ]
INFO: [ app_end ] --END-- [ RunTime:0.001271s ]

[ 2015-03-12T21:39:18+08:00 ] ::1 /index.php/admin
INFO: [ app_init ] --START--
INFO: Run Behavior\BuildLiteBehavior [ RunTime:0.000029s ]
INFO: [ app_init ] --END-- [ RunTime:0.000636s ]
INFO: [ app_begin ] --START--
INFO: Run Behavior\ReadHtmlCacheBehavior [ RunTime:0.000818s ]
INFO: [ app_begin ] --END-- [ RunTime:0.000950s ]
INFO: [ view_parse ] --START--
NOTIC: [8] Undefined index: icheck E:\tongbu\wamp\www\Application\Common\Tag\My.class.php 第 32 行.
INFO: [ template_filter ] --START--
INFO: Run Behavior\ContentReplaceBehavior [ RunTime:0.000098s ]
INFO: [ template_filter ] --END-- [ RunTime:0.000268s ]
INFO: Run Behavior\ParseTemplateBehavior [ RunTime:0.014257s ]
INFO: [ view_parse ] --END-- [ RunTime:0.014398s ]
INFO: [ view_filter ] --START--
INFO: Run Behavior\WriteHtmlCacheBehavior [ RunTime:0.000482s ]
INFO: [ view_filter ] --END-- [ RunTime:0.000600s ]
INFO: [ app_end ] --START--
INFO: Run Behavior\ShowPageTraceBehavior [ RunTime:0.000893s ]
INFO: [ app_end ] --END-- [ RunTime:0.001013s ]

[ 2015-03-12T21:39:18+08:00 ] ::1 /index.php/Admin/Index/welcome
INFO: [ app_init ] --START--
INFO: Run Behavior\BuildLiteBehavior [ RunTime:0.000026s ]
INFO: [ app_init ] --END-- [ RunTime:0.000482s ]
INFO: [ app_begin ] --START--
INFO: Run Behavior\ReadHtmlCacheBehavior [ RunTime:0.000802s ]
INFO: [ app_begin ] --END-- [ RunTime:0.001080s ]
INFO: [ view_parse ] --START--
INFO: [ template_filter ] --START--
INFO: Run Behavior\ContentReplaceBehavior [ RunTime:0.000057s ]
INFO: [ template_filter ] --END-- [ RunTime:0.000178s ]
INFO: Run Behavior\ParseTemplateBehavior [ RunTime:0.008796s ]
INFO: [ view_parse ] --END-- [ RunTime:0.008913s ]
INFO: [ view_filter ] --START--
INFO: Run Behavior\WriteHtmlCacheBehavior [ RunTime:0.000355s ]
INFO: [ view_filter ] --END-- [ RunTime:0.000447s ]
INFO: [ app_end ] --START--
INFO: Run Behavior\ShowPageTraceBehavior [ RunTime:0.000601s ]
INFO: [ app_end ] --END-- [ RunTime:0.000699s ]

[ 2015-03-12T23:13:54+08:00 ] ::1 /index.php/Admin/Recycle/article
INFO: [ app_init ] --START--
INFO: Run Behavior\BuildLiteBehavior [ RunTime:0.000031s ]
INFO: [ app_init ] --END-- [ RunTime:0.000765s ]
INFO: [ app_begin ] --START--
INFO: Run Behavior\ReadHtmlCacheBehavior [ RunTime:0.001118s ]
INFO: [ app_begin ] --END-- [ RunTime:0.001271s ]
INFO: [ view_parse ] --START--
NOTIC: [8] Undefined index: icheck E:\tongbu\wamp\www\Application\Common\Tag\My.class.php 第 32 行.
INFO: [ template_filter ] --START--
INFO: Run Behavior\ContentReplaceBehavior [ RunTime:0.000073s ]
INFO: [ template_filter ] --END-- [ RunTime:0.000210s ]
NOTIC: [8] Undefined variable: data E:\tongbu\wamp\www\Application\Runtime\Cache\Admin\0cd53728e4abea449a6030d7f92f8705.php 第 41 行.
INFO: Run Behavior\ParseTemplateBehavior [ RunTime:0.083345s ]
INFO: [ view_parse ] --END-- [ RunTime:0.083547s ]
INFO: [ view_filter ] --START--
INFO: Run Behavior\WriteHtmlCacheBehavior [ RunTime:0.000595s ]
INFO: [ view_filter ] --END-- [ RunTime:0.000755s ]
INFO: [ app_end ] --START--
INFO: Run Behavior\ShowPageTraceBehavior [ RunTime:0.000962s ]
INFO: [ app_end ] --END-- [ RunTime:0.001091s ]

[ 2015-03-12T23:18:18+08:00 ] ::1 /index.php/Admin/Recycle/article
INFO: [ app_init ] --START--
INFO: Run Behavior\BuildLiteBehavior [ RunTime:0.000028s ]
INFO: [ app_init ] --END-- [ RunTime:0.000734s ]
INFO: [ app_begin ] --START--
INFO: Run Behavior\ReadHtmlCacheBehavior [ RunTime:0.000840s ]
INFO: [ app_begin ] --END-- [ RunTime:0.000965s ]
INFO: [ view_parse ] --START--
NOTIC: [8] Undefined index: icheck E:\tongbu\wamp\www\Application\Common\Tag\My.class.php 第 32 行.
INFO: [ template_filter ] --START--
INFO: Run Behavior\ContentReplaceBehavior [ RunTime:0.000065s ]
INFO: [ template_filter ] --END-- [ RunTime:0.000167s ]
NOTIC: [8] Undefined variable: data E:\tongbu\wamp\www\Application\Runtime\Cache\Admin\0cd53728e4abea449a6030d7f92f8705.php 第 41 行.
INFO: Run Behavior\ParseTemplateBehavior [ RunTime:0.012125s ]
INFO: [ view_parse ] --END-- [ RunTime:0.012242s ]
INFO: [ view_filter ] --START--
INFO: Run Behavior\WriteHtmlCacheBehavior [ RunTime:0.000391s ]
INFO: [ view_filter ] --END-- [ RunTime:0.000484s ]
INFO: [ app_end ] --START--
INFO: Run Behavior\ShowPageTraceBehavior [ RunTime:0.000635s ]
INFO: [ app_end ] --END-- [ RunTime:0.000739s ]

[ 2015-03-12T23:53:24+08:00 ] ::1 /index.php/Admin/Recycle/article
INFO: [ app_init ] --START--
INFO: Run Behavior\BuildLiteBehavior [ RunTime:0.000027s ]
INFO: [ app_init ] --END-- [ RunTime:0.000559s ]
INFO: [ app_begin ] --START--
INFO: Run Behavior\ReadHtmlCacheBehavior [ RunTime:0.000840s ]
INFO: [ app_begin ] --END-- [ RunTime:0.000958s ]

[ 2015-03-12T23:54:26+08:00 ] ::1 /index.php/Admin/Recycle/article
INFO: [ app_init ] --START--
INFO: Run Behavior\BuildLiteBehavior [ RunTime:0.000029s ]
INFO: [ app_init ] --END-- [ RunTime:0.000609s ]
INFO: [ app_begin ] --START--
INFO: Run Behavior\ReadHtmlCacheBehavior [ RunTime:0.000781s ]
INFO: [ app_begin ] --END-- [ RunTime:0.000914s ]

[ 2015-03-12T23:55:04+08:00 ] ::1 /index.php/Admin/Recycle/article
INFO: [ app_init ] --START--
INFO: Run Behavior\BuildLiteBehavior [ RunTime:0.000079s ]
INFO: [ app_init ] --END-- [ RunTime:0.001061s ]
INFO: [ app_begin ] --START--
INFO: Run Behavior\ReadHtmlCacheBehavior [ RunTime:0.000848s ]
INFO: [ app_begin ] --END-- [ RunTime:0.001075s ]

[ 2015-03-12T23:55:39+08:00 ] ::1 /index.php/Admin/Recycle/article
INFO: [ app_init ] --START--
INFO: Run Behavior\BuildLiteBehavior [ RunTime:0.000036s ]
INFO: [ app_init ] --END-- [ RunTime:0.000717s ]
INFO: [ app_begin ] --START--
INFO: Run Behavior\ReadHtmlCacheBehavior [ RunTime:0.000889s ]
INFO: [ app_begin ] --END-- [ RunTime:0.001054s ]
SQL: SHOW COLUMNS FROM `bjy_article` [ RunTime:0.0736s ]
SQL: SELECT COUNT(*) AS tp_count FROM `bjy_article` WHERE `is_delete` = 1 LIMIT 1   [ RunTime:0.0648s ]
SQL: SELECT * FROM `bjy_article` WHERE ( is_delete=0 ) ORDER BY addtime LIMIT 0,15   [ RunTime:0.0022s ]
SQL: SHOW COLUMNS FROM `bjy_article_tag` [ RunTime:0.0416s ]
SQL: SELECT `tid` FROM `bjy_article_tag` WHERE `aid` = 20  [ RunTime:0.0004s ]
SQL: SHOW COLUMNS FROM `bjy_tag` [ RunTime:0.0294s ]
SQL: SELECT `tname` FROM `bjy_tag` WHERE ( tid=3 ) LIMIT 1   [ RunTime:0.0011s ]
SQL: SELECT `tname` FROM `bjy_tag` WHERE ( tid=4 ) LIMIT 1   [ RunTime:0.0010s ]
SQL: SELECT `tname` FROM `bjy_tag` WHERE ( tid=5 ) LIMIT 1   [ RunTime:0.0004s ]
SQL: SHOW COLUMNS FROM `bjy_category` [ RunTime:0.0202s ]
SQL: SELECT `cname` FROM `bjy_category` WHERE ( cid=2 ) LIMIT 1   [ RunTime:0.0003s ]
SQL: SELECT `tid` FROM `bjy_article_tag` WHERE `aid` = 21  [ RunTime:0.0005s ]
SQL: SELECT `tname` FROM `bjy_tag` WHERE ( tid=3 ) LIMIT 1   [ RunTime:0.0005s ]
SQL: SELECT `tname` FROM `bjy_tag` WHERE ( tid=4 ) LIMIT 1   [ RunTime:0.0004s ]
SQL: SELECT `tname` FROM `bjy_tag` WHERE ( tid=5 ) LIMIT 1   [ RunTime:0.0004s ]
SQL: SELECT `cname` FROM `bjy_category` WHERE ( cid=2 ) LIMIT 1   [ RunTime:0.0005s ]
SQL: SELECT `tid` FROM `bjy_article_tag` WHERE `aid` = 22  [ RunTime:0.0004s ]
SQL: SELECT `tname` FROM `bjy_tag` WHERE ( tid=3 ) LIMIT 1   [ RunTime:0.0003s ]
SQL: SELECT `tname` FROM `bjy_tag` WHERE ( tid=4 ) LIMIT 1   [ RunTime:0.0003s ]
SQL: SELECT `tname` FROM `bjy_tag` WHERE ( tid=5 ) LIMIT 1   [ RunTime:0.0003s ]
SQL: SELECT `cname` FROM `bjy_category` WHERE ( cid=2 ) LIMIT 1   [ RunTime:0.0003s ]
SQL: SELECT `tid` FROM `bjy_article_tag` WHERE `aid` = 23  [ RunTime:0.0003s ]
SQL: SELECT `tname` FROM `bjy_tag` WHERE ( tid=3 ) LIMIT 1   [ RunTime:0.0003s ]
SQL: SELECT `tname` FROM `bjy_tag` WHERE ( tid=4 ) LIMIT 1   [ RunTime:0.0003s ]
SQL: SELECT `tname` FROM `bjy_tag` WHERE ( tid=5 ) LIMIT 1   [ RunTime:0.0003s ]
SQL: SELECT `cname` FROM `bjy_category` WHERE ( cid=2 ) LIMIT 1   [ RunTime:0.0003s ]
SQL: SELECT `tid` FROM `bjy_article_tag` WHERE `aid` = 24  [ RunTime:0.0003s ]
SQL: SELECT `tname` FROM `bjy_tag` WHERE ( tid=3 ) LIMIT 1   [ RunTime:0.0004s ]
SQL: SELECT `tname` FROM `bjy_tag` WHERE ( tid=4 ) LIMIT 1   [ RunTime:0.0004s ]
SQL: SELECT `tname` FROM `bjy_tag` WHERE ( tid=5 ) LIMIT 1   [ RunTime:0.0014s ]
SQL: SELECT `cname` FROM `bjy_category` WHERE ( cid=2 ) LIMIT 1   [ RunTime:0.0007s ]
SQL: SELECT `tid` FROM `bjy_article_tag` WHERE `aid` = 25  [ RunTime:0.0011s ]
SQL: SELECT `tname` FROM `bjy_tag` WHERE ( tid=6 ) LIMIT 1   [ RunTime:0.0005s ]
SQL: SELECT `tname` FROM `bjy_tag` WHERE ( tid=7 ) LIMIT 1   [ RunTime:0.0003s ]
SQL: SELECT `cname` FROM `bjy_category` WHERE ( cid=2 ) LIMIT 1   [ RunTime:0.0003s ]
SQL: SELECT `tid` FROM `bjy_article_tag` WHERE `aid` = 26  [ RunTime:0.0003s ]
SQL: SELECT `cname` FROM `bjy_category` WHERE ( cid=2 ) LIMIT 1   [ RunTime:0.0003s ]
SQL: SELECT `tid` FROM `bjy_article_tag` WHERE `aid` = 27  [ RunTime:0.0003s ]
SQL: SELECT `cname` FROM `bjy_category` WHERE ( cid=2 ) LIMIT 1   [ RunTime:0.0003s ]
SQL: SELECT `tid` FROM `bjy_article_tag` WHERE `aid` = 28  [ RunTime:0.0003s ]
SQL: SELECT `cname` FROM `bjy_category` WHERE ( cid=2 ) LIMIT 1   [ RunTime:0.0003s ]
SQL: SELECT `tid` FROM `bjy_article_tag` WHERE `aid` = 29  [ RunTime:0.0003s ]
SQL: SELECT `cname` FROM `bjy_category` WHERE ( cid=2 ) LIMIT 1   [ RunTime:0.0003s ]
SQL: SELECT `tid` FROM `bjy_article_tag` WHERE `aid` = 30  [ RunTime:0.0005s ]
SQL: SELECT `tname` FROM `bjy_tag` WHERE ( tid=6 ) LIMIT 1   [ RunTime:0.0011s ]
SQL: SELECT `tname` FROM `bjy_tag` WHERE ( tid=7 ) LIMIT 1   [ RunTime:0.0004s ]
SQL: SELECT `cname` FROM `bjy_category` WHERE ( cid=2 ) LIMIT 1   [ RunTime:0.0004s ]
SQL: SELECT `tid` FROM `bjy_article_tag` WHERE `aid` = 31  [ RunTime:0.0004s ]
SQL: SELECT `tname` FROM `bjy_tag` WHERE ( tid=6 ) LIMIT 1   [ RunTime:0.0003s ]
SQL: SELECT `tname` FROM `bjy_tag` WHERE ( tid=7 ) LIMIT 1   [ RunTime:0.0003s ]
SQL: SELECT `cname` FROM `bjy_category` WHERE ( cid=2 ) LIMIT 1   [ RunTime:0.0003s ]
SQL: SELECT `tid` FROM `bjy_article_tag` WHERE `aid` = 33  [ RunTime:0.0003s ]
SQL: SELECT `tname` FROM `bjy_tag` WHERE ( tid=4 ) LIMIT 1   [ RunTime:0.0002s ]
SQL: SELECT `tname` FROM `bjy_tag` WHERE ( tid=6 ) LIMIT 1   [ RunTime:0.0002s ]
SQL: SELECT `cname` FROM `bjy_category` WHERE ( cid=9 ) LIMIT 1   [ RunTime:0.0002s ]
SQL: SELECT `tid` FROM `bjy_article_tag` WHERE `aid` = 34  [ RunTime:0.0002s ]
SQL: SELECT `tname` FROM `bjy_tag` WHERE ( tid=3 ) LIMIT 1   [ RunTime:0.0002s ]
SQL: SELECT `tname` FROM `bjy_tag` WHERE ( tid=4 ) LIMIT 1   [ RunTime:0.0002s ]
SQL: SELECT `cname` FROM `bjy_category` WHERE ( cid=9 ) LIMIT 1   [ RunTime:0.0002s ]
SQL: SELECT `tid` FROM `bjy_article_tag` WHERE `aid` = 35  [ RunTime:0.0002s ]
SQL: SELECT `tname` FROM `bjy_tag` WHERE ( tid=4 ) LIMIT 1   [ RunTime:0.0002s ]
SQL: SELECT `tname` FROM `bjy_tag` WHERE ( tid=5 ) LIMIT 1   [ RunTime:0.0002s ]
SQL: SELECT `cname` FROM `bjy_category` WHERE ( cid=9 ) LIMIT 1   [ RunTime:0.0002s ]
INFO: [ view_parse ] --START--
NOTIC: [8] Undefined index: icheck E:\tongbu\wamp\www\Application\Common\Tag\My.class.php 第 32 行.
INFO: [ template_filter ] --START--
INFO: Run Behavior\ContentReplaceBehavior [ RunTime:0.000061s ]
INFO: [ template_filter ] --END-- [ RunTime:0.000153s ]
NOTIC: [8] Undefined index: aid E:\tongbu\wamp\www\Application\Runtime\Cache\Admin\0cd53728e4abea449a6030d7f92f8705.php 第 42 行.
NOTIC: [8] Undefined index: cname E:\tongbu\wamp\www\Application\Runtime\Cache\Admin\0cd53728e4abea449a6030d7f92f8705.php 第 43 行.
NOTIC: [8] Undefined index: author E:\tongbu\wamp\www\Application\Runtime\Cache\Admin\0cd53728e4abea449a6030d7f92f8705.php 第 44 行.
NOTIC: [8] Undefined index: title E:\tongbu\wamp\www\Application\Runtime\Cache\Admin\0cd53728e4abea449a6030d7f92f8705.php 第 45 行.
NOTIC: [8] Undefined index: aid E:\tongbu\wamp\www\Application\Runtime\Cache\Admin\0cd53728e4abea449a6030d7f92f8705.php 第 42 行.
NOTIC: [8] Undefined index: cname E:\tongbu\wamp\www\Application\Runtime\Cache\Admin\0cd53728e4abea449a6030d7f92f8705.php 第 43 行.
NOTIC: [8] Undefined index: author E:\tongbu\wamp\www\Application\Runtime\Cache\Admin\0cd53728e4abea449a6030d7f92f8705.php 第 44 行.
NOTIC: [8] Undefined index: title E:\tongbu\wamp\www\Application\Runtime\Cache\Admin\0cd53728e4abea449a6030d7f92f8705.php 第 45 行.
NOTIC: [8] Undefined index: aid E:\tongbu\wamp\www\Application\Runtime\Cache\Admin\0cd53728e4abea449a6030d7f92f8705.php 第 47 行.
NOTIC: [8] Undefined index: aid E:\tongbu\wamp\www\Application\Runtime\Cache\Admin\0cd53728e4abea449a6030d7f92f8705.php 第 48 行.
INFO: Run Behavior\ParseTemplateBehavior [ RunTime:0.010427s ]
INFO: [ view_parse ] --END-- [ RunTime:0.010577s ]
INFO: [ view_filter ] --START--
INFO: Run Behavior\WriteHtmlCacheBehavior [ RunTime:0.000577s ]
INFO: [ view_filter ] --END-- [ RunTime:0.000755s ]
INFO: [ app_end ] --START--
INFO: Run Behavior\ShowPageTraceBehavior [ RunTime:0.000749s ]
INFO: [ app_end ] --END-- [ RunTime:0.000880s ]

[ 2015-03-12T23:56:14+08:00 ] ::1 /index.php/Admin/Recycle/article
INFO: [ app_init ] --START--
INFO: Run Behavior\BuildLiteBehavior [ RunTime:0.000044s ]
INFO: [ app_init ] --END-- [ RunTime:0.000812s ]
INFO: [ app_begin ] --START--
INFO: Run Behavior\ReadHtmlCacheBehavior [ RunTime:0.000957s ]
INFO: [ app_begin ] --END-- [ RunTime:0.001395s ]
SQL: SHOW COLUMNS FROM `bjy_article` [ RunTime:0.0056s ]
SQL: SELECT COUNT(*) AS tp_count FROM `bjy_article` WHERE `is_delete` = 1 LIMIT 1   [ RunTime:0.0005s ]
SQL: SELECT * FROM `bjy_article` WHERE ( is_delete=0 ) ORDER BY addtime LIMIT 0,15   [ RunTime:0.0007s ]
SQL: SHOW COLUMNS FROM `bjy_article_tag` [ RunTime:0.0040s ]
SQL: SELECT `tid` FROM `bjy_article_tag` WHERE `aid` = 20  [ RunTime:0.0003s ]
SQL: SHOW COLUMNS FROM `bjy_tag` [ RunTime:0.0044s ]
SQL: SELECT `tname` FROM `bjy_tag` WHERE ( tid=3 ) LIMIT 1   [ RunTime:0.0003s ]
SQL: SELECT `tname` FROM `bjy_tag` WHERE ( tid=4 ) LIMIT 1   [ RunTime:0.0002s ]
SQL: SELECT `tname` FROM `bjy_tag` WHERE ( tid=5 ) LIMIT 1   [ RunTime:0.0002s ]
SQL: SHOW COLUMNS FROM `bjy_category` [ RunTime:0.0036s ]
SQL: SELECT `cname` FROM `bjy_category` WHERE ( cid=2 ) LIMIT 1   [ RunTime:0.0003s ]
SQL: SELECT `tid` FROM `bjy_article_tag` WHERE `aid` = 21  [ RunTime:0.0002s ]
SQL: SELECT `tname` FROM `bjy_tag` WHERE ( tid=3 ) LIMIT 1   [ RunTime:0.0002s ]
SQL: SELECT `tname` FROM `bjy_tag` WHERE ( tid=4 ) LIMIT 1   [ RunTime:0.0002s ]
SQL: SELECT `tname` FROM `bjy_tag` WHERE ( tid=5 ) LIMIT 1   [ RunTime:0.0002s ]
SQL: SELECT `cname` FROM `bjy_category` WHERE ( cid=2 ) LIMIT 1   [ RunTime:0.0002s ]
SQL: SELECT `tid` FROM `bjy_article_tag` WHERE `aid` = 22  [ RunTime:0.0002s ]
SQL: SELECT `tname` FROM `bjy_tag` WHERE ( tid=3 ) LIMIT 1   [ RunTime:0.0002s ]
SQL: SELECT `tname` FROM `bjy_tag` WHERE ( tid=4 ) LIMIT 1   [ RunTime:0.0002s ]
SQL: SELECT `tname` FROM `bjy_tag` WHERE ( tid=5 ) LIMIT 1   [ RunTime:0.0002s ]
SQL: SELECT `cname` FROM `bjy_category` WHERE ( cid=2 ) LIMIT 1   [ RunTime:0.0002s ]
SQL: SELECT `tid` FROM `bjy_article_tag` WHERE `aid` = 23  [ RunTime:0.0002s ]
SQL: SELECT `tname` FROM `bjy_tag` WHERE ( tid=3 ) LIMIT 1   [ RunTime:0.0002s ]
SQL: SELECT `tname` FROM `bjy_tag` WHERE ( tid=4 ) LIMIT 1   [ RunTime:0.0002s ]
SQL: SELECT `tname` FROM `bjy_tag` WHERE ( tid=5 ) LIMIT 1   [ RunTime:0.0002s ]
SQL: SELECT `cname` FROM `bjy_category` WHERE ( cid=2 ) LIMIT 1   [ RunTime:0.0002s ]
SQL: SELECT `tid` FROM `bjy_article_tag` WHERE `aid` = 24  [ RunTime:0.0002s ]
SQL: SELECT `tname` FROM `bjy_tag` WHERE ( tid=3 ) LIMIT 1   [ RunTime:0.0002s ]
SQL: SELECT `tname` FROM `bjy_tag` WHERE ( tid=4 ) LIMIT 1   [ RunTime:0.0002s ]
SQL: SELECT `tname` FROM `bjy_tag` WHERE ( tid=5 ) LIMIT 1   [ RunTime:0.0002s ]
SQL: SELECT `cname` FROM `bjy_category` WHERE ( cid=2 ) LIMIT 1   [ RunTime:0.0002s ]
SQL: SELECT `tid` FROM `bjy_article_tag` WHERE `aid` = 25  [ RunTime:0.0002s ]
SQL: SELECT `tname` FROM `bjy_tag` WHERE ( tid=6 ) LIMIT 1   [ RunTime:0.0002s ]
SQL: SELECT `tname` FROM `bjy_tag` WHERE ( tid=7 ) LIMIT 1   [ RunTime:0.0002s ]
SQL: SELECT `cname` FROM `bjy_category` WHERE ( cid=2 ) LIMIT 1   [ RunTime:0.0002s ]
SQL: SELECT `tid` FROM `bjy_article_tag` WHERE `aid` = 26  [ RunTime:0.0002s ]
SQL: SELECT `cname` FROM `bjy_category` WHERE ( cid=2 ) LIMIT 1   [ RunTime:0.0002s ]
SQL: SELECT `tid` FROM `bjy_article_tag` WHERE `aid` = 27  [ RunTime:0.0002s ]
SQL: SELECT `cname` FROM `bjy_category` WHERE ( cid=2 ) LIMIT 1   [ RunTime:0.0001s ]
SQL: SELECT `tid` FROM `bjy_article_tag` WHERE `aid` = 28  [ RunTime:0.0002s ]
SQL: SELECT `cname` FROM `bjy_category` WHERE ( cid=2 ) LIMIT 1   [ RunTime:0.0002s ]
SQL: SELECT `tid` FROM `bjy_article_tag` WHERE `aid` = 29  [ RunTime:0.0002s ]
SQL: SELECT `cname` FROM `bjy_category` WHERE ( cid=2 ) LIMIT 1   [ RunTime:0.0002s ]
SQL: SELECT `tid` FROM `bjy_article_tag` WHERE `aid` = 30  [ RunTime:0.0002s ]
SQL: SELECT `tname` FROM `bjy_tag` WHERE ( tid=6 ) LIMIT 1   [ RunTime:0.0002s ]
SQL: SELECT `tname` FROM `bjy_tag` WHERE ( tid=7 ) LIMIT 1   [ RunTime:0.0002s ]
SQL: SELECT `cname` FROM `bjy_category` WHERE ( cid=2 ) LIMIT 1   [ RunTime:0.0003s ]
SQL: SELECT `tid` FROM `bjy_article_tag` WHERE `aid` = 31  [ RunTime:0.0002s ]
SQL: SELECT `tname` FROM `bjy_tag` WHERE ( tid=6 ) LIMIT 1   [ RunTime:0.0002s ]
SQL: SELECT `tname` FROM `bjy_tag` WHERE ( tid=7 ) LIMIT 1   [ RunTime:0.0002s ]
SQL: SELECT `cname` FROM `bjy_category` WHERE ( cid=2 ) LIMIT 1   [ RunTime:0.0002s ]
SQL: SELECT `tid` FROM `bjy_article_tag` WHERE `aid` = 33  [ RunTime:0.0002s ]
SQL: SELECT `tname` FROM `bjy_tag` WHERE ( tid=4 ) LIMIT 1   [ RunTime:0.0002s ]
SQL: SELECT `tname` FROM `bjy_tag` WHERE ( tid=6 ) LIMIT 1   [ RunTime:0.0002s ]
SQL: SELECT `cname` FROM `bjy_category` WHERE ( cid=9 ) LIMIT 1   [ RunTime:0.0002s ]
SQL: SELECT `tid` FROM `bjy_article_tag` WHERE `aid` = 34  [ RunTime:0.0002s ]
SQL: SELECT `tname` FROM `bjy_tag` WHERE ( tid=3 ) LIMIT 1   [ RunTime:0.0002s ]
SQL: SELECT `tname` FROM `bjy_tag` WHERE ( tid=4 ) LIMIT 1   [ RunTime:0.0002s ]
SQL: SELECT `cname` FROM `bjy_category` WHERE ( cid=9 ) LIMIT 1   [ RunTime:0.0005s ]
SQL: SELECT `tid` FROM `bjy_article_tag` WHERE `aid` = 35  [ RunTime:0.0009s ]
SQL: SELECT `tname` FROM `bjy_tag` WHERE ( tid=4 ) LIMIT 1   [ RunTime:0.0002s ]
SQL: SELECT `tname` FROM `bjy_tag` WHERE ( tid=5 ) LIMIT 1   [ RunTime:0.0002s ]
SQL: SELECT `cname` FROM `bjy_category` WHERE ( cid=9 ) LIMIT 1   [ RunTime:0.0002s ]

[ 2015-03-12T23:56:50+08:00 ] ::1 /index.php/Admin/Recycle/article
INFO: [ app_init ] --START--
INFO: Run Behavior\BuildLiteBehavior [ RunTime:0.000039s ]
INFO: [ app_init ] --END-- [ RunTime:0.000801s ]
INFO: [ app_begin ] --START--
INFO: Run Behavior\ReadHtmlCacheBehavior [ RunTime:0.000721s ]
INFO: [ app_begin ] --END-- [ RunTime:0.000846s ]

[ 2015-03-12T23:56:56+08:00 ] ::1 /index.php/Admin/Recycle/article
INFO: [ app_init ] --START--
INFO: Run Behavior\BuildLiteBehavior [ RunTime:0.000037s ]
INFO: [ app_init ] --END-- [ RunTime:0.000535s ]
INFO: [ app_begin ] --START--
INFO: Run Behavior\ReadHtmlCacheBehavior [ RunTime:0.000776s ]
INFO: [ app_begin ] --END-- [ RunTime:0.000944s ]
SQL: SHOW COLUMNS FROM `bjy_article` [ RunTime:0.0048s ]
SQL: SELECT COUNT(*) AS tp_count FROM `bjy_article` WHERE `is_delete` = 1 LIMIT 1   [ RunTime:0.0011s ]
SQL: SELECT * FROM `bjy_article` WHERE ( is_delete=0 ) ORDER BY addtime LIMIT 0,15   [ RunTime:0.0007s ]
SQL: SHOW COLUMNS FROM `bjy_article_tag` [ RunTime:0.0035s ]
SQL: SELECT `tid` FROM `bjy_article_tag` WHERE `aid` = 20  [ RunTime:0.0003s ]
SQL: SHOW COLUMNS FROM `bjy_tag` [ RunTime:0.0047s ]
SQL: SELECT `tname` FROM `bjy_tag` WHERE ( tid=3 ) LIMIT 1   [ RunTime:0.0003s ]
SQL: SELECT `tname` FROM `bjy_tag` WHERE ( tid=4 ) LIMIT 1   [ RunTime:0.0002s ]
SQL: SELECT `tname` FROM `bjy_tag` WHERE ( tid=5 ) LIMIT 1   [ RunTime:0.0002s ]
SQL: SHOW COLUMNS FROM `bjy_category` [ RunTime:0.0038s ]
SQL: SELECT `cname` FROM `bjy_category` WHERE ( cid=2 ) LIMIT 1   [ RunTime:0.0003s ]
SQL: SELECT `tid` FROM `bjy_article_tag` WHERE `aid` = 21  [ RunTime:0.0002s ]
SQL: SELECT `tname` FROM `bjy_tag` WHERE ( tid=3 ) LIMIT 1   [ RunTime:0.0002s ]
SQL: SELECT `tname` FROM `bjy_tag` WHERE ( tid=4 ) LIMIT 1   [ RunTime:0.0002s ]
SQL: SELECT `tname` FROM `bjy_tag` WHERE ( tid=5 ) LIMIT 1   [ RunTime:0.0002s ]
SQL: SELECT `cname` FROM `bjy_category` WHERE ( cid=2 ) LIMIT 1   [ RunTime:0.0002s ]
SQL: SELECT `tid` FROM `bjy_article_tag` WHERE `aid` = 22  [ RunTime:0.0002s ]
SQL: SELECT `tname` FROM `bjy_tag` WHERE ( tid=3 ) LIMIT 1   [ RunTime:0.0002s ]
SQL: SELECT `tname` FROM `bjy_tag` WHERE ( tid=4 ) LIMIT 1   [ RunTime:0.0002s ]
SQL: SELECT `tname` FROM `bjy_tag` WHERE ( tid=5 ) LIMIT 1   [ RunTime:0.0002s ]
SQL: SELECT `cname` FROM `bjy_category` WHERE ( cid=2 ) LIMIT 1   [ RunTime:0.0003s ]
SQL: SELECT `tid` FROM `bjy_article_tag` WHERE `aid` = 23  [ RunTime:0.0004s ]
SQL: SELECT `tname` FROM `bjy_tag` WHERE ( tid=3 ) LIMIT 1   [ RunTime:0.0011s ]
SQL: SELECT `tname` FROM `bjy_tag` WHERE ( tid=4 ) LIMIT 1   [ RunTime:0.0003s ]
SQL: SELECT `tname` FROM `bjy_tag` WHERE ( tid=5 ) LIMIT 1   [ RunTime:0.0002s ]
SQL: SELECT `cname` FROM `bjy_category` WHERE ( cid=2 ) LIMIT 1   [ RunTime:0.0002s ]
SQL: SELECT `tid` FROM `bjy_article_tag` WHERE `aid` = 24  [ RunTime:0.0003s ]
SQL: SELECT `tname` FROM `bjy_tag` WHERE ( tid=3 ) LIMIT 1   [ RunTime:0.0003s ]
SQL: SELECT `tname` FROM `bjy_tag` WHERE ( tid=4 ) LIMIT 1   [ RunTime:0.0002s ]
SQL: SELECT `tname` FROM `bjy_tag` WHERE ( tid=5 ) LIMIT 1   [ RunTime:0.0002s ]
SQL: SELECT `cname` FROM `bjy_category` WHERE ( cid=2 ) LIMIT 1   [ RunTime:0.0002s ]
SQL: SELECT `tid` FROM `bjy_article_tag` WHERE `aid` = 25  [ RunTime:0.0002s ]
SQL: SELECT `tname` FROM `bjy_tag` WHERE ( tid=6 ) LIMIT 1   [ RunTime:0.0002s ]
SQL: SELECT `tname` FROM `bjy_tag` WHERE ( tid=7 ) LIMIT 1   [ RunTime:0.0002s ]
SQL: SELECT `cname` FROM `bjy_category` WHERE ( cid=2 ) LIMIT 1   [ RunTime:0.0002s ]
SQL: SELECT `tid` FROM `bjy_article_tag` WHERE `aid` = 26  [ RunTime:0.0002s ]
SQL: SELECT `cname` FROM `bjy_category` WHERE ( cid=2 ) LIMIT 1   [ RunTime:0.0002s ]
SQL: SELECT `tid` FROM `bjy_article_tag` WHERE `aid` = 27  [ RunTime:0.0002s ]
SQL: SELECT `cname` FROM `bjy_category` WHERE ( cid=2 ) LIMIT 1   [ RunTime:0.0003s ]
SQL: SELECT `tid` FROM `bjy_article_tag` WHERE `aid` = 28  [ RunTime:0.0006s ]
SQL: SELECT `cname` FROM `bjy_category` WHERE ( cid=2 ) LIMIT 1   [ RunTime:0.0002s ]
SQL: SELECT `tid` FROM `bjy_article_tag` WHERE `aid` = 29  [ RunTime:0.0002s ]
SQL: SELECT `cname` FROM `bjy_category` WHERE ( cid=2 ) LIMIT 1   [ RunTime:0.0002s ]
SQL: SELECT `tid` FROM `bjy_article_tag` WHERE `aid` = 30  [ RunTime:0.0003s ]
SQL: SELECT `tname` FROM `bjy_tag` WHERE ( tid=6 ) LIMIT 1   [ RunTime:0.0002s ]
SQL: SELECT `tname` FROM `bjy_tag` WHERE ( tid=7 ) LIMIT 1   [ RunTime:0.0002s ]
SQL: SELECT `cname` FROM `bjy_category` WHERE ( cid=2 ) LIMIT 1   [ RunTime:0.0002s ]
SQL: SELECT `tid` FROM `bjy_article_tag` WHERE `aid` = 31  [ RunTime:0.0002s ]
SQL: SELECT `tname` FROM `bjy_tag` WHERE ( tid=6 ) LIMIT 1   [ RunTime:0.0002s ]
SQL: SELECT `tname` FROM `bjy_tag` WHERE ( tid=7 ) LIMIT 1   [ RunTime:0.0002s ]
SQL: SELECT `cname` FROM `bjy_category` WHERE ( cid=2 ) LIMIT 1   [ RunTime:0.0002s ]
SQL: SELECT `tid` FROM `bjy_article_tag` WHERE `aid` = 33  [ RunTime:0.0002s ]
SQL: SELECT `tname` FROM `bjy_tag` WHERE ( tid=4 ) LIMIT 1   [ RunTime:0.0002s ]
SQL: SELECT `tname` FROM `bjy_tag` WHERE ( tid=6 ) LIMIT 1   [ RunTime:0.0002s ]
SQL: SELECT `cname` FROM `bjy_category` WHERE ( cid=9 ) LIMIT 1   [ RunTime:0.0002s ]
SQL: SELECT `tid` FROM `bjy_article_tag` WHERE `aid` = 34  [ RunTime:0.0002s ]
SQL: SELECT `tname` FROM `bjy_tag` WHERE ( tid=3 ) LIMIT 1   [ RunTime:0.0002s ]
SQL: SELECT `tname` FROM `bjy_tag` WHERE ( tid=4 ) LIMIT 1   [ RunTime:0.0002s ]
SQL: SELECT `cname` FROM `bjy_category` WHERE ( cid=9 ) LIMIT 1   [ RunTime:0.0002s ]
SQL: SELECT `tid` FROM `bjy_article_tag` WHERE `aid` = 35  [ RunTime:0.0002s ]
SQL: SELECT `tname` FROM `bjy_tag` WHERE ( tid=4 ) LIMIT 1   [ RunTime:0.0002s ]
SQL: SELECT `tname` FROM `bjy_tag` WHERE ( tid=5 ) LIMIT 1   [ RunTime:0.0002s ]
SQL: SELECT `cname` FROM `bjy_category` WHERE ( cid=9 ) LIMIT 1   [ RunTime:0.0002s ]
INFO: [ view_parse ] --START--
NOTIC: [8] Undefined index: icheck E:\tongbu\wamp\www\Application\Common\Tag\My.class.php 第 32 行.
INFO: [ template_filter ] --START--
INFO: Run Behavior\ContentReplaceBehavior [ RunTime:0.000101s ]
INFO: [ template_filter ] --END-- [ RunTime:0.000292s ]
NOTIC: [8] Undefined index: aid E:\tongbu\wamp\www\Application\Runtime\Cache\Admin\0cd53728e4abea449a6030d7f92f8705.php 第 42 行.
NOTIC: [8] Undefined index: cname E:\tongbu\wamp\www\Application\Runtime\Cache\Admin\0cd53728e4abea449a6030d7f92f8705.php 第 43 行.
NOTIC: [8] Undefined index: author E:\tongbu\wamp\www\Application\Runtime\Cache\Admin\0cd53728e4abea449a6030d7f92f8705.php 第 44 行.
NOTIC: [8] Undefined index: title E:\tongbu\wamp\www\Application\Runtime\Cache\Admin\0cd53728e4abea449a6030d7f92f8705.php 第 45 行.
NOTIC: [8] Undefined index: aid E:\tongbu\wamp\www\Application\Runtime\Cache\Admin\0cd53728e4abea449a6030d7f92f8705.php 第 42 行.
NOTIC: [8] Undefined index: cname E:\tongbu\wamp\www\Application\Runtime\Cache\Admin\0cd53728e4abea449a6030d7f92f8705.php 第 43 行.
NOTIC: [8] Undefined index: author E:\tongbu\wamp\www\Application\Runtime\Cache\Admin\0cd53728e4abea449a6030d7f92f8705.php 第 44 行.
NOTIC: [8] Undefined index: title E:\tongbu\wamp\www\Application\Runtime\Cache\Admin\0cd53728e4abea449a6030d7f92f8705.php 第 45 行.
NOTIC: [8] Undefined index: aid E:\tongbu\wamp\www\Application\Runtime\Cache\Admin\0cd53728e4abea449a6030d7f92f8705.php 第 42 行.
NOTIC: [8] Undefined index: cname E:\tongbu\wamp\www\Application\Runtime\Cache\Admin\0cd53728e4abea449a6030d7f92f8705.php 第 43 行.
NOTIC: [8] Undefined index: author E:\tongbu\wamp\www\Application\Runtime\Cache\Admin\0cd53728e4abea449a6030d7f92f8705.php 第 44 行.
NOTIC: [8] Undefined index: title E:\tongbu\wamp\www\Application\Runtime\Cache\Admin\0cd53728e4abea449a6030d7f92f8705.php 第 45 行.
NOTIC: [8] Undefined index: aid E:\tongbu\wamp\www\Application\Runtime\Cache\Admin\0cd53728e4abea449a6030d7f92f8705.php 第 42 行.
NOTIC: [8] Undefined index: cname E:\tongbu\wamp\www\Application\Runtime\Cache\Admin\0cd53728e4abea449a6030d7f92f8705.php 第 43 行.
NOTIC: [8] Undefined index: author E:\tongbu\wamp\www\Application\Runtime\Cache\Admin\0cd53728e4abea449a6030d7f92f8705.php 第 44 行.
NOTIC: [8] Undefined index: title E:\tongbu\wamp\www\Application\Runtime\Cache\Admin\0cd53728e4abea449a6030d7f92f8705.php 第 45 行.
NOTIC: [8] Undefined index: aid E:\tongbu\wamp\www\Application\Runtime\Cache\Admin\0cd53728e4abea449a6030d7f92f8705.php 第 42 行.
NOTIC: [8] Undefined index: cname E:\tongbu\wamp\www\Application\Runtime\Cache\Admin\0cd53728e4abea449a6030d7f92f8705.php 第 43 行.
NOTIC: [8] Undefined index: author E:\tongbu\wamp\www\Application\Runtime\Cache\Admin\0cd53728e4abea449a6030d7f92f8705.php 第 44 行.
NOTIC: [8] Undefined index: title E:\tongbu\wamp\www\Application\Runtime\Cache\Admin\0cd53728e4abea449a6030d7f92f8705.php 第 45 行.
NOTIC: [8] Undefined index: aid E:\tongbu\wamp\www\Application\Runtime\Cache\Admin\0cd53728e4abea449a6030d7f92f8705.php 第 42 行.
NOTIC: [8] Undefined index: cname E:\tongbu\wamp\www\Application\Runtime\Cache\Admin\0cd53728e4abea449a6030d7f92f8705.php 第 43 行.
NOTIC: [8] Undefined index: author E:\tongbu\wamp\www\Application\Runtime\Cache\Admin\0cd53728e4abea449a6030d7f92f8705.php 第 44 行.
NOTIC: [8] Undefined index: title E:\tongbu\wamp\www\Application\Runtime\Cache\Admin\0cd53728e4abea449a6030d7f92f8705.php 第 45 行.
NOTIC: [8] Undefined index: aid E:\tongbu\wamp\www\Application\Runtime\Cache\Admin\0cd53728e4abea449a6030d7f92f8705.php 第 42 行.
NOTIC: [8] Undefined index: cname E:\tongbu\wamp\www\Application\Runtime\Cache\Admin\0cd53728e4abea449a6030d7f92f8705.php 第 43 行.
NOTIC: [8] Undefined index: author E:\tongbu\wamp\www\Application\Runtime\Cache\Admin\0cd53728e4abea449a6030d7f92f8705.php 第 44 行.
NOTIC: [8] Undefined index: title E:\tongbu\wamp\www\Application\Runtime\Cache\Admin\0cd53728e4abea449a6030d7f92f8705.php 第 45 行.
NOTIC: [8] Undefined index: aid E:\tongbu\wamp\www\Application\Runtime\Cache\Admin\0cd53728e4abea449a6030d7f92f8705.php 第 42 行.
NOTIC: [8] Undefined index: cname E:\tongbu\wamp\www\Application\Runtime\Cache\Admin\0cd53728e4abea449a6030d7f92f8705.php 第 43 行.
NOTIC: [8] Undefined index: author E:\tongbu\wamp\www\Application\Runtime\Cache\Admin\0cd53728e4abea449a6030d7f92f8705.php 第 44 行.
NOTIC: [8] Undefined index: title E:\tongbu\wamp\www\Application\Runtime\Cache\Admin\0cd53728e4abea449a6030d7f92f8705.php 第 45 行.
NOTIC: [8] Undefined index: aid E:\tongbu\wamp\www\Application\Runtime\Cache\Admin\0cd53728e4abea449a6030d7f92f8705.php 第 42 行.
NOTIC: [8] Undefined index: cname E:\tongbu\wamp\www\Application\Runtime\Cache\Admin\0cd53728e4abea449a6030d7f92f8705.php 第 43 行.
NOTIC: [8] Undefined index: author E:\tongbu\wamp\www\Application\Runtime\Cache\Admin\0cd53728e4abea449a6030d7f92f8705.php 第 44 行.
NOTIC: [8] Undefined index: title E:\tongbu\wamp\www\Application\Runtime\Cache\Admin\0cd53728e4abea449a6030d7f92f8705.php 第 45 行.
NOTIC: [8] Undefined index: aid E:\tongbu\wamp\www\Application\Runtime\Cache\Admin\0cd53728e4abea449a6030d7f92f8705.php 第 42 行.
NOTIC: [8] Undefined index: cname E:\tongbu\wamp\www\Application\Runtime\Cache\Admin\0cd53728e4abea449a6030d7f92f8705.php 第 43 行.
NOTIC: [8] Undefined index: author E:\tongbu\wamp\www\Application\Runtime\Cache\Admin\0cd53728e4abea449a6030d7f92f8705.php 第 44 行.
NOTIC: [8] Undefined index: title E:\tongbu\wamp\www\Application\Runtime\Cache\Admin\0cd53728e4abea449a6030d7f92f8705.php 第 45 行.
NOTIC: [8] Undefined index: aid E:\tongbu\wamp\www\Application\Runtime\Cache\Admin\0cd53728e4abea449a6030d7f92f8705.php 第 42 行.
NOTIC: [8] Undefined index: cname E:\tongbu\wamp\www\Application\Runtime\Cache\Admin\0cd53728e4abea449a6030d7f92f8705.php 第 43 行.
NOTIC: [8] Undefined index: author E:\tongbu\wamp\www\Application\Runtime\Cache\Admin\0cd53728e4abea449a6030d7f92f8705.php 第 44 行.
NOTIC: [8] Undefined index: title E:\tongbu\wamp\www\Application\Runtime\Cache\Admin\0cd53728e4abea449a6030d7f92f8705.php 第 45 行.
NOTIC: [8] Undefined index: aid E:\tongbu\wamp\www\Application\Runtime\Cache\Admin\0cd53728e4abea449a6030d7f92f8705.php 第 42 行.
NOTIC: [8] Undefined index: cname E:\tongbu\wamp\www\Application\Runtime\Cache\Admin\0cd53728e4abea449a6030d7f92f8705.php 第 43 行.
NOTIC: [8] Undefined index: author E:\tongbu\wamp\www\Application\Runtime\Cache\Admin\0cd53728e4abea449a6030d7f92f8705.php 第 44 行.
NOTIC: [8] Undefined index: title E:\tongbu\wamp\www\Application\Runtime\Cache\Admin\0cd53728e4abea449a6030d7f92f8705.php 第 45 行.
NOTIC: [8] Undefined index: aid E:\tongbu\wamp\www\Application\Runtime\Cache\Admin\0cd53728e4abea449a6030d7f92f8705.php 第 42 行.
NOTIC: [8] Undefined index: cname E:\tongbu\wamp\www\Application\Runtime\Cache\Admin\0cd53728e4abea449a6030d7f92f8705.php 第 43 行.
NOTIC: [8] Undefined index: author E:\tongbu\wamp\www\Application\Runtime\Cache\Admin\0cd53728e4abea449a6030d7f92f8705.php 第 44 行.
NOTIC: [8] Undefined index: title E:\tongbu\wamp\www\Application\Runtime\Cache\Admin\0cd53728e4abea449a6030d7f92f8705.php 第 45 行.
NOTIC: [8] Undefined index: aid E:\tongbu\wamp\www\Application\Runtime\Cache\Admin\0cd53728e4abea449a6030d7f92f8705.php 第 42 行.
NOTIC: [8] Undefined index: cname E:\tongbu\wamp\www\Application\Runtime\Cache\Admin\0cd53728e4abea449a6030d7f92f8705.php 第 43 行.
NOTIC: [8] Undefined index: author E:\tongbu\wamp\www\Application\Runtime\Cache\Admin\0cd53728e4abea449a6030d7f92f8705.php 第 44 行.
NOTIC: [8] Undefined index: title E:\tongbu\wamp\www\Application\Runtime\Cache\Admin\0cd53728e4abea449a6030d7f92f8705.php 第 45 行.
NOTIC: [8] Undefined index: aid E:\tongbu\wamp\www\Application\Runtime\Cache\Admin\0cd53728e4abea449a6030d7f92f8705.php 第 42 行.
NOTIC: [8] Undefined index: cname E:\tongbu\wamp\www\Application\Runtime\Cache\Admin\0cd53728e4abea449a6030d7f92f8705.php 第 43 行.
NOTIC: [8] Undefined index: author E:\tongbu\wamp\www\Application\Runtime\Cache\Admin\0cd53728e4abea449a6030d7f92f8705.php 第 44 行.
NOTIC: [8] Undefined index: title E:\tongbu\wamp\www\Application\Runtime\Cache\Admin\0cd53728e4abea449a6030d7f92f8705.php 第 45 行.
INFO: Run Behavior\ParseTemplateBehavior [ RunTime:0.019810s ]
INFO: [ view_parse ] --END-- [ RunTime:0.019929s ]
INFO: [ view_filter ] --START--
INFO: Run Behavior\WriteHtmlCacheBehavior [ RunTime:0.000631s ]
INFO: [ view_filter ] --END-- [ RunTime:0.000784s ]
INFO: [ app_end ] --START--
INFO: Run Behavior\ShowPageTraceBehavior [ RunTime:0.001643s ]
INFO: [ app_end ] --END-- [ RunTime:0.001832s ]

[ 2015-03-12T23:57:14+08:00 ] ::1 /index.php/Admin/Recycle/article
INFO: [ app_init ] --START--
INFO: Run Behavior\BuildLiteBehavior [ RunTime:0.000044s ]
INFO: [ app_init ] --END-- [ RunTime:0.000809s ]
INFO: [ app_begin ] --START--
INFO: Run Behavior\ReadHtmlCacheBehavior [ RunTime:0.001049s ]
INFO: [ app_begin ] --END-- [ RunTime:0.001265s ]
SQL: SHOW COLUMNS FROM `bjy_article` [ RunTime:0.0051s ]
SQL: SELECT COUNT(*) AS tp_count FROM `bjy_article` WHERE `is_delete` = 1 LIMIT 1   [ RunTime:0.0004s ]
SQL: SELECT * FROM `bjy_article` WHERE ( is_delete=0 ) ORDER BY addtime LIMIT 0,15   [ RunTime:0.0007s ]
SQL: SHOW COLUMNS FROM `bjy_article_tag` [ RunTime:0.0034s ]
SQL: SELECT `tid` FROM `bjy_article_tag` WHERE `aid` = 20  [ RunTime:0.0003s ]
SQL: SHOW COLUMNS FROM `bjy_tag` [ RunTime:0.0037s ]
SQL: SELECT `tname` FROM `bjy_tag` WHERE ( tid=3 ) LIMIT 1   [ RunTime:0.0003s ]
SQL: SELECT `tname` FROM `bjy_tag` WHERE ( tid=4 ) LIMIT 1   [ RunTime:0.0002s ]
SQL: SELECT `tname` FROM `bjy_tag` WHERE ( tid=5 ) LIMIT 1   [ RunTime:0.0002s ]
SQL: SHOW COLUMNS FROM `bjy_category` [ RunTime:0.0034s ]
SQL: SELECT `cname` FROM `bjy_category` WHERE ( cid=2 ) LIMIT 1   [ RunTime:0.0003s ]
SQL: SELECT `tid` FROM `bjy_article_tag` WHERE `aid` = 21  [ RunTime:0.0003s ]
SQL: SELECT `tname` FROM `bjy_tag` WHERE ( tid=3 ) LIMIT 1   [ RunTime:0.0002s ]
SQL: SELECT `tname` FROM `bjy_tag` WHERE ( tid=4 ) LIMIT 1   [ RunTime:0.0002s ]
SQL: SELECT `tname` FROM `bjy_tag` WHERE ( tid=5 ) LIMIT 1   [ RunTime:0.0002s ]
SQL: SELECT `cname` FROM `bjy_category` WHERE ( cid=2 ) LIMIT 1   [ RunTime:0.0002s ]
SQL: SELECT `tid` FROM `bjy_article_tag` WHERE `aid` = 22  [ RunTime:0.0003s ]
SQL: SELECT `tname` FROM `bjy_tag` WHERE ( tid=3 ) LIMIT 1   [ RunTime:0.0002s ]
SQL: SELECT `tname` FROM `bjy_tag` WHERE ( tid=4 ) LIMIT 1   [ RunTime:0.0002s ]
SQL: SELECT `tname` FROM `bjy_tag` WHERE ( tid=5 ) LIMIT 1   [ RunTime:0.0002s ]
SQL: SELECT `cname` FROM `bjy_category` WHERE ( cid=2 ) LIMIT 1   [ RunTime:0.0002s ]
SQL: SELECT `tid` FROM `bjy_article_tag` WHERE `aid` = 23  [ RunTime:0.0002s ]
SQL: SELECT `tname` FROM `bjy_tag` WHERE ( tid=3 ) LIMIT 1   [ RunTime:0.0002s ]
SQL: SELECT `tname` FROM `bjy_tag` WHERE ( tid=4 ) LIMIT 1   [ RunTime:0.0002s ]
SQL: SELECT `tname` FROM `bjy_tag` WHERE ( tid=5 ) LIMIT 1   [ RunTime:0.0003s ]
SQL: SELECT `cname` FROM `bjy_category` WHERE ( cid=2 ) LIMIT 1   [ RunTime:0.0002s ]
SQL: SELECT `tid` FROM `bjy_article_tag` WHERE `aid` = 24  [ RunTime:0.0002s ]
SQL: SELECT `tname` FROM `bjy_tag` WHERE ( tid=3 ) LIMIT 1   [ RunTime:0.0002s ]
SQL: SELECT `tname` FROM `bjy_tag` WHERE ( tid=4 ) LIMIT 1   [ RunTime:0.0002s ]
SQL: SELECT `tname` FROM `bjy_tag` WHERE ( tid=5 ) LIMIT 1   [ RunTime:0.0010s ]
SQL: SELECT `cname` FROM `bjy_category` WHERE ( cid=2 ) LIMIT 1   [ RunTime:0.0004s ]
SQL: SELECT `tid` FROM `bjy_article_tag` WHERE `aid` = 25  [ RunTime:0.0003s ]
SQL: SELECT `tname` FROM `bjy_tag` WHERE ( tid=6 ) LIMIT 1   [ RunTime:0.0003s ]
SQL: SELECT `tname` FROM `bjy_tag` WHERE ( tid=7 ) LIMIT 1   [ RunTime:0.0002s ]
SQL: SELECT `cname` FROM `bjy_category` WHERE ( cid=2 ) LIMIT 1   [ RunTime:0.0002s ]
SQL: SELECT `tid` FROM `bjy_article_tag` WHERE `aid` = 26  [ RunTime:0.0003s ]
SQL: SELECT `cname` FROM `bjy_category` WHERE ( cid=2 ) LIMIT 1   [ RunTime:0.0002s ]
SQL: SELECT `tid` FROM `bjy_article_tag` WHERE `aid` = 27  [ RunTime:0.0002s ]
SQL: SELECT `cname` FROM `bjy_category` WHERE ( cid=2 ) LIMIT 1   [ RunTime:0.0002s ]
SQL: SELECT `tid` FROM `bjy_article_tag` WHERE `aid` = 28  [ RunTime:0.0002s ]
SQL: SELECT `cname` FROM `bjy_category` WHERE ( cid=2 ) LIMIT 1   [ RunTime:0.0002s ]
SQL: SELECT `tid` FROM `bjy_article_tag` WHERE `aid` = 29  [ RunTime:0.0003s ]
SQL: SELECT `cname` FROM `bjy_category` WHERE ( cid=2 ) LIMIT 1   [ RunTime:0.0003s ]
SQL: SELECT `tid` FROM `bjy_article_tag` WHERE `aid` = 30  [ RunTime:0.0004s ]
SQL: SELECT `tname` FROM `bjy_tag` WHERE ( tid=6 ) LIMIT 1   [ RunTime:0.0003s ]
SQL: SELECT `tname` FROM `bjy_tag` WHERE ( tid=7 ) LIMIT 1   [ RunTime:0.0003s ]
SQL: SELECT `cname` FROM `bjy_category` WHERE ( cid=2 ) LIMIT 1   [ RunTime:0.0010s ]
SQL: SELECT `tid` FROM `bjy_article_tag` WHERE `aid` = 31  [ RunTime:0.0003s ]
SQL: SELECT `tname` FROM `bjy_tag` WHERE ( tid=6 ) LIMIT 1   [ RunTime:0.0002s ]
SQL: SELECT `tname` FROM `bjy_tag` WHERE ( tid=7 ) LIMIT 1   [ RunTime:0.0002s ]
SQL: SELECT `cname` FROM `bjy_category` WHERE ( cid=2 ) LIMIT 1   [ RunTime:0.0002s ]
SQL: SELECT `tid` FROM `bjy_article_tag` WHERE `aid` = 33  [ RunTime:0.0003s ]
SQL: SELECT `tname` FROM `bjy_tag` WHERE ( tid=4 ) LIMIT 1   [ RunTime:0.0002s ]
SQL: SELECT `tname` FROM `bjy_tag` WHERE ( tid=6 ) LIMIT 1   [ RunTime:0.0002s ]
SQL: SELECT `cname` FROM `bjy_category` WHERE ( cid=9 ) LIMIT 1   [ RunTime:0.0003s ]
SQL: SELECT `tid` FROM `bjy_article_tag` WHERE `aid` = 34  [ RunTime:0.0003s ]
SQL: SELECT `tname` FROM `bjy_tag` WHERE ( tid=3 ) LIMIT 1   [ RunTime:0.0003s ]
SQL: SELECT `tname` FROM `bjy_tag` WHERE ( tid=4 ) LIMIT 1   [ RunTime:0.0002s ]
SQL: SELECT `cname` FROM `bjy_category` WHERE ( cid=9 ) LIMIT 1   [ RunTime:0.0002s ]
SQL: SELECT `tid` FROM `bjy_article_tag` WHERE `aid` = 35  [ RunTime:0.0002s ]
SQL: SELECT `tname` FROM `bjy_tag` WHERE ( tid=4 ) LIMIT 1   [ RunTime:0.0002s ]
SQL: SELECT `tname` FROM `bjy_tag` WHERE ( tid=5 ) LIMIT 1   [ RunTime:0.0002s ]
SQL: SELECT `cname` FROM `bjy_category` WHERE ( cid=9 ) LIMIT 1   [ RunTime:0.0002s ]

[ 2015-03-12T23:57:47+08:00 ] ::1 /index.php/Admin/Recycle/article
INFO: [ app_init ] --START--
INFO: Run Behavior\BuildLiteBehavior [ RunTime:0.000034s ]
INFO: [ app_init ] --END-- [ RunTime:0.000715s ]
INFO: [ app_begin ] --START--
INFO: Run Behavior\ReadHtmlCacheBehavior [ RunTime:0.000733s ]
INFO: [ app_begin ] --END-- [ RunTime:0.000877s ]
SQL: SHOW COLUMNS FROM `bjy_article` [ RunTime:0.0048s ]
SQL: SELECT COUNT(*) AS tp_count FROM `bjy_article` WHERE `is_delete` = 1 LIMIT 1   [ RunTime:0.0005s ]
SQL: SELECT * FROM `bjy_article` WHERE ( is_delete=0 ) ORDER BY addtime LIMIT 0,15   [ RunTime:0.0016s ]
SQL: SHOW COLUMNS FROM `bjy_article_tag` [ RunTime:0.0036s ]
SQL: SELECT `tid` FROM `bjy_article_tag` WHERE `aid` = 20  [ RunTime:0.0003s ]
SQL: SHOW COLUMNS FROM `bjy_tag` [ RunTime:0.0029s ]
SQL: SELECT `tname` FROM `bjy_tag` WHERE ( tid=3 ) LIMIT 1   [ RunTime:0.0004s ]
SQL: SELECT `tname` FROM `bjy_tag` WHERE ( tid=4 ) LIMIT 1   [ RunTime:0.0004s ]
SQL: SELECT `tname` FROM `bjy_tag` WHERE ( tid=5 ) LIMIT 1   [ RunTime:0.0003s ]
SQL: SHOW COLUMNS FROM `bjy_category` [ RunTime:0.0032s ]
SQL: SELECT `cname` FROM `bjy_category` WHERE ( cid=2 ) LIMIT 1   [ RunTime:0.0003s ]
SQL: SELECT `tid` FROM `bjy_article_tag` WHERE `aid` = 21  [ RunTime:0.0002s ]
SQL: SELECT `tname` FROM `bjy_tag` WHERE ( tid=3 ) LIMIT 1   [ RunTime:0.0002s ]
SQL: SELECT `tname` FROM `bjy_tag` WHERE ( tid=4 ) LIMIT 1   [ RunTime:0.0002s ]
SQL: SELECT `tname` FROM `bjy_tag` WHERE ( tid=5 ) LIMIT 1   [ RunTime:0.0002s ]
SQL: SELECT `cname` FROM `bjy_category` WHERE ( cid=2 ) LIMIT 1   [ RunTime:0.0002s ]
SQL: SELECT `tid` FROM `bjy_article_tag` WHERE `aid` = 22  [ RunTime:0.0002s ]
SQL: SELECT `tname` FROM `bjy_tag` WHERE ( tid=3 ) LIMIT 1   [ RunTime:0.0002s ]
SQL: SELECT `tname` FROM `bjy_tag` WHERE ( tid=4 ) LIMIT 1   [ RunTime:0.0002s ]
SQL: SELECT `tname` FROM `bjy_tag` WHERE ( tid=5 ) LIMIT 1   [ RunTime:0.0002s ]
SQL: SELECT `cname` FROM `bjy_category` WHERE ( cid=2 ) LIMIT 1   [ RunTime:0.0002s ]
SQL: SELECT `tid` FROM `bjy_article_tag` WHERE `aid` = 23  [ RunTime:0.0002s ]
SQL: SELECT `tname` FROM `bjy_tag` WHERE ( tid=3 ) LIMIT 1   [ RunTime:0.0002s ]
SQL: SELECT `tname` FROM `bjy_tag` WHERE ( tid=4 ) LIMIT 1   [ RunTime:0.0001s ]
SQL: SELECT `tname` FROM `bjy_tag` WHERE ( tid=5 ) LIMIT 1   [ RunTime:0.0001s ]
SQL: SELECT `cname` FROM `bjy_category` WHERE ( cid=2 ) LIMIT 1   [ RunTime:0.0001s ]
SQL: SELECT `tid` FROM `bjy_article_tag` WHERE `aid` = 24  [ RunTime:0.0002s ]
SQL: SELECT `tname` FROM `bjy_tag` WHERE ( tid=3 ) LIMIT 1   [ RunTime:0.0001s ]
SQL: SELECT `tname` FROM `bjy_tag` WHERE ( tid=4 ) LIMIT 1   [ RunTime:0.0001s ]
SQL: SELECT `tname` FROM `bjy_tag` WHERE ( tid=5 ) LIMIT 1   [ RunTime:0.0002s ]
SQL: SELECT `cname` FROM `bjy_category` WHERE ( cid=2 ) LIMIT 1   [ RunTime:0.0002s ]
SQL: SELECT `tid` FROM `bjy_article_tag` WHERE `aid` = 25  [ RunTime:0.0002s ]
SQL: SELECT `tname` FROM `bjy_tag` WHERE ( tid=6 ) LIMIT 1   [ RunTime:0.0002s ]
SQL: SELECT `tname` FROM `bjy_tag` WHERE ( tid=7 ) LIMIT 1   [ RunTime:0.0002s ]
SQL: SELECT `cname` FROM `bjy_category` WHERE ( cid=2 ) LIMIT 1   [ RunTime:0.0002s ]
SQL: SELECT `tid` FROM `bjy_article_tag` WHERE `aid` = 26  [ RunTime:0.0002s ]
SQL: SELECT `cname` FROM `bjy_category` WHERE ( cid=2 ) LIMIT 1   [ RunTime:0.0002s ]
SQL: SELECT `tid` FROM `bjy_article_tag` WHERE `aid` = 27  [ RunTime:0.0002s ]
SQL: SELECT `cname` FROM `bjy_category` WHERE ( cid=2 ) LIMIT 1   [ RunTime:0.0002s ]
SQL: SELECT `tid` FROM `bjy_article_tag` WHERE `aid` = 28  [ RunTime:0.0002s ]
SQL: SELECT `cname` FROM `bjy_category` WHERE ( cid=2 ) LIMIT 1   [ RunTime:0.0002s ]
SQL: SELECT `tid` FROM `bjy_article_tag` WHERE `aid` = 29  [ RunTime:0.0002s ]
SQL: SELECT `cname` FROM `bjy_category` WHERE ( cid=2 ) LIMIT 1   [ RunTime:0.0002s ]
SQL: SELECT `tid` FROM `bjy_article_tag` WHERE `aid` = 30  [ RunTime:0.0002s ]
SQL: SELECT `tname` FROM `bjy_tag` WHERE ( tid=6 ) LIMIT 1   [ RunTime:0.0002s ]
SQL: SELECT `tname` FROM `bjy_tag` WHERE ( tid=7 ) LIMIT 1   [ RunTime:0.0002s ]
SQL: SELECT `cname` FROM `bjy_category` WHERE ( cid=2 ) LIMIT 1   [ RunTime:0.0002s ]
SQL: SELECT `tid` FROM `bjy_article_tag` WHERE `aid` = 31  [ RunTime:0.0002s ]
SQL: SELECT `tname` FROM `bjy_tag` WHERE ( tid=6 ) LIMIT 1   [ RunTime:0.0002s ]
SQL: SELECT `tname` FROM `bjy_tag` WHERE ( tid=7 ) LIMIT 1   [ RunTime:0.0002s ]
SQL: SELECT `cname` FROM `bjy_category` WHERE ( cid=2 ) LIMIT 1   [ RunTime:0.0002s ]
SQL: SELECT `tid` FROM `bjy_article_tag` WHERE `aid` = 33  [ RunTime:0.0002s ]
SQL: SELECT `tname` FROM `bjy_tag` WHERE ( tid=4 ) LIMIT 1   [ RunTime:0.0003s ]
SQL: SELECT `tname` FROM `bjy_tag` WHERE ( tid=6 ) LIMIT 1   [ RunTime:0.0002s ]
SQL: SELECT `cname` FROM `bjy_category` WHERE ( cid=9 ) LIMIT 1   [ RunTime:0.0002s ]
SQL: SELECT `tid` FROM `bjy_article_tag` WHERE `aid` = 34  [ RunTime:0.0002s ]
SQL: SELECT `tname` FROM `bjy_tag` WHERE ( tid=3 ) LIMIT 1   [ RunTime:0.0002s ]
SQL: SELECT `tname` FROM `bjy_tag` WHERE ( tid=4 ) LIMIT 1   [ RunTime:0.0002s ]
SQL: SELECT `cname` FROM `bjy_category` WHERE ( cid=9 ) LIMIT 1   [ RunTime:0.0002s ]
SQL: SELECT `tid` FROM `bjy_article_tag` WHERE `aid` = 35  [ RunTime:0.0002s ]
SQL: SELECT `tname` FROM `bjy_tag` WHERE ( tid=4 ) LIMIT 1   [ RunTime:0.0002s ]
SQL: SELECT `tname` FROM `bjy_tag` WHERE ( tid=5 ) LIMIT 1   [ RunTime:0.0002s ]
SQL: SELECT `cname` FROM `bjy_category` WHERE ( cid=9 ) LIMIT 1   [ RunTime:0.0002s ]
INFO: [ view_parse ] --START--
NOTIC: [8] Undefined index: icheck E:\tongbu\wamp\www\Application\Common\Tag\My.class.php 第 32 行.
INFO: [ template_filter ] --START--
INFO: Run Behavior\ContentReplaceBehavior [ RunTime:0.000088s ]
INFO: [ template_filter ] --END-- [ RunTime:0.000224s ]
INFO: Run Behavior\ParseTemplateBehavior [ RunTime:0.016207s ]
INFO: [ view_parse ] --END-- [ RunTime:0.016408s ]
INFO: [ view_filter ] --START--
INFO: Run Behavior\WriteHtmlCacheBehavior [ RunTime:0.000566s ]
INFO: [ view_filter ] --END-- [ RunTime:0.000686s ]
INFO: [ app_end ] --START--
INFO: Run Behavior\ShowPageTraceBehavior [ RunTime:0.000657s ]
INFO: [ app_end ] --END-- [ RunTime:0.000790s ]

[ 2015-03-12T23:58:32+08:00 ] ::1 /index.php/Admin/Article/delete/aid/35
INFO: [ app_init ] --START--
INFO: Run Behavior\BuildLiteBehavior [ RunTime:0.000050s ]
INFO: [ app_init ] --END-- [ RunTime:0.000994s ]
INFO: [ app_begin ] --START--
INFO: Run Behavior\ReadHtmlCacheBehavior [ RunTime:0.001245s ]
INFO: [ app_begin ] --END-- [ RunTime:0.001572s ]
SQL: SHOW COLUMNS FROM `bjy_article` [ RunTime:0.0044s ]
SQL: SHOW COLUMNS FROM `bjy_article_pic` [ RunTime:0.0460s ]
SQL: SELECT `path` FROM `bjy_article_pic` WHERE ( aid=35 )  [ RunTime:0.0003s ]
NOTIC: [2] Invalid argument supplied for foreach() E:\tongbu\wamp\www\Application\Common\Model\ArticlePicModel.class.php 第 26 行.
SQL: DELETE FROM `bjy_article_pic` WHERE ( aid=35 ) [ RunTime:0.0317s ]
SQL: SHOW COLUMNS FROM `bjy_article_tag` [ RunTime:0.0041s ]
SQL: DELETE FROM `bjy_article_tag` WHERE ( aid=35 ) [ RunTime:0.0583s ]
SQL: DELETE FROM `bjy_article` WHERE ( aid=35 ) [ RunTime:0.0758s ]
INFO: [ view_parse ] --START--
INFO: [ template_filter ] --START--
INFO: Run Behavior\ContentReplaceBehavior [ RunTime:0.000070s ]
INFO: [ template_filter ] --END-- [ RunTime:0.000204s ]
INFO: Run Behavior\ParseTemplateBehavior [ RunTime:0.032236s ]
INFO: [ view_parse ] --END-- [ RunTime:0.032405s ]
INFO: [ view_filter ] --START--
INFO: Run Behavior\WriteHtmlCacheBehavior [ RunTime:0.000345s ]
INFO: [ view_filter ] --END-- [ RunTime:0.000463s ]
INFO: [ app_end ] --START--
INFO: Run Behavior\ShowPageTraceBehavior [ RunTime:0.000591s ]
INFO: [ app_end ] --END-- [ RunTime:0.000700s ]

[ 2015-03-12T23:58:33+08:00 ] ::1 /index.php/Admin/Recycle/article
INFO: [ app_init ] --START--
INFO: Run Behavior\BuildLiteBehavior [ RunTime:0.000059s ]
INFO: [ app_init ] --END-- [ RunTime:0.001765s ]
INFO: [ app_begin ] --START--
INFO: Run Behavior\ReadHtmlCacheBehavior [ RunTime:0.000656s ]
INFO: [ app_begin ] --END-- [ RunTime:0.000851s ]
SQL: SHOW COLUMNS FROM `bjy_article` [ RunTime:0.0752s ]
SQL: SELECT COUNT(*) AS tp_count FROM `bjy_article` WHERE `is_delete` = 1 LIMIT 1   [ RunTime:0.0003s ]
SQL: SELECT * FROM `bjy_article` WHERE ( is_delete=0 ) ORDER BY addtime LIMIT 0,15   [ RunTime:0.0006s ]
SQL: SHOW COLUMNS FROM `bjy_article_tag` [ RunTime:0.0032s ]
SQL: SELECT `tid` FROM `bjy_article_tag` WHERE `aid` = 20  [ RunTime:0.0004s ]
SQL: SHOW COLUMNS FROM `bjy_tag` [ RunTime:0.0033s ]
SQL: SELECT `tname` FROM `bjy_tag` WHERE ( tid=3 ) LIMIT 1   [ RunTime:0.0002s ]
SQL: SELECT `tname` FROM `bjy_tag` WHERE ( tid=4 ) LIMIT 1   [ RunTime:0.0002s ]
SQL: SELECT `tname` FROM `bjy_tag` WHERE ( tid=5 ) LIMIT 1   [ RunTime:0.0002s ]
SQL: SHOW COLUMNS FROM `bjy_category` [ RunTime:0.0033s ]
SQL: SELECT `cname` FROM `bjy_category` WHERE ( cid=2 ) LIMIT 1   [ RunTime:0.0002s ]
SQL: SELECT `tid` FROM `bjy_article_tag` WHERE `aid` = 21  [ RunTime:0.0003s ]
SQL: SELECT `tname` FROM `bjy_tag` WHERE ( tid=3 ) LIMIT 1   [ RunTime:0.0003s ]
SQL: SELECT `tname` FROM `bjy_tag` WHERE ( tid=4 ) LIMIT 1   [ RunTime:0.0002s ]
SQL: SELECT `tname` FROM `bjy_tag` WHERE ( tid=5 ) LIMIT 1   [ RunTime:0.0002s ]
SQL: SELECT `cname` FROM `bjy_category` WHERE ( cid=2 ) LIMIT 1   [ RunTime:0.0002s ]
SQL: SELECT `tid` FROM `bjy_article_tag` WHERE `aid` = 22  [ RunTime:0.0004s ]
SQL: SELECT `tname` FROM `bjy_tag` WHERE ( tid=3 ) LIMIT 1   [ RunTime:0.0002s ]
SQL: SELECT `tname` FROM `bjy_tag` WHERE ( tid=4 ) LIMIT 1   [ RunTime:0.0002s ]
SQL: SELECT `tname` FROM `bjy_tag` WHERE ( tid=5 ) LIMIT 1   [ RunTime:0.0002s ]
SQL: SELECT `cname` FROM `bjy_category` WHERE ( cid=2 ) LIMIT 1   [ RunTime:0.0002s ]
SQL: SELECT `tid` FROM `bjy_article_tag` WHERE `aid` = 23  [ RunTime:0.0002s ]
SQL: SELECT `tname` FROM `bjy_tag` WHERE ( tid=3 ) LIMIT 1   [ RunTime:0.0002s ]
SQL: SELECT `tname` FROM `bjy_tag` WHERE ( tid=4 ) LIMIT 1   [ RunTime:0.0002s ]
SQL: SELECT `tname` FROM `bjy_tag` WHERE ( tid=5 ) LIMIT 1   [ RunTime:0.0002s ]
SQL: SELECT `cname` FROM `bjy_category` WHERE ( cid=2 ) LIMIT 1   [ RunTime:0.0002s ]
SQL: SELECT `tid` FROM `bjy_article_tag` WHERE `aid` = 24  [ RunTime:0.0002s ]
SQL: SELECT `tname` FROM `bjy_tag` WHERE ( tid=3 ) LIMIT 1   [ RunTime:0.0001s ]
SQL: SELECT `tname` FROM `bjy_tag` WHERE ( tid=4 ) LIMIT 1   [ RunTime:0.0002s ]
SQL: SELECT `tname` FROM `bjy_tag` WHERE ( tid=5 ) LIMIT 1   [ RunTime:0.0002s ]
SQL: SELECT `cname` FROM `bjy_category` WHERE ( cid=2 ) LIMIT 1   [ RunTime:0.0002s ]
SQL: SELECT `tid` FROM `bjy_article_tag` WHERE `aid` = 25  [ RunTime:0.0002s ]
SQL: SELECT `tname` FROM `bjy_tag` WHERE ( tid=6 ) LIMIT 1   [ RunTime:0.0001s ]
SQL: SELECT `tname` FROM `bjy_tag` WHERE ( tid=7 ) LIMIT 1   [ RunTime:0.0002s ]
SQL: SELECT `cname` FROM `bjy_category` WHERE ( cid=2 ) LIMIT 1   [ RunTime:0.0002s ]
SQL: SELECT `tid` FROM `bjy_article_tag` WHERE `aid` = 26  [ RunTime:0.0002s ]
SQL: SELECT `cname` FROM `bjy_category` WHERE ( cid=2 ) LIMIT 1   [ RunTime:0.0002s ]
SQL: SELECT `tid` FROM `bjy_article_tag` WHERE `aid` = 27  [ RunTime:0.0002s ]
SQL: SELECT `cname` FROM `bjy_category` WHERE ( cid=2 ) LIMIT 1   [ RunTime:0.0002s ]
SQL: SELECT `tid` FROM `bjy_article_tag` WHERE `aid` = 28  [ RunTime:0.0004s ]
SQL: SELECT `cname` FROM `bjy_category` WHERE ( cid=2 ) LIMIT 1   [ RunTime:0.0009s ]
SQL: SELECT `tid` FROM `bjy_article_tag` WHERE `aid` = 29  [ RunTime:0.0003s ]
SQL: SELECT `cname` FROM `bjy_category` WHERE ( cid=2 ) LIMIT 1   [ RunTime:0.0002s ]
SQL: SELECT `tid` FROM `bjy_article_tag` WHERE `aid` = 30  [ RunTime:0.0002s ]
SQL: SELECT `tname` FROM `bjy_tag` WHERE ( tid=6 ) LIMIT 1   [ RunTime:0.0002s ]
SQL: SELECT `tname` FROM `bjy_tag` WHERE ( tid=7 ) LIMIT 1   [ RunTime:0.0002s ]
SQL: SELECT `cname` FROM `bjy_category` WHERE ( cid=2 ) LIMIT 1   [ RunTime:0.0002s ]
SQL: SELECT `tid` FROM `bjy_article_tag` WHERE `aid` = 31  [ RunTime:0.0002s ]
SQL: SELECT `tname` FROM `bjy_tag` WHERE ( tid=6 ) LIMIT 1   [ RunTime:0.0002s ]
SQL: SELECT `tname` FROM `bjy_tag` WHERE ( tid=7 ) LIMIT 1   [ RunTime:0.0002s ]
SQL: SELECT `cname` FROM `bjy_category` WHERE ( cid=2 ) LIMIT 1   [ RunTime:0.0001s ]
SQL: SELECT `tid` FROM `bjy_article_tag` WHERE `aid` = 33  [ RunTime:0.0002s ]
SQL: SELECT `tname` FROM `bjy_tag` WHERE ( tid=4 ) LIMIT 1   [ RunTime:0.0001s ]
SQL: SELECT `tname` FROM `bjy_tag` WHERE ( tid=6 ) LIMIT 1   [ RunTime:0.0002s ]
SQL: SELECT `cname` FROM `bjy_category` WHERE ( cid=9 ) LIMIT 1   [ RunTime:0.0003s ]
SQL: SELECT `tid` FROM `bjy_article_tag` WHERE `aid` = 34  [ RunTime:0.0003s ]
SQL: SELECT `tname` FROM `bjy_tag` WHERE ( tid=3 ) LIMIT 1   [ RunTime:0.0003s ]
SQL: SELECT `tname` FROM `bjy_tag` WHERE ( tid=4 ) LIMIT 1   [ RunTime:0.0002s ]
SQL: SELECT `cname` FROM `bjy_category` WHERE ( cid=9 ) LIMIT 1   [ RunTime:0.0002s ]
SQL: SELECT `tid` FROM `bjy_article_tag` WHERE `aid` = 36  [ RunTime:0.0002s ]
SQL: SELECT `tname` FROM `bjy_tag` WHERE ( tid=4 ) LIMIT 1   [ RunTime:0.0002s ]
SQL: SELECT `tname` FROM `bjy_tag` WHERE ( tid=6 ) LIMIT 1   [ RunTime:0.0004s ]
SQL: SELECT `cname` FROM `bjy_category` WHERE ( cid=18 ) LIMIT 1   [ RunTime:0.0008s ]
INFO: [ view_parse ] --START--
NOTIC: [8] Undefined index: icheck E:\tongbu\wamp\www\Application\Common\Tag\My.class.php 第 32 行.
INFO: [ template_filter ] --START--
INFO: Run Behavior\ContentReplaceBehavior [ RunTime:0.000108s ]
INFO: [ template_filter ] --END-- [ RunTime:0.000274s ]
INFO: Run Behavior\ParseTemplateBehavior [ RunTime:0.016093s ]
INFO: [ view_parse ] --END-- [ RunTime:0.016218s ]
INFO: [ view_filter ] --START--
INFO: Run Behavior\WriteHtmlCacheBehavior [ RunTime:0.000427s ]
INFO: [ view_filter ] --END-- [ RunTime:0.000524s ]
INFO: [ app_end ] --START--
INFO: Run Behavior\ShowPageTraceBehavior [ RunTime:0.000559s ]
INFO: [ app_end ] --END-- [ RunTime:0.000658s ]

[ 2015-03-12T23:59:33+08:00 ] ::1 /index.php/Admin/Article/delete/aid/36
INFO: [ app_init ] --START--
INFO: Run Behavior\BuildLiteBehavior [ RunTime:0.000035s ]
INFO: [ app_init ] --END-- [ RunTime:0.001166s ]
INFO: [ app_begin ] --START--
INFO: Run Behavior\ReadHtmlCacheBehavior [ RunTime:0.000741s ]
INFO: [ app_begin ] --END-- [ RunTime:0.000889s ]
SQL: SHOW COLUMNS FROM `bjy_article` [ RunTime:0.0036s ]
SQL: SHOW COLUMNS FROM `bjy_article_pic` [ RunTime:0.0030s ]
SQL: SELECT `path` FROM `bjy_article_pic` WHERE ( aid=36 )  [ RunTime:0.0004s ]
NOTIC: [2] Invalid argument supplied for foreach() E:\tongbu\wamp\www\Application\Common\Model\ArticlePicModel.class.php 第 26 行.
SQL: DELETE FROM `bjy_article_pic` WHERE ( aid=36 ) [ RunTime:0.0008s ]
SQL: SHOW COLUMNS FROM `bjy_article_tag` [ RunTime:0.0032s ]
SQL: DELETE FROM `bjy_article_tag` WHERE ( aid=36 ) [ RunTime:0.1100s ]
SQL: DELETE FROM `bjy_article` WHERE ( aid=36 ) [ RunTime:0.0548s ]

