[ 2015-03-13T00:03:04+08:00 ] ::1 /index.php/Admin/Article/delete/aid/36
INFO: [ app_init ] --START--
INFO: Run Behavior\BuildLiteBehavior [ RunTime:0.000032s ]
INFO: [ app_init ] --END-- [ RunTime:0.000579s ]
INFO: [ app_begin ] --START--
INFO: Run Behavior\ReadHtmlCacheBehavior [ RunTime:0.000726s ]
INFO: [ app_begin ] --END-- [ RunTime:0.000856s ]
SQL: SHOW COLUMNS FROM `bjy_article` [ RunTime:0.0035s ]
SQL: SHOW COLUMNS FROM `bjy_article_pic` [ RunTime:0.0032s ]
SQL: SELECT `path` FROM `bjy_article_pic` WHERE ( aid=36 )  [ RunTime:0.0003s ]
NOTIC: [2] Invalid argument supplied for foreach() E:\tongbu\wamp\www\Application\Common\Model\ArticlePicModel.class.php 第 26 行.
SQL: DELETE FROM `bjy_article_pic` WHERE ( aid=36 ) [ RunTime:0.0002s ]
SQL: SHOW COLUMNS FROM `bjy_article_tag` [ RunTime:0.0030s ]
SQL: DELETE FROM `bjy_article_tag` WHERE ( aid=36 ) [ RunTime:0.0003s ]
SQL: DELETE FROM `bjy_article` WHERE ( aid=36 ) [ RunTime:0.0002s ]
INFO: [ view_parse ] --START--
INFO: [ template_filter ] --START--
INFO: Run Behavior\ContentReplaceBehavior [ RunTime:0.000063s ]
INFO: [ template_filter ] --END-- [ RunTime:0.000204s ]
INFO: Run Behavior\ParseTemplateBehavior [ RunTime:0.009482s ]
INFO: [ view_parse ] --END-- [ RunTime:0.009616s ]
INFO: [ view_filter ] --START--
INFO: Run Behavior\WriteHtmlCacheBehavior [ RunTime:0.000387s ]
INFO: [ view_filter ] --END-- [ RunTime:0.000489s ]
INFO: [ app_end ] --START--
INFO: Run Behavior\ShowPageTraceBehavior [ RunTime:0.000600s ]
INFO: [ app_end ] --END-- [ RunTime:0.000700s ]

[ 2015-03-13T00:03:06+08:00 ] ::1 /index.php/Admin/Recycle/article
INFO: [ app_init ] --START--
INFO: Run Behavior\BuildLiteBehavior [ RunTime:0.000030s ]
INFO: [ app_init ] --END-- [ RunTime:0.000664s ]
INFO: [ app_begin ] --START--
INFO: Run Behavior\ReadHtmlCacheBehavior [ RunTime:0.000909s ]
INFO: [ app_begin ] --END-- [ RunTime:0.001040s ]
SQL: SHOW COLUMNS FROM `bjy_article` [ RunTime:0.0050s ]
SQL: SELECT COUNT(*) AS tp_count FROM `bjy_article` WHERE `is_delete` = 1 LIMIT 1   [ RunTime:0.0004s ]
SQL: SELECT * FROM `bjy_article` WHERE ( is_delete=0 ) ORDER BY addtime LIMIT 0,15   [ RunTime:0.0006s ]
SQL: SHOW COLUMNS FROM `bjy_article_tag` [ RunTime:0.0033s ]
SQL: SELECT `tid` FROM `bjy_article_tag` WHERE `aid` = 20  [ RunTime:0.0003s ]
SQL: SHOW COLUMNS FROM `bjy_tag` [ RunTime:0.0052s ]
SQL: SELECT `tname` FROM `bjy_tag` WHERE ( tid=3 ) LIMIT 1   [ RunTime:0.0003s ]
SQL: SELECT `tname` FROM `bjy_tag` WHERE ( tid=4 ) LIMIT 1   [ RunTime:0.0002s ]
SQL: SELECT `tname` FROM `bjy_tag` WHERE ( tid=5 ) LIMIT 1   [ RunTime:0.0002s ]
SQL: SHOW COLUMNS FROM `bjy_category` [ RunTime:0.0038s ]
SQL: SELECT `cname` FROM `bjy_category` WHERE ( cid=2 ) LIMIT 1   [ RunTime:0.0003s ]
SQL: SELECT `tid` FROM `bjy_article_tag` WHERE `aid` = 21  [ RunTime:0.0002s ]
SQL: SELECT `tname` FROM `bjy_tag` WHERE ( tid=3 ) LIMIT 1   [ RunTime:0.0002s ]
SQL: SELECT `tname` FROM `bjy_tag` WHERE ( tid=4 ) LIMIT 1   [ RunTime:0.0002s ]
SQL: SELECT `tname` FROM `bjy_tag` WHERE ( tid=5 ) LIMIT 1   [ RunTime:0.0003s ]
SQL: SELECT `cname` FROM `bjy_category` WHERE ( cid=2 ) LIMIT 1   [ RunTime:0.0003s ]
SQL: SELECT `tid` FROM `bjy_article_tag` WHERE `aid` = 22  [ RunTime:0.0003s ]
SQL: SELECT `tname` FROM `bjy_tag` WHERE ( tid=3 ) LIMIT 1   [ RunTime:0.0002s ]
SQL: SELECT `tname` FROM `bjy_tag` WHERE ( tid=4 ) LIMIT 1   [ RunTime:0.0002s ]
SQL: SELECT `tname` FROM `bjy_tag` WHERE ( tid=5 ) LIMIT 1   [ RunTime:0.0002s ]
SQL: SELECT `cname` FROM `bjy_category` WHERE ( cid=2 ) LIMIT 1   [ RunTime:0.0002s ]
SQL: SELECT `tid` FROM `bjy_article_tag` WHERE `aid` = 23  [ RunTime:0.0003s ]
SQL: SELECT `tname` FROM `bjy_tag` WHERE ( tid=3 ) LIMIT 1   [ RunTime:0.0002s ]
SQL: SELECT `tname` FROM `bjy_tag` WHERE ( tid=4 ) LIMIT 1   [ RunTime:0.0002s ]
SQL: SELECT `tname` FROM `bjy_tag` WHERE ( tid=5 ) LIMIT 1   [ RunTime:0.0002s ]
SQL: SELECT `cname` FROM `bjy_category` WHERE ( cid=2 ) LIMIT 1   [ RunTime:0.0002s ]
SQL: SELECT `tid` FROM `bjy_article_tag` WHERE `aid` = 24  [ RunTime:0.0003s ]
SQL: SELECT `tname` FROM `bjy_tag` WHERE ( tid=3 ) LIMIT 1   [ RunTime:0.0003s ]
SQL: SELECT `tname` FROM `bjy_tag` WHERE ( tid=4 ) LIMIT 1   [ RunTime:0.0003s ]
SQL: SELECT `tname` FROM `bjy_tag` WHERE ( tid=5 ) LIMIT 1   [ RunTime:0.0003s ]
SQL: SELECT `cname` FROM `bjy_category` WHERE ( cid=2 ) LIMIT 1   [ RunTime:0.0003s ]
SQL: SELECT `tid` FROM `bjy_article_tag` WHERE `aid` = 25  [ RunTime:0.0003s ]
SQL: SELECT `tname` FROM `bjy_tag` WHERE ( tid=6 ) LIMIT 1   [ RunTime:0.0003s ]
SQL: SELECT `tname` FROM `bjy_tag` WHERE ( tid=7 ) LIMIT 1   [ RunTime:0.0003s ]
SQL: SELECT `cname` FROM `bjy_category` WHERE ( cid=2 ) LIMIT 1   [ RunTime:0.0002s ]
SQL: SELECT `tid` FROM `bjy_article_tag` WHERE `aid` = 26  [ RunTime:0.0003s ]
SQL: SELECT `cname` FROM `bjy_category` WHERE ( cid=2 ) LIMIT 1   [ RunTime:0.0002s ]
SQL: SELECT `tid` FROM `bjy_article_tag` WHERE `aid` = 27  [ RunTime:0.0004s ]
SQL: SELECT `cname` FROM `bjy_category` WHERE ( cid=2 ) LIMIT 1   [ RunTime:0.0002s ]
SQL: SELECT `tid` FROM `bjy_article_tag` WHERE `aid` = 28  [ RunTime:0.0002s ]
SQL: SELECT `cname` FROM `bjy_category` WHERE ( cid=2 ) LIMIT 1   [ RunTime:0.0003s ]
SQL: SELECT `tid` FROM `bjy_article_tag` WHERE `aid` = 29  [ RunTime:0.0003s ]
SQL: SELECT `cname` FROM `bjy_category` WHERE ( cid=2 ) LIMIT 1   [ RunTime:0.0003s ]
SQL: SELECT `tid` FROM `bjy_article_tag` WHERE `aid` = 30  [ RunTime:0.0003s ]
SQL: SELECT `tname` FROM `bjy_tag` WHERE ( tid=6 ) LIMIT 1   [ RunTime:0.0003s ]
SQL: SELECT `tname` FROM `bjy_tag` WHERE ( tid=7 ) LIMIT 1   [ RunTime:0.0003s ]
SQL: SELECT `cname` FROM `bjy_category` WHERE ( cid=2 ) LIMIT 1   [ RunTime:0.0004s ]
SQL: SELECT `tid` FROM `bjy_article_tag` WHERE `aid` = 31  [ RunTime:0.0011s ]
SQL: SELECT `tname` FROM `bjy_tag` WHERE ( tid=6 ) LIMIT 1   [ RunTime:0.0003s ]
SQL: SELECT `tname` FROM `bjy_tag` WHERE ( tid=7 ) LIMIT 1   [ RunTime:0.0003s ]
SQL: SELECT `cname` FROM `bjy_category` WHERE ( cid=2 ) LIMIT 1   [ RunTime:0.0003s ]
SQL: SELECT `tid` FROM `bjy_article_tag` WHERE `aid` = 33  [ RunTime:0.0003s ]
SQL: SELECT `tname` FROM `bjy_tag` WHERE ( tid=4 ) LIMIT 1   [ RunTime:0.0003s ]
SQL: SELECT `tname` FROM `bjy_tag` WHERE ( tid=6 ) LIMIT 1   [ RunTime:0.0003s ]
SQL: SELECT `cname` FROM `bjy_category` WHERE ( cid=9 ) LIMIT 1   [ RunTime:0.0003s ]
SQL: SELECT `tid` FROM `bjy_article_tag` WHERE `aid` = 34  [ RunTime:0.0003s ]
SQL: SELECT `tname` FROM `bjy_tag` WHERE ( tid=3 ) LIMIT 1   [ RunTime:0.0002s ]
SQL: SELECT `tname` FROM `bjy_tag` WHERE ( tid=4 ) LIMIT 1   [ RunTime:0.0002s ]
SQL: SELECT `cname` FROM `bjy_category` WHERE ( cid=9 ) LIMIT 1   [ RunTime:0.0002s ]
SQL: SELECT `tid` FROM `bjy_article_tag` WHERE `aid` = 37  [ RunTime:0.0003s ]
SQL: SELECT `tname` FROM `bjy_tag` WHERE ( tid=4 ) LIMIT 1   [ RunTime:0.0003s ]
SQL: SELECT `tname` FROM `bjy_tag` WHERE ( tid=5 ) LIMIT 1   [ RunTime:0.0003s ]
SQL: SELECT `cname` FROM `bjy_category` WHERE ( cid=2 ) LIMIT 1   [ RunTime:0.0004s ]
INFO: [ view_parse ] --START--
NOTIC: [8] Undefined index: icheck E:\tongbu\wamp\www\Application\Common\Tag\My.class.php 第 32 行.
INFO: [ template_filter ] --START--
INFO: Run Behavior\ContentReplaceBehavior [ RunTime:0.000095s ]
INFO: [ template_filter ] --END-- [ RunTime:0.000226s ]
INFO: Run Behavior\ParseTemplateBehavior [ RunTime:0.014593s ]
INFO: [ view_parse ] --END-- [ RunTime:0.014757s ]
INFO: [ view_filter ] --START--
INFO: Run Behavior\WriteHtmlCacheBehavior [ RunTime:0.000361s ]
INFO: [ view_filter ] --END-- [ RunTime:0.000458s ]
INFO: [ app_end ] --START--
INFO: Run Behavior\ShowPageTraceBehavior [ RunTime:0.000564s ]
INFO: [ app_end ] --END-- [ RunTime:0.000663s ]

[ 2015-03-13T00:05:03+08:00 ] ::1 /index.php/Admin/Recycle/%7B/index.php/Admin/Article/recover/aid/34%7D
INFO: [ app_init ] --START--
INFO: Run Behavior\BuildLiteBehavior [ RunTime:0.000029s ]
INFO: [ app_init ] --END-- [ RunTime:0.000539s ]
INFO: [ app_begin ] --START--
INFO: Run Behavior\ReadHtmlCacheBehavior [ RunTime:0.001080s ]
INFO: [ app_begin ] --END-- [ RunTime:0.001316s ]
ERR: 模板不存在:./Application/Admin/View/Recycle/{.html

[ 2015-03-13T00:05:25+08:00 ] ::1 /index.php/Admin/Recycle/article
INFO: [ app_init ] --START--
INFO: Run Behavior\BuildLiteBehavior [ RunTime:0.000056s ]
INFO: [ app_init ] --END-- [ RunTime:0.001413s ]
INFO: [ app_begin ] --START--
INFO: Run Behavior\ReadHtmlCacheBehavior [ RunTime:0.000902s ]
INFO: [ app_begin ] --END-- [ RunTime:0.001032s ]
SQL: SHOW COLUMNS FROM `bjy_article` [ RunTime:0.0037s ]
SQL: SELECT COUNT(*) AS tp_count FROM `bjy_article` WHERE `is_delete` = 1 LIMIT 1   [ RunTime:0.0005s ]
SQL: SELECT * FROM `bjy_article` WHERE ( is_delete=0 ) ORDER BY addtime LIMIT 0,15   [ RunTime:0.0008s ]
SQL: SHOW COLUMNS FROM `bjy_article_tag` [ RunTime:0.0058s ]
SQL: SELECT `tid` FROM `bjy_article_tag` WHERE `aid` = 20  [ RunTime:0.0003s ]
SQL: SHOW COLUMNS FROM `bjy_tag` [ RunTime:0.0029s ]
SQL: SELECT `tname` FROM `bjy_tag` WHERE ( tid=3 ) LIMIT 1   [ RunTime:0.0003s ]
SQL: SELECT `tname` FROM `bjy_tag` WHERE ( tid=4 ) LIMIT 1   [ RunTime:0.0002s ]
SQL: SELECT `tname` FROM `bjy_tag` WHERE ( tid=5 ) LIMIT 1   [ RunTime:0.0002s ]
SQL: SHOW COLUMNS FROM `bjy_category` [ RunTime:0.0049s ]
SQL: SELECT `cname` FROM `bjy_category` WHERE ( cid=2 ) LIMIT 1   [ RunTime:0.0003s ]
SQL: SELECT `tid` FROM `bjy_article_tag` WHERE `aid` = 21  [ RunTime:0.0003s ]
SQL: SELECT `tname` FROM `bjy_tag` WHERE ( tid=3 ) LIMIT 1   [ RunTime:0.0002s ]
SQL: SELECT `tname` FROM `bjy_tag` WHERE ( tid=4 ) LIMIT 1   [ RunTime:0.0002s ]
SQL: SELECT `tname` FROM `bjy_tag` WHERE ( tid=5 ) LIMIT 1   [ RunTime:0.0002s ]
SQL: SELECT `cname` FROM `bjy_category` WHERE ( cid=2 ) LIMIT 1   [ RunTime:0.0002s ]
SQL: SELECT `tid` FROM `bjy_article_tag` WHERE `aid` = 22  [ RunTime:0.0002s ]
SQL: SELECT `tname` FROM `bjy_tag` WHERE ( tid=3 ) LIMIT 1   [ RunTime:0.0004s ]
SQL: SELECT `tname` FROM `bjy_tag` WHERE ( tid=4 ) LIMIT 1   [ RunTime:0.0003s ]
SQL: SELECT `tname` FROM `bjy_tag` WHERE ( tid=5 ) LIMIT 1   [ RunTime:0.0002s ]
SQL: SELECT `cname` FROM `bjy_category` WHERE ( cid=2 ) LIMIT 1   [ RunTime:0.0002s ]
SQL: SELECT `tid` FROM `bjy_article_tag` WHERE `aid` = 23  [ RunTime:0.0002s ]
SQL: SELECT `tname` FROM `bjy_tag` WHERE ( tid=3 ) LIMIT 1   [ RunTime:0.0002s ]
SQL: SELECT `tname` FROM `bjy_tag` WHERE ( tid=4 ) LIMIT 1   [ RunTime:0.0002s ]
SQL: SELECT `tname` FROM `bjy_tag` WHERE ( tid=5 ) LIMIT 1   [ RunTime:0.0002s ]
SQL: SELECT `cname` FROM `bjy_category` WHERE ( cid=2 ) LIMIT 1   [ RunTime:0.0002s ]
SQL: SELECT `tid` FROM `bjy_article_tag` WHERE `aid` = 24  [ RunTime:0.0002s ]
SQL: SELECT `tname` FROM `bjy_tag` WHERE ( tid=3 ) LIMIT 1   [ RunTime:0.0002s ]
SQL: SELECT `tname` FROM `bjy_tag` WHERE ( tid=4 ) LIMIT 1   [ RunTime:0.0002s ]
SQL: SELECT `tname` FROM `bjy_tag` WHERE ( tid=5 ) LIMIT 1   [ RunTime:0.0002s ]
SQL: SELECT `cname` FROM `bjy_category` WHERE ( cid=2 ) LIMIT 1   [ RunTime:0.0002s ]
SQL: SELECT `tid` FROM `bjy_article_tag` WHERE `aid` = 25  [ RunTime:0.0002s ]
SQL: SELECT `tname` FROM `bjy_tag` WHERE ( tid=6 ) LIMIT 1   [ RunTime:0.0002s ]
SQL: SELECT `tname` FROM `bjy_tag` WHERE ( tid=7 ) LIMIT 1   [ RunTime:0.0002s ]
SQL: SELECT `cname` FROM `bjy_category` WHERE ( cid=2 ) LIMIT 1   [ RunTime:0.0002s ]
SQL: SELECT `tid` FROM `bjy_article_tag` WHERE `aid` = 26  [ RunTime:0.0002s ]
SQL: SELECT `cname` FROM `bjy_category` WHERE ( cid=2 ) LIMIT 1   [ RunTime:0.0002s ]
SQL: SELECT `tid` FROM `bjy_article_tag` WHERE `aid` = 27  [ RunTime:0.0002s ]
SQL: SELECT `cname` FROM `bjy_category` WHERE ( cid=2 ) LIMIT 1   [ RunTime:0.0002s ]
SQL: SELECT `tid` FROM `bjy_article_tag` WHERE `aid` = 28  [ RunTime:0.0002s ]
SQL: SELECT `cname` FROM `bjy_category` WHERE ( cid=2 ) LIMIT 1   [ RunTime:0.0002s ]
SQL: SELECT `tid` FROM `bjy_article_tag` WHERE `aid` = 29  [ RunTime:0.0002s ]
SQL: SELECT `cname` FROM `bjy_category` WHERE ( cid=2 ) LIMIT 1   [ RunTime:0.0002s ]
SQL: SELECT `tid` FROM `bjy_article_tag` WHERE `aid` = 30  [ RunTime:0.0002s ]
SQL: SELECT `tname` FROM `bjy_tag` WHERE ( tid=6 ) LIMIT 1   [ RunTime:0.0002s ]
SQL: SELECT `tname` FROM `bjy_tag` WHERE ( tid=7 ) LIMIT 1   [ RunTime:0.0002s ]
SQL: SELECT `cname` FROM `bjy_category` WHERE ( cid=2 ) LIMIT 1   [ RunTime:0.0002s ]
SQL: SELECT `tid` FROM `bjy_article_tag` WHERE `aid` = 31  [ RunTime:0.0002s ]
SQL: SELECT `tname` FROM `bjy_tag` WHERE ( tid=6 ) LIMIT 1   [ RunTime:0.0002s ]
SQL: SELECT `tname` FROM `bjy_tag` WHERE ( tid=7 ) LIMIT 1   [ RunTime:0.0002s ]
SQL: SELECT `cname` FROM `bjy_category` WHERE ( cid=2 ) LIMIT 1   [ RunTime:0.0002s ]
SQL: SELECT `tid` FROM `bjy_article_tag` WHERE `aid` = 33  [ RunTime:0.0002s ]
SQL: SELECT `tname` FROM `bjy_tag` WHERE ( tid=4 ) LIMIT 1   [ RunTime:0.0002s ]
SQL: SELECT `tname` FROM `bjy_tag` WHERE ( tid=6 ) LIMIT 1   [ RunTime:0.0002s ]
SQL: SELECT `cname` FROM `bjy_category` WHERE ( cid=9 ) LIMIT 1   [ RunTime:0.0002s ]
SQL: SELECT `tid` FROM `bjy_article_tag` WHERE `aid` = 34  [ RunTime:0.0002s ]
SQL: SELECT `tname` FROM `bjy_tag` WHERE ( tid=3 ) LIMIT 1   [ RunTime:0.0002s ]
SQL: SELECT `tname` FROM `bjy_tag` WHERE ( tid=4 ) LIMIT 1   [ RunTime:0.0002s ]
SQL: SELECT `cname` FROM `bjy_category` WHERE ( cid=9 ) LIMIT 1   [ RunTime:0.0002s ]
SQL: SELECT `tid` FROM `bjy_article_tag` WHERE `aid` = 37  [ RunTime:0.0002s ]
SQL: SELECT `tname` FROM `bjy_tag` WHERE ( tid=4 ) LIMIT 1   [ RunTime:0.0002s ]
SQL: SELECT `tname` FROM `bjy_tag` WHERE ( tid=5 ) LIMIT 1   [ RunTime:0.0002s ]
SQL: SELECT `cname` FROM `bjy_category` WHERE ( cid=2 ) LIMIT 1   [ RunTime:0.0002s ]
INFO: [ view_parse ] --START--
NOTIC: [8] Undefined index: icheck E:\tongbu\wamp\www\Application\Common\Tag\My.class.php 第 32 行.
INFO: [ template_filter ] --START--
INFO: Run Behavior\ContentReplaceBehavior [ RunTime:0.000071s ]
INFO: [ template_filter ] --END-- [ RunTime:0.000179s ]
INFO: Run Behavior\ParseTemplateBehavior [ RunTime:0.017634s ]
INFO: [ view_parse ] --END-- [ RunTime:0.017787s ]
INFO: [ view_filter ] --START--
INFO: Run Behavior\WriteHtmlCacheBehavior [ RunTime:0.000505s ]
INFO: [ view_filter ] --END-- [ RunTime:0.000601s ]
INFO: [ app_end ] --START--
INFO: Run Behavior\ShowPageTraceBehavior [ RunTime:0.001205s ]
INFO: [ app_end ] --END-- [ RunTime:0.001454s ]

[ 2015-03-13T00:05:27+08:00 ] ::1 /index.php/Admin/Recycle/%7B/index.php/Admin/Article/recover/aid/34
INFO: [ app_init ] --START--
INFO: Run Behavior\BuildLiteBehavior [ RunTime:0.000026s ]
INFO: [ app_init ] --END-- [ RunTime:0.000505s ]
INFO: [ app_begin ] --START--
INFO: Run Behavior\ReadHtmlCacheBehavior [ RunTime:0.000726s ]
INFO: [ app_begin ] --END-- [ RunTime:0.000832s ]
ERR: 模板不存在:./Application/Admin/View/Recycle/{.html

[ 2015-03-13T00:05:35+08:00 ] ::1 /index.php/Admin/Recycle/%7B/index.php/Admin/Article/recover/aid/34
INFO: [ app_init ] --START--
INFO: Run Behavior\BuildLiteBehavior [ RunTime:0.000028s ]
INFO: [ app_init ] --END-- [ RunTime:0.000554s ]
INFO: [ app_begin ] --START--
INFO: Run Behavior\ReadHtmlCacheBehavior [ RunTime:0.000713s ]
INFO: [ app_begin ] --END-- [ RunTime:0.000879s ]
ERR: 模板不存在:./Application/Admin/View/Recycle/{.html

[ 2015-03-13T00:05:36+08:00 ] ::1 /index.php/Admin/Recycle/article
INFO: [ app_init ] --START--
INFO: Run Behavior\BuildLiteBehavior [ RunTime:0.000029s ]
INFO: [ app_init ] --END-- [ RunTime:0.000610s ]
INFO: [ app_begin ] --START--
INFO: Run Behavior\ReadHtmlCacheBehavior [ RunTime:0.000732s ]
INFO: [ app_begin ] --END-- [ RunTime:0.000859s ]
SQL: SHOW COLUMNS FROM `bjy_article` [ RunTime:0.0064s ]
SQL: SELECT COUNT(*) AS tp_count FROM `bjy_article` WHERE `is_delete` = 1 LIMIT 1   [ RunTime:0.0004s ]
SQL: SELECT * FROM `bjy_article` WHERE ( is_delete=0 ) ORDER BY addtime LIMIT 0,15   [ RunTime:0.0005s ]
SQL: SHOW COLUMNS FROM `bjy_article_tag` [ RunTime:0.0035s ]
SQL: SELECT `tid` FROM `bjy_article_tag` WHERE `aid` = 20  [ RunTime:0.0003s ]
SQL: SHOW COLUMNS FROM `bjy_tag` [ RunTime:0.0037s ]
SQL: SELECT `tname` FROM `bjy_tag` WHERE ( tid=3 ) LIMIT 1   [ RunTime:0.0003s ]
SQL: SELECT `tname` FROM `bjy_tag` WHERE ( tid=4 ) LIMIT 1   [ RunTime:0.0002s ]
SQL: SELECT `tname` FROM `bjy_tag` WHERE ( tid=5 ) LIMIT 1   [ RunTime:0.0001s ]
SQL: SHOW COLUMNS FROM `bjy_category` [ RunTime:0.0029s ]
SQL: SELECT `cname` FROM `bjy_category` WHERE ( cid=2 ) LIMIT 1   [ RunTime:0.0002s ]
SQL: SELECT `tid` FROM `bjy_article_tag` WHERE `aid` = 21  [ RunTime:0.0002s ]
SQL: SELECT `tname` FROM `bjy_tag` WHERE ( tid=3 ) LIMIT 1   [ RunTime:0.0001s ]
SQL: SELECT `tname` FROM `bjy_tag` WHERE ( tid=4 ) LIMIT 1   [ RunTime:0.0001s ]
SQL: SELECT `tname` FROM `bjy_tag` WHERE ( tid=5 ) LIMIT 1   [ RunTime:0.0001s ]
SQL: SELECT `cname` FROM `bjy_category` WHERE ( cid=2 ) LIMIT 1   [ RunTime:0.0001s ]
SQL: SELECT `tid` FROM `bjy_article_tag` WHERE `aid` = 22  [ RunTime:0.0002s ]
SQL: SELECT `tname` FROM `bjy_tag` WHERE ( tid=3 ) LIMIT 1   [ RunTime:0.0001s ]
SQL: SELECT `tname` FROM `bjy_tag` WHERE ( tid=4 ) LIMIT 1   [ RunTime:0.0002s ]
SQL: SELECT `tname` FROM `bjy_tag` WHERE ( tid=5 ) LIMIT 1   [ RunTime:0.0002s ]
SQL: SELECT `cname` FROM `bjy_category` WHERE ( cid=2 ) LIMIT 1   [ RunTime:0.0001s ]
SQL: SELECT `tid` FROM `bjy_article_tag` WHERE `aid` = 23  [ RunTime:0.0001s ]
SQL: SELECT `tname` FROM `bjy_tag` WHERE ( tid=3 ) LIMIT 1   [ RunTime:0.0001s ]
SQL: SELECT `tname` FROM `bjy_tag` WHERE ( tid=4 ) LIMIT 1   [ RunTime:0.0002s ]
SQL: SELECT `tname` FROM `bjy_tag` WHERE ( tid=5 ) LIMIT 1   [ RunTime:0.0002s ]
SQL: SELECT `cname` FROM `bjy_category` WHERE ( cid=2 ) LIMIT 1   [ RunTime:0.0001s ]
SQL: SELECT `tid` FROM `bjy_article_tag` WHERE `aid` = 24  [ RunTime:0.0002s ]
SQL: SELECT `tname` FROM `bjy_tag` WHERE ( tid=3 ) LIMIT 1   [ RunTime:0.0002s ]
SQL: SELECT `tname` FROM `bjy_tag` WHERE ( tid=4 ) LIMIT 1   [ RunTime:0.0001s ]
SQL: SELECT `tname` FROM `bjy_tag` WHERE ( tid=5 ) LIMIT 1   [ RunTime:0.0001s ]
SQL: SELECT `cname` FROM `bjy_category` WHERE ( cid=2 ) LIMIT 1   [ RunTime:0.0001s ]
SQL: SELECT `tid` FROM `bjy_article_tag` WHERE `aid` = 25  [ RunTime:0.0002s ]
SQL: SELECT `tname` FROM `bjy_tag` WHERE ( tid=6 ) LIMIT 1   [ RunTime:0.0001s ]
SQL: SELECT `tname` FROM `bjy_tag` WHERE ( tid=7 ) LIMIT 1   [ RunTime:0.0001s ]
SQL: SELECT `cname` FROM `bjy_category` WHERE ( cid=2 ) LIMIT 1   [ RunTime:0.0002s ]
SQL: SELECT `tid` FROM `bjy_article_tag` WHERE `aid` = 26  [ RunTime:0.0003s ]
SQL: SELECT `cname` FROM `bjy_category` WHERE ( cid=2 ) LIMIT 1   [ RunTime:0.0006s ]
SQL: SELECT `tid` FROM `bjy_article_tag` WHERE `aid` = 27  [ RunTime:0.0002s ]
SQL: SELECT `cname` FROM `bjy_category` WHERE ( cid=2 ) LIMIT 1   [ RunTime:0.0001s ]
SQL: SELECT `tid` FROM `bjy_article_tag` WHERE `aid` = 28  [ RunTime:0.0001s ]
SQL: SELECT `cname` FROM `bjy_category` WHERE ( cid=2 ) LIMIT 1   [ RunTime:0.0001s ]
SQL: SELECT `tid` FROM `bjy_article_tag` WHERE `aid` = 29  [ RunTime:0.0002s ]
SQL: SELECT `cname` FROM `bjy_category` WHERE ( cid=2 ) LIMIT 1   [ RunTime:0.0001s ]
SQL: SELECT `tid` FROM `bjy_article_tag` WHERE `aid` = 30  [ RunTime:0.0002s ]
SQL: SELECT `tname` FROM `bjy_tag` WHERE ( tid=6 ) LIMIT 1   [ RunTime:0.0001s ]
SQL: SELECT `tname` FROM `bjy_tag` WHERE ( tid=7 ) LIMIT 1   [ RunTime:0.0002s ]
SQL: SELECT `cname` FROM `bjy_category` WHERE ( cid=2 ) LIMIT 1   [ RunTime:0.0001s ]
SQL: SELECT `tid` FROM `bjy_article_tag` WHERE `aid` = 31  [ RunTime:0.0003s ]
SQL: SELECT `tname` FROM `bjy_tag` WHERE ( tid=6 ) LIMIT 1   [ RunTime:0.0002s ]
SQL: SELECT `tname` FROM `bjy_tag` WHERE ( tid=7 ) LIMIT 1   [ RunTime:0.0001s ]
SQL: SELECT `cname` FROM `bjy_category` WHERE ( cid=2 ) LIMIT 1   [ RunTime:0.0001s ]
SQL: SELECT `tid` FROM `bjy_article_tag` WHERE `aid` = 33  [ RunTime:0.0001s ]
SQL: SELECT `tname` FROM `bjy_tag` WHERE ( tid=4 ) LIMIT 1   [ RunTime:0.0002s ]
SQL: SELECT `tname` FROM `bjy_tag` WHERE ( tid=6 ) LIMIT 1   [ RunTime:0.0001s ]
SQL: SELECT `cname` FROM `bjy_category` WHERE ( cid=9 ) LIMIT 1   [ RunTime:0.0001s ]
SQL: SELECT `tid` FROM `bjy_article_tag` WHERE `aid` = 34  [ RunTime:0.0002s ]
SQL: SELECT `tname` FROM `bjy_tag` WHERE ( tid=3 ) LIMIT 1   [ RunTime:0.0003s ]
SQL: SELECT `tname` FROM `bjy_tag` WHERE ( tid=4 ) LIMIT 1   [ RunTime:0.0003s ]
SQL: SELECT `cname` FROM `bjy_category` WHERE ( cid=9 ) LIMIT 1   [ RunTime:0.0002s ]
SQL: SELECT `tid` FROM `bjy_article_tag` WHERE `aid` = 37  [ RunTime:0.0002s ]
SQL: SELECT `tname` FROM `bjy_tag` WHERE ( tid=4 ) LIMIT 1   [ RunTime:0.0002s ]
SQL: SELECT `tname` FROM `bjy_tag` WHERE ( tid=5 ) LIMIT 1   [ RunTime:0.0007s ]
SQL: SELECT `cname` FROM `bjy_category` WHERE ( cid=2 ) LIMIT 1   [ RunTime:0.0002s ]
INFO: [ view_parse ] --START--
NOTIC: [8] Undefined index: icheck E:\tongbu\wamp\www\Application\Common\Tag\My.class.php 第 32 行.
INFO: [ template_filter ] --START--
INFO: Run Behavior\ContentReplaceBehavior [ RunTime:0.000067s ]
INFO: [ template_filter ] --END-- [ RunTime:0.000171s ]
INFO: Run Behavior\ParseTemplateBehavior [ RunTime:0.014400s ]
INFO: [ view_parse ] --END-- [ RunTime:0.014570s ]
INFO: [ view_filter ] --START--
INFO: Run Behavior\WriteHtmlCacheBehavior [ RunTime:0.000504s ]
INFO: [ view_filter ] --END-- [ RunTime:0.000666s ]
INFO: [ app_end ] --START--
INFO: Run Behavior\ShowPageTraceBehavior [ RunTime:0.000844s ]
INFO: [ app_end ] --END-- [ RunTime:0.001018s ]

[ 2015-03-13T00:05:38+08:00 ] ::1 /index.php/Admin/Article/recover/aid/34
INFO: [ app_init ] --START--
INFO: Run Behavior\BuildLiteBehavior [ RunTime:0.000113s ]
INFO: [ app_init ] --END-- [ RunTime:0.000908s ]
INFO: [ app_begin ] --START--
INFO: Run Behavior\ReadHtmlCacheBehavior [ RunTime:0.000765s ]
INFO: [ app_begin ] --END-- [ RunTime:0.000908s ]
SQL: SHOW COLUMNS FROM `bjy_article` [ RunTime:0.0049s ]
SQL: UPDATE `bjy_article` SET `is_delete`='0' WHERE ( aid=34 ) [ RunTime:0.1916s ]
INFO: [ view_parse ] --START--
INFO: [ template_filter ] --START--
INFO: Run Behavior\ContentReplaceBehavior [ RunTime:0.000098s ]
INFO: [ template_filter ] --END-- [ RunTime:0.000311s ]
INFO: Run Behavior\ParseTemplateBehavior [ RunTime:0.013674s ]
INFO: [ view_parse ] --END-- [ RunTime:0.013899s ]
INFO: [ view_filter ] --START--
INFO: Run Behavior\WriteHtmlCacheBehavior [ RunTime:0.000564s ]
INFO: [ view_filter ] --END-- [ RunTime:0.000738s ]

